[32m2026-03-24 20:07:57 +0100[0m - dagster - [34mDEBUG[0m - igdb_popularity_dlt_job - 39bb930e-eede-4266-8b79-7024b4ee9ef6 - 25892 - LOGS_CAPTURED - Started capturing logs in process (pid: 25892).
[32m2026-03-24 20:07:57 +0100[0m - dagster - [34mDEBUG[0m - igdb_popularity_dlt_job - 39bb930e-eede-4266-8b79-7024b4ee9ef6 - 25892 - dlt_assets_igdb_popularity_igdb_source - STEP_START - Started execution of step "dlt_assets_igdb_popularity_igdb_source".
2026-03-24 20:08:00,645|[WARNING]|25892|14840|dlt|client.py|detect_paginator:365|Fallback `paginator` used: `SinglePagePaginator at 26a8cd10c20`. Please provide paginator manually.
2026-03-24 20:08:01,443|[WARNING]|25892|14840|dlt|client.py|detect_paginator:365|Fallback `paginator` used: `SinglePagePaginator at 26a8c865f90`. Please provide paginator manually.
2026-03-24 20:08:01,945|[WARNING]|25892|14840|dlt|client.py|detect_paginator:365|Fallback `paginator` used: `SinglePagePaginator at 26a86e65bd0`. Please provide paginator manually.
2026-03-24 20:08:02,790|[WARNING]|25892|14840|dlt|client.py|detect_paginator:365|Fallback `paginator` used: `SinglePagePaginator at 26a8cba3bb0`. Please provide paginator manually.
2026-03-24 20:08:03,601|[WARNING]|25892|14840|dlt|client.py|detect_paginator:365|Fallback `paginator` used: `SinglePagePaginator at 26a8cdd4b00`. Please provide paginator manually.
2026-03-24 20:08:04,117|[WARNING]|25892|14840|dlt|client.py|detect_paginator:365|Fallback `paginator` used: `SinglePagePaginator at 26a8cc1b1d0`. Please provide paginator manually.
2026-03-24 20:08:04,923|[WARNING]|25892|14840|dlt|client.py|detect_paginator:365|Fallback `paginator` used: `SinglePagePaginator at 26a8ccf8490`. Please provide paginator manually.
2026-03-24 20:08:05,700|[WARNING]|25892|14840|dlt|client.py|detect_paginator:365|Fallback `paginator` used: `SinglePagePaginator at 26a8ccf9040`. Please provide paginator manually.
2026-03-24 20:08:06,157|[WARNING]|25892|14840|dlt|client.py|detect_paginator:365|Fallback `paginator` used: `SinglePagePaginator at 26a8cd35850`. Please provide paginator manually.
2026-03-24 20:08:06,724|[WARNING]|25892|14840|dlt|client.py|detect_paginator:365|Fallback `paginator` used: `SinglePagePaginator at 26a8cd36550`. Please provide paginator manually.
2026-03-24 20:08:07,493|[WARNING]|25892|14840|dlt|client.py|detect_paginator:365|Fallback `paginator` used: `SinglePagePaginator at 26a8ce128a0`. Please provide paginator manually.
[32m2026-03-24 20:08:14 +0100[0m - dagster - [34mDEBUG[0m - igdb_popularity_dlt_job - 39bb930e-eede-4266-8b79-7024b4ee9ef6 - 25892 - dlt_assets_igdb_popularity_igdb_source - STEP_OUTPUT - Yielded output "igdb_source__pop_igdb_visits" of type "Nothing". (Type check passed).
[32m2026-03-24 20:08:14 +0100[0m - dagster - [34mDEBUG[0m - igdb_popularity_dlt_job - 39bb930e-eede-4266-8b79-7024b4ee9ef6 - 25892 - dlt_assets_igdb_popularity_igdb_source - ASSET_MATERIALIZATION - Materialized value igdb_source pop_igdb_visits.
[32m2026-03-24 20:08:14 +0100[0m - dagster - [34mDEBUG[0m - igdb_popularity_dlt_job - 39bb930e-eede-4266-8b79-7024b4ee9ef6 - 25892 - dlt_assets_igdb_popularity_igdb_source - STEP_OUTPUT - Yielded output "igdb_source__pop_igdb_playing" of type "Nothing". (Type check passed).
[32m2026-03-24 20:08:14 +0100[0m - dagster - [34mDEBUG[0m - igdb_popularity_dlt_job - 39bb930e-eede-4266-8b79-7024b4ee9ef6 - 25892 - dlt_assets_igdb_popularity_igdb_source - ASSET_MATERIALIZATION - Materialized value igdb_source pop_igdb_playing.
[32m2026-03-24 20:08:14 +0100[0m - dagster - [34mDEBUG[0m - igdb_popularity_dlt_job - 39bb930e-eede-4266-8b79-7024b4ee9ef6 - 25892 - dlt_assets_igdb_popularity_igdb_source - STEP_OUTPUT - Yielded output "igdb_source__pop_igdb_wants_to_play" of type "Nothing". (Type check passed).
[32m2026-03-24 20:08:14 +0100[0m - dagster - [34mDEBUG[0m - igdb_popularity_dlt_job - 39bb930e-eede-4266-8b79-7024b4ee9ef6 - 25892 - dlt_assets_igdb_popularity_igdb_source - ASSET_MATERIALIZATION - Materialized value igdb_source pop_igdb_wants_to_play.
[32m2026-03-24 20:08:14 +0100[0m - dagster - [34mDEBUG[0m - igdb_popularity_dlt_job - 39bb930e-eede-4266-8b79-7024b4ee9ef6 - 25892 - dlt_assets_igdb_popularity_igdb_source - STEP_OUTPUT - Yielded output "igdb_source__pop_igdb_played" of type "Nothing". (Type check passed).
[32m2026-03-24 20:08:14 +0100[0m - dagster - [34mDEBUG[0m - igdb_popularity_dlt_job - 39bb930e-eede-4266-8b79-7024b4ee9ef6 - 25892 - dlt_assets_igdb_popularity_igdb_source - ASSET_MATERIALIZATION - Materialized value igdb_source pop_igdb_played.
[32m2026-03-24 20:08:14 +0100[0m - dagster - [34mDEBUG[0m - igdb_popularity_dlt_job - 39bb930e-eede-4266-8b79-7024b4ee9ef6 - 25892 - dlt_assets_igdb_popularity_igdb_source - STEP_OUTPUT - Yielded output "igdb_source__pop_steam_total_reviews" of type "Nothing". (Type check passed).
[32m2026-03-24 20:08:14 +0100[0m - dagster - [34mDEBUG[0m - igdb_popularity_dlt_job - 39bb930e-eede-4266-8b79-7024b4ee9ef6 - 25892 - dlt_assets_igdb_popularity_igdb_source - ASSET_MATERIALIZATION - Materialized value igdb_source pop_steam_total_reviews.
[32m2026-03-24 20:08:14 +0100[0m - dagster - [34mDEBUG[0m - igdb_popularity_dlt_job - 39bb930e-eede-4266-8b79-7024b4ee9ef6 - 25892 - dlt_assets_igdb_popularity_igdb_source - STEP_OUTPUT - Yielded output "igdb_source__pop_steam_negative_reviews" of type "Nothing". (Type check passed).
[32m2026-03-24 20:08:14 +0100[0m - dagster - [34mDEBUG[0m - igdb_popularity_dlt_job - 39bb930e-eede-4266-8b79-7024b4ee9ef6 - 25892 - dlt_assets_igdb_popularity_igdb_source - ASSET_MATERIALIZATION - Materialized value igdb_source pop_steam_negative_reviews.
[32m2026-03-24 20:08:14 +0100[0m - dagster - [34mDEBUG[0m - igdb_popularity_dlt_job - 39bb930e-eede-4266-8b79-7024b4ee9ef6 - 25892 - dlt_assets_igdb_popularity_igdb_source - STEP_OUTPUT - Yielded output "igdb_source__pop_steam_24hr_peak_players" of type "Nothing". (Type check passed).
[32m2026-03-24 20:08:14 +0100[0m - dagster - [34mDEBUG[0m - igdb_popularity_dlt_job - 39bb930e-eede-4266-8b79-7024b4ee9ef6 - 25892 - dlt_assets_igdb_popularity_igdb_source - ASSET_MATERIALIZATION - Materialized value igdb_source pop_steam_24hr_peak_players.
[32m2026-03-24 20:08:14 +0100[0m - dagster - [34mDEBUG[0m - igdb_popularity_dlt_job - 39bb930e-eede-4266-8b79-7024b4ee9ef6 - 25892 - dlt_assets_igdb_popularity_igdb_source - STEP_OUTPUT - Yielded output "igdb_source__pop_steam_positive_reviews" of type "Nothing". (Type check passed).
[32m2026-03-24 20:08:14 +0100[0m - dagster - [34mDEBUG[0m - igdb_popularity_dlt_job - 39bb930e-eede-4266-8b79-7024b4ee9ef6 - 25892 - dlt_assets_igdb_popularity_igdb_source - ASSET_MATERIALIZATION - Materialized value igdb_source pop_steam_positive_reviews.
[32m2026-03-24 20:08:14 +0100[0m - dagster - [34mDEBUG[0m - igdb_popularity_dlt_job - 39bb930e-eede-4266-8b79-7024b4ee9ef6 - 25892 - dlt_assets_igdb_popularity_igdb_source - STEP_OUTPUT - Yielded output "igdb_source__pop_steam_most_wishlisted_upcoming" of type "Nothing". (Type check passed).
[32m2026-03-24 20:08:14 +0100[0m - dagster - [34mDEBUG[0m - igdb_popularity_dlt_job - 39bb930e-eede-4266-8b79-7024b4ee9ef6 - 25892 - dlt_assets_igdb_popularity_igdb_source - ASSET_MATERIALIZATION - Materialized value igdb_source pop_steam_most_wishlisted_upcoming.
[32m2026-03-24 20:08:14 +0100[0m - dagster - [34mDEBUG[0m - igdb_popularity_dlt_job - 39bb930e-eede-4266-8b79-7024b4ee9ef6 - 25892 - dlt_assets_igdb_popularity_igdb_source - STEP_OUTPUT - Yielded output "igdb_source__pop_steam_global_top_sellers" of type "Nothing". (Type check passed).
[32m2026-03-24 20:08:14 +0100[0m - dagster - [34mDEBUG[0m - igdb_popularity_dlt_job - 39bb930e-eede-4266-8b79-7024b4ee9ef6 - 25892 - dlt_assets_igdb_popularity_igdb_source - ASSET_MATERIALIZATION - Materialized value igdb_source pop_steam_global_top_sellers.
[32m2026-03-24 20:08:14 +0100[0m - dagster - [34mDEBUG[0m - igdb_popularity_dlt_job - 39bb930e-eede-4266-8b79-7024b4ee9ef6 - 25892 - dlt_assets_igdb_popularity_igdb_source - STEP_OUTPUT - Yielded output "igdb_source__pop_steam_24hr_hours_watched" of type "Nothing". (Type check passed).
[32m2026-03-24 20:08:14 +0100[0m - dagster - [34mDEBUG[0m - igdb_popularity_dlt_job - 39bb930e-eede-4266-8b79-7024b4ee9ef6 - 25892 - dlt_assets_igdb_popularity_igdb_source - ASSET_MATERIALIZATION - Materialized value igdb_source pop_steam_24hr_hours_watched.
[32m2026-03-24 20:08:14 +0100[0m - dagster - [34mDEBUG[0m - igdb_popularity_dlt_job - 39bb930e-eede-4266-8b79-7024b4ee9ef6 - 25892 - dlt_assets_igdb_popularity_igdb_source - STEP_SUCCESS - Finished execution of step "dlt_assets_igdb_popularity_igdb_source" in 17.55s.
