[32m2026-03-24 21:39:49 +0100[0m - dagster - [34mDEBUG[0m - igdb_popularity_dlt_job - 0b81b8cd-fc22-4e6e-a744-b0d38cae4528 - 13180 - LOGS_CAPTURED - Started capturing logs in process (pid: 13180).
[32m2026-03-24 21:39:49 +0100[0m - dagster - [34mDEBUG[0m - igdb_popularity_dlt_job - 0b81b8cd-fc22-4e6e-a744-b0d38cae4528 - 13180 - dlt_assets_igdb_popularity_igdb_source - STEP_START - Started execution of step "dlt_assets_igdb_popularity_igdb_source".
2026-03-24 21:39:53,016|[WARNING]|13180|22064|dlt|client.py|detect_paginator:365|Fallback `paginator` used: `SinglePagePaginator at 16fa6f12e40`. Please provide paginator manually.
2026-03-24 21:39:53,584|[WARNING]|13180|22064|dlt|client.py|detect_paginator:365|Fallback `paginator` used: `SinglePagePaginator at 16fa6c8b9d0`. Please provide paginator manually.
2026-03-24 21:39:54,152|[WARNING]|13180|22064|dlt|client.py|detect_paginator:365|Fallback `paginator` used: `SinglePagePaginator at 16fa6c8bb10`. Please provide paginator manually.
2026-03-24 21:39:54,689|[WARNING]|13180|22064|dlt|client.py|detect_paginator:365|Fallback `paginator` used: `SinglePagePaginator at 16fa6ee5810`. Please provide paginator manually.
2026-03-24 21:39:55,364|[WARNING]|13180|22064|dlt|client.py|detect_paginator:365|Fallback `paginator` used: `SinglePagePaginator at 16fa6ee69e0`. Please provide paginator manually.
2026-03-24 21:39:56,023|[WARNING]|13180|22064|dlt|client.py|detect_paginator:365|Fallback `paginator` used: `SinglePagePaginator at 16fa04f2570`. Please provide paginator manually.
2026-03-24 21:39:56,915|[WARNING]|13180|22064|dlt|client.py|detect_paginator:365|Fallback `paginator` used: `SinglePagePaginator at 16fa6ee3350`. Please provide paginator manually.
2026-03-24 21:39:57,473|[WARNING]|13180|22064|dlt|client.py|detect_paginator:365|Fallback `paginator` used: `SinglePagePaginator at 16fa6ee3df0`. Please provide paginator manually.
2026-03-24 21:39:58,029|[WARNING]|13180|22064|dlt|client.py|detect_paginator:365|Fallback `paginator` used: `SinglePagePaginator at 16fa6f27450`. Please provide paginator manually.
2026-03-24 21:39:58,640|[WARNING]|13180|22064|dlt|client.py|detect_paginator:365|Fallback `paginator` used: `SinglePagePaginator at 16fa6f27950`. Please provide paginator manually.
2026-03-24 21:39:59,295|[WARNING]|13180|22064|dlt|client.py|detect_paginator:365|Fallback `paginator` used: `SinglePagePaginator at 16fa6fdd130`. Please provide paginator manually.
[32m2026-03-24 21:40:06 +0100[0m - dagster - [34mDEBUG[0m - igdb_popularity_dlt_job - 0b81b8cd-fc22-4e6e-a744-b0d38cae4528 - 13180 - dlt_assets_igdb_popularity_igdb_source - STEP_OUTPUT - Yielded output "igdb_source__pop_igdb_visits" of type "Nothing". (Type check passed).
[32m2026-03-24 21:40:06 +0100[0m - dagster - [34mDEBUG[0m - igdb_popularity_dlt_job - 0b81b8cd-fc22-4e6e-a744-b0d38cae4528 - 13180 - dlt_assets_igdb_popularity_igdb_source - ASSET_MATERIALIZATION - Materialized value igdb_source pop_igdb_visits.
[32m2026-03-24 21:40:06 +0100[0m - dagster - [34mDEBUG[0m - igdb_popularity_dlt_job - 0b81b8cd-fc22-4e6e-a744-b0d38cae4528 - 13180 - dlt_assets_igdb_popularity_igdb_source - STEP_OUTPUT - Yielded output "igdb_source__pop_igdb_playing" of type "Nothing". (Type check passed).
[32m2026-03-24 21:40:06 +0100[0m - dagster - [34mDEBUG[0m - igdb_popularity_dlt_job - 0b81b8cd-fc22-4e6e-a744-b0d38cae4528 - 13180 - dlt_assets_igdb_popularity_igdb_source - ASSET_MATERIALIZATION - Materialized value igdb_source pop_igdb_playing.
[32m2026-03-24 21:40:06 +0100[0m - dagster - [34mDEBUG[0m - igdb_popularity_dlt_job - 0b81b8cd-fc22-4e6e-a744-b0d38cae4528 - 13180 - dlt_assets_igdb_popularity_igdb_source - STEP_OUTPUT - Yielded output "igdb_source__pop_igdb_wants_to_play" of type "Nothing". (Type check passed).
[32m2026-03-24 21:40:06 +0100[0m - dagster - [34mDEBUG[0m - igdb_popularity_dlt_job - 0b81b8cd-fc22-4e6e-a744-b0d38cae4528 - 13180 - dlt_assets_igdb_popularity_igdb_source - ASSET_MATERIALIZATION - Materialized value igdb_source pop_igdb_wants_to_play.
[32m2026-03-24 21:40:06 +0100[0m - dagster - [34mDEBUG[0m - igdb_popularity_dlt_job - 0b81b8cd-fc22-4e6e-a744-b0d38cae4528 - 13180 - dlt_assets_igdb_popularity_igdb_source - STEP_OUTPUT - Yielded output "igdb_source__pop_igdb_played" of type "Nothing". (Type check passed).
[32m2026-03-24 21:40:06 +0100[0m - dagster - [34mDEBUG[0m - igdb_popularity_dlt_job - 0b81b8cd-fc22-4e6e-a744-b0d38cae4528 - 13180 - dlt_assets_igdb_popularity_igdb_source - ASSET_MATERIALIZATION - Materialized value igdb_source pop_igdb_played.
[32m2026-03-24 21:40:06 +0100[0m - dagster - [34mDEBUG[0m - igdb_popularity_dlt_job - 0b81b8cd-fc22-4e6e-a744-b0d38cae4528 - 13180 - dlt_assets_igdb_popularity_igdb_source - STEP_OUTPUT - Yielded output "igdb_source__pop_steam_total_reviews" of type "Nothing". (Type check passed).
[32m2026-03-24 21:40:06 +0100[0m - dagster - [34mDEBUG[0m - igdb_popularity_dlt_job - 0b81b8cd-fc22-4e6e-a744-b0d38cae4528 - 13180 - dlt_assets_igdb_popularity_igdb_source - ASSET_MATERIALIZATION - Materialized value igdb_source pop_steam_total_reviews.
[32m2026-03-24 21:40:06 +0100[0m - dagster - [34mDEBUG[0m - igdb_popularity_dlt_job - 0b81b8cd-fc22-4e6e-a744-b0d38cae4528 - 13180 - dlt_assets_igdb_popularity_igdb_source - STEP_OUTPUT - Yielded output "igdb_source__pop_steam_negative_reviews" of type "Nothing". (Type check passed).
[32m2026-03-24 21:40:06 +0100[0m - dagster - [34mDEBUG[0m - igdb_popularity_dlt_job - 0b81b8cd-fc22-4e6e-a744-b0d38cae4528 - 13180 - dlt_assets_igdb_popularity_igdb_source - ASSET_MATERIALIZATION - Materialized value igdb_source pop_steam_negative_reviews.
[32m2026-03-24 21:40:06 +0100[0m - dagster - [34mDEBUG[0m - igdb_popularity_dlt_job - 0b81b8cd-fc22-4e6e-a744-b0d38cae4528 - 13180 - dlt_assets_igdb_popularity_igdb_source - STEP_OUTPUT - Yielded output "igdb_source__pop_steam_24hr_peak_players" of type "Nothing". (Type check passed).
[32m2026-03-24 21:40:06 +0100[0m - dagster - [34mDEBUG[0m - igdb_popularity_dlt_job - 0b81b8cd-fc22-4e6e-a744-b0d38cae4528 - 13180 - dlt_assets_igdb_popularity_igdb_source - ASSET_MATERIALIZATION - Materialized value igdb_source pop_steam_24hr_peak_players.
[32m2026-03-24 21:40:06 +0100[0m - dagster - [34mDEBUG[0m - igdb_popularity_dlt_job - 0b81b8cd-fc22-4e6e-a744-b0d38cae4528 - 13180 - dlt_assets_igdb_popularity_igdb_source - STEP_OUTPUT - Yielded output "igdb_source__pop_steam_positive_reviews" of type "Nothing". (Type check passed).
[32m2026-03-24 21:40:06 +0100[0m - dagster - [34mDEBUG[0m - igdb_popularity_dlt_job - 0b81b8cd-fc22-4e6e-a744-b0d38cae4528 - 13180 - dlt_assets_igdb_popularity_igdb_source - ASSET_MATERIALIZATION - Materialized value igdb_source pop_steam_positive_reviews.
[32m2026-03-24 21:40:06 +0100[0m - dagster - [34mDEBUG[0m - igdb_popularity_dlt_job - 0b81b8cd-fc22-4e6e-a744-b0d38cae4528 - 13180 - dlt_assets_igdb_popularity_igdb_source - STEP_OUTPUT - Yielded output "igdb_source__pop_steam_most_wishlisted_upcoming" of type "Nothing". (Type check passed).
[32m2026-03-24 21:40:06 +0100[0m - dagster - [34mDEBUG[0m - igdb_popularity_dlt_job - 0b81b8cd-fc22-4e6e-a744-b0d38cae4528 - 13180 - dlt_assets_igdb_popularity_igdb_source - ASSET_MATERIALIZATION - Materialized value igdb_source pop_steam_most_wishlisted_upcoming.
[32m2026-03-24 21:40:06 +0100[0m - dagster - [34mDEBUG[0m - igdb_popularity_dlt_job - 0b81b8cd-fc22-4e6e-a744-b0d38cae4528 - 13180 - dlt_assets_igdb_popularity_igdb_source - STEP_OUTPUT - Yielded output "igdb_source__pop_steam_global_top_sellers" of type "Nothing". (Type check passed).
[32m2026-03-24 21:40:06 +0100[0m - dagster - [34mDEBUG[0m - igdb_popularity_dlt_job - 0b81b8cd-fc22-4e6e-a744-b0d38cae4528 - 13180 - dlt_assets_igdb_popularity_igdb_source - ASSET_MATERIALIZATION - Materialized value igdb_source pop_steam_global_top_sellers.
[32m2026-03-24 21:40:06 +0100[0m - dagster - [34mDEBUG[0m - igdb_popularity_dlt_job - 0b81b8cd-fc22-4e6e-a744-b0d38cae4528 - 13180 - dlt_assets_igdb_popularity_igdb_source - STEP_OUTPUT - Yielded output "igdb_source__pop_steam_24hr_hours_watched" of type "Nothing". (Type check passed).
[32m2026-03-24 21:40:06 +0100[0m - dagster - [34mDEBUG[0m - igdb_popularity_dlt_job - 0b81b8cd-fc22-4e6e-a744-b0d38cae4528 - 13180 - dlt_assets_igdb_popularity_igdb_source - ASSET_MATERIALIZATION - Materialized value igdb_source pop_steam_24hr_hours_watched.
[32m2026-03-24 21:40:07 +0100[0m - dagster - [34mDEBUG[0m - igdb_popularity_dlt_job - 0b81b8cd-fc22-4e6e-a744-b0d38cae4528 - 13180 - dlt_assets_igdb_popularity_igdb_source - STEP_SUCCESS - Finished execution of step "dlt_assets_igdb_popularity_igdb_source" in 17.28s.
