Running with dbt=1.11.7
Registered adapter: postgres=1.10.0
Found 205 models, 1 operation, 106 sources, 679 macros

Concurrency: 2 threads (target='dev')

1 of 205 START sql table model public.artwork_types ............................ [RUN]
2 of 205 START sql view model public_staging.stg_age_rating_categories ......... [RUN]
2 of 205 OK created sql view model public_staging.stg_age_rating_categories .... [[32mCREATE VIEW[0m in 2.46s]
3 of 205 START sql view model public_staging.stg_age_rating_content_description_types  [RUN]
1 of 205 OK created sql table model public.artwork_types ....................... [[32mINSERT 0 12[0m in 2.55s]
4 of 205 START sql view model public_staging.stg_age_rating_content_descriptions_v2  [RUN]
3 of 205 OK created sql view model public_staging.stg_age_rating_content_description_types  [[32mCREATE VIEW[0m in 2.15s]
5 of 205 START sql view model public_staging.stg_age_rating_organizations ...... [RUN]
4 of 205 OK created sql view model public_staging.stg_age_rating_content_descriptions_v2  [[32mCREATE VIEW[0m in 2.18s]
6 of 205 START sql view model public_staging.stg_age_ratings ................... [RUN]
5 of 205 OK created sql view model public_staging.stg_age_rating_organizations . [[32mCREATE VIEW[0m in 2.15s]
7 of 205 START sql view model public_staging.stg_alternative_names ............. [RUN]
6 of 205 OK created sql view model public_staging.stg_age_ratings .............. [[32mCREATE VIEW[0m in 2.14s]
8 of 205 START sql view model public_staging.stg_artwork_types ................. [RUN]
7 of 205 OK created sql view model public_staging.stg_alternative_names ........ [[32mCREATE VIEW[0m in 2.13s]
9 of 205 START sql view model public_staging.stg_artworks ...................... [RUN]
8 of 205 OK created sql view model public_staging.stg_artwork_types ............ [[32mCREATE VIEW[0m in 2.12s]
10 of 205 START sql view model public_staging.stg_character_genders ............ [RUN]
9 of 205 OK created sql view model public_staging.stg_artworks ................. [[32mCREATE VIEW[0m in 2.12s]
11 of 205 START sql view model public_staging.stg_character_mug_shots .......... [RUN]
10 of 205 OK created sql view model public_staging.stg_character_genders ....... [[32mCREATE VIEW[0m in 2.18s]
12 of 205 START sql view model public_staging.stg_character_species ............ [RUN]
11 of 205 OK created sql view model public_staging.stg_character_mug_shots ..... [[32mCREATE VIEW[0m in 2.19s]
13 of 205 START sql view model public_staging.stg_characters ................... [RUN]
12 of 205 OK created sql view model public_staging.stg_character_species ....... [[32mCREATE VIEW[0m in 2.21s]
14 of 205 START sql view model public_staging.stg_collection_membership_types .. [RUN]
13 of 205 OK created sql view model public_staging.stg_characters .............. [[32mCREATE VIEW[0m in 2.16s]
15 of 205 START sql view model public_staging.stg_collection_memberships ....... [RUN]
14 of 205 OK created sql view model public_staging.stg_collection_membership_types  [[32mCREATE VIEW[0m in 2.18s]
16 of 205 START sql view model public_staging.stg_collection_relation_types .... [RUN]
15 of 205 OK created sql view model public_staging.stg_collection_memberships .. [[32mCREATE VIEW[0m in 2.26s]
17 of 205 START sql view model public_staging.stg_collection_relations ......... [RUN]
16 of 205 OK created sql view model public_staging.stg_collection_relation_types  [[32mCREATE VIEW[0m in 2.19s]
18 of 205 START sql view model public_staging.stg_collection_types ............. [RUN]
17 of 205 OK created sql view model public_staging.stg_collection_relations .... [[32mCREATE VIEW[0m in 2.14s]
19 of 205 START sql view model public_staging.stg_collections .................. [RUN]
18 of 205 OK created sql view model public_staging.stg_collection_types ........ [[32mCREATE VIEW[0m in 2.16s]
20 of 205 START sql view model public_staging.stg_companies .................... [RUN]
19 of 205 OK created sql view model public_staging.stg_collections ............. [[32mCREATE VIEW[0m in 2.14s]
21 of 205 START sql view model public_staging.stg_companies__developed ......... [RUN]
20 of 205 OK created sql view model public_staging.stg_companies ............... [[32mCREATE VIEW[0m in 2.17s]
22 of 205 START sql view model public_staging.stg_companies__published ......... [RUN]
21 of 205 OK created sql view model public_staging.stg_companies__developed .... [[32mCREATE VIEW[0m in 2.15s]
23 of 205 START sql view model public_staging.stg_companies__websites .......... [RUN]
22 of 205 OK created sql view model public_staging.stg_companies__published .... [[32mCREATE VIEW[0m in 2.15s]
24 of 205 START sql view model public_staging.stg_company_logos ................ [RUN]
23 of 205 OK created sql view model public_staging.stg_companies__websites ..... [[32mCREATE VIEW[0m in 2.14s]
25 of 205 START sql view model public_staging.stg_company_statuses ............. [RUN]
24 of 205 OK created sql view model public_staging.stg_company_logos ........... [[32mCREATE VIEW[0m in 2.14s]
26 of 205 START sql view model public_staging.stg_company_websites ............. [RUN]
25 of 205 OK created sql view model public_staging.stg_company_statuses ........ [[32mCREATE VIEW[0m in 2.11s]
27 of 205 START sql view model public_staging.stg_covers ....................... [RUN]
26 of 205 OK created sql view model public_staging.stg_company_websites ........ [[32mCREATE VIEW[0m in 2.15s]
28 of 205 START sql view model public_staging.stg_date_formats ................. [RUN]
27 of 205 OK created sql view model public_staging.stg_covers .................. [[32mCREATE VIEW[0m in 2.15s]
29 of 205 START sql view model public_staging.stg_event_logos .................. [RUN]
28 of 205 OK created sql view model public_staging.stg_date_formats ............ [[32mCREATE VIEW[0m in 2.14s]
30 of 205 START sql view model public_staging.stg_event_networks ............... [RUN]
29 of 205 OK created sql view model public_staging.stg_event_logos ............. [[32mCREATE VIEW[0m in 2.16s]
31 of 205 START sql view model public_staging.stg_events ....................... [RUN]
30 of 205 OK created sql view model public_staging.stg_event_networks .......... [[32mCREATE VIEW[0m in 2.17s]
32 of 205 START sql view model public_staging.stg_external_game_sources ........ [RUN]
31 of 205 OK created sql view model public_staging.stg_events .................. [[32mCREATE VIEW[0m in 2.14s]
33 of 205 START sql view model public_staging.stg_external_games ............... [RUN]
32 of 205 OK created sql view model public_staging.stg_external_game_sources ... [[32mCREATE VIEW[0m in 2.14s]
34 of 205 START sql view model public_staging.stg_franchises ................... [RUN]
33 of 205 OK created sql view model public_staging.stg_external_games .......... [[32mCREATE VIEW[0m in 2.17s]
35 of 205 START sql view model public_staging.stg_game_engines ................. [RUN]
34 of 205 OK created sql view model public_staging.stg_franchises .............. [[32mCREATE VIEW[0m in 2.15s]
36 of 205 START sql view model public_staging.stg_game_engines__companies ...... [RUN]
35 of 205 OK created sql view model public_staging.stg_game_engines ............ [[32mCREATE VIEW[0m in 2.15s]
37 of 205 START sql view model public_staging.stg_game_engines__platforms ...... [RUN]
36 of 205 OK created sql view model public_staging.stg_game_engines__companies . [[32mCREATE VIEW[0m in 2.14s]
38 of 205 START sql view model public_staging.stg_game_engines_logos ........... [RUN]
37 of 205 OK created sql view model public_staging.stg_game_engines__platforms . [[32mCREATE VIEW[0m in 2.15s]
39 of 205 START sql view model public_staging.stg_game_localization_cover ...... [RUN]
38 of 205 OK created sql view model public_staging.stg_game_engines_logos ...... [[32mCREATE VIEW[0m in 2.15s]
40 of 205 START sql view model public_staging.stg_game_localizations ........... [RUN]
39 of 205 OK created sql view model public_staging.stg_game_localization_cover . [[32mCREATE VIEW[0m in 2.15s]
41 of 205 START sql view model public_staging.stg_game_modes ................... [RUN]
40 of 205 OK created sql view model public_staging.stg_game_localizations ...... [[32mCREATE VIEW[0m in 2.16s]
42 of 205 START sql view model public_staging.stg_game_release_formats ......... [RUN]
41 of 205 OK created sql view model public_staging.stg_game_modes .............. [[32mCREATE VIEW[0m in 2.14s]
43 of 205 START sql view model public_staging.stg_game_statuses ................ [RUN]
42 of 205 OK created sql view model public_staging.stg_game_release_formats .... [[32mCREATE VIEW[0m in 2.15s]
44 of 205 START sql view model public_staging.stg_game_time_to_beats ........... [RUN]
43 of 205 OK created sql view model public_staging.stg_game_statuses ........... [[32mCREATE VIEW[0m in 2.16s]
45 of 205 START sql view model public_staging.stg_game_types ................... [RUN]
44 of 205 OK created sql view model public_staging.stg_game_time_to_beats ...... [[32mCREATE VIEW[0m in 2.17s]
46 of 205 START sql view model public_staging.stg_game_version_feature_values .. [RUN]
45 of 205 OK created sql view model public_staging.stg_game_types .............. [[32mCREATE VIEW[0m in 2.13s]
47 of 205 START sql view model public_staging.stg_game_version_features ........ [RUN]
46 of 205 OK created sql view model public_staging.stg_game_version_feature_values  [[32mCREATE VIEW[0m in 2.15s]
48 of 205 START sql view model public_staging.stg_game_versions ................ [RUN]
47 of 205 OK created sql view model public_staging.stg_game_version_features ... [[32mCREATE VIEW[0m in 2.12s]
49 of 205 START sql view model public_staging.stg_games ........................ [RUN]
48 of 205 OK created sql view model public_staging.stg_game_versions ........... [[32mCREATE VIEW[0m in 2.13s]
50 of 205 START sql view model public_staging.stg_games__age_ratings ........... [RUN]
49 of 205 OK created sql view model public_staging.stg_games ................... [[32mCREATE VIEW[0m in 2.11s]
51 of 205 START sql view model public_staging.stg_games__alternative_names ..... [RUN]
50 of 205 OK created sql view model public_staging.stg_games__age_ratings ...... [[32mCREATE VIEW[0m in 2.13s]
52 of 205 START sql view model public_staging.stg_games__artworks .............. [RUN]
51 of 205 OK created sql view model public_staging.stg_games__alternative_names  [[32mCREATE VIEW[0m in 2.14s]
53 of 205 START sql view model public_staging.stg_games__bundles ............... [RUN]
52 of 205 OK created sql view model public_staging.stg_games__artworks ......... [[32mCREATE VIEW[0m in 2.14s]
54 of 205 START sql view model public_staging.stg_games__collections ........... [RUN]
53 of 205 OK created sql view model public_staging.stg_games__bundles .......... [[32mCREATE VIEW[0m in 2.18s]
55 of 205 START sql view model public_staging.stg_games__dlcs .................. [RUN]
54 of 205 OK created sql view model public_staging.stg_games__collections ...... [[32mCREATE VIEW[0m in 2.17s]
56 of 205 START sql view model public_staging.stg_games__expanded_games ........ [RUN]
55 of 205 OK created sql view model public_staging.stg_games__dlcs ............. [[32mCREATE VIEW[0m in 2.18s]
57 of 205 START sql view model public_staging.stg_games__expansions ............ [RUN]
56 of 205 OK created sql view model public_staging.stg_games__expanded_games ... [[32mCREATE VIEW[0m in 2.14s]
58 of 205 START sql view model public_staging.stg_games__external_games ........ [RUN]
57 of 205 OK created sql view model public_staging.stg_games__expansions ....... [[32mCREATE VIEW[0m in 2.20s]
59 of 205 START sql view model public_staging.stg_games__forks ................. [RUN]
58 of 205 OK created sql view model public_staging.stg_games__external_games ... [[32mCREATE VIEW[0m in 2.15s]
60 of 205 START sql view model public_staging.stg_games__franchises ............ [RUN]
59 of 205 OK created sql view model public_staging.stg_games__forks ............ [[32mCREATE VIEW[0m in 2.12s]
61 of 205 START sql view model public_staging.stg_games__game_engines .......... [RUN]
60 of 205 OK created sql view model public_staging.stg_games__franchises ....... [[32mCREATE VIEW[0m in 2.14s]
62 of 205 START sql view model public_staging.stg_games__game_localizations .... [RUN]
61 of 205 OK created sql view model public_staging.stg_games__game_engines ..... [[32mCREATE VIEW[0m in 2.15s]
63 of 205 START sql view model public_staging.stg_games__game_modes ............ [RUN]
62 of 205 OK created sql view model public_staging.stg_games__game_localizations  [[32mCREATE VIEW[0m in 2.14s]
64 of 205 START sql view model public_staging.stg_games__genres ................ [RUN]
63 of 205 OK created sql view model public_staging.stg_games__game_modes ....... [[32mCREATE VIEW[0m in 2.13s]
65 of 205 START sql view model public_staging.stg_games__involved_companies .... [RUN]
64 of 205 OK created sql view model public_staging.stg_games__genres ........... [[32mCREATE VIEW[0m in 2.14s]
66 of 205 START sql view model public_staging.stg_games__keywords .............. [RUN]
65 of 205 OK created sql view model public_staging.stg_games__involved_companies  [[32mCREATE VIEW[0m in 2.15s]
67 of 205 START sql view model public_staging.stg_games__language_supports ..... [RUN]
66 of 205 OK created sql view model public_staging.stg_games__keywords ......... [[32mCREATE VIEW[0m in 2.16s]
68 of 205 START sql view model public_staging.stg_games__multiplayer_modes ..... [RUN]
67 of 205 OK created sql view model public_staging.stg_games__language_supports  [[32mCREATE VIEW[0m in 2.17s]
69 of 205 START sql view model public_staging.stg_games__platforms ............. [RUN]
68 of 205 OK created sql view model public_staging.stg_games__multiplayer_modes  [[32mCREATE VIEW[0m in 2.14s]
70 of 205 START sql view model public_staging.stg_games__player_perspectives ... [RUN]
69 of 205 OK created sql view model public_staging.stg_games__platforms ........ [[32mCREATE VIEW[0m in 2.16s]
71 of 205 START sql view model public_staging.stg_games__ports ................. [RUN]
70 of 205 OK created sql view model public_staging.stg_games__player_perspectives  [[32mCREATE VIEW[0m in 2.11s]
72 of 205 START sql view model public_staging.stg_games__release_dates ......... [RUN]
71 of 205 OK created sql view model public_staging.stg_games__ports ............ [[32mCREATE VIEW[0m in 2.13s]
73 of 205 START sql view model public_staging.stg_games__remakes ............... [RUN]
72 of 205 OK created sql view model public_staging.stg_games__release_dates .... [[32mCREATE VIEW[0m in 2.21s]
74 of 205 START sql view model public_staging.stg_games__remasters ............. [RUN]
73 of 205 OK created sql view model public_staging.stg_games__remakes .......... [[32mCREATE VIEW[0m in 2.10s]
75 of 205 START sql view model public_staging.stg_games__screenshots ........... [RUN]
74 of 205 OK created sql view model public_staging.stg_games__remasters ........ [[32mCREATE VIEW[0m in 2.10s]
76 of 205 START sql view model public_staging.stg_games__similar_games ......... [RUN]
75 of 205 OK created sql view model public_staging.stg_games__screenshots ...... [[32mCREATE VIEW[0m in 2.13s]
77 of 205 START sql view model public_staging.stg_games__standalone_expansions . [RUN]
76 of 205 OK created sql view model public_staging.stg_games__similar_games .... [[32mCREATE VIEW[0m in 2.15s]
78 of 205 START sql view model public_staging.stg_games__tags .................. [RUN]
77 of 205 OK created sql view model public_staging.stg_games__standalone_expansions  [[32mCREATE VIEW[0m in 2.16s]
79 of 205 START sql view model public_staging.stg_games__themes ................ [RUN]
78 of 205 OK created sql view model public_staging.stg_games__tags ............. [[32mCREATE VIEW[0m in 2.12s]
80 of 205 START sql view model public_staging.stg_games__videos ................ [RUN]
79 of 205 OK created sql view model public_staging.stg_games__themes ........... [[32mCREATE VIEW[0m in 2.15s]
81 of 205 START sql view model public_staging.stg_games__websites .............. [RUN]
80 of 205 OK created sql view model public_staging.stg_games__videos ........... [[32mCREATE VIEW[0m in 2.15s]
82 of 205 START sql view model public_staging.stg_genres ....................... [RUN]
81 of 205 OK created sql view model public_staging.stg_games__websites ......... [[32mCREATE VIEW[0m in 2.16s]
83 of 205 START sql view model public_staging.stg_involved_companies ........... [RUN]
82 of 205 OK created sql view model public_staging.stg_genres .................. [[32mCREATE VIEW[0m in 2.14s]
84 of 205 START sql view model public_staging.stg_keywords ..................... [RUN]
83 of 205 OK created sql view model public_staging.stg_involved_companies ...... [[32mCREATE VIEW[0m in 2.14s]
85 of 205 START sql view model public_staging.stg_language_support_types ....... [RUN]
84 of 205 OK created sql view model public_staging.stg_keywords ................ [[32mCREATE VIEW[0m in 2.14s]
86 of 205 START sql view model public_staging.stg_language_supports ............ [RUN]
85 of 205 OK created sql view model public_staging.stg_language_support_types .. [[32mCREATE VIEW[0m in 2.14s]
87 of 205 START sql view model public_staging.stg_languages .................... [RUN]
86 of 205 OK created sql view model public_staging.stg_language_supports ....... [[32mCREATE VIEW[0m in 2.15s]
88 of 205 START sql view model public_staging.stg_multiplayer_modes ............ [RUN]
87 of 205 OK created sql view model public_staging.stg_languages ............... [[32mCREATE VIEW[0m in 2.13s]
89 of 205 START sql view model public_staging.stg_network_types ................ [RUN]
88 of 205 OK created sql view model public_staging.stg_multiplayer_modes ....... [[32mCREATE VIEW[0m in 2.13s]
90 of 205 START sql view model public_staging.stg_platform_family .............. [RUN]
89 of 205 OK created sql view model public_staging.stg_network_types ........... [[32mCREATE VIEW[0m in 2.13s]
91 of 205 START sql view model public_staging.stg_platform_logo ................ [RUN]
90 of 205 OK created sql view model public_staging.stg_platform_family ......... [[32mCREATE VIEW[0m in 2.14s]
92 of 205 START sql view model public_staging.stg_platform_type ................ [RUN]
91 of 205 OK created sql view model public_staging.stg_platform_logo ........... [[32mCREATE VIEW[0m in 2.15s]
93 of 205 START sql view model public_staging.stg_platform_version_companies ... [RUN]
92 of 205 OK created sql view model public_staging.stg_platform_type ........... [[32mCREATE VIEW[0m in 2.14s]
94 of 205 START sql view model public_staging.stg_platform_version_release_dates  [RUN]
93 of 205 OK created sql view model public_staging.stg_platform_version_companies  [[32mCREATE VIEW[0m in 2.16s]
95 of 205 START sql view model public_staging.stg_platform_versions ............ [RUN]
94 of 205 OK created sql view model public_staging.stg_platform_version_release_dates  [[32mCREATE VIEW[0m in 2.13s]
96 of 205 START sql view model public_staging.stg_platform_versions__companies . [RUN]
95 of 205 OK created sql view model public_staging.stg_platform_versions ....... [[32mCREATE VIEW[0m in 2.14s]
97 of 205 START sql view model public_staging.stg_platform_versions__platform_version_release_dates  [RUN]
96 of 205 OK created sql view model public_staging.stg_platform_versions__companies  [[32mCREATE VIEW[0m in 2.14s]
98 of 205 START sql view model public_staging.stg_platform_websites ............ [RUN]
97 of 205 OK created sql view model public_staging.stg_platform_versions__platform_version_release_dates  [[32mCREATE VIEW[0m in 2.14s]
99 of 205 START sql view model public_staging.stg_platforms .................... [RUN]
98 of 205 OK created sql view model public_staging.stg_platform_websites ....... [[32mCREATE VIEW[0m in 2.13s]
100 of 205 START sql view model public_staging.stg_platforms__versions ......... [RUN]
99 of 205 OK created sql view model public_staging.stg_platforms ............... [[32mCREATE VIEW[0m in 2.29s]
101 of 205 START sql view model public_staging.stg_platforms__websites ......... [RUN]
100 of 205 OK created sql view model public_staging.stg_platforms__versions .... [[32mCREATE VIEW[0m in 2.21s]
102 of 205 START sql view model public_staging.stg_player_perspectives ......... [RUN]
101 of 205 OK created sql view model public_staging.stg_platforms__websites .... [[32mCREATE VIEW[0m in 2.19s]
103 of 205 START sql view model public_staging.stg_pop_igdb_played ............. [RUN]
102 of 205 OK created sql view model public_staging.stg_player_perspectives .... [[32mCREATE VIEW[0m in 2.21s]
104 of 205 START sql view model public_staging.stg_pop_igdb_playing ............ [RUN]
103 of 205 OK created sql view model public_staging.stg_pop_igdb_played ........ [[32mCREATE VIEW[0m in 2.24s]
105 of 205 START sql view model public_staging.stg_pop_igdb_visits ............. [RUN]
104 of 205 OK created sql view model public_staging.stg_pop_igdb_playing ....... [[32mCREATE VIEW[0m in 2.21s]
106 of 205 START sql view model public_staging.stg_pop_igdb_wants_to_play ...... [RUN]
105 of 205 OK created sql view model public_staging.stg_pop_igdb_visits ........ [[32mCREATE VIEW[0m in 2.17s]
107 of 205 START sql view model public_staging.stg_pop_steam_24hr_hours_watched  [RUN]
106 of 205 OK created sql view model public_staging.stg_pop_igdb_wants_to_play . [[32mCREATE VIEW[0m in 2.16s]
108 of 205 START sql view model public_staging.stg_pop_steam_24hr_peak_players . [RUN]
107 of 205 OK created sql view model public_staging.stg_pop_steam_24hr_hours_watched  [[32mCREATE VIEW[0m in 2.18s]
109 of 205 START sql view model public_staging.stg_pop_steam_global_top_sellers  [RUN]
108 of 205 OK created sql view model public_staging.stg_pop_steam_24hr_peak_players  [[32mCREATE VIEW[0m in 2.39s]
110 of 205 START sql view model public_staging.stg_pop_steam_most_wishlisted_upcoming  [RUN]
109 of 205 OK created sql view model public_staging.stg_pop_steam_global_top_sellers  [[32mCREATE VIEW[0m in 2.46s]
111 of 205 START sql view model public_staging.stg_pop_steam_negative_reviews .. [RUN]
110 of 205 OK created sql view model public_staging.stg_pop_steam_most_wishlisted_upcoming  [[32mCREATE VIEW[0m in 2.22s]
112 of 205 START sql view model public_staging.stg_pop_steam_positive_reviews .. [RUN]
111 of 205 OK created sql view model public_staging.stg_pop_steam_negative_reviews  [[32mCREATE VIEW[0m in 2.21s]
112 of 205 OK created sql view model public_staging.stg_pop_steam_positive_reviews  [[32mCREATE VIEW[0m in 2.20s]
113 of 205 START sql view model public_staging.stg_pop_steam_total_reviews ..... [RUN]
114 of 205 START sql view model public_staging.stg_popularity_types ............ [RUN]
114 of 205 OK created sql view model public_staging.stg_popularity_types ....... [[32mCREATE VIEW[0m in 2.19s]
115 of 205 START sql view model public_staging.stg_regions ..................... [RUN]
113 of 205 OK created sql view model public_staging.stg_pop_steam_total_reviews  [[32mCREATE VIEW[0m in 2.21s]
116 of 205 START sql view model public_staging.stg_release_date_regions ........ [RUN]
116 of 205 OK created sql view model public_staging.stg_release_date_regions ... [[32mCREATE VIEW[0m in 2.18s]
115 of 205 OK created sql view model public_staging.stg_regions ................ [[32mCREATE VIEW[0m in 2.20s]
117 of 205 START sql view model public_staging.stg_release_date_statuses ....... [RUN]
118 of 205 START sql view model public_staging.stg_release_dates ............... [RUN]
118 of 205 OK created sql view model public_staging.stg_release_dates .......... [[32mCREATE VIEW[0m in 2.24s]
117 of 205 OK created sql view model public_staging.stg_release_date_statuses .. [[32mCREATE VIEW[0m in 2.24s]
119 of 205 START sql view model public_staging.stg_screenshots ................. [RUN]
120 of 205 START sql view model public_staging.stg_themes ...................... [RUN]
119 of 205 OK created sql view model public_staging.stg_screenshots ............ [[32mCREATE VIEW[0m in 2.24s]
121 of 205 START sql view model public_staging.stg_videos ...................... [RUN]
120 of 205 OK created sql view model public_staging.stg_themes ................. [[32mCREATE VIEW[0m in 2.25s]
122 of 205 START sql view model public_staging.stg_website_types ............... [RUN]
121 of 205 OK created sql view model public_staging.stg_videos ................. [[32mCREATE VIEW[0m in 2.17s]
123 of 205 START sql view model public_staging.stg_websites .................... [RUN]
122 of 205 OK created sql view model public_staging.stg_website_types .......... [[32mCREATE VIEW[0m in 2.21s]
124 of 205 START sql table model public.age_rating_content_description_types ... [RUN]
123 of 205 OK created sql view model public_staging.stg_websites ............... [[32mCREATE VIEW[0m in 2.16s]
125 of 205 START sql table model public.age_rating_organizations ............... [RUN]
124 of 205 OK created sql table model public.age_rating_content_description_types  [[32mINSERT 0 2[0m in 2.21s]
126 of 205 START sql table model public.artworks ............................... [RUN]
125 of 205 OK created sql table model public.age_rating_organizations .......... [[32mINSERT 0 7[0m in 2.22s]
127 of 205 START sql table model public.character_genders ...................... [RUN]
126 of 205 OK created sql table model public.artworks .......................... [[32mINSERT 0 206319[0m in 3.51s]
128 of 205 START sql table model public.character_mug_shots .................... [RUN]
127 of 205 OK created sql table model public.character_genders ................. [[32mINSERT 0 3[0m in 2.19s]
129 of 205 START sql table model public.character_species ...................... [RUN]
128 of 205 OK created sql table model public.character_mug_shots ............... [[32mINSERT 0 463[0m in 2.18s]
130 of 205 START sql view model public_intermediate.int_companies .............. [RUN]
129 of 205 OK created sql table model public.character_species ................. [[32mINSERT 0 5[0m in 2.17s]
131 of 205 START sql table model public.company_logos .......................... [RUN]
130 of 205 OK created sql view model public_intermediate.int_companies ......... [[32mCREATE VIEW[0m in 2.12s]
132 of 205 START sql table model public.company_statuses ....................... [RUN]
131 of 205 OK created sql table model public.company_logos ..................... [[32mINSERT 0 15461[0m in 2.52s]
133 of 205 START sql table model public.date_formats ........................... [RUN]
132 of 205 OK created sql table model public.company_statuses .................. [[32mINSERT 0 4[0m in 2.23s]
134 of 205 START sql table model public.event_logos ............................ [RUN]
133 of 205 OK created sql table model public.date_formats ...................... [[32mINSERT 0 8[0m in 2.24s]
135 of 205 START sql table model public.external_game_sources .................. [RUN]
134 of 205 OK created sql table model public.event_logos ....................... [[32mINSERT 0 815[0m in 2.19s]
136 of 205 START sql table model public.franchises ............................. [RUN]
135 of 205 OK created sql table model public.external_game_sources ............. [[32mINSERT 0 22[0m in 2.23s]
137 of 205 START sql table model public.game_engine_logo ....................... [RUN]
136 of 205 OK created sql table model public.franchises ........................ [[32mINSERT 0 2622[0m in 2.21s]
138 of 205 START sql view model public_intermediate.int_covers_unified ......... [RUN]
137 of 205 OK created sql table model public.game_engine_logo .................. [[32mINSERT 0 299[0m in 2.19s]
139 of 205 START sql table model public.game_modes ............................. [RUN]
138 of 205 OK created sql view model public_intermediate.int_covers_unified .... [[32mCREATE VIEW[0m in 2.13s]
140 of 205 START sql table model public.game_release_formats ................... [RUN]
139 of 205 OK created sql table model public.game_modes ........................ [[32mINSERT 0 6[0m in 2.19s]
141 of 205 START sql table model public.game_statuses .......................... [RUN]
140 of 205 OK created sql table model public.game_release_formats .............. [[32mINSERT 0 2[0m in 2.17s]
142 of 205 START sql table model public.game_types ............................. [RUN]
141 of 205 OK created sql table model public.game_statuses ..................... [[32mINSERT 0 8[0m in 2.18s]
143 of 205 START sql view model public_intermediate.int_games .................. [RUN]
142 of 205 OK created sql table model public.game_types ........................ [[32mINSERT 0 15[0m in 2.24s]
144 of 205 START sql table model public.genres ................................. [RUN]
143 of 205 OK created sql view model public_intermediate.int_games ............. [[32mCREATE VIEW[0m in 2.13s]
145 of 205 START sql table model public.involved_companies ..................... [RUN]
144 of 205 OK created sql table model public.genres ............................ [[32mINSERT 0 23[0m in 2.18s]
146 of 205 START sql table model public.keywords ............................... [RUN]
146 of 205 OK created sql table model public.keywords .......................... [[32mINSERT 0 6912[0m in 2.32s]
147 of 205 START sql table model public.language_support_types ................. [RUN]
145 of 205 OK created sql table model public.involved_companies ................ [[32mINSERT 0 254620[0m in 3.84s]
148 of 205 START sql table model public.languages .............................. [RUN]
147 of 205 OK created sql table model public.language_support_types ............ [[32mINSERT 0 3[0m in 2.18s]
149 of 205 START sql table model public.multiplayer_modes ...................... [RUN]
148 of 205 OK created sql table model public.languages ......................... [[32mINSERT 0 28[0m in 2.19s]
150 of 205 START sql table model public.network_types .......................... [RUN]
149 of 205 OK created sql table model public.multiplayer_modes ................. [[32mINSERT 0 22627[0m in 2.31s]
151 of 205 START sql table model public.platform_family ........................ [RUN]
150 of 205 OK created sql table model public.network_types ..................... [[32mINSERT 0 4[0m in 2.20s]
152 of 205 START sql table model public.platform_logo .......................... [RUN]
151 of 205 OK created sql table model public.platform_family ................... [[32mINSERT 0 5[0m in 2.18s]
153 of 205 START sql table model public.platform_types ......................... [RUN]
152 of 205 OK created sql table model public.platform_logo ..................... [[32mINSERT 0 183[0m in 2.21s]
154 of 205 START sql view model public_intermediate.int_platform_versions ...... [RUN]
153 of 205 OK created sql table model public.platform_types .................... [[32mINSERT 0 6[0m in 2.18s]
155 of 205 START sql table model public.platform_websites ...................... [RUN]
154 of 205 OK created sql view model public_intermediate.int_platform_versions . [[32mCREATE VIEW[0m in 2.13s]
156 of 205 START sql table model public.player_perspectives .................... [RUN]
155 of 205 OK created sql table model public.platform_websites ................. [[32mINSERT 0 120[0m in 2.22s]
157 of 205 START sql table model public.popularity_types ....................... [RUN]
156 of 205 OK created sql table model public.player_perspectives ............... [[32mINSERT 0 7[0m in 2.18s]
158 of 205 START sql view model public_intermediate.int_popularity_primitives_union  [RUN]
157 of 205 OK created sql table model public.popularity_types .................. [[32mINSERT 0 11[0m in 2.22s]
159 of 205 START sql table model public.release_date_regions ................... [RUN]
158 of 205 OK created sql view model public_intermediate.int_popularity_primitives_union  [[32mCREATE VIEW[0m in 2.32s]
160 of 205 START sql table model public.regions ................................ [RUN]
159 of 205 OK created sql table model public.release_date_regions .............. [[32mINSERT 0 10[0m in 2.19s]
161 of 205 START sql table model public.release_date_statuses .................. [RUN]
160 of 205 OK created sql table model public.regions ........................... [[32mINSERT 0 3[0m in 2.18s]
162 of 205 START sql table model public.themes ................................. [RUN]
161 of 205 OK created sql table model public.release_date_statuses ............. [[32mINSERT 0 9[0m in 2.20s]
163 of 205 START sql table model public.website_types .......................... [RUN]
162 of 205 OK created sql table model public.themes ............................ [[32mINSERT 0 22[0m in 2.16s]
164 of 205 START sql table model public.age_rating_categories .................. [RUN]
163 of 205 OK created sql table model public.website_types ..................... [[32mINSERT 0 22[0m in 2.20s]
165 of 205 START sql table model public.age_rating_content_descriptions_v2 ..... [RUN]
164 of 205 OK created sql table model public.age_rating_categories ............. [[32mINSERT 0 40[0m in 2.17s]
166 of 205 START sql table model public.characters ............................. [RUN]
165 of 205 OK created sql table model public.age_rating_content_descriptions_v2  [[32mINSERT 0 97[0m in 2.20s]
167 of 205 START sql table model public.companies .............................. [RUN]
166 of 205 OK created sql table model public.characters ........................ [[32mINSERT 0 16502[0m in 2.27s]
168 of 205 START sql table model public.events ................................. [RUN]
168 of 205 OK created sql table model public.events ............................ [[32mINSERT 0 810[0m in 2.28s]
169 of 205 START sql table model public.game_engines ........................... [RUN]
167 of 205 OK created sql table model public.companies ......................... [[32mINSERT 0 66940[0m in 3.91s]
170 of 205 START sql view model public_intermediate.int_game_localizations ..... [RUN]
169 of 205 OK created sql table model public.game_engines ...................... [[32mINSERT 0 1422[0m in 2.22s]
171 of 205 START sql table model public.covers ................................. [RUN]
170 of 205 OK created sql view model public_intermediate.int_game_localizations  [[32mCREATE VIEW[0m in 2.15s]
172 of 205 START sql table model public.platforms .............................. [RUN]
172 of 205 OK created sql table model public.platforms ......................... [[32mINSERT 0 220[0m in 2.32s]
173 of 205 START sql table model public.company_websites ....................... [RUN]
171 of 205 OK created sql table model public.covers ............................ [[32mINSERT 0 291655[0m in 4.62s]
174 of 205 START sql table model public.age_ratings ............................ [RUN]
173 of 205 OK created sql table model public.company_websites .................. [[32mINSERT 0 17035[0m in 2.32s]
175 of 205 START sql view model public_intermediate.int_event_network .......... [RUN]
175 of 205 OK created sql view model public_intermediate.int_event_network ..... [[32mCREATE VIEW[0m in 2.12s]
176 of 205 START sql table model public.involved_company_company ............... [RUN]
174 of 205 OK created sql table model public.age_ratings ....................... [[32mINSERT 0 174818[0m in 4.73s]
177 of 205 START sql table model public.mart_company_search .................... [RUN]
177 of 205 OK created sql table model public.mart_company_search ............... [[32mSELECT 66940[0m in 2.83s]
178 of 205 START sql table model public.platform_version_companies ............. [RUN]
176 of 205 OK created sql table model public.involved_company_company .......... [[32mINSERT 0 254620[0m in 7.51s]
179 of 205 START sql table model public.bridge_game__game_engine ............... [RUN]
178 of 205 OK created sql table model public.platform_version_companies ........ [[32mINSERT 0 674[0m in 3.30s]
180 of 205 START sql table model public.game_engine_company .................... [RUN]
180 of 205 OK created sql table model public.game_engine_company ............... [[32mINSERT 0 355[0m in 2.33s]
181 of 205 START sql table model public.game_engine_platforms .................. [RUN]
179 of 205 OK created sql table model public.bridge_game__game_engine .......... [[32mSELECT 49798[0m in 2.58s]
182 of 205 START sql table model public.games .................................. [RUN]
181 of 205 OK created sql table model public.game_engine_platforms ............. [[32mINSERT 0 1413[0m in 2.28s]
183 of 205 START sql table model public.event_networks ......................... [RUN]
183 of 205 OK created sql table model public.event_networks .................... [[32mINSERT 0 1253[0m in 2.33s]
184 of 205 START sql table model public.platform_versions ...................... [RUN]
184 of 205 OK created sql table model public.platform_versions ................. [[32mINSERT 0 422[0m in 2.25s]
185 of 205 START sql table model public.platform_version_company ............... [RUN]
185 of 205 OK created sql table model public.platform_version_company .......... [[32mINSERT 0 222[0m in 2.19s]
182 of 205 ERROR creating sql table model public.games ......................... [[31mERROR[0m in 10.31s]
186 of 205 SKIP relation public.bridge_game_dlc ................................ [[33mSKIP[0m]
188 of 205 SKIP relation public.bridge_game_game_mode .......................... [[33mSKIP[0m]
187 of 205 SKIP relation public.bridge_game_franchise .......................... [[33mSKIP[0m]
189 of 205 SKIP relation public.bridge_game_genre .............................. [[33mSKIP[0m]
190 of 205 SKIP relation public.bridge_game_keyword ............................ [[33mSKIP[0m]
191 of 205 SKIP relation public.bridge_game_multiplayer_mode ................... [[33mSKIP[0m]
192 of 205 SKIP relation public.bridge_game_platform ........................... [[33mSKIP[0m]
193 of 205 SKIP relation public.bridge_game_player_perspective ................. [[33mSKIP[0m]
194 of 205 SKIP relation public.bridge_game_theme .............................. [[33mSKIP[0m]
195 of 205 SKIP relation public_intermediate.int_external_games ................ [[33mSKIP[0m]
196 of 205 SKIP relation public.mart_alternative_names ......................... [[33mSKIP[0m]
197 of 205 SKIP relation public.mart_game_localizations ........................ [[33mSKIP[0m]
198 of 205 SKIP relation public.mart_popularity_primitives ..................... [[33mSKIP[0m]
199 of 205 SKIP relation public.mart_release_dates ............................. [[33mSKIP[0m]
200 of 205 SKIP relation public.mart_screenshots ............................... [[33mSKIP[0m]
201 of 205 SKIP relation public.mart_videos .................................... [[33mSKIP[0m]
202 of 205 SKIP relation public.mart_websites .................................. [[33mSKIP[0m]
203 of 205 SKIP relation public.mart_games_search .............................. [[33mSKIP[0m]
204 of 205 SKIP relation public.mart_external_games ............................ [[33mSKIP[0m]
205 of 205 SKIP relation public.mart_game_popularity_latest .................... [[33mSKIP[0m]

Running dbt Constraints
Finished dbt Constraints
1 of 1 START hook: dbt_constraints.on-run-end.0 ................................ [RUN]
1 of 1 OK hook: dbt_constraints.on-run-end.0 ................................... [[32mOK[0m in 0.09s]

Finished running 1 project hook, 75 table models, 130 view models in 0 hours 3 minutes and 49.32 seconds (229.32s).

[31mCompleted with 1 error, 0 partial successes, and 0 warnings:[0m

[31mFailure in model mart_games (models\marts\mart_games.sql)[0m
  Database Error in model mart_games (models\marts\mart_games.sql)
  syntax error at or near "ALTER"
  LINE 6: ALTER TABLE "catalogdev"."public"."games" ADD CONSTRAINT fk_...
          ^
  compiled code at target\igdb_transform-0592629-b5b7fef\run\igdb_transform\models\marts\mart_games.sql

  compiled code at target\igdb_transform-0592629-b5b7fef\compiled\igdb_transform\models\marts\mart_games.sql

Done. PASS=185 WARN=0 ERROR=1 SKIP=20 NO-OP=0 TOTAL=206
