[32m2026-03-23 21:30:06 +0100[0m - dagster - [34mDEBUG[0m - __ASSET_JOB - 0592629d-a389-47c8-bbd5-9f9274feb1ff - 26596 - LOGS_CAPTURED - Started capturing logs in process (pid: 26596).
[32m2026-03-23 21:30:06 +0100[0m - dagster - [34mDEBUG[0m - __ASSET_JOB - 0592629d-a389-47c8-bbd5-9f9274feb1ff - 26596 - igdb_transform - STEP_START - Started execution of step "igdb_transform".
[32m2026-03-23 21:30:07 +0100[0m - dagster - [34mINFO[0m - __ASSET_JOB - 0592629d-a389-47c8-bbd5-9f9274feb1ff - igdb_transform - A dbt subsetted execution is not being performed. Using the default dbt selection arguments `['--select', 'fqn:*']`.
[32m2026-03-23 21:30:13 +0100[0m - dagster - [34mWARNING[0m - __ASSET_JOB - 0592629d-a389-47c8-bbd5-9f9274feb1ff - igdb_transform - An error was encountered when creating a handle to the dbt adapter in Dagster.
Traceback (most recent call last):
  File "D:\Projects\ProjectLudus\code\orchestration\.venv\Lib\site-packages\dagster_dbt\core\resource.py", line 700, in cli
    adapter = self._initialize_dbt_core_adapter(args)
  File "D:\Projects\ProjectLudus\code\orchestration\.venv\Lib\site-packages\dagster_dbt\core\resource.py", line 427, in _initialize_dbt_core_adapter
    register_adapter(config, get_mp_context())
    ~~~~~~~~~~~~~~~~^^^^^^^^^^^^^^^^^^^^^^^^^^
  File "D:\Projects\ProjectLudus\code\orchestration\.venv\Lib\site-packages\dbt\adapters\factory.py", line 203, in register_adapter
    FACTORY.register_adapter(config, mp_context, adapter_registered_log_level)
    ~~~~~~~~~~~~~~~~~~~~~~~~^^^^^^^^^^^^^^^^^^^^^^^^^^^^^^^^^^^^^^^^^^^^^^^^^^
  File "D:\Projects\ProjectLudus\code\orchestration\.venv\Lib\site-packages\dbt\adapters\factory.py", line 118, in register_adapter
    adapter: Adapter = adapter_type(config, mp_context)  # type: ignore
                       ~~~~~~~~~~~~^^^^^^^^^^^^^^^^^^^^
  File "D:\Projects\ProjectLudus\code\orchestration\.venv\Lib\site-packages\dbt\adapters\base\impl.py", line 337, in __init__
    self.behavior = DEFAULT_BASE_BEHAVIOR_FLAGS  # type: ignore
    ^^^^^^^^^^^^^
  File "D:\Projects\ProjectLudus\code\orchestration\.venv\Lib\site-packages\dbt\adapters\base\impl.py", line 395, in behavior
    self._behavior = Behavior(flags, user_overrides)
                     ~~~~~~~~^^^^^^^^^^^^^^^^^^^^^^^
  File "D:\Projects\ProjectLudus\code\orchestration\.venv\Lib\site-packages\dbt_common\behavior_flags.py", line 136, in __init__
    self._flags = [BehaviorFlagRendered(flag, user_overrides) for flag in flags]
                   ~~~~~~~~~~~~~~~~~~~~^^^^^^^^^^^^^^^^^^^^^^
  File "D:\Projects\ProjectLudus\code\orchestration\.venv\Lib\site-packages\dbt_common\behavior_flags.py", line 63, in __init__
    flag_source=flag.get("source", self._default_source()),
                                   ~~~~~~~~~~~~~~~~~~~~^^
  File "D:\Projects\ProjectLudus\code\orchestration\.venv\Lib\site-packages\dbt_common\behavior_flags.py", line 96, in _default_source
    for frame in inspect.stack():
                 ~~~~~~~~~~~~~^^
  File "C:\Users\yeahg\AppData\Roaming\uv\python\cpython-3.13.2-windows-x86_64-none\Lib\inspect.py", line 1752, in stack
    return getouterframes(sys._getframe(1), context)
  File "C:\Users\yeahg\AppData\Roaming\uv\python\cpython-3.13.2-windows-x86_64-none\Lib\inspect.py", line 1727, in getouterframes
    traceback_info = getframeinfo(frame, context)
  File "C:\Users\yeahg\AppData\Roaming\uv\python\cpython-3.13.2-windows-x86_64-none\Lib\inspect.py", line 1689, in getframeinfo
    lines, lnum = findsource(frame)
                  ~~~~~~~~~~^^^^^^^
  File "C:\Users\yeahg\AppData\Roaming\uv\python\cpython-3.13.2-windows-x86_64-none\Lib\inspect.py", line 1072, in findsource
    module = getmodule(object, file)
  File "C:\Users\yeahg\AppData\Roaming\uv\python\cpython-3.13.2-windows-x86_64-none\Lib\inspect.py", line 1026, in getmodule
    f = getabsfile(module)
  File "C:\Users\yeahg\AppData\Roaming\uv\python\cpython-3.13.2-windows-x86_64-none\Lib\inspect.py", line 994, in getabsfile
    _filename = getsourcefile(object) or getfile(object)
                ~~~~~~~~~~~~~^^^^^^^^
  File "C:\Users\yeahg\AppData\Roaming\uv\python\cpython-3.13.2-windows-x86_64-none\Lib\inspect.py", line 979, in getsourcefile
    if os.path.exists(filename):
       ~~~~~~~~~~~~~~^^^^^^^^^^
  File "D:\Projects\ProjectLudus\code\orchestration\.venv\Lib\site-packages\dagster\_utils\interrupts.py", line 81, in _new_signal_handler
    raise error_cls()
dagster._core.errors.DagsterExecutionInterruptedError
[32m2026-03-23 21:30:13 +0100[0m - dagster - [34mINFO[0m - __ASSET_JOB - 0592629d-a389-47c8-bbd5-9f9274feb1ff - igdb_transform - Copying `D:\Projects\ProjectLudus\code\orchestration\src\orchestration\defs\.local_defs_state\DbtProjectComponent__dbt__\project\target\partial_parse.msgpack` to `D:\Projects\ProjectLudus\code\orchestration\src\orchestration\defs\.local_defs_state\DbtProjectComponent__dbt__\project\target\igdb_transform-0592629-b5b7fef\partial_parse.msgpack` to take advantage of partial parsing.
[32m2026-03-23 21:30:13 +0100[0m - dagster - [34mINFO[0m - __ASSET_JOB - 0592629d-a389-47c8-bbd5-9f9274feb1ff - igdb_transform - Running dbt command: `dbt build --select fqn:*`.
[32m2026-03-23 21:30:31 +0100[0m - dagster - [34mDEBUG[0m - __ASSET_JOB - 0592629d-a389-47c8-bbd5-9f9274feb1ff - 26596 - igdb_transform - STEP_OUTPUT - Yielded output "staging__stg_age_rating_categories" of type "Nothing". (Type check passed).
[32m2026-03-23 21:30:32 +0100[0m - dagster - [34mDEBUG[0m - __ASSET_JOB - 0592629d-a389-47c8-bbd5-9f9274feb1ff - 26596 - igdb_transform - ASSET_MATERIALIZATION - Materialized value staging stg_age_rating_categories.
[32m2026-03-23 21:30:32 +0100[0m - dagster - [34mDEBUG[0m - __ASSET_JOB - 0592629d-a389-47c8-bbd5-9f9274feb1ff - 26596 - igdb_transform - STEP_OUTPUT - Yielded output "mart_artwork_types" of type "Nothing". (Type check passed).
[32m2026-03-23 21:30:32 +0100[0m - dagster - [34mDEBUG[0m - __ASSET_JOB - 0592629d-a389-47c8-bbd5-9f9274feb1ff - 26596 - igdb_transform - ASSET_MATERIALIZATION - Materialized value mart_artwork_types.
[32m2026-03-23 21:30:34 +0100[0m - dagster - [34mDEBUG[0m - __ASSET_JOB - 0592629d-a389-47c8-bbd5-9f9274feb1ff - 26596 - igdb_transform - STEP_OUTPUT - Yielded output "staging__stg_age_rating_content_description_types" of type "Nothing". (Type check passed).
[32m2026-03-23 21:30:34 +0100[0m - dagster - [34mDEBUG[0m - __ASSET_JOB - 0592629d-a389-47c8-bbd5-9f9274feb1ff - 26596 - igdb_transform - ASSET_MATERIALIZATION - Materialized value staging stg_age_rating_content_description_types.
[32m2026-03-23 21:30:34 +0100[0m - dagster - [34mDEBUG[0m - __ASSET_JOB - 0592629d-a389-47c8-bbd5-9f9274feb1ff - 26596 - igdb_transform - STEP_OUTPUT - Yielded output "staging__stg_age_rating_content_descriptions_v2" of type "Nothing". (Type check passed).
[32m2026-03-23 21:30:34 +0100[0m - dagster - [34mDEBUG[0m - __ASSET_JOB - 0592629d-a389-47c8-bbd5-9f9274feb1ff - 26596 - igdb_transform - ASSET_MATERIALIZATION - Materialized value staging stg_age_rating_content_descriptions_v2.
[32m2026-03-23 21:30:36 +0100[0m - dagster - [34mDEBUG[0m - __ASSET_JOB - 0592629d-a389-47c8-bbd5-9f9274feb1ff - 26596 - igdb_transform - STEP_OUTPUT - Yielded output "staging__stg_age_rating_organizations" of type "Nothing". (Type check passed).
[32m2026-03-23 21:30:36 +0100[0m - dagster - [34mDEBUG[0m - __ASSET_JOB - 0592629d-a389-47c8-bbd5-9f9274feb1ff - 26596 - igdb_transform - ASSET_MATERIALIZATION - Materialized value staging stg_age_rating_organizations.
[32m2026-03-23 21:30:36 +0100[0m - dagster - [34mDEBUG[0m - __ASSET_JOB - 0592629d-a389-47c8-bbd5-9f9274feb1ff - 26596 - igdb_transform - STEP_OUTPUT - Yielded output "staging__stg_age_ratings" of type "Nothing". (Type check passed).
[32m2026-03-23 21:30:36 +0100[0m - dagster - [34mDEBUG[0m - __ASSET_JOB - 0592629d-a389-47c8-bbd5-9f9274feb1ff - 26596 - igdb_transform - ASSET_MATERIALIZATION - Materialized value staging stg_age_ratings.
[32m2026-03-23 21:30:38 +0100[0m - dagster - [34mDEBUG[0m - __ASSET_JOB - 0592629d-a389-47c8-bbd5-9f9274feb1ff - 26596 - igdb_transform - STEP_OUTPUT - Yielded output "staging__stg_alternative_names" of type "Nothing". (Type check passed).
[32m2026-03-23 21:30:38 +0100[0m - dagster - [34mDEBUG[0m - __ASSET_JOB - 0592629d-a389-47c8-bbd5-9f9274feb1ff - 26596 - igdb_transform - ASSET_MATERIALIZATION - Materialized value staging stg_alternative_names.
[32m2026-03-23 21:30:38 +0100[0m - dagster - [34mDEBUG[0m - __ASSET_JOB - 0592629d-a389-47c8-bbd5-9f9274feb1ff - 26596 - igdb_transform - STEP_OUTPUT - Yielded output "staging__stg_artwork_types" of type "Nothing". (Type check passed).
[32m2026-03-23 21:30:38 +0100[0m - dagster - [34mDEBUG[0m - __ASSET_JOB - 0592629d-a389-47c8-bbd5-9f9274feb1ff - 26596 - igdb_transform - ASSET_MATERIALIZATION - Materialized value staging stg_artwork_types.
[32m2026-03-23 21:30:40 +0100[0m - dagster - [34mDEBUG[0m - __ASSET_JOB - 0592629d-a389-47c8-bbd5-9f9274feb1ff - 26596 - igdb_transform - STEP_OUTPUT - Yielded output "staging__stg_artworks" of type "Nothing". (Type check passed).
[32m2026-03-23 21:30:40 +0100[0m - dagster - [34mDEBUG[0m - __ASSET_JOB - 0592629d-a389-47c8-bbd5-9f9274feb1ff - 26596 - igdb_transform - ASSET_MATERIALIZATION - Materialized value staging stg_artworks.
[32m2026-03-23 21:30:40 +0100[0m - dagster - [34mDEBUG[0m - __ASSET_JOB - 0592629d-a389-47c8-bbd5-9f9274feb1ff - 26596 - igdb_transform - STEP_OUTPUT - Yielded output "staging__stg_character_genders" of type "Nothing". (Type check passed).
[32m2026-03-23 21:30:40 +0100[0m - dagster - [34mDEBUG[0m - __ASSET_JOB - 0592629d-a389-47c8-bbd5-9f9274feb1ff - 26596 - igdb_transform - ASSET_MATERIALIZATION - Materialized value staging stg_character_genders.
[32m2026-03-23 21:30:42 +0100[0m - dagster - [34mDEBUG[0m - __ASSET_JOB - 0592629d-a389-47c8-bbd5-9f9274feb1ff - 26596 - igdb_transform - STEP_OUTPUT - Yielded output "staging__stg_character_mug_shots" of type "Nothing". (Type check passed).
[32m2026-03-23 21:30:42 +0100[0m - dagster - [34mDEBUG[0m - __ASSET_JOB - 0592629d-a389-47c8-bbd5-9f9274feb1ff - 26596 - igdb_transform - ASSET_MATERIALIZATION - Materialized value staging stg_character_mug_shots.
[32m2026-03-23 21:30:42 +0100[0m - dagster - [34mDEBUG[0m - __ASSET_JOB - 0592629d-a389-47c8-bbd5-9f9274feb1ff - 26596 - igdb_transform - STEP_OUTPUT - Yielded output "staging__stg_character_species" of type "Nothing". (Type check passed).
[32m2026-03-23 21:30:43 +0100[0m - dagster - [34mDEBUG[0m - __ASSET_JOB - 0592629d-a389-47c8-bbd5-9f9274feb1ff - 26596 - igdb_transform - ASSET_MATERIALIZATION - Materialized value staging stg_character_species.
[32m2026-03-23 21:30:44 +0100[0m - dagster - [34mDEBUG[0m - __ASSET_JOB - 0592629d-a389-47c8-bbd5-9f9274feb1ff - 26596 - igdb_transform - STEP_OUTPUT - Yielded output "staging__stg_characters" of type "Nothing". (Type check passed).
[32m2026-03-23 21:30:44 +0100[0m - dagster - [34mDEBUG[0m - __ASSET_JOB - 0592629d-a389-47c8-bbd5-9f9274feb1ff - 26596 - igdb_transform - ASSET_MATERIALIZATION - Materialized value staging stg_characters.
[32m2026-03-23 21:30:45 +0100[0m - dagster - [34mDEBUG[0m - __ASSET_JOB - 0592629d-a389-47c8-bbd5-9f9274feb1ff - 26596 - igdb_transform - STEP_OUTPUT - Yielded output "staging__stg_collection_membership_types" of type "Nothing". (Type check passed).
[32m2026-03-23 21:30:45 +0100[0m - dagster - [34mDEBUG[0m - __ASSET_JOB - 0592629d-a389-47c8-bbd5-9f9274feb1ff - 26596 - igdb_transform - ASSET_MATERIALIZATION - Materialized value staging stg_collection_membership_types.
[32m2026-03-23 21:30:47 +0100[0m - dagster - [34mDEBUG[0m - __ASSET_JOB - 0592629d-a389-47c8-bbd5-9f9274feb1ff - 26596 - igdb_transform - STEP_OUTPUT - Yielded output "staging__stg_collection_memberships" of type "Nothing". (Type check passed).
[32m2026-03-23 21:30:47 +0100[0m - dagster - [34mDEBUG[0m - __ASSET_JOB - 0592629d-a389-47c8-bbd5-9f9274feb1ff - 26596 - igdb_transform - ASSET_MATERIALIZATION - Materialized value staging stg_collection_memberships.
[32m2026-03-23 21:30:47 +0100[0m - dagster - [34mDEBUG[0m - __ASSET_JOB - 0592629d-a389-47c8-bbd5-9f9274feb1ff - 26596 - igdb_transform - STEP_OUTPUT - Yielded output "staging__stg_collection_relation_types" of type "Nothing". (Type check passed).
[32m2026-03-23 21:30:47 +0100[0m - dagster - [34mDEBUG[0m - __ASSET_JOB - 0592629d-a389-47c8-bbd5-9f9274feb1ff - 26596 - igdb_transform - ASSET_MATERIALIZATION - Materialized value staging stg_collection_relation_types.
[32m2026-03-23 21:30:49 +0100[0m - dagster - [34mDEBUG[0m - __ASSET_JOB - 0592629d-a389-47c8-bbd5-9f9274feb1ff - 26596 - igdb_transform - STEP_OUTPUT - Yielded output "staging__stg_collection_relations" of type "Nothing". (Type check passed).
[32m2026-03-23 21:30:49 +0100[0m - dagster - [34mDEBUG[0m - __ASSET_JOB - 0592629d-a389-47c8-bbd5-9f9274feb1ff - 26596 - igdb_transform - ASSET_MATERIALIZATION - Materialized value staging stg_collection_relations.
[32m2026-03-23 21:30:49 +0100[0m - dagster - [34mDEBUG[0m - __ASSET_JOB - 0592629d-a389-47c8-bbd5-9f9274feb1ff - 26596 - igdb_transform - STEP_OUTPUT - Yielded output "staging__stg_collection_types" of type "Nothing". (Type check passed).
[32m2026-03-23 21:30:49 +0100[0m - dagster - [34mDEBUG[0m - __ASSET_JOB - 0592629d-a389-47c8-bbd5-9f9274feb1ff - 26596 - igdb_transform - ASSET_MATERIALIZATION - Materialized value staging stg_collection_types.
[32m2026-03-23 21:30:51 +0100[0m - dagster - [34mDEBUG[0m - __ASSET_JOB - 0592629d-a389-47c8-bbd5-9f9274feb1ff - 26596 - igdb_transform - STEP_OUTPUT - Yielded output "staging__stg_collections" of type "Nothing". (Type check passed).
[32m2026-03-23 21:30:51 +0100[0m - dagster - [34mDEBUG[0m - __ASSET_JOB - 0592629d-a389-47c8-bbd5-9f9274feb1ff - 26596 - igdb_transform - ASSET_MATERIALIZATION - Materialized value staging stg_collections.
[32m2026-03-23 21:30:51 +0100[0m - dagster - [34mDEBUG[0m - __ASSET_JOB - 0592629d-a389-47c8-bbd5-9f9274feb1ff - 26596 - igdb_transform - STEP_OUTPUT - Yielded output "staging__stg_companies" of type "Nothing". (Type check passed).
[32m2026-03-23 21:30:51 +0100[0m - dagster - [34mDEBUG[0m - __ASSET_JOB - 0592629d-a389-47c8-bbd5-9f9274feb1ff - 26596 - igdb_transform - ASSET_MATERIALIZATION - Materialized value staging stg_companies.
[32m2026-03-23 21:30:53 +0100[0m - dagster - [34mDEBUG[0m - __ASSET_JOB - 0592629d-a389-47c8-bbd5-9f9274feb1ff - 26596 - igdb_transform - STEP_OUTPUT - Yielded output "staging__stg_companies__developed" of type "Nothing". (Type check passed).
[32m2026-03-23 21:30:53 +0100[0m - dagster - [34mDEBUG[0m - __ASSET_JOB - 0592629d-a389-47c8-bbd5-9f9274feb1ff - 26596 - igdb_transform - ASSET_MATERIALIZATION - Materialized value staging stg_companies__developed.
[32m2026-03-23 21:30:53 +0100[0m - dagster - [34mDEBUG[0m - __ASSET_JOB - 0592629d-a389-47c8-bbd5-9f9274feb1ff - 26596 - igdb_transform - STEP_OUTPUT - Yielded output "staging__stg_companies__published" of type "Nothing". (Type check passed).
[32m2026-03-23 21:30:53 +0100[0m - dagster - [34mDEBUG[0m - __ASSET_JOB - 0592629d-a389-47c8-bbd5-9f9274feb1ff - 26596 - igdb_transform - ASSET_MATERIALIZATION - Materialized value staging stg_companies__published.
[32m2026-03-23 21:30:55 +0100[0m - dagster - [34mDEBUG[0m - __ASSET_JOB - 0592629d-a389-47c8-bbd5-9f9274feb1ff - 26596 - igdb_transform - STEP_OUTPUT - Yielded output "staging__stg_companies__websites" of type "Nothing". (Type check passed).
[32m2026-03-23 21:30:55 +0100[0m - dagster - [34mDEBUG[0m - __ASSET_JOB - 0592629d-a389-47c8-bbd5-9f9274feb1ff - 26596 - igdb_transform - ASSET_MATERIALIZATION - Materialized value staging stg_companies__websites.
[32m2026-03-23 21:30:55 +0100[0m - dagster - [34mDEBUG[0m - __ASSET_JOB - 0592629d-a389-47c8-bbd5-9f9274feb1ff - 26596 - igdb_transform - STEP_OUTPUT - Yielded output "staging__stg_company_logos" of type "Nothing". (Type check passed).
[32m2026-03-23 21:30:56 +0100[0m - dagster - [34mDEBUG[0m - __ASSET_JOB - 0592629d-a389-47c8-bbd5-9f9274feb1ff - 26596 - igdb_transform - ASSET_MATERIALIZATION - Materialized value staging stg_company_logos.
[32m2026-03-23 21:30:57 +0100[0m - dagster - [34mDEBUG[0m - __ASSET_JOB - 0592629d-a389-47c8-bbd5-9f9274feb1ff - 26596 - igdb_transform - STEP_OUTPUT - Yielded output "staging__stg_company_statuses" of type "Nothing". (Type check passed).
[32m2026-03-23 21:30:57 +0100[0m - dagster - [34mDEBUG[0m - __ASSET_JOB - 0592629d-a389-47c8-bbd5-9f9274feb1ff - 26596 - igdb_transform - ASSET_MATERIALIZATION - Materialized value staging stg_company_statuses.
[32m2026-03-23 21:30:58 +0100[0m - dagster - [34mDEBUG[0m - __ASSET_JOB - 0592629d-a389-47c8-bbd5-9f9274feb1ff - 26596 - igdb_transform - STEP_OUTPUT - Yielded output "staging__stg_company_websites" of type "Nothing". (Type check passed).
[32m2026-03-23 21:30:58 +0100[0m - dagster - [34mDEBUG[0m - __ASSET_JOB - 0592629d-a389-47c8-bbd5-9f9274feb1ff - 26596 - igdb_transform - ASSET_MATERIALIZATION - Materialized value staging stg_company_websites.
[32m2026-03-23 21:31:00 +0100[0m - dagster - [34mDEBUG[0m - __ASSET_JOB - 0592629d-a389-47c8-bbd5-9f9274feb1ff - 26596 - igdb_transform - STEP_OUTPUT - Yielded output "staging__stg_covers" of type "Nothing". (Type check passed).
[32m2026-03-23 21:31:00 +0100[0m - dagster - [34mDEBUG[0m - __ASSET_JOB - 0592629d-a389-47c8-bbd5-9f9274feb1ff - 26596 - igdb_transform - ASSET_MATERIALIZATION - Materialized value staging stg_covers.
[32m2026-03-23 21:31:00 +0100[0m - dagster - [34mDEBUG[0m - __ASSET_JOB - 0592629d-a389-47c8-bbd5-9f9274feb1ff - 26596 - igdb_transform - STEP_OUTPUT - Yielded output "staging__stg_date_formats" of type "Nothing". (Type check passed).
[32m2026-03-23 21:31:00 +0100[0m - dagster - [34mDEBUG[0m - __ASSET_JOB - 0592629d-a389-47c8-bbd5-9f9274feb1ff - 26596 - igdb_transform - ASSET_MATERIALIZATION - Materialized value staging stg_date_formats.
[32m2026-03-23 21:31:02 +0100[0m - dagster - [34mDEBUG[0m - __ASSET_JOB - 0592629d-a389-47c8-bbd5-9f9274feb1ff - 26596 - igdb_transform - STEP_OUTPUT - Yielded output "staging__stg_event_logos" of type "Nothing". (Type check passed).
[32m2026-03-23 21:31:02 +0100[0m - dagster - [34mDEBUG[0m - __ASSET_JOB - 0592629d-a389-47c8-bbd5-9f9274feb1ff - 26596 - igdb_transform - ASSET_MATERIALIZATION - Materialized value staging stg_event_logos.
[32m2026-03-23 21:31:02 +0100[0m - dagster - [34mDEBUG[0m - __ASSET_JOB - 0592629d-a389-47c8-bbd5-9f9274feb1ff - 26596 - igdb_transform - STEP_OUTPUT - Yielded output "staging__stg_event_networks" of type "Nothing". (Type check passed).
[32m2026-03-23 21:31:02 +0100[0m - dagster - [34mDEBUG[0m - __ASSET_JOB - 0592629d-a389-47c8-bbd5-9f9274feb1ff - 26596 - igdb_transform - ASSET_MATERIALIZATION - Materialized value staging stg_event_networks.
[32m2026-03-23 21:31:04 +0100[0m - dagster - [34mDEBUG[0m - __ASSET_JOB - 0592629d-a389-47c8-bbd5-9f9274feb1ff - 26596 - igdb_transform - STEP_OUTPUT - Yielded output "staging__stg_events" of type "Nothing". (Type check passed).
[32m2026-03-23 21:31:04 +0100[0m - dagster - [34mDEBUG[0m - __ASSET_JOB - 0592629d-a389-47c8-bbd5-9f9274feb1ff - 26596 - igdb_transform - ASSET_MATERIALIZATION - Materialized value staging stg_events.
[32m2026-03-23 21:31:04 +0100[0m - dagster - [34mDEBUG[0m - __ASSET_JOB - 0592629d-a389-47c8-bbd5-9f9274feb1ff - 26596 - igdb_transform - STEP_OUTPUT - Yielded output "staging__stg_external_game_sources" of type "Nothing". (Type check passed).
[32m2026-03-23 21:31:04 +0100[0m - dagster - [34mDEBUG[0m - __ASSET_JOB - 0592629d-a389-47c8-bbd5-9f9274feb1ff - 26596 - igdb_transform - ASSET_MATERIALIZATION - Materialized value staging stg_external_game_sources.
[32m2026-03-23 21:31:06 +0100[0m - dagster - [34mDEBUG[0m - __ASSET_JOB - 0592629d-a389-47c8-bbd5-9f9274feb1ff - 26596 - igdb_transform - STEP_OUTPUT - Yielded output "staging__stg_external_games" of type "Nothing". (Type check passed).
[32m2026-03-23 21:31:06 +0100[0m - dagster - [34mDEBUG[0m - __ASSET_JOB - 0592629d-a389-47c8-bbd5-9f9274feb1ff - 26596 - igdb_transform - ASSET_MATERIALIZATION - Materialized value staging stg_external_games.
[32m2026-03-23 21:31:06 +0100[0m - dagster - [34mDEBUG[0m - __ASSET_JOB - 0592629d-a389-47c8-bbd5-9f9274feb1ff - 26596 - igdb_transform - STEP_OUTPUT - Yielded output "staging__stg_franchises" of type "Nothing". (Type check passed).
[32m2026-03-23 21:31:06 +0100[0m - dagster - [34mDEBUG[0m - __ASSET_JOB - 0592629d-a389-47c8-bbd5-9f9274feb1ff - 26596 - igdb_transform - ASSET_MATERIALIZATION - Materialized value staging stg_franchises.
[32m2026-03-23 21:31:08 +0100[0m - dagster - [34mDEBUG[0m - __ASSET_JOB - 0592629d-a389-47c8-bbd5-9f9274feb1ff - 26596 - igdb_transform - STEP_OUTPUT - Yielded output "staging__stg_game_engines" of type "Nothing". (Type check passed).
[32m2026-03-23 21:31:08 +0100[0m - dagster - [34mDEBUG[0m - __ASSET_JOB - 0592629d-a389-47c8-bbd5-9f9274feb1ff - 26596 - igdb_transform - ASSET_MATERIALIZATION - Materialized value staging stg_game_engines.
[32m2026-03-23 21:31:08 +0100[0m - dagster - [34mDEBUG[0m - __ASSET_JOB - 0592629d-a389-47c8-bbd5-9f9274feb1ff - 26596 - igdb_transform - STEP_OUTPUT - Yielded output "staging__stg_game_engines__companies" of type "Nothing". (Type check passed).
[32m2026-03-23 21:31:08 +0100[0m - dagster - [34mDEBUG[0m - __ASSET_JOB - 0592629d-a389-47c8-bbd5-9f9274feb1ff - 26596 - igdb_transform - ASSET_MATERIALIZATION - Materialized value staging stg_game_engines__companies.
[32m2026-03-23 21:31:10 +0100[0m - dagster - [34mDEBUG[0m - __ASSET_JOB - 0592629d-a389-47c8-bbd5-9f9274feb1ff - 26596 - igdb_transform - STEP_OUTPUT - Yielded output "staging__stg_game_engines__platforms" of type "Nothing". (Type check passed).
[32m2026-03-23 21:31:10 +0100[0m - dagster - [34mDEBUG[0m - __ASSET_JOB - 0592629d-a389-47c8-bbd5-9f9274feb1ff - 26596 - igdb_transform - ASSET_MATERIALIZATION - Materialized value staging stg_game_engines__platforms.
[32m2026-03-23 21:31:11 +0100[0m - dagster - [34mDEBUG[0m - __ASSET_JOB - 0592629d-a389-47c8-bbd5-9f9274feb1ff - 26596 - igdb_transform - STEP_OUTPUT - Yielded output "staging__stg_game_engines_logos" of type "Nothing". (Type check passed).
[32m2026-03-23 21:31:11 +0100[0m - dagster - [34mDEBUG[0m - __ASSET_JOB - 0592629d-a389-47c8-bbd5-9f9274feb1ff - 26596 - igdb_transform - ASSET_MATERIALIZATION - Materialized value staging stg_game_engines_logos.
[32m2026-03-23 21:31:13 +0100[0m - dagster - [34mDEBUG[0m - __ASSET_JOB - 0592629d-a389-47c8-bbd5-9f9274feb1ff - 26596 - igdb_transform - STEP_OUTPUT - Yielded output "staging__stg_game_localization_cover" of type "Nothing". (Type check passed).
[32m2026-03-23 21:31:13 +0100[0m - dagster - [34mDEBUG[0m - __ASSET_JOB - 0592629d-a389-47c8-bbd5-9f9274feb1ff - 26596 - igdb_transform - ASSET_MATERIALIZATION - Materialized value staging stg_game_localization_cover.
[32m2026-03-23 21:31:13 +0100[0m - dagster - [34mDEBUG[0m - __ASSET_JOB - 0592629d-a389-47c8-bbd5-9f9274feb1ff - 26596 - igdb_transform - STEP_OUTPUT - Yielded output "staging__stg_game_localizations" of type "Nothing". (Type check passed).
[32m2026-03-23 21:31:13 +0100[0m - dagster - [34mDEBUG[0m - __ASSET_JOB - 0592629d-a389-47c8-bbd5-9f9274feb1ff - 26596 - igdb_transform - ASSET_MATERIALIZATION - Materialized value staging stg_game_localizations.
[32m2026-03-23 21:31:15 +0100[0m - dagster - [34mDEBUG[0m - __ASSET_JOB - 0592629d-a389-47c8-bbd5-9f9274feb1ff - 26596 - igdb_transform - STEP_OUTPUT - Yielded output "staging__stg_game_modes" of type "Nothing". (Type check passed).
[32m2026-03-23 21:31:15 +0100[0m - dagster - [34mDEBUG[0m - __ASSET_JOB - 0592629d-a389-47c8-bbd5-9f9274feb1ff - 26596 - igdb_transform - ASSET_MATERIALIZATION - Materialized value staging stg_game_modes.
[32m2026-03-23 21:31:15 +0100[0m - dagster - [34mDEBUG[0m - __ASSET_JOB - 0592629d-a389-47c8-bbd5-9f9274feb1ff - 26596 - igdb_transform - STEP_OUTPUT - Yielded output "staging__stg_game_release_formats" of type "Nothing". (Type check passed).
[32m2026-03-23 21:31:15 +0100[0m - dagster - [34mDEBUG[0m - __ASSET_JOB - 0592629d-a389-47c8-bbd5-9f9274feb1ff - 26596 - igdb_transform - ASSET_MATERIALIZATION - Materialized value staging stg_game_release_formats.
[32m2026-03-23 21:31:17 +0100[0m - dagster - [34mDEBUG[0m - __ASSET_JOB - 0592629d-a389-47c8-bbd5-9f9274feb1ff - 26596 - igdb_transform - STEP_OUTPUT - Yielded output "staging__stg_game_statuses" of type "Nothing". (Type check passed).
[32m2026-03-23 21:31:17 +0100[0m - dagster - [34mDEBUG[0m - __ASSET_JOB - 0592629d-a389-47c8-bbd5-9f9274feb1ff - 26596 - igdb_transform - ASSET_MATERIALIZATION - Materialized value staging stg_game_statuses.
[32m2026-03-23 21:31:17 +0100[0m - dagster - [34mDEBUG[0m - __ASSET_JOB - 0592629d-a389-47c8-bbd5-9f9274feb1ff - 26596 - igdb_transform - STEP_OUTPUT - Yielded output "staging__stg_game_time_to_beats" of type "Nothing". (Type check passed).
[32m2026-03-23 21:31:17 +0100[0m - dagster - [34mDEBUG[0m - __ASSET_JOB - 0592629d-a389-47c8-bbd5-9f9274feb1ff - 26596 - igdb_transform - ASSET_MATERIALIZATION - Materialized value staging stg_game_time_to_beats.
[32m2026-03-23 21:31:19 +0100[0m - dagster - [34mDEBUG[0m - __ASSET_JOB - 0592629d-a389-47c8-bbd5-9f9274feb1ff - 26596 - igdb_transform - STEP_OUTPUT - Yielded output "staging__stg_game_types" of type "Nothing". (Type check passed).
[32m2026-03-23 21:31:19 +0100[0m - dagster - [34mDEBUG[0m - __ASSET_JOB - 0592629d-a389-47c8-bbd5-9f9274feb1ff - 26596 - igdb_transform - ASSET_MATERIALIZATION - Materialized value staging stg_game_types.
[32m2026-03-23 21:31:19 +0100[0m - dagster - [34mDEBUG[0m - __ASSET_JOB - 0592629d-a389-47c8-bbd5-9f9274feb1ff - 26596 - igdb_transform - STEP_OUTPUT - Yielded output "staging__stg_game_version_feature_values" of type "Nothing". (Type check passed).
[32m2026-03-23 21:31:19 +0100[0m - dagster - [34mDEBUG[0m - __ASSET_JOB - 0592629d-a389-47c8-bbd5-9f9274feb1ff - 26596 - igdb_transform - ASSET_MATERIALIZATION - Materialized value staging stg_game_version_feature_values.
[32m2026-03-23 21:31:21 +0100[0m - dagster - [34mDEBUG[0m - __ASSET_JOB - 0592629d-a389-47c8-bbd5-9f9274feb1ff - 26596 - igdb_transform - STEP_OUTPUT - Yielded output "staging__stg_game_version_features" of type "Nothing". (Type check passed).
[32m2026-03-23 21:31:21 +0100[0m - dagster - [34mDEBUG[0m - __ASSET_JOB - 0592629d-a389-47c8-bbd5-9f9274feb1ff - 26596 - igdb_transform - ASSET_MATERIALIZATION - Materialized value staging stg_game_version_features.
[32m2026-03-23 21:31:21 +0100[0m - dagster - [34mDEBUG[0m - __ASSET_JOB - 0592629d-a389-47c8-bbd5-9f9274feb1ff - 26596 - igdb_transform - STEP_OUTPUT - Yielded output "staging__stg_game_versions" of type "Nothing". (Type check passed).
[32m2026-03-23 21:31:21 +0100[0m - dagster - [34mDEBUG[0m - __ASSET_JOB - 0592629d-a389-47c8-bbd5-9f9274feb1ff - 26596 - igdb_transform - ASSET_MATERIALIZATION - Materialized value staging stg_game_versions.
[32m2026-03-23 21:31:23 +0100[0m - dagster - [34mDEBUG[0m - __ASSET_JOB - 0592629d-a389-47c8-bbd5-9f9274feb1ff - 26596 - igdb_transform - STEP_OUTPUT - Yielded output "staging__stg_games" of type "Nothing". (Type check passed).
[32m2026-03-23 21:31:23 +0100[0m - dagster - [34mDEBUG[0m - __ASSET_JOB - 0592629d-a389-47c8-bbd5-9f9274feb1ff - 26596 - igdb_transform - ASSET_MATERIALIZATION - Materialized value staging stg_games.
[32m2026-03-23 21:31:23 +0100[0m - dagster - [34mDEBUG[0m - __ASSET_JOB - 0592629d-a389-47c8-bbd5-9f9274feb1ff - 26596 - igdb_transform - STEP_OUTPUT - Yielded output "staging__stg_games__age_ratings" of type "Nothing". (Type check passed).
[32m2026-03-23 21:31:24 +0100[0m - dagster - [34mDEBUG[0m - __ASSET_JOB - 0592629d-a389-47c8-bbd5-9f9274feb1ff - 26596 - igdb_transform - ASSET_MATERIALIZATION - Materialized value staging stg_games__age_ratings.
[32m2026-03-23 21:31:25 +0100[0m - dagster - [34mDEBUG[0m - __ASSET_JOB - 0592629d-a389-47c8-bbd5-9f9274feb1ff - 26596 - igdb_transform - STEP_OUTPUT - Yielded output "staging__stg_games__alternative_names" of type "Nothing". (Type check passed).
[32m2026-03-23 21:31:25 +0100[0m - dagster - [34mDEBUG[0m - __ASSET_JOB - 0592629d-a389-47c8-bbd5-9f9274feb1ff - 26596 - igdb_transform - ASSET_MATERIALIZATION - Materialized value staging stg_games__alternative_names.
[32m2026-03-23 21:31:26 +0100[0m - dagster - [34mDEBUG[0m - __ASSET_JOB - 0592629d-a389-47c8-bbd5-9f9274feb1ff - 26596 - igdb_transform - STEP_OUTPUT - Yielded output "staging__stg_games__artworks" of type "Nothing". (Type check passed).
[32m2026-03-23 21:31:26 +0100[0m - dagster - [34mDEBUG[0m - __ASSET_JOB - 0592629d-a389-47c8-bbd5-9f9274feb1ff - 26596 - igdb_transform - ASSET_MATERIALIZATION - Materialized value staging stg_games__artworks.
[32m2026-03-23 21:31:28 +0100[0m - dagster - [34mDEBUG[0m - __ASSET_JOB - 0592629d-a389-47c8-bbd5-9f9274feb1ff - 26596 - igdb_transform - STEP_OUTPUT - Yielded output "staging__stg_games__bundles" of type "Nothing". (Type check passed).
[32m2026-03-23 21:31:28 +0100[0m - dagster - [34mDEBUG[0m - __ASSET_JOB - 0592629d-a389-47c8-bbd5-9f9274feb1ff - 26596 - igdb_transform - ASSET_MATERIALIZATION - Materialized value staging stg_games__bundles.
[32m2026-03-23 21:31:28 +0100[0m - dagster - [34mDEBUG[0m - __ASSET_JOB - 0592629d-a389-47c8-bbd5-9f9274feb1ff - 26596 - igdb_transform - STEP_OUTPUT - Yielded output "staging__stg_games__collections" of type "Nothing". (Type check passed).
[32m2026-03-23 21:31:28 +0100[0m - dagster - [34mDEBUG[0m - __ASSET_JOB - 0592629d-a389-47c8-bbd5-9f9274feb1ff - 26596 - igdb_transform - ASSET_MATERIALIZATION - Materialized value staging stg_games__collections.
[32m2026-03-23 21:31:30 +0100[0m - dagster - [34mDEBUG[0m - __ASSET_JOB - 0592629d-a389-47c8-bbd5-9f9274feb1ff - 26596 - igdb_transform - STEP_OUTPUT - Yielded output "staging__stg_games__dlcs" of type "Nothing". (Type check passed).
[32m2026-03-23 21:31:30 +0100[0m - dagster - [34mDEBUG[0m - __ASSET_JOB - 0592629d-a389-47c8-bbd5-9f9274feb1ff - 26596 - igdb_transform - ASSET_MATERIALIZATION - Materialized value staging stg_games__dlcs.
[32m2026-03-23 21:31:30 +0100[0m - dagster - [34mDEBUG[0m - __ASSET_JOB - 0592629d-a389-47c8-bbd5-9f9274feb1ff - 26596 - igdb_transform - STEP_OUTPUT - Yielded output "staging__stg_games__expanded_games" of type "Nothing". (Type check passed).
[32m2026-03-23 21:31:30 +0100[0m - dagster - [34mDEBUG[0m - __ASSET_JOB - 0592629d-a389-47c8-bbd5-9f9274feb1ff - 26596 - igdb_transform - ASSET_MATERIALIZATION - Materialized value staging stg_games__expanded_games.
[32m2026-03-23 21:31:32 +0100[0m - dagster - [34mDEBUG[0m - __ASSET_JOB - 0592629d-a389-47c8-bbd5-9f9274feb1ff - 26596 - igdb_transform - STEP_OUTPUT - Yielded output "staging__stg_games__expansions" of type "Nothing". (Type check passed).
[32m2026-03-23 21:31:32 +0100[0m - dagster - [34mDEBUG[0m - __ASSET_JOB - 0592629d-a389-47c8-bbd5-9f9274feb1ff - 26596 - igdb_transform - ASSET_MATERIALIZATION - Materialized value staging stg_games__expansions.
[32m2026-03-23 21:31:32 +0100[0m - dagster - [34mDEBUG[0m - __ASSET_JOB - 0592629d-a389-47c8-bbd5-9f9274feb1ff - 26596 - igdb_transform - STEP_OUTPUT - Yielded output "staging__stg_games__external_games" of type "Nothing". (Type check passed).
[32m2026-03-23 21:31:32 +0100[0m - dagster - [34mDEBUG[0m - __ASSET_JOB - 0592629d-a389-47c8-bbd5-9f9274feb1ff - 26596 - igdb_transform - ASSET_MATERIALIZATION - Materialized value staging stg_games__external_games.
[32m2026-03-23 21:31:34 +0100[0m - dagster - [34mDEBUG[0m - __ASSET_JOB - 0592629d-a389-47c8-bbd5-9f9274feb1ff - 26596 - igdb_transform - STEP_OUTPUT - Yielded output "staging__stg_games__forks" of type "Nothing". (Type check passed).
[32m2026-03-23 21:31:34 +0100[0m - dagster - [34mDEBUG[0m - __ASSET_JOB - 0592629d-a389-47c8-bbd5-9f9274feb1ff - 26596 - igdb_transform - ASSET_MATERIALIZATION - Materialized value staging stg_games__forks.
[32m2026-03-23 21:31:34 +0100[0m - dagster - [34mDEBUG[0m - __ASSET_JOB - 0592629d-a389-47c8-bbd5-9f9274feb1ff - 26596 - igdb_transform - STEP_OUTPUT - Yielded output "staging__stg_games__franchises" of type "Nothing". (Type check passed).
[32m2026-03-23 21:31:34 +0100[0m - dagster - [34mDEBUG[0m - __ASSET_JOB - 0592629d-a389-47c8-bbd5-9f9274feb1ff - 26596 - igdb_transform - ASSET_MATERIALIZATION - Materialized value staging stg_games__franchises.
[32m2026-03-23 21:31:36 +0100[0m - dagster - [34mDEBUG[0m - __ASSET_JOB - 0592629d-a389-47c8-bbd5-9f9274feb1ff - 26596 - igdb_transform - STEP_OUTPUT - Yielded output "staging__stg_games__game_engines" of type "Nothing". (Type check passed).
[32m2026-03-23 21:31:36 +0100[0m - dagster - [34mDEBUG[0m - __ASSET_JOB - 0592629d-a389-47c8-bbd5-9f9274feb1ff - 26596 - igdb_transform - ASSET_MATERIALIZATION - Materialized value staging stg_games__game_engines.
[32m2026-03-23 21:31:36 +0100[0m - dagster - [34mDEBUG[0m - __ASSET_JOB - 0592629d-a389-47c8-bbd5-9f9274feb1ff - 26596 - igdb_transform - STEP_OUTPUT - Yielded output "staging__stg_games__game_localizations" of type "Nothing". (Type check passed).
[32m2026-03-23 21:31:36 +0100[0m - dagster - [34mDEBUG[0m - __ASSET_JOB - 0592629d-a389-47c8-bbd5-9f9274feb1ff - 26596 - igdb_transform - ASSET_MATERIALIZATION - Materialized value staging stg_games__game_localizations.
[32m2026-03-23 21:31:38 +0100[0m - dagster - [34mDEBUG[0m - __ASSET_JOB - 0592629d-a389-47c8-bbd5-9f9274feb1ff - 26596 - igdb_transform - STEP_OUTPUT - Yielded output "staging__stg_games__game_modes" of type "Nothing". (Type check passed).
[32m2026-03-23 21:31:38 +0100[0m - dagster - [34mDEBUG[0m - __ASSET_JOB - 0592629d-a389-47c8-bbd5-9f9274feb1ff - 26596 - igdb_transform - ASSET_MATERIALIZATION - Materialized value staging stg_games__game_modes.
[32m2026-03-23 21:31:39 +0100[0m - dagster - [34mDEBUG[0m - __ASSET_JOB - 0592629d-a389-47c8-bbd5-9f9274feb1ff - 26596 - igdb_transform - STEP_OUTPUT - Yielded output "staging__stg_games__genres" of type "Nothing". (Type check passed).
[32m2026-03-23 21:31:39 +0100[0m - dagster - [34mDEBUG[0m - __ASSET_JOB - 0592629d-a389-47c8-bbd5-9f9274feb1ff - 26596 - igdb_transform - ASSET_MATERIALIZATION - Materialized value staging stg_games__genres.
[32m2026-03-23 21:31:41 +0100[0m - dagster - [34mDEBUG[0m - __ASSET_JOB - 0592629d-a389-47c8-bbd5-9f9274feb1ff - 26596 - igdb_transform - STEP_OUTPUT - Yielded output "staging__stg_games__involved_companies" of type "Nothing". (Type check passed).
[32m2026-03-23 21:31:41 +0100[0m - dagster - [34mDEBUG[0m - __ASSET_JOB - 0592629d-a389-47c8-bbd5-9f9274feb1ff - 26596 - igdb_transform - ASSET_MATERIALIZATION - Materialized value staging stg_games__involved_companies.
[32m2026-03-23 21:31:41 +0100[0m - dagster - [34mDEBUG[0m - __ASSET_JOB - 0592629d-a389-47c8-bbd5-9f9274feb1ff - 26596 - igdb_transform - STEP_OUTPUT - Yielded output "staging__stg_games__keywords" of type "Nothing". (Type check passed).
[32m2026-03-23 21:31:41 +0100[0m - dagster - [34mDEBUG[0m - __ASSET_JOB - 0592629d-a389-47c8-bbd5-9f9274feb1ff - 26596 - igdb_transform - ASSET_MATERIALIZATION - Materialized value staging stg_games__keywords.
[32m2026-03-23 21:31:43 +0100[0m - dagster - [34mDEBUG[0m - __ASSET_JOB - 0592629d-a389-47c8-bbd5-9f9274feb1ff - 26596 - igdb_transform - STEP_OUTPUT - Yielded output "staging__stg_games__language_supports" of type "Nothing". (Type check passed).
[32m2026-03-23 21:31:43 +0100[0m - dagster - [34mDEBUG[0m - __ASSET_JOB - 0592629d-a389-47c8-bbd5-9f9274feb1ff - 26596 - igdb_transform - ASSET_MATERIALIZATION - Materialized value staging stg_games__language_supports.
[32m2026-03-23 21:31:43 +0100[0m - dagster - [34mDEBUG[0m - __ASSET_JOB - 0592629d-a389-47c8-bbd5-9f9274feb1ff - 26596 - igdb_transform - STEP_OUTPUT - Yielded output "staging__stg_games__multiplayer_modes" of type "Nothing". (Type check passed).
[32m2026-03-23 21:31:43 +0100[0m - dagster - [34mDEBUG[0m - __ASSET_JOB - 0592629d-a389-47c8-bbd5-9f9274feb1ff - 26596 - igdb_transform - ASSET_MATERIALIZATION - Materialized value staging stg_games__multiplayer_modes.
[32m2026-03-23 21:31:45 +0100[0m - dagster - [34mDEBUG[0m - __ASSET_JOB - 0592629d-a389-47c8-bbd5-9f9274feb1ff - 26596 - igdb_transform - STEP_OUTPUT - Yielded output "staging__stg_games__platforms" of type "Nothing". (Type check passed).
[32m2026-03-23 21:31:45 +0100[0m - dagster - [34mDEBUG[0m - __ASSET_JOB - 0592629d-a389-47c8-bbd5-9f9274feb1ff - 26596 - igdb_transform - ASSET_MATERIALIZATION - Materialized value staging stg_games__platforms.
[32m2026-03-23 21:31:45 +0100[0m - dagster - [34mDEBUG[0m - __ASSET_JOB - 0592629d-a389-47c8-bbd5-9f9274feb1ff - 26596 - igdb_transform - STEP_OUTPUT - Yielded output "staging__stg_games__player_perspectives" of type "Nothing". (Type check passed).
[32m2026-03-23 21:31:45 +0100[0m - dagster - [34mDEBUG[0m - __ASSET_JOB - 0592629d-a389-47c8-bbd5-9f9274feb1ff - 26596 - igdb_transform - ASSET_MATERIALIZATION - Materialized value staging stg_games__player_perspectives.
[32m2026-03-23 21:31:47 +0100[0m - dagster - [34mDEBUG[0m - __ASSET_JOB - 0592629d-a389-47c8-bbd5-9f9274feb1ff - 26596 - igdb_transform - STEP_OUTPUT - Yielded output "staging__stg_games__ports" of type "Nothing". (Type check passed).
[32m2026-03-23 21:31:47 +0100[0m - dagster - [34mDEBUG[0m - __ASSET_JOB - 0592629d-a389-47c8-bbd5-9f9274feb1ff - 26596 - igdb_transform - ASSET_MATERIALIZATION - Materialized value staging stg_games__ports.
[32m2026-03-23 21:31:47 +0100[0m - dagster - [34mDEBUG[0m - __ASSET_JOB - 0592629d-a389-47c8-bbd5-9f9274feb1ff - 26596 - igdb_transform - STEP_OUTPUT - Yielded output "staging__stg_games__release_dates" of type "Nothing". (Type check passed).
[32m2026-03-23 21:31:47 +0100[0m - dagster - [34mDEBUG[0m - __ASSET_JOB - 0592629d-a389-47c8-bbd5-9f9274feb1ff - 26596 - igdb_transform - ASSET_MATERIALIZATION - Materialized value staging stg_games__release_dates.
[32m2026-03-23 21:31:49 +0100[0m - dagster - [34mDEBUG[0m - __ASSET_JOB - 0592629d-a389-47c8-bbd5-9f9274feb1ff - 26596 - igdb_transform - STEP_OUTPUT - Yielded output "staging__stg_games__remakes" of type "Nothing". (Type check passed).
[32m2026-03-23 21:31:49 +0100[0m - dagster - [34mDEBUG[0m - __ASSET_JOB - 0592629d-a389-47c8-bbd5-9f9274feb1ff - 26596 - igdb_transform - ASSET_MATERIALIZATION - Materialized value staging stg_games__remakes.
[32m2026-03-23 21:31:49 +0100[0m - dagster - [34mDEBUG[0m - __ASSET_JOB - 0592629d-a389-47c8-bbd5-9f9274feb1ff - 26596 - igdb_transform - STEP_OUTPUT - Yielded output "staging__stg_games__remasters" of type "Nothing". (Type check passed).
[32m2026-03-23 21:31:49 +0100[0m - dagster - [34mDEBUG[0m - __ASSET_JOB - 0592629d-a389-47c8-bbd5-9f9274feb1ff - 26596 - igdb_transform - ASSET_MATERIALIZATION - Materialized value staging stg_games__remasters.
[32m2026-03-23 21:31:51 +0100[0m - dagster - [34mDEBUG[0m - __ASSET_JOB - 0592629d-a389-47c8-bbd5-9f9274feb1ff - 26596 - igdb_transform - STEP_OUTPUT - Yielded output "staging__stg_games__screenshots" of type "Nothing". (Type check passed).
[32m2026-03-23 21:31:51 +0100[0m - dagster - [34mDEBUG[0m - __ASSET_JOB - 0592629d-a389-47c8-bbd5-9f9274feb1ff - 26596 - igdb_transform - ASSET_MATERIALIZATION - Materialized value staging stg_games__screenshots.
[32m2026-03-23 21:31:51 +0100[0m - dagster - [34mDEBUG[0m - __ASSET_JOB - 0592629d-a389-47c8-bbd5-9f9274feb1ff - 26596 - igdb_transform - STEP_OUTPUT - Yielded output "staging__stg_games__similar_games" of type "Nothing". (Type check passed).
[32m2026-03-23 21:31:52 +0100[0m - dagster - [34mDEBUG[0m - __ASSET_JOB - 0592629d-a389-47c8-bbd5-9f9274feb1ff - 26596 - igdb_transform - ASSET_MATERIALIZATION - Materialized value staging stg_games__similar_games.
[32m2026-03-23 21:31:53 +0100[0m - dagster - [34mDEBUG[0m - __ASSET_JOB - 0592629d-a389-47c8-bbd5-9f9274feb1ff - 26596 - igdb_transform - STEP_OUTPUT - Yielded output "staging__stg_games__standalone_expansions" of type "Nothing". (Type check passed).
[32m2026-03-23 21:31:53 +0100[0m - dagster - [34mDEBUG[0m - __ASSET_JOB - 0592629d-a389-47c8-bbd5-9f9274feb1ff - 26596 - igdb_transform - ASSET_MATERIALIZATION - Materialized value staging stg_games__standalone_expansions.
[32m2026-03-23 21:31:54 +0100[0m - dagster - [34mDEBUG[0m - __ASSET_JOB - 0592629d-a389-47c8-bbd5-9f9274feb1ff - 26596 - igdb_transform - STEP_OUTPUT - Yielded output "staging__stg_games__tags" of type "Nothing". (Type check passed).
[32m2026-03-23 21:31:54 +0100[0m - dagster - [34mDEBUG[0m - __ASSET_JOB - 0592629d-a389-47c8-bbd5-9f9274feb1ff - 26596 - igdb_transform - ASSET_MATERIALIZATION - Materialized value staging stg_games__tags.
[32m2026-03-23 21:31:56 +0100[0m - dagster - [34mDEBUG[0m - __ASSET_JOB - 0592629d-a389-47c8-bbd5-9f9274feb1ff - 26596 - igdb_transform - STEP_OUTPUT - Yielded output "staging__stg_games__themes" of type "Nothing". (Type check passed).
[32m2026-03-23 21:31:56 +0100[0m - dagster - [34mDEBUG[0m - __ASSET_JOB - 0592629d-a389-47c8-bbd5-9f9274feb1ff - 26596 - igdb_transform - ASSET_MATERIALIZATION - Materialized value staging stg_games__themes.
[32m2026-03-23 21:31:56 +0100[0m - dagster - [34mDEBUG[0m - __ASSET_JOB - 0592629d-a389-47c8-bbd5-9f9274feb1ff - 26596 - igdb_transform - STEP_OUTPUT - Yielded output "staging__stg_games__videos" of type "Nothing". (Type check passed).
[32m2026-03-23 21:31:56 +0100[0m - dagster - [34mDEBUG[0m - __ASSET_JOB - 0592629d-a389-47c8-bbd5-9f9274feb1ff - 26596 - igdb_transform - ASSET_MATERIALIZATION - Materialized value staging stg_games__videos.
[32m2026-03-23 21:31:58 +0100[0m - dagster - [34mDEBUG[0m - __ASSET_JOB - 0592629d-a389-47c8-bbd5-9f9274feb1ff - 26596 - igdb_transform - STEP_OUTPUT - Yielded output "staging__stg_games__websites" of type "Nothing". (Type check passed).
[32m2026-03-23 21:31:58 +0100[0m - dagster - [34mDEBUG[0m - __ASSET_JOB - 0592629d-a389-47c8-bbd5-9f9274feb1ff - 26596 - igdb_transform - ASSET_MATERIALIZATION - Materialized value staging stg_games__websites.
[32m2026-03-23 21:31:58 +0100[0m - dagster - [34mDEBUG[0m - __ASSET_JOB - 0592629d-a389-47c8-bbd5-9f9274feb1ff - 26596 - igdb_transform - STEP_OUTPUT - Yielded output "staging__stg_genres" of type "Nothing". (Type check passed).
[32m2026-03-23 21:31:58 +0100[0m - dagster - [34mDEBUG[0m - __ASSET_JOB - 0592629d-a389-47c8-bbd5-9f9274feb1ff - 26596 - igdb_transform - ASSET_MATERIALIZATION - Materialized value staging stg_genres.
[32m2026-03-23 21:32:00 +0100[0m - dagster - [34mDEBUG[0m - __ASSET_JOB - 0592629d-a389-47c8-bbd5-9f9274feb1ff - 26596 - igdb_transform - STEP_OUTPUT - Yielded output "staging__stg_involved_companies" of type "Nothing". (Type check passed).
[32m2026-03-23 21:32:00 +0100[0m - dagster - [34mDEBUG[0m - __ASSET_JOB - 0592629d-a389-47c8-bbd5-9f9274feb1ff - 26596 - igdb_transform - ASSET_MATERIALIZATION - Materialized value staging stg_involved_companies.
[32m2026-03-23 21:32:00 +0100[0m - dagster - [34mDEBUG[0m - __ASSET_JOB - 0592629d-a389-47c8-bbd5-9f9274feb1ff - 26596 - igdb_transform - STEP_OUTPUT - Yielded output "staging__stg_keywords" of type "Nothing". (Type check passed).
[32m2026-03-23 21:32:00 +0100[0m - dagster - [34mDEBUG[0m - __ASSET_JOB - 0592629d-a389-47c8-bbd5-9f9274feb1ff - 26596 - igdb_transform - ASSET_MATERIALIZATION - Materialized value staging stg_keywords.
[32m2026-03-23 21:32:02 +0100[0m - dagster - [34mDEBUG[0m - __ASSET_JOB - 0592629d-a389-47c8-bbd5-9f9274feb1ff - 26596 - igdb_transform - STEP_OUTPUT - Yielded output "staging__stg_language_support_types" of type "Nothing". (Type check passed).
[32m2026-03-23 21:32:02 +0100[0m - dagster - [34mDEBUG[0m - __ASSET_JOB - 0592629d-a389-47c8-bbd5-9f9274feb1ff - 26596 - igdb_transform - ASSET_MATERIALIZATION - Materialized value staging stg_language_support_types.
[32m2026-03-23 21:32:02 +0100[0m - dagster - [34mDEBUG[0m - __ASSET_JOB - 0592629d-a389-47c8-bbd5-9f9274feb1ff - 26596 - igdb_transform - STEP_OUTPUT - Yielded output "staging__stg_language_supports" of type "Nothing". (Type check passed).
[32m2026-03-23 21:32:02 +0100[0m - dagster - [34mDEBUG[0m - __ASSET_JOB - 0592629d-a389-47c8-bbd5-9f9274feb1ff - 26596 - igdb_transform - ASSET_MATERIALIZATION - Materialized value staging stg_language_supports.
[32m2026-03-23 21:32:04 +0100[0m - dagster - [34mDEBUG[0m - __ASSET_JOB - 0592629d-a389-47c8-bbd5-9f9274feb1ff - 26596 - igdb_transform - STEP_OUTPUT - Yielded output "staging__stg_languages" of type "Nothing". (Type check passed).
[32m2026-03-23 21:32:04 +0100[0m - dagster - [34mDEBUG[0m - __ASSET_JOB - 0592629d-a389-47c8-bbd5-9f9274feb1ff - 26596 - igdb_transform - ASSET_MATERIALIZATION - Materialized value staging stg_languages.
[32m2026-03-23 21:32:04 +0100[0m - dagster - [34mDEBUG[0m - __ASSET_JOB - 0592629d-a389-47c8-bbd5-9f9274feb1ff - 26596 - igdb_transform - STEP_OUTPUT - Yielded output "staging__stg_multiplayer_modes" of type "Nothing". (Type check passed).
[32m2026-03-23 21:32:04 +0100[0m - dagster - [34mDEBUG[0m - __ASSET_JOB - 0592629d-a389-47c8-bbd5-9f9274feb1ff - 26596 - igdb_transform - ASSET_MATERIALIZATION - Materialized value staging stg_multiplayer_modes.
[32m2026-03-23 21:32:06 +0100[0m - dagster - [34mDEBUG[0m - __ASSET_JOB - 0592629d-a389-47c8-bbd5-9f9274feb1ff - 26596 - igdb_transform - STEP_OUTPUT - Yielded output "staging__stg_network_types" of type "Nothing". (Type check passed).
[32m2026-03-23 21:32:06 +0100[0m - dagster - [34mDEBUG[0m - __ASSET_JOB - 0592629d-a389-47c8-bbd5-9f9274feb1ff - 26596 - igdb_transform - ASSET_MATERIALIZATION - Materialized value staging stg_network_types.
[32m2026-03-23 21:32:06 +0100[0m - dagster - [34mDEBUG[0m - __ASSET_JOB - 0592629d-a389-47c8-bbd5-9f9274feb1ff - 26596 - igdb_transform - STEP_OUTPUT - Yielded output "staging__stg_platform_family" of type "Nothing". (Type check passed).
[32m2026-03-23 21:32:07 +0100[0m - dagster - [34mDEBUG[0m - __ASSET_JOB - 0592629d-a389-47c8-bbd5-9f9274feb1ff - 26596 - igdb_transform - ASSET_MATERIALIZATION - Materialized value staging stg_platform_family.
[32m2026-03-23 21:32:08 +0100[0m - dagster - [34mDEBUG[0m - __ASSET_JOB - 0592629d-a389-47c8-bbd5-9f9274feb1ff - 26596 - igdb_transform - STEP_OUTPUT - Yielded output "staging__stg_platform_logo" of type "Nothing". (Type check passed).
[32m2026-03-23 21:32:08 +0100[0m - dagster - [34mDEBUG[0m - __ASSET_JOB - 0592629d-a389-47c8-bbd5-9f9274feb1ff - 26596 - igdb_transform - ASSET_MATERIALIZATION - Materialized value staging stg_platform_logo.
[32m2026-03-23 21:32:09 +0100[0m - dagster - [34mDEBUG[0m - __ASSET_JOB - 0592629d-a389-47c8-bbd5-9f9274feb1ff - 26596 - igdb_transform - STEP_OUTPUT - Yielded output "staging__stg_platform_type" of type "Nothing". (Type check passed).
[32m2026-03-23 21:32:09 +0100[0m - dagster - [34mDEBUG[0m - __ASSET_JOB - 0592629d-a389-47c8-bbd5-9f9274feb1ff - 26596 - igdb_transform - ASSET_MATERIALIZATION - Materialized value staging stg_platform_type.
[32m2026-03-23 21:32:11 +0100[0m - dagster - [34mDEBUG[0m - __ASSET_JOB - 0592629d-a389-47c8-bbd5-9f9274feb1ff - 26596 - igdb_transform - STEP_OUTPUT - Yielded output "staging__stg_platform_version_companies" of type "Nothing". (Type check passed).
[32m2026-03-23 21:32:11 +0100[0m - dagster - [34mDEBUG[0m - __ASSET_JOB - 0592629d-a389-47c8-bbd5-9f9274feb1ff - 26596 - igdb_transform - ASSET_MATERIALIZATION - Materialized value staging stg_platform_version_companies.
[32m2026-03-23 21:32:11 +0100[0m - dagster - [34mDEBUG[0m - __ASSET_JOB - 0592629d-a389-47c8-bbd5-9f9274feb1ff - 26596 - igdb_transform - STEP_OUTPUT - Yielded output "staging__stg_platform_version_release_dates" of type "Nothing". (Type check passed).
[32m2026-03-23 21:32:11 +0100[0m - dagster - [34mDEBUG[0m - __ASSET_JOB - 0592629d-a389-47c8-bbd5-9f9274feb1ff - 26596 - igdb_transform - ASSET_MATERIALIZATION - Materialized value staging stg_platform_version_release_dates.
[32m2026-03-23 21:32:13 +0100[0m - dagster - [34mDEBUG[0m - __ASSET_JOB - 0592629d-a389-47c8-bbd5-9f9274feb1ff - 26596 - igdb_transform - STEP_OUTPUT - Yielded output "staging__stg_platform_versions" of type "Nothing". (Type check passed).
[32m2026-03-23 21:32:13 +0100[0m - dagster - [34mDEBUG[0m - __ASSET_JOB - 0592629d-a389-47c8-bbd5-9f9274feb1ff - 26596 - igdb_transform - ASSET_MATERIALIZATION - Materialized value staging stg_platform_versions.
[32m2026-03-23 21:32:13 +0100[0m - dagster - [34mDEBUG[0m - __ASSET_JOB - 0592629d-a389-47c8-bbd5-9f9274feb1ff - 26596 - igdb_transform - STEP_OUTPUT - Yielded output "staging__stg_platform_versions__companies" of type "Nothing". (Type check passed).
[32m2026-03-23 21:32:13 +0100[0m - dagster - [34mDEBUG[0m - __ASSET_JOB - 0592629d-a389-47c8-bbd5-9f9274feb1ff - 26596 - igdb_transform - ASSET_MATERIALIZATION - Materialized value staging stg_platform_versions__companies.
[32m2026-03-23 21:32:15 +0100[0m - dagster - [34mDEBUG[0m - __ASSET_JOB - 0592629d-a389-47c8-bbd5-9f9274feb1ff - 26596 - igdb_transform - STEP_OUTPUT - Yielded output "staging__stg_platform_versions__platform_version_release_dates" of type "Nothing". (Type check passed).
[32m2026-03-23 21:32:15 +0100[0m - dagster - [34mDEBUG[0m - __ASSET_JOB - 0592629d-a389-47c8-bbd5-9f9274feb1ff - 26596 - igdb_transform - ASSET_MATERIALIZATION - Materialized value staging stg_platform_versions__platform_version_release_dates.
[32m2026-03-23 21:32:15 +0100[0m - dagster - [34mDEBUG[0m - __ASSET_JOB - 0592629d-a389-47c8-bbd5-9f9274feb1ff - 26596 - igdb_transform - STEP_OUTPUT - Yielded output "staging__stg_platform_websites" of type "Nothing". (Type check passed).
[32m2026-03-23 21:32:15 +0100[0m - dagster - [34mDEBUG[0m - __ASSET_JOB - 0592629d-a389-47c8-bbd5-9f9274feb1ff - 26596 - igdb_transform - ASSET_MATERIALIZATION - Materialized value staging stg_platform_websites.
[32m2026-03-23 21:32:17 +0100[0m - dagster - [34mDEBUG[0m - __ASSET_JOB - 0592629d-a389-47c8-bbd5-9f9274feb1ff - 26596 - igdb_transform - STEP_OUTPUT - Yielded output "staging__stg_platforms" of type "Nothing". (Type check passed).
[32m2026-03-23 21:32:17 +0100[0m - dagster - [34mDEBUG[0m - __ASSET_JOB - 0592629d-a389-47c8-bbd5-9f9274feb1ff - 26596 - igdb_transform - ASSET_MATERIALIZATION - Materialized value staging stg_platforms.
[32m2026-03-23 21:32:17 +0100[0m - dagster - [34mDEBUG[0m - __ASSET_JOB - 0592629d-a389-47c8-bbd5-9f9274feb1ff - 26596 - igdb_transform - STEP_OUTPUT - Yielded output "staging__stg_platforms__versions" of type "Nothing". (Type check passed).
[32m2026-03-23 21:32:17 +0100[0m - dagster - [34mDEBUG[0m - __ASSET_JOB - 0592629d-a389-47c8-bbd5-9f9274feb1ff - 26596 - igdb_transform - ASSET_MATERIALIZATION - Materialized value staging stg_platforms__versions.
[32m2026-03-23 21:32:19 +0100[0m - dagster - [34mDEBUG[0m - __ASSET_JOB - 0592629d-a389-47c8-bbd5-9f9274feb1ff - 26596 - igdb_transform - STEP_OUTPUT - Yielded output "staging__stg_platforms__websites" of type "Nothing". (Type check passed).
[32m2026-03-23 21:32:19 +0100[0m - dagster - [34mDEBUG[0m - __ASSET_JOB - 0592629d-a389-47c8-bbd5-9f9274feb1ff - 26596 - igdb_transform - ASSET_MATERIALIZATION - Materialized value staging stg_platforms__websites.
[32m2026-03-23 21:32:19 +0100[0m - dagster - [34mDEBUG[0m - __ASSET_JOB - 0592629d-a389-47c8-bbd5-9f9274feb1ff - 26596 - igdb_transform - STEP_OUTPUT - Yielded output "staging__stg_player_perspectives" of type "Nothing". (Type check passed).
[32m2026-03-23 21:32:20 +0100[0m - dagster - [34mDEBUG[0m - __ASSET_JOB - 0592629d-a389-47c8-bbd5-9f9274feb1ff - 26596 - igdb_transform - ASSET_MATERIALIZATION - Materialized value staging stg_player_perspectives.
[32m2026-03-23 21:32:22 +0100[0m - dagster - [34mDEBUG[0m - __ASSET_JOB - 0592629d-a389-47c8-bbd5-9f9274feb1ff - 26596 - igdb_transform - STEP_OUTPUT - Yielded output "staging__stg_pop_igdb_played" of type "Nothing". (Type check passed).
[32m2026-03-23 21:32:22 +0100[0m - dagster - [34mDEBUG[0m - __ASSET_JOB - 0592629d-a389-47c8-bbd5-9f9274feb1ff - 26596 - igdb_transform - ASSET_MATERIALIZATION - Materialized value staging stg_pop_igdb_played.
[32m2026-03-23 21:32:22 +0100[0m - dagster - [34mDEBUG[0m - __ASSET_JOB - 0592629d-a389-47c8-bbd5-9f9274feb1ff - 26596 - igdb_transform - STEP_OUTPUT - Yielded output "staging__stg_pop_igdb_playing" of type "Nothing". (Type check passed).
[32m2026-03-23 21:32:22 +0100[0m - dagster - [34mDEBUG[0m - __ASSET_JOB - 0592629d-a389-47c8-bbd5-9f9274feb1ff - 26596 - igdb_transform - ASSET_MATERIALIZATION - Materialized value staging stg_pop_igdb_playing.
[32m2026-03-23 21:32:24 +0100[0m - dagster - [34mDEBUG[0m - __ASSET_JOB - 0592629d-a389-47c8-bbd5-9f9274feb1ff - 26596 - igdb_transform - STEP_OUTPUT - Yielded output "staging__stg_pop_igdb_visits" of type "Nothing". (Type check passed).
[32m2026-03-23 21:32:24 +0100[0m - dagster - [34mDEBUG[0m - __ASSET_JOB - 0592629d-a389-47c8-bbd5-9f9274feb1ff - 26596 - igdb_transform - ASSET_MATERIALIZATION - Materialized value staging stg_pop_igdb_visits.
[32m2026-03-23 21:32:24 +0100[0m - dagster - [34mDEBUG[0m - __ASSET_JOB - 0592629d-a389-47c8-bbd5-9f9274feb1ff - 26596 - igdb_transform - STEP_OUTPUT - Yielded output "staging__stg_pop_igdb_wants_to_play" of type "Nothing". (Type check passed).
[32m2026-03-23 21:32:24 +0100[0m - dagster - [34mDEBUG[0m - __ASSET_JOB - 0592629d-a389-47c8-bbd5-9f9274feb1ff - 26596 - igdb_transform - ASSET_MATERIALIZATION - Materialized value staging stg_pop_igdb_wants_to_play.
[32m2026-03-23 21:32:26 +0100[0m - dagster - [34mDEBUG[0m - __ASSET_JOB - 0592629d-a389-47c8-bbd5-9f9274feb1ff - 26596 - igdb_transform - STEP_OUTPUT - Yielded output "staging__stg_pop_steam_24hr_hours_watched" of type "Nothing". (Type check passed).
[32m2026-03-23 21:32:26 +0100[0m - dagster - [34mDEBUG[0m - __ASSET_JOB - 0592629d-a389-47c8-bbd5-9f9274feb1ff - 26596 - igdb_transform - ASSET_MATERIALIZATION - Materialized value staging stg_pop_steam_24hr_hours_watched.
[32m2026-03-23 21:32:26 +0100[0m - dagster - [34mDEBUG[0m - __ASSET_JOB - 0592629d-a389-47c8-bbd5-9f9274feb1ff - 26596 - igdb_transform - STEP_OUTPUT - Yielded output "staging__stg_pop_steam_24hr_peak_players" of type "Nothing". (Type check passed).
[32m2026-03-23 21:32:26 +0100[0m - dagster - [34mDEBUG[0m - __ASSET_JOB - 0592629d-a389-47c8-bbd5-9f9274feb1ff - 26596 - igdb_transform - ASSET_MATERIALIZATION - Materialized value staging stg_pop_steam_24hr_peak_players.
[32m2026-03-23 21:32:28 +0100[0m - dagster - [34mDEBUG[0m - __ASSET_JOB - 0592629d-a389-47c8-bbd5-9f9274feb1ff - 26596 - igdb_transform - STEP_OUTPUT - Yielded output "staging__stg_pop_steam_global_top_sellers" of type "Nothing". (Type check passed).
[32m2026-03-23 21:32:29 +0100[0m - dagster - [34mDEBUG[0m - __ASSET_JOB - 0592629d-a389-47c8-bbd5-9f9274feb1ff - 26596 - igdb_transform - ASSET_MATERIALIZATION - Materialized value staging stg_pop_steam_global_top_sellers.
[32m2026-03-23 21:32:29 +0100[0m - dagster - [34mDEBUG[0m - __ASSET_JOB - 0592629d-a389-47c8-bbd5-9f9274feb1ff - 26596 - igdb_transform - STEP_OUTPUT - Yielded output "staging__stg_pop_steam_most_wishlisted_upcoming" of type "Nothing". (Type check passed).
[32m2026-03-23 21:32:29 +0100[0m - dagster - [34mDEBUG[0m - __ASSET_JOB - 0592629d-a389-47c8-bbd5-9f9274feb1ff - 26596 - igdb_transform - ASSET_MATERIALIZATION - Materialized value staging stg_pop_steam_most_wishlisted_upcoming.
[32m2026-03-23 21:32:31 +0100[0m - dagster - [34mDEBUG[0m - __ASSET_JOB - 0592629d-a389-47c8-bbd5-9f9274feb1ff - 26596 - igdb_transform - STEP_OUTPUT - Yielded output "staging__stg_pop_steam_negative_reviews" of type "Nothing". (Type check passed).
[32m2026-03-23 21:32:31 +0100[0m - dagster - [34mDEBUG[0m - __ASSET_JOB - 0592629d-a389-47c8-bbd5-9f9274feb1ff - 26596 - igdb_transform - ASSET_MATERIALIZATION - Materialized value staging stg_pop_steam_negative_reviews.
[32m2026-03-23 21:32:31 +0100[0m - dagster - [34mDEBUG[0m - __ASSET_JOB - 0592629d-a389-47c8-bbd5-9f9274feb1ff - 26596 - igdb_transform - STEP_OUTPUT - Yielded output "staging__stg_pop_steam_positive_reviews" of type "Nothing". (Type check passed).
[32m2026-03-23 21:32:31 +0100[0m - dagster - [34mDEBUG[0m - __ASSET_JOB - 0592629d-a389-47c8-bbd5-9f9274feb1ff - 26596 - igdb_transform - ASSET_MATERIALIZATION - Materialized value staging stg_pop_steam_positive_reviews.
[32m2026-03-23 21:32:33 +0100[0m - dagster - [34mDEBUG[0m - __ASSET_JOB - 0592629d-a389-47c8-bbd5-9f9274feb1ff - 26596 - igdb_transform - STEP_OUTPUT - Yielded output "staging__stg_popularity_types" of type "Nothing". (Type check passed).
[32m2026-03-23 21:32:33 +0100[0m - dagster - [34mDEBUG[0m - __ASSET_JOB - 0592629d-a389-47c8-bbd5-9f9274feb1ff - 26596 - igdb_transform - ASSET_MATERIALIZATION - Materialized value staging stg_popularity_types.
[32m2026-03-23 21:32:33 +0100[0m - dagster - [34mDEBUG[0m - __ASSET_JOB - 0592629d-a389-47c8-bbd5-9f9274feb1ff - 26596 - igdb_transform - STEP_OUTPUT - Yielded output "staging__stg_pop_steam_total_reviews" of type "Nothing". (Type check passed).
[32m2026-03-23 21:32:33 +0100[0m - dagster - [34mDEBUG[0m - __ASSET_JOB - 0592629d-a389-47c8-bbd5-9f9274feb1ff - 26596 - igdb_transform - ASSET_MATERIALIZATION - Materialized value staging stg_pop_steam_total_reviews.
[32m2026-03-23 21:32:35 +0100[0m - dagster - [34mDEBUG[0m - __ASSET_JOB - 0592629d-a389-47c8-bbd5-9f9274feb1ff - 26596 - igdb_transform - STEP_OUTPUT - Yielded output "staging__stg_release_date_regions" of type "Nothing". (Type check passed).
[32m2026-03-23 21:32:35 +0100[0m - dagster - [34mDEBUG[0m - __ASSET_JOB - 0592629d-a389-47c8-bbd5-9f9274feb1ff - 26596 - igdb_transform - ASSET_MATERIALIZATION - Materialized value staging stg_release_date_regions.
[32m2026-03-23 21:32:35 +0100[0m - dagster - [34mDEBUG[0m - __ASSET_JOB - 0592629d-a389-47c8-bbd5-9f9274feb1ff - 26596 - igdb_transform - STEP_OUTPUT - Yielded output "staging__stg_regions" of type "Nothing". (Type check passed).
[32m2026-03-23 21:32:35 +0100[0m - dagster - [34mDEBUG[0m - __ASSET_JOB - 0592629d-a389-47c8-bbd5-9f9274feb1ff - 26596 - igdb_transform - ASSET_MATERIALIZATION - Materialized value staging stg_regions.
[32m2026-03-23 21:32:37 +0100[0m - dagster - [34mDEBUG[0m - __ASSET_JOB - 0592629d-a389-47c8-bbd5-9f9274feb1ff - 26596 - igdb_transform - STEP_OUTPUT - Yielded output "staging__stg_release_dates" of type "Nothing". (Type check passed).
[32m2026-03-23 21:32:37 +0100[0m - dagster - [34mDEBUG[0m - __ASSET_JOB - 0592629d-a389-47c8-bbd5-9f9274feb1ff - 26596 - igdb_transform - ASSET_MATERIALIZATION - Materialized value staging stg_release_dates.
[32m2026-03-23 21:32:37 +0100[0m - dagster - [34mDEBUG[0m - __ASSET_JOB - 0592629d-a389-47c8-bbd5-9f9274feb1ff - 26596 - igdb_transform - STEP_OUTPUT - Yielded output "staging__stg_release_date_statuses" of type "Nothing". (Type check passed).
[32m2026-03-23 21:32:37 +0100[0m - dagster - [34mDEBUG[0m - __ASSET_JOB - 0592629d-a389-47c8-bbd5-9f9274feb1ff - 26596 - igdb_transform - ASSET_MATERIALIZATION - Materialized value staging stg_release_date_statuses.
[32m2026-03-23 21:32:40 +0100[0m - dagster - [34mDEBUG[0m - __ASSET_JOB - 0592629d-a389-47c8-bbd5-9f9274feb1ff - 26596 - igdb_transform - STEP_OUTPUT - Yielded output "staging__stg_screenshots" of type "Nothing". (Type check passed).
[32m2026-03-23 21:32:40 +0100[0m - dagster - [34mDEBUG[0m - __ASSET_JOB - 0592629d-a389-47c8-bbd5-9f9274feb1ff - 26596 - igdb_transform - ASSET_MATERIALIZATION - Materialized value staging stg_screenshots.
[32m2026-03-23 21:32:40 +0100[0m - dagster - [34mDEBUG[0m - __ASSET_JOB - 0592629d-a389-47c8-bbd5-9f9274feb1ff - 26596 - igdb_transform - STEP_OUTPUT - Yielded output "staging__stg_themes" of type "Nothing". (Type check passed).
[32m2026-03-23 21:32:40 +0100[0m - dagster - [34mDEBUG[0m - __ASSET_JOB - 0592629d-a389-47c8-bbd5-9f9274feb1ff - 26596 - igdb_transform - ASSET_MATERIALIZATION - Materialized value staging stg_themes.
[32m2026-03-23 21:32:42 +0100[0m - dagster - [34mDEBUG[0m - __ASSET_JOB - 0592629d-a389-47c8-bbd5-9f9274feb1ff - 26596 - igdb_transform - STEP_OUTPUT - Yielded output "staging__stg_videos" of type "Nothing". (Type check passed).
[32m2026-03-23 21:32:42 +0100[0m - dagster - [34mDEBUG[0m - __ASSET_JOB - 0592629d-a389-47c8-bbd5-9f9274feb1ff - 26596 - igdb_transform - ASSET_MATERIALIZATION - Materialized value staging stg_videos.
[32m2026-03-23 21:32:42 +0100[0m - dagster - [34mDEBUG[0m - __ASSET_JOB - 0592629d-a389-47c8-bbd5-9f9274feb1ff - 26596 - igdb_transform - STEP_OUTPUT - Yielded output "staging__stg_website_types" of type "Nothing". (Type check passed).
[32m2026-03-23 21:32:42 +0100[0m - dagster - [34mDEBUG[0m - __ASSET_JOB - 0592629d-a389-47c8-bbd5-9f9274feb1ff - 26596 - igdb_transform - ASSET_MATERIALIZATION - Materialized value staging stg_website_types.
[32m2026-03-23 21:32:44 +0100[0m - dagster - [34mDEBUG[0m - __ASSET_JOB - 0592629d-a389-47c8-bbd5-9f9274feb1ff - 26596 - igdb_transform - STEP_OUTPUT - Yielded output "staging__stg_websites" of type "Nothing". (Type check passed).
[32m2026-03-23 21:32:44 +0100[0m - dagster - [34mDEBUG[0m - __ASSET_JOB - 0592629d-a389-47c8-bbd5-9f9274feb1ff - 26596 - igdb_transform - ASSET_MATERIALIZATION - Materialized value staging stg_websites.
[32m2026-03-23 21:32:44 +0100[0m - dagster - [34mDEBUG[0m - __ASSET_JOB - 0592629d-a389-47c8-bbd5-9f9274feb1ff - 26596 - igdb_transform - STEP_OUTPUT - Yielded output "mart_age_rating_content_description_types" of type "Nothing". (Type check passed).
[32m2026-03-23 21:32:44 +0100[0m - dagster - [34mDEBUG[0m - __ASSET_JOB - 0592629d-a389-47c8-bbd5-9f9274feb1ff - 26596 - igdb_transform - ASSET_MATERIALIZATION - Materialized value mart_age_rating_content_description_types.
[32m2026-03-23 21:32:46 +0100[0m - dagster - [34mDEBUG[0m - __ASSET_JOB - 0592629d-a389-47c8-bbd5-9f9274feb1ff - 26596 - igdb_transform - STEP_OUTPUT - Yielded output "mart_age_rating_organizations" of type "Nothing". (Type check passed).
[32m2026-03-23 21:32:46 +0100[0m - dagster - [34mDEBUG[0m - __ASSET_JOB - 0592629d-a389-47c8-bbd5-9f9274feb1ff - 26596 - igdb_transform - ASSET_MATERIALIZATION - Materialized value mart_age_rating_organizations.
[32m2026-03-23 21:32:48 +0100[0m - dagster - [34mDEBUG[0m - __ASSET_JOB - 0592629d-a389-47c8-bbd5-9f9274feb1ff - 26596 - igdb_transform - STEP_OUTPUT - Yielded output "mart_artworks" of type "Nothing". (Type check passed).
[32m2026-03-23 21:32:48 +0100[0m - dagster - [34mDEBUG[0m - __ASSET_JOB - 0592629d-a389-47c8-bbd5-9f9274feb1ff - 26596 - igdb_transform - ASSET_MATERIALIZATION - Materialized value mart_artworks.
[32m2026-03-23 21:32:48 +0100[0m - dagster - [34mDEBUG[0m - __ASSET_JOB - 0592629d-a389-47c8-bbd5-9f9274feb1ff - 26596 - igdb_transform - STEP_OUTPUT - Yielded output "mart_character_genders" of type "Nothing". (Type check passed).
[32m2026-03-23 21:32:48 +0100[0m - dagster - [34mDEBUG[0m - __ASSET_JOB - 0592629d-a389-47c8-bbd5-9f9274feb1ff - 26596 - igdb_transform - ASSET_MATERIALIZATION - Materialized value mart_character_genders.
[32m2026-03-23 21:32:50 +0100[0m - dagster - [34mDEBUG[0m - __ASSET_JOB - 0592629d-a389-47c8-bbd5-9f9274feb1ff - 26596 - igdb_transform - STEP_OUTPUT - Yielded output "mart_character_mug_shots" of type "Nothing". (Type check passed).
[32m2026-03-23 21:32:50 +0100[0m - dagster - [34mDEBUG[0m - __ASSET_JOB - 0592629d-a389-47c8-bbd5-9f9274feb1ff - 26596 - igdb_transform - ASSET_MATERIALIZATION - Materialized value mart_character_mug_shots.
[32m2026-03-23 21:32:51 +0100[0m - dagster - [34mDEBUG[0m - __ASSET_JOB - 0592629d-a389-47c8-bbd5-9f9274feb1ff - 26596 - igdb_transform - STEP_OUTPUT - Yielded output "mart_character_species" of type "Nothing". (Type check passed).
[32m2026-03-23 21:32:51 +0100[0m - dagster - [34mDEBUG[0m - __ASSET_JOB - 0592629d-a389-47c8-bbd5-9f9274feb1ff - 26596 - igdb_transform - ASSET_MATERIALIZATION - Materialized value mart_character_species.
[32m2026-03-23 21:32:52 +0100[0m - dagster - [34mDEBUG[0m - __ASSET_JOB - 0592629d-a389-47c8-bbd5-9f9274feb1ff - 26596 - igdb_transform - STEP_OUTPUT - Yielded output "intermediate__int_companies" of type "Nothing". (Type check passed).
[32m2026-03-23 21:32:52 +0100[0m - dagster - [34mDEBUG[0m - __ASSET_JOB - 0592629d-a389-47c8-bbd5-9f9274feb1ff - 26596 - igdb_transform - ASSET_MATERIALIZATION - Materialized value intermediate int_companies.
[32m2026-03-23 21:32:53 +0100[0m - dagster - [34mDEBUG[0m - __ASSET_JOB - 0592629d-a389-47c8-bbd5-9f9274feb1ff - 26596 - igdb_transform - STEP_OUTPUT - Yielded output "mart_company_logos" of type "Nothing". (Type check passed).
[32m2026-03-23 21:32:53 +0100[0m - dagster - [34mDEBUG[0m - __ASSET_JOB - 0592629d-a389-47c8-bbd5-9f9274feb1ff - 26596 - igdb_transform - ASSET_MATERIALIZATION - Materialized value mart_company_logos.
[32m2026-03-23 21:32:54 +0100[0m - dagster - [34mDEBUG[0m - __ASSET_JOB - 0592629d-a389-47c8-bbd5-9f9274feb1ff - 26596 - igdb_transform - STEP_OUTPUT - Yielded output "mart_company_statuses" of type "Nothing". (Type check passed).
[32m2026-03-23 21:32:54 +0100[0m - dagster - [34mDEBUG[0m - __ASSET_JOB - 0592629d-a389-47c8-bbd5-9f9274feb1ff - 26596 - igdb_transform - ASSET_MATERIALIZATION - Materialized value mart_company_statuses.
[32m2026-03-23 21:32:55 +0100[0m - dagster - [34mDEBUG[0m - __ASSET_JOB - 0592629d-a389-47c8-bbd5-9f9274feb1ff - 26596 - igdb_transform - STEP_OUTPUT - Yielded output "mart_date_formats" of type "Nothing". (Type check passed).
[32m2026-03-23 21:32:55 +0100[0m - dagster - [34mDEBUG[0m - __ASSET_JOB - 0592629d-a389-47c8-bbd5-9f9274feb1ff - 26596 - igdb_transform - ASSET_MATERIALIZATION - Materialized value mart_date_formats.
[32m2026-03-23 21:32:56 +0100[0m - dagster - [34mDEBUG[0m - __ASSET_JOB - 0592629d-a389-47c8-bbd5-9f9274feb1ff - 26596 - igdb_transform - STEP_OUTPUT - Yielded output "mart_event_logos" of type "Nothing". (Type check passed).
[32m2026-03-23 21:32:56 +0100[0m - dagster - [34mDEBUG[0m - __ASSET_JOB - 0592629d-a389-47c8-bbd5-9f9274feb1ff - 26596 - igdb_transform - ASSET_MATERIALIZATION - Materialized value mart_event_logos.
[32m2026-03-23 21:32:58 +0100[0m - dagster - [34mDEBUG[0m - __ASSET_JOB - 0592629d-a389-47c8-bbd5-9f9274feb1ff - 26596 - igdb_transform - STEP_OUTPUT - Yielded output "mart_external_game_sources" of type "Nothing". (Type check passed).
[32m2026-03-23 21:32:58 +0100[0m - dagster - [34mDEBUG[0m - __ASSET_JOB - 0592629d-a389-47c8-bbd5-9f9274feb1ff - 26596 - igdb_transform - ASSET_MATERIALIZATION - Materialized value mart_external_game_sources.
[32m2026-03-23 21:32:59 +0100[0m - dagster - [34mDEBUG[0m - __ASSET_JOB - 0592629d-a389-47c8-bbd5-9f9274feb1ff - 26596 - igdb_transform - STEP_OUTPUT - Yielded output "mart_franchises" of type "Nothing". (Type check passed).
[32m2026-03-23 21:32:59 +0100[0m - dagster - [34mDEBUG[0m - __ASSET_JOB - 0592629d-a389-47c8-bbd5-9f9274feb1ff - 26596 - igdb_transform - ASSET_MATERIALIZATION - Materialized value mart_franchises.
[32m2026-03-23 21:33:00 +0100[0m - dagster - [34mDEBUG[0m - __ASSET_JOB - 0592629d-a389-47c8-bbd5-9f9274feb1ff - 26596 - igdb_transform - STEP_OUTPUT - Yielded output "mart_game_engine_logo" of type "Nothing". (Type check passed).
[32m2026-03-23 21:33:00 +0100[0m - dagster - [34mDEBUG[0m - __ASSET_JOB - 0592629d-a389-47c8-bbd5-9f9274feb1ff - 26596 - igdb_transform - ASSET_MATERIALIZATION - Materialized value mart_game_engine_logo.
[32m2026-03-23 21:33:01 +0100[0m - dagster - [34mDEBUG[0m - __ASSET_JOB - 0592629d-a389-47c8-bbd5-9f9274feb1ff - 26596 - igdb_transform - STEP_OUTPUT - Yielded output "intermediate__int_covers_unified" of type "Nothing". (Type check passed).
[32m2026-03-23 21:33:01 +0100[0m - dagster - [34mDEBUG[0m - __ASSET_JOB - 0592629d-a389-47c8-bbd5-9f9274feb1ff - 26596 - igdb_transform - ASSET_MATERIALIZATION - Materialized value intermediate int_covers_unified.
[32m2026-03-23 21:33:02 +0100[0m - dagster - [34mDEBUG[0m - __ASSET_JOB - 0592629d-a389-47c8-bbd5-9f9274feb1ff - 26596 - igdb_transform - STEP_OUTPUT - Yielded output "mart_game_modes" of type "Nothing". (Type check passed).
[32m2026-03-23 21:33:02 +0100[0m - dagster - [34mDEBUG[0m - __ASSET_JOB - 0592629d-a389-47c8-bbd5-9f9274feb1ff - 26596 - igdb_transform - ASSET_MATERIALIZATION - Materialized value mart_game_modes.
[32m2026-03-23 21:33:03 +0100[0m - dagster - [34mDEBUG[0m - __ASSET_JOB - 0592629d-a389-47c8-bbd5-9f9274feb1ff - 26596 - igdb_transform - STEP_OUTPUT - Yielded output "mart_game_release_formats" of type "Nothing". (Type check passed).
[32m2026-03-23 21:33:03 +0100[0m - dagster - [34mDEBUG[0m - __ASSET_JOB - 0592629d-a389-47c8-bbd5-9f9274feb1ff - 26596 - igdb_transform - ASSET_MATERIALIZATION - Materialized value mart_game_release_formats.
[32m2026-03-23 21:33:04 +0100[0m - dagster - [34mDEBUG[0m - __ASSET_JOB - 0592629d-a389-47c8-bbd5-9f9274feb1ff - 26596 - igdb_transform - STEP_OUTPUT - Yielded output "mart_game_statuses" of type "Nothing". (Type check passed).
[32m2026-03-23 21:33:04 +0100[0m - dagster - [34mDEBUG[0m - __ASSET_JOB - 0592629d-a389-47c8-bbd5-9f9274feb1ff - 26596 - igdb_transform - ASSET_MATERIALIZATION - Materialized value mart_game_statuses.
[32m2026-03-23 21:33:05 +0100[0m - dagster - [34mDEBUG[0m - __ASSET_JOB - 0592629d-a389-47c8-bbd5-9f9274feb1ff - 26596 - igdb_transform - STEP_OUTPUT - Yielded output "mart_game_types" of type "Nothing". (Type check passed).
[32m2026-03-23 21:33:05 +0100[0m - dagster - [34mDEBUG[0m - __ASSET_JOB - 0592629d-a389-47c8-bbd5-9f9274feb1ff - 26596 - igdb_transform - ASSET_MATERIALIZATION - Materialized value mart_game_types.
[32m2026-03-23 21:33:06 +0100[0m - dagster - [34mDEBUG[0m - __ASSET_JOB - 0592629d-a389-47c8-bbd5-9f9274feb1ff - 26596 - igdb_transform - STEP_OUTPUT - Yielded output "intermediate__int_games" of type "Nothing". (Type check passed).
[32m2026-03-23 21:33:06 +0100[0m - dagster - [34mDEBUG[0m - __ASSET_JOB - 0592629d-a389-47c8-bbd5-9f9274feb1ff - 26596 - igdb_transform - ASSET_MATERIALIZATION - Materialized value intermediate int_games.
[32m2026-03-23 21:33:07 +0100[0m - dagster - [34mDEBUG[0m - __ASSET_JOB - 0592629d-a389-47c8-bbd5-9f9274feb1ff - 26596 - igdb_transform - STEP_OUTPUT - Yielded output "mart_genres" of type "Nothing". (Type check passed).
[32m2026-03-23 21:33:07 +0100[0m - dagster - [34mDEBUG[0m - __ASSET_JOB - 0592629d-a389-47c8-bbd5-9f9274feb1ff - 26596 - igdb_transform - ASSET_MATERIALIZATION - Materialized value mart_genres.
[32m2026-03-23 21:33:10 +0100[0m - dagster - [34mDEBUG[0m - __ASSET_JOB - 0592629d-a389-47c8-bbd5-9f9274feb1ff - 26596 - igdb_transform - STEP_OUTPUT - Yielded output "mart_keywords" of type "Nothing". (Type check passed).
[32m2026-03-23 21:33:10 +0100[0m - dagster - [34mDEBUG[0m - __ASSET_JOB - 0592629d-a389-47c8-bbd5-9f9274feb1ff - 26596 - igdb_transform - ASSET_MATERIALIZATION - Materialized value mart_keywords.
[32m2026-03-23 21:33:10 +0100[0m - dagster - [34mDEBUG[0m - __ASSET_JOB - 0592629d-a389-47c8-bbd5-9f9274feb1ff - 26596 - igdb_transform - STEP_OUTPUT - Yielded output "mart_involved_companies" of type "Nothing". (Type check passed).
[32m2026-03-23 21:33:10 +0100[0m - dagster - [34mDEBUG[0m - __ASSET_JOB - 0592629d-a389-47c8-bbd5-9f9274feb1ff - 26596 - igdb_transform - ASSET_MATERIALIZATION - Materialized value mart_involved_companies.
[32m2026-03-23 21:33:12 +0100[0m - dagster - [34mDEBUG[0m - __ASSET_JOB - 0592629d-a389-47c8-bbd5-9f9274feb1ff - 26596 - igdb_transform - STEP_OUTPUT - Yielded output "mart_language_support_types" of type "Nothing". (Type check passed).
[32m2026-03-23 21:33:12 +0100[0m - dagster - [34mDEBUG[0m - __ASSET_JOB - 0592629d-a389-47c8-bbd5-9f9274feb1ff - 26596 - igdb_transform - ASSET_MATERIALIZATION - Materialized value mart_language_support_types.
[32m2026-03-23 21:33:12 +0100[0m - dagster - [34mDEBUG[0m - __ASSET_JOB - 0592629d-a389-47c8-bbd5-9f9274feb1ff - 26596 - igdb_transform - STEP_OUTPUT - Yielded output "mart_languages" of type "Nothing". (Type check passed).
[32m2026-03-23 21:33:12 +0100[0m - dagster - [34mDEBUG[0m - __ASSET_JOB - 0592629d-a389-47c8-bbd5-9f9274feb1ff - 26596 - igdb_transform - ASSET_MATERIALIZATION - Materialized value mart_languages.
[32m2026-03-23 21:33:14 +0100[0m - dagster - [34mDEBUG[0m - __ASSET_JOB - 0592629d-a389-47c8-bbd5-9f9274feb1ff - 26596 - igdb_transform - STEP_OUTPUT - Yielded output "mart_multiplayer_modes" of type "Nothing". (Type check passed).
[32m2026-03-23 21:33:14 +0100[0m - dagster - [34mDEBUG[0m - __ASSET_JOB - 0592629d-a389-47c8-bbd5-9f9274feb1ff - 26596 - igdb_transform - ASSET_MATERIALIZATION - Materialized value mart_multiplayer_modes.
[32m2026-03-23 21:33:15 +0100[0m - dagster - [34mDEBUG[0m - __ASSET_JOB - 0592629d-a389-47c8-bbd5-9f9274feb1ff - 26596 - igdb_transform - STEP_OUTPUT - Yielded output "mart_network_types" of type "Nothing". (Type check passed).
[32m2026-03-23 21:33:15 +0100[0m - dagster - [34mDEBUG[0m - __ASSET_JOB - 0592629d-a389-47c8-bbd5-9f9274feb1ff - 26596 - igdb_transform - ASSET_MATERIALIZATION - Materialized value mart_network_types.
[32m2026-03-23 21:33:16 +0100[0m - dagster - [34mDEBUG[0m - __ASSET_JOB - 0592629d-a389-47c8-bbd5-9f9274feb1ff - 26596 - igdb_transform - STEP_OUTPUT - Yielded output "mart_platform_family" of type "Nothing". (Type check passed).
[32m2026-03-23 21:33:16 +0100[0m - dagster - [34mDEBUG[0m - __ASSET_JOB - 0592629d-a389-47c8-bbd5-9f9274feb1ff - 26596 - igdb_transform - ASSET_MATERIALIZATION - Materialized value mart_platform_family.
[32m2026-03-23 21:33:17 +0100[0m - dagster - [34mDEBUG[0m - __ASSET_JOB - 0592629d-a389-47c8-bbd5-9f9274feb1ff - 26596 - igdb_transform - STEP_OUTPUT - Yielded output "mart_platform_logo" of type "Nothing". (Type check passed).
[32m2026-03-23 21:33:17 +0100[0m - dagster - [34mDEBUG[0m - __ASSET_JOB - 0592629d-a389-47c8-bbd5-9f9274feb1ff - 26596 - igdb_transform - ASSET_MATERIALIZATION - Materialized value mart_platform_logo.
[32m2026-03-23 21:33:19 +0100[0m - dagster - [34mDEBUG[0m - __ASSET_JOB - 0592629d-a389-47c8-bbd5-9f9274feb1ff - 26596 - igdb_transform - STEP_OUTPUT - Yielded output "mart_platform_types" of type "Nothing". (Type check passed).
[32m2026-03-23 21:33:19 +0100[0m - dagster - [34mDEBUG[0m - __ASSET_JOB - 0592629d-a389-47c8-bbd5-9f9274feb1ff - 26596 - igdb_transform - ASSET_MATERIALIZATION - Materialized value mart_platform_types.
[32m2026-03-23 21:33:19 +0100[0m - dagster - [34mDEBUG[0m - __ASSET_JOB - 0592629d-a389-47c8-bbd5-9f9274feb1ff - 26596 - igdb_transform - STEP_OUTPUT - Yielded output "intermediate__int_platform_versions" of type "Nothing". (Type check passed).
[32m2026-03-23 21:33:19 +0100[0m - dagster - [34mDEBUG[0m - __ASSET_JOB - 0592629d-a389-47c8-bbd5-9f9274feb1ff - 26596 - igdb_transform - ASSET_MATERIALIZATION - Materialized value intermediate int_platform_versions.
[32m2026-03-23 21:33:21 +0100[0m - dagster - [34mDEBUG[0m - __ASSET_JOB - 0592629d-a389-47c8-bbd5-9f9274feb1ff - 26596 - igdb_transform - STEP_OUTPUT - Yielded output "mart_platform_websites" of type "Nothing". (Type check passed).
[32m2026-03-23 21:33:21 +0100[0m - dagster - [34mDEBUG[0m - __ASSET_JOB - 0592629d-a389-47c8-bbd5-9f9274feb1ff - 26596 - igdb_transform - ASSET_MATERIALIZATION - Materialized value mart_platform_websites.
[32m2026-03-23 21:33:21 +0100[0m - dagster - [34mDEBUG[0m - __ASSET_JOB - 0592629d-a389-47c8-bbd5-9f9274feb1ff - 26596 - igdb_transform - STEP_OUTPUT - Yielded output "mart_player_perspectives" of type "Nothing". (Type check passed).
[32m2026-03-23 21:33:21 +0100[0m - dagster - [34mDEBUG[0m - __ASSET_JOB - 0592629d-a389-47c8-bbd5-9f9274feb1ff - 26596 - igdb_transform - ASSET_MATERIALIZATION - Materialized value mart_player_perspectives.
[32m2026-03-23 21:33:23 +0100[0m - dagster - [34mDEBUG[0m - __ASSET_JOB - 0592629d-a389-47c8-bbd5-9f9274feb1ff - 26596 - igdb_transform - STEP_OUTPUT - Yielded output "mart_popularity_types" of type "Nothing". (Type check passed).
[32m2026-03-23 21:33:23 +0100[0m - dagster - [34mDEBUG[0m - __ASSET_JOB - 0592629d-a389-47c8-bbd5-9f9274feb1ff - 26596 - igdb_transform - ASSET_MATERIALIZATION - Materialized value mart_popularity_types.
[32m2026-03-23 21:33:23 +0100[0m - dagster - [34mDEBUG[0m - __ASSET_JOB - 0592629d-a389-47c8-bbd5-9f9274feb1ff - 26596 - igdb_transform - STEP_OUTPUT - Yielded output "intermediate__int_popularity_primitives_union" of type "Nothing". (Type check passed).
[32m2026-03-23 21:33:24 +0100[0m - dagster - [34mDEBUG[0m - __ASSET_JOB - 0592629d-a389-47c8-bbd5-9f9274feb1ff - 26596 - igdb_transform - ASSET_MATERIALIZATION - Materialized value intermediate int_popularity_primitives_union.
[32m2026-03-23 21:33:25 +0100[0m - dagster - [34mDEBUG[0m - __ASSET_JOB - 0592629d-a389-47c8-bbd5-9f9274feb1ff - 26596 - igdb_transform - STEP_OUTPUT - Yielded output "mart_release_date_regions" of type "Nothing". (Type check passed).
[32m2026-03-23 21:33:25 +0100[0m - dagster - [34mDEBUG[0m - __ASSET_JOB - 0592629d-a389-47c8-bbd5-9f9274feb1ff - 26596 - igdb_transform - ASSET_MATERIALIZATION - Materialized value mart_release_date_regions.
[32m2026-03-23 21:33:26 +0100[0m - dagster - [34mDEBUG[0m - __ASSET_JOB - 0592629d-a389-47c8-bbd5-9f9274feb1ff - 26596 - igdb_transform - STEP_OUTPUT - Yielded output "mart_regions" of type "Nothing". (Type check passed).
[32m2026-03-23 21:33:26 +0100[0m - dagster - [34mDEBUG[0m - __ASSET_JOB - 0592629d-a389-47c8-bbd5-9f9274feb1ff - 26596 - igdb_transform - ASSET_MATERIALIZATION - Materialized value mart_regions.
[32m2026-03-23 21:33:27 +0100[0m - dagster - [34mDEBUG[0m - __ASSET_JOB - 0592629d-a389-47c8-bbd5-9f9274feb1ff - 26596 - igdb_transform - STEP_OUTPUT - Yielded output "mart_release_date_statuses" of type "Nothing". (Type check passed).
[32m2026-03-23 21:33:27 +0100[0m - dagster - [34mDEBUG[0m - __ASSET_JOB - 0592629d-a389-47c8-bbd5-9f9274feb1ff - 26596 - igdb_transform - ASSET_MATERIALIZATION - Materialized value mart_release_date_statuses.
[32m2026-03-23 21:33:28 +0100[0m - dagster - [34mDEBUG[0m - __ASSET_JOB - 0592629d-a389-47c8-bbd5-9f9274feb1ff - 26596 - igdb_transform - STEP_OUTPUT - Yielded output "mart_themes" of type "Nothing". (Type check passed).
[32m2026-03-23 21:33:28 +0100[0m - dagster - [34mDEBUG[0m - __ASSET_JOB - 0592629d-a389-47c8-bbd5-9f9274feb1ff - 26596 - igdb_transform - ASSET_MATERIALIZATION - Materialized value mart_themes.
[32m2026-03-23 21:33:30 +0100[0m - dagster - [34mDEBUG[0m - __ASSET_JOB - 0592629d-a389-47c8-bbd5-9f9274feb1ff - 26596 - igdb_transform - STEP_OUTPUT - Yielded output "mart_website_types" of type "Nothing". (Type check passed).
[32m2026-03-23 21:33:30 +0100[0m - dagster - [34mDEBUG[0m - __ASSET_JOB - 0592629d-a389-47c8-bbd5-9f9274feb1ff - 26596 - igdb_transform - ASSET_MATERIALIZATION - Materialized value mart_website_types.
[32m2026-03-23 21:33:30 +0100[0m - dagster - [34mDEBUG[0m - __ASSET_JOB - 0592629d-a389-47c8-bbd5-9f9274feb1ff - 26596 - igdb_transform - STEP_OUTPUT - Yielded output "mart_age_rating_categories" of type "Nothing". (Type check passed).
[32m2026-03-23 21:33:30 +0100[0m - dagster - [34mDEBUG[0m - __ASSET_JOB - 0592629d-a389-47c8-bbd5-9f9274feb1ff - 26596 - igdb_transform - ASSET_MATERIALIZATION - Materialized value mart_age_rating_categories.
[32m2026-03-23 21:33:32 +0100[0m - dagster - [34mDEBUG[0m - __ASSET_JOB - 0592629d-a389-47c8-bbd5-9f9274feb1ff - 26596 - igdb_transform - STEP_OUTPUT - Yielded output "mart_age_rating_content_descriptions_v2" of type "Nothing". (Type check passed).
[32m2026-03-23 21:33:32 +0100[0m - dagster - [34mDEBUG[0m - __ASSET_JOB - 0592629d-a389-47c8-bbd5-9f9274feb1ff - 26596 - igdb_transform - ASSET_MATERIALIZATION - Materialized value mart_age_rating_content_descriptions_v2.
[32m2026-03-23 21:33:32 +0100[0m - dagster - [34mDEBUG[0m - __ASSET_JOB - 0592629d-a389-47c8-bbd5-9f9274feb1ff - 26596 - igdb_transform - STEP_OUTPUT - Yielded output "mart_characters" of type "Nothing". (Type check passed).
[32m2026-03-23 21:33:32 +0100[0m - dagster - [34mDEBUG[0m - __ASSET_JOB - 0592629d-a389-47c8-bbd5-9f9274feb1ff - 26596 - igdb_transform - ASSET_MATERIALIZATION - Materialized value mart_characters.
[32m2026-03-23 21:33:35 +0100[0m - dagster - [34mDEBUG[0m - __ASSET_JOB - 0592629d-a389-47c8-bbd5-9f9274feb1ff - 26596 - igdb_transform - STEP_OUTPUT - Yielded output "mart_events" of type "Nothing". (Type check passed).
[32m2026-03-23 21:33:35 +0100[0m - dagster - [34mDEBUG[0m - __ASSET_JOB - 0592629d-a389-47c8-bbd5-9f9274feb1ff - 26596 - igdb_transform - ASSET_MATERIALIZATION - Materialized value mart_events.
[32m2026-03-23 21:33:36 +0100[0m - dagster - [34mDEBUG[0m - __ASSET_JOB - 0592629d-a389-47c8-bbd5-9f9274feb1ff - 26596 - igdb_transform - STEP_OUTPUT - Yielded output "mart_companies" of type "Nothing". (Type check passed).
[32m2026-03-23 21:33:36 +0100[0m - dagster - [34mDEBUG[0m - __ASSET_JOB - 0592629d-a389-47c8-bbd5-9f9274feb1ff - 26596 - igdb_transform - ASSET_MATERIALIZATION - Materialized value mart_companies.
[32m2026-03-23 21:33:37 +0100[0m - dagster - [34mDEBUG[0m - __ASSET_JOB - 0592629d-a389-47c8-bbd5-9f9274feb1ff - 26596 - igdb_transform - STEP_OUTPUT - Yielded output "mart_game_engines" of type "Nothing". (Type check passed).
[32m2026-03-23 21:33:37 +0100[0m - dagster - [34mDEBUG[0m - __ASSET_JOB - 0592629d-a389-47c8-bbd5-9f9274feb1ff - 26596 - igdb_transform - ASSET_MATERIALIZATION - Materialized value mart_game_engines.
[32m2026-03-23 21:33:38 +0100[0m - dagster - [34mDEBUG[0m - __ASSET_JOB - 0592629d-a389-47c8-bbd5-9f9274feb1ff - 26596 - igdb_transform - STEP_OUTPUT - Yielded output "intermediate__int_game_localizations" of type "Nothing". (Type check passed).
[32m2026-03-23 21:33:38 +0100[0m - dagster - [34mDEBUG[0m - __ASSET_JOB - 0592629d-a389-47c8-bbd5-9f9274feb1ff - 26596 - igdb_transform - ASSET_MATERIALIZATION - Materialized value intermediate int_game_localizations.
[32m2026-03-23 21:33:40 +0100[0m - dagster - [34mDEBUG[0m - __ASSET_JOB - 0592629d-a389-47c8-bbd5-9f9274feb1ff - 26596 - igdb_transform - STEP_OUTPUT - Yielded output "mart_platforms" of type "Nothing". (Type check passed).
[32m2026-03-23 21:33:40 +0100[0m - dagster - [34mDEBUG[0m - __ASSET_JOB - 0592629d-a389-47c8-bbd5-9f9274feb1ff - 26596 - igdb_transform - ASSET_MATERIALIZATION - Materialized value mart_platforms.
[32m2026-03-23 21:33:41 +0100[0m - dagster - [34mDEBUG[0m - __ASSET_JOB - 0592629d-a389-47c8-bbd5-9f9274feb1ff - 26596 - igdb_transform - STEP_OUTPUT - Yielded output "mart_covers" of type "Nothing". (Type check passed).
[32m2026-03-23 21:33:41 +0100[0m - dagster - [34mDEBUG[0m - __ASSET_JOB - 0592629d-a389-47c8-bbd5-9f9274feb1ff - 26596 - igdb_transform - ASSET_MATERIALIZATION - Materialized value mart_covers.
[32m2026-03-23 21:33:42 +0100[0m - dagster - [34mDEBUG[0m - __ASSET_JOB - 0592629d-a389-47c8-bbd5-9f9274feb1ff - 26596 - igdb_transform - STEP_OUTPUT - Yielded output "mart_company_websites" of type "Nothing". (Type check passed).
[32m2026-03-23 21:33:43 +0100[0m - dagster - [34mDEBUG[0m - __ASSET_JOB - 0592629d-a389-47c8-bbd5-9f9274feb1ff - 26596 - igdb_transform - ASSET_MATERIALIZATION - Materialized value mart_company_websites.
[32m2026-03-23 21:33:45 +0100[0m - dagster - [34mDEBUG[0m - __ASSET_JOB - 0592629d-a389-47c8-bbd5-9f9274feb1ff - 26596 - igdb_transform - STEP_OUTPUT - Yielded output "intermediate__int_event_network" of type "Nothing". (Type check passed).
[32m2026-03-23 21:33:45 +0100[0m - dagster - [34mDEBUG[0m - __ASSET_JOB - 0592629d-a389-47c8-bbd5-9f9274feb1ff - 26596 - igdb_transform - ASSET_MATERIALIZATION - Materialized value intermediate int_event_network.
[32m2026-03-23 21:33:46 +0100[0m - dagster - [34mDEBUG[0m - __ASSET_JOB - 0592629d-a389-47c8-bbd5-9f9274feb1ff - 26596 - igdb_transform - STEP_OUTPUT - Yielded output "mart_age_ratings" of type "Nothing". (Type check passed).
[32m2026-03-23 21:33:46 +0100[0m - dagster - [34mDEBUG[0m - __ASSET_JOB - 0592629d-a389-47c8-bbd5-9f9274feb1ff - 26596 - igdb_transform - ASSET_MATERIALIZATION - Materialized value mart_age_ratings.
[32m2026-03-23 21:33:49 +0100[0m - dagster - [34mDEBUG[0m - __ASSET_JOB - 0592629d-a389-47c8-bbd5-9f9274feb1ff - 26596 - igdb_transform - STEP_OUTPUT - Yielded output "mart_company_search" of type "Nothing". (Type check passed).
[32m2026-03-23 21:33:49 +0100[0m - dagster - [34mDEBUG[0m - __ASSET_JOB - 0592629d-a389-47c8-bbd5-9f9274feb1ff - 26596 - igdb_transform - ASSET_MATERIALIZATION - Materialized value mart_company_search.
[32m2026-03-23 21:33:52 +0100[0m - dagster - [34mDEBUG[0m - __ASSET_JOB - 0592629d-a389-47c8-bbd5-9f9274feb1ff - 26596 - igdb_transform - STEP_OUTPUT - Yielded output "bridge_involved_company_company" of type "Nothing". (Type check passed).
[32m2026-03-23 21:33:52 +0100[0m - dagster - [34mDEBUG[0m - __ASSET_JOB - 0592629d-a389-47c8-bbd5-9f9274feb1ff - 26596 - igdb_transform - ASSET_MATERIALIZATION - Materialized value bridge_involved_company_company.
[32m2026-03-23 21:33:52 +0100[0m - dagster - [34mDEBUG[0m - __ASSET_JOB - 0592629d-a389-47c8-bbd5-9f9274feb1ff - 26596 - igdb_transform - STEP_OUTPUT - Yielded output "mart_platform_version_companies" of type "Nothing". (Type check passed).
[32m2026-03-23 21:33:52 +0100[0m - dagster - [34mDEBUG[0m - __ASSET_JOB - 0592629d-a389-47c8-bbd5-9f9274feb1ff - 26596 - igdb_transform - ASSET_MATERIALIZATION - Materialized value mart_platform_version_companies.
[32m2026-03-23 21:33:55 +0100[0m - dagster - [34mDEBUG[0m - __ASSET_JOB - 0592629d-a389-47c8-bbd5-9f9274feb1ff - 26596 - igdb_transform - STEP_OUTPUT - Yielded output "bridge_game_engine_company" of type "Nothing". (Type check passed).
[32m2026-03-23 21:33:55 +0100[0m - dagster - [34mDEBUG[0m - __ASSET_JOB - 0592629d-a389-47c8-bbd5-9f9274feb1ff - 26596 - igdb_transform - ASSET_MATERIALIZATION - Materialized value bridge_game_engine_company.
[32m2026-03-23 21:33:55 +0100[0m - dagster - [34mDEBUG[0m - __ASSET_JOB - 0592629d-a389-47c8-bbd5-9f9274feb1ff - 26596 - igdb_transform - STEP_OUTPUT - Yielded output "bridge_game__game_engine" of type "Nothing". (Type check passed).
[32m2026-03-23 21:33:55 +0100[0m - dagster - [34mDEBUG[0m - __ASSET_JOB - 0592629d-a389-47c8-bbd5-9f9274feb1ff - 26596 - igdb_transform - ASSET_MATERIALIZATION - Materialized value bridge_game__game_engine.
[32m2026-03-23 21:33:57 +0100[0m - dagster - [34mDEBUG[0m - __ASSET_JOB - 0592629d-a389-47c8-bbd5-9f9274feb1ff - 26596 - igdb_transform - STEP_OUTPUT - Yielded output "bridge_game_engine_platform" of type "Nothing". (Type check passed).
[32m2026-03-23 21:33:57 +0100[0m - dagster - [34mDEBUG[0m - __ASSET_JOB - 0592629d-a389-47c8-bbd5-9f9274feb1ff - 26596 - igdb_transform - ASSET_MATERIALIZATION - Materialized value bridge_game_engine_platform.
[32m2026-03-23 21:33:59 +0100[0m - dagster - [34mDEBUG[0m - __ASSET_JOB - 0592629d-a389-47c8-bbd5-9f9274feb1ff - 26596 - igdb_transform - STEP_OUTPUT - Yielded output "mart_event_networks" of type "Nothing". (Type check passed).
[32m2026-03-23 21:33:59 +0100[0m - dagster - [34mDEBUG[0m - __ASSET_JOB - 0592629d-a389-47c8-bbd5-9f9274feb1ff - 26596 - igdb_transform - ASSET_MATERIALIZATION - Materialized value mart_event_networks.
[32m2026-03-23 21:34:01 +0100[0m - dagster - [34mDEBUG[0m - __ASSET_JOB - 0592629d-a389-47c8-bbd5-9f9274feb1ff - 26596 - igdb_transform - STEP_OUTPUT - Yielded output "mart_platform_versions" of type "Nothing". (Type check passed).
[32m2026-03-23 21:34:02 +0100[0m - dagster - [34mDEBUG[0m - __ASSET_JOB - 0592629d-a389-47c8-bbd5-9f9274feb1ff - 26596 - igdb_transform - ASSET_MATERIALIZATION - Materialized value mart_platform_versions.
[32m2026-03-23 21:34:04 +0100[0m - dagster - [34mDEBUG[0m - __ASSET_JOB - 0592629d-a389-47c8-bbd5-9f9274feb1ff - 26596 - igdb_transform - STEP_OUTPUT - Yielded output "bridge_platform_version_company" of type "Nothing". (Type check passed).
[32m2026-03-23 21:34:04 +0100[0m - dagster - [34mDEBUG[0m - __ASSET_JOB - 0592629d-a389-47c8-bbd5-9f9274feb1ff - 26596 - igdb_transform - ASSET_MATERIALIZATION - Materialized value bridge_platform_version_company.
[32m2026-03-23 21:34:08 +0100[0m - dagster - [34mINFO[0m - __ASSET_JOB - 0592629d-a389-47c8-bbd5-9f9274feb1ff - igdb_transform - Finished dbt command: `dbt build --select fqn:*`.
[32m2026-03-23 21:34:08 +0100[0m - dagster - [34mERROR[0m - [31m__ASSET_JOB - 0592629d-a389-47c8-bbd5-9f9274feb1ff - 26596 - igdb_transform - STEP_FAILURE - Execution of step "igdb_transform" failed.

dagster_dbt.errors.DagsterDbtCliRuntimeError: The dbt CLI process with command

`dbt build --select fqn:*`

failed with exit code `1`. Check the stdout in the Dagster compute logs for the full information about the error, or view the dbt debug log: D:\Projects\ProjectLudus\code\orchestration\src\orchestration\defs\.local_defs_state\DbtProjectComponent__dbt__\project\target\igdb_transform-0592629-b5b7fef\dbt.log.

Errors parsed from dbt logs:

182 of 205 ERROR creating sql table model public.games ......................... [[31mERROR[0m in 10.31s]

[31mFailure in model mart_games (models\marts\mart_games.sql)[0m

  Database Error in model mart_games (models\marts\mart_games.sql)
  syntax error at or near "ALTER"
  LINE 6: ALTER TABLE "catalogdev"."public"."games" ADD CONSTRAINT fk_...
          ^
  compiled code at target\igdb_transform-0592629-b5b7fef\run\igdb_transform\models\marts\mart_games.sql

Stack Trace:
  File "D:\Projects\ProjectLudus\code\orchestration\.venv\Lib\site-packages\dagster\_core\execution\plan\execute_plan.py", line 247, in dagster_event_sequence_for_step
    yield from check.generator(step_events)
  File "D:\Projects\ProjectLudus\code\orchestration\.venv\Lib\site-packages\dagster\_core\execution\plan\execute_step.py", line 505, in core_dagster_event_sequence_for_step
    for user_event in _step_output_error_checked_user_event_sequence(
                      ~~~~~~~~~~~~~~~~~~~~~~~~~~~~~~~~~~~~~~~~~~~~~~^
        step_context,
        ^^^^^^^^^^^^^
        _process_asset_results_to_events(step_context, user_event_sequence),
        ^^^^^^^^^^^^^^^^^^^^^^^^^^^^^^^^^^^^^^^^^^^^^^^^^^^^^^^^^^^^^^^^^^^^
    ):
    ^
  File "D:\Projects\ProjectLudus\code\orchestration\.venv\Lib\site-packages\dagster\_core\execution\plan\execute_step.py", line 184, in _step_output_error_checked_user_event_sequence
    for user_event in user_event_sequence:
                      ^^^^^^^^^^^^^^^^^^^
  File "D:\Projects\ProjectLudus\code\orchestration\.venv\Lib\site-packages\dagster\_core\execution\plan\execute_step.py", line 88, in _process_asset_results_to_events
    for user_event in user_event_sequence:
                      ^^^^^^^^^^^^^^^^^^^
  File "D:\Projects\ProjectLudus\code\orchestration\.venv\Lib\site-packages\dagster\_core\execution\plan\compute.py", line 188, in execute_core_compute
    for step_output in _yield_compute_results(step_context, inputs, compute_fn, compute_context):
                       ~~~~~~~~~~~~~~~~~~~~~~^^^^^^^^^^^^^^^^^^^^^^^^^^^^^^^^^^^^^^^^^^^^^^^^^^^
  File "D:\Projects\ProjectLudus\code\orchestration\.venv\Lib\site-packages\dagster\_core\execution\plan\compute.py", line 157, in _yield_compute_results
    for event in iterate_with_context(
                 ~~~~~~~~~~~~~~~~~~~~^
        lambda: op_execution_error_boundary(
        ^^^^^^^^^^^^^^^^^^^^^^^^^^^^^^^^^^^^
    ...<7 lines>...
        user_event_generator,
        ^^^^^^^^^^^^^^^^^^^^^
    ):
    ^
  File "D:\Projects\ProjectLudus\code\orchestration\.venv\Lib\site-packages\dagster\_utils\__init__.py", line 394, in iterate_with_context
    next_output = next(iterator)
  File "D:\Projects\ProjectLudus\code\orchestration\.venv\Lib\site-packages\dagster_dbt\components\dbt_project\component.py", line 378, in _fn
    yield from self.execute(context=context, dbt=DbtCliResource(project))
  File "D:\Projects\ProjectLudus\code\orchestration\.venv\Lib\site-packages\dagster_dbt\components\dbt_project\component.py", line 423, in execute
    yield from self._get_dbt_event_iterator(context, dbt)
  File "D:\Projects\ProjectLudus\code\orchestration\.venv\Lib\site-packages\dagster_dbt\core\dbt_event_iterator.py", line 215, in __next__
    return next(self._inner_iterator)
  File "D:\Projects\ProjectLudus\code\orchestration\.venv\Lib\site-packages\dagster_dbt\core\dbt_cli_invocation.py", line 286, in _stream_asset_events
    for event in self.stream_raw_events():
                 ~~~~~~~~~~~~~~~~~~~~~~^^
  File "D:\Projects\ProjectLudus\code\orchestration\.venv\Lib\site-packages\dagster_dbt\core\dbt_cli_invocation.py", line 379, in stream_raw_events
    self._raise_on_error()
    ~~~~~~~~~~~~~~~~~~~~^^
  File "D:\Projects\ProjectLudus\code\orchestration\.venv\Lib\site-packages\dagster_dbt\core\dbt_cli_invocation.py", line 470, in _raise_on_error
    raise error
[0m
