[32m2026-03-23 21:27:50 +0100[0m - dagster - [34mDEBUG[0m - __ASSET_JOB - 0592629d-a389-47c8-bbd5-9f9274feb1ff - 4112 - LOGS_CAPTURED - Started capturing logs in process (pid: 4112).
[32m2026-03-23 21:27:50 +0100[0m - dagster - [34mDEBUG[0m - __ASSET_JOB - 0592629d-a389-47c8-bbd5-9f9274feb1ff - 4112 - dlt_assets_igdb_popularity_igdb_source - STEP_START - Started execution of step "dlt_assets_igdb_popularity_igdb_source".
2026-03-23 21:27:53,510|[WARNING]|4112|18408|dlt|client.py|detect_paginator:365|Fallback `paginator` used: `SinglePagePaginator at 1b1f6179400`. Please provide paginator manually.
2026-03-23 21:27:54,030|[WARNING]|4112|18408|dlt|client.py|detect_paginator:365|Fallback `paginator` used: `SinglePagePaginator at 1b1f5e82350`. Please provide paginator manually.
2026-03-23 21:27:54,581|[WARNING]|4112|18408|dlt|client.py|detect_paginator:365|Fallback `paginator` used: `SinglePagePaginator at 1b1f02d1bd0`. Please provide paginator manually.
2026-03-23 21:27:55,139|[WARNING]|4112|18408|dlt|client.py|detect_paginator:365|Fallback `paginator` used: `SinglePagePaginator at 1b1f5f6a780`. Please provide paginator manually.
2026-03-23 21:27:55,686|[WARNING]|4112|18408|dlt|client.py|detect_paginator:365|Fallback `paginator` used: `SinglePagePaginator at 1b1f60c4c30`. Please provide paginator manually.
2026-03-23 21:27:56,271|[WARNING]|4112|18408|dlt|client.py|detect_paginator:365|Fallback `paginator` used: `SinglePagePaginator at 1b1f604bd10`. Please provide paginator manually.
2026-03-23 21:27:56,856|[WARNING]|4112|18408|dlt|client.py|detect_paginator:365|Fallback `paginator` used: `SinglePagePaginator at 1b1f6144380`. Please provide paginator manually.
2026-03-23 21:27:57,420|[WARNING]|4112|18408|dlt|client.py|detect_paginator:365|Fallback `paginator` used: `SinglePagePaginator at 1b1f6145260`. Please provide paginator manually.
2026-03-23 21:27:57,961|[WARNING]|4112|18408|dlt|client.py|detect_paginator:365|Fallback `paginator` used: `SinglePagePaginator at 1b1f605da50`. Please provide paginator manually.
2026-03-23 21:27:58,469|[WARNING]|4112|18408|dlt|client.py|detect_paginator:365|Fallback `paginator` used: `SinglePagePaginator at 1b1f605e750`. Please provide paginator manually.
2026-03-23 21:27:59,164|[WARNING]|4112|18408|dlt|client.py|detect_paginator:365|Fallback `paginator` used: `SinglePagePaginator at 1b1f6249f40`. Please provide paginator manually.
[32m2026-03-23 21:28:05 +0100[0m - dagster - [34mDEBUG[0m - __ASSET_JOB - 0592629d-a389-47c8-bbd5-9f9274feb1ff - 4112 - dlt_assets_igdb_popularity_igdb_source - STEP_OUTPUT - Yielded output "igdb_source__pop_igdb_visits" of type "Nothing". (Type check passed).
[32m2026-03-23 21:28:06 +0100[0m - dagster - [34mDEBUG[0m - __ASSET_JOB - 0592629d-a389-47c8-bbd5-9f9274feb1ff - 4112 - dlt_assets_igdb_popularity_igdb_source - ASSET_MATERIALIZATION - Materialized value igdb_source pop_igdb_visits.
[32m2026-03-23 21:28:06 +0100[0m - dagster - [34mDEBUG[0m - __ASSET_JOB - 0592629d-a389-47c8-bbd5-9f9274feb1ff - 4112 - dlt_assets_igdb_popularity_igdb_source - STEP_OUTPUT - Yielded output "igdb_source__pop_igdb_playing" of type "Nothing". (Type check passed).
[32m2026-03-23 21:28:06 +0100[0m - dagster - [34mDEBUG[0m - __ASSET_JOB - 0592629d-a389-47c8-bbd5-9f9274feb1ff - 4112 - dlt_assets_igdb_popularity_igdb_source - ASSET_MATERIALIZATION - Materialized value igdb_source pop_igdb_playing.
[32m2026-03-23 21:28:06 +0100[0m - dagster - [34mDEBUG[0m - __ASSET_JOB - 0592629d-a389-47c8-bbd5-9f9274feb1ff - 4112 - dlt_assets_igdb_popularity_igdb_source - STEP_OUTPUT - Yielded output "igdb_source__pop_igdb_wants_to_play" of type "Nothing". (Type check passed).
[32m2026-03-23 21:28:06 +0100[0m - dagster - [34mDEBUG[0m - __ASSET_JOB - 0592629d-a389-47c8-bbd5-9f9274feb1ff - 4112 - dlt_assets_igdb_popularity_igdb_source - ASSET_MATERIALIZATION - Materialized value igdb_source pop_igdb_wants_to_play.
[32m2026-03-23 21:28:06 +0100[0m - dagster - [34mDEBUG[0m - __ASSET_JOB - 0592629d-a389-47c8-bbd5-9f9274feb1ff - 4112 - dlt_assets_igdb_popularity_igdb_source - STEP_OUTPUT - Yielded output "igdb_source__pop_igdb_played" of type "Nothing". (Type check passed).
[32m2026-03-23 21:28:06 +0100[0m - dagster - [34mDEBUG[0m - __ASSET_JOB - 0592629d-a389-47c8-bbd5-9f9274feb1ff - 4112 - dlt_assets_igdb_popularity_igdb_source - ASSET_MATERIALIZATION - Materialized value igdb_source pop_igdb_played.
[32m2026-03-23 21:28:06 +0100[0m - dagster - [34mDEBUG[0m - __ASSET_JOB - 0592629d-a389-47c8-bbd5-9f9274feb1ff - 4112 - dlt_assets_igdb_popularity_igdb_source - STEP_OUTPUT - Yielded output "igdb_source__pop_steam_total_reviews" of type "Nothing". (Type check passed).
[32m2026-03-23 21:28:06 +0100[0m - dagster - [34mDEBUG[0m - __ASSET_JOB - 0592629d-a389-47c8-bbd5-9f9274feb1ff - 4112 - dlt_assets_igdb_popularity_igdb_source - ASSET_MATERIALIZATION - Materialized value igdb_source pop_steam_total_reviews.
[32m2026-03-23 21:28:06 +0100[0m - dagster - [34mDEBUG[0m - __ASSET_JOB - 0592629d-a389-47c8-bbd5-9f9274feb1ff - 4112 - dlt_assets_igdb_popularity_igdb_source - STEP_OUTPUT - Yielded output "igdb_source__pop_steam_negative_reviews" of type "Nothing". (Type check passed).
[32m2026-03-23 21:28:06 +0100[0m - dagster - [34mDEBUG[0m - __ASSET_JOB - 0592629d-a389-47c8-bbd5-9f9274feb1ff - 4112 - dlt_assets_igdb_popularity_igdb_source - ASSET_MATERIALIZATION - Materialized value igdb_source pop_steam_negative_reviews.
[32m2026-03-23 21:28:06 +0100[0m - dagster - [34mDEBUG[0m - __ASSET_JOB - 0592629d-a389-47c8-bbd5-9f9274feb1ff - 4112 - dlt_assets_igdb_popularity_igdb_source - STEP_OUTPUT - Yielded output "igdb_source__pop_steam_24hr_peak_players" of type "Nothing". (Type check passed).
[32m2026-03-23 21:28:06 +0100[0m - dagster - [34mDEBUG[0m - __ASSET_JOB - 0592629d-a389-47c8-bbd5-9f9274feb1ff - 4112 - dlt_assets_igdb_popularity_igdb_source - ASSET_MATERIALIZATION - Materialized value igdb_source pop_steam_24hr_peak_players.
[32m2026-03-23 21:28:06 +0100[0m - dagster - [34mDEBUG[0m - __ASSET_JOB - 0592629d-a389-47c8-bbd5-9f9274feb1ff - 4112 - dlt_assets_igdb_popularity_igdb_source - STEP_OUTPUT - Yielded output "igdb_source__pop_steam_positive_reviews" of type "Nothing". (Type check passed).
[32m2026-03-23 21:28:06 +0100[0m - dagster - [34mDEBUG[0m - __ASSET_JOB - 0592629d-a389-47c8-bbd5-9f9274feb1ff - 4112 - dlt_assets_igdb_popularity_igdb_source - ASSET_MATERIALIZATION - Materialized value igdb_source pop_steam_positive_reviews.
[32m2026-03-23 21:28:06 +0100[0m - dagster - [34mDEBUG[0m - __ASSET_JOB - 0592629d-a389-47c8-bbd5-9f9274feb1ff - 4112 - dlt_assets_igdb_popularity_igdb_source - STEP_OUTPUT - Yielded output "igdb_source__pop_steam_most_wishlisted_upcoming" of type "Nothing". (Type check passed).
[32m2026-03-23 21:28:06 +0100[0m - dagster - [34mDEBUG[0m - __ASSET_JOB - 0592629d-a389-47c8-bbd5-9f9274feb1ff - 4112 - dlt_assets_igdb_popularity_igdb_source - ASSET_MATERIALIZATION - Materialized value igdb_source pop_steam_most_wishlisted_upcoming.
[32m2026-03-23 21:28:06 +0100[0m - dagster - [34mDEBUG[0m - __ASSET_JOB - 0592629d-a389-47c8-bbd5-9f9274feb1ff - 4112 - dlt_assets_igdb_popularity_igdb_source - STEP_OUTPUT - Yielded output "igdb_source__pop_steam_global_top_sellers" of type "Nothing". (Type check passed).
[32m2026-03-23 21:28:06 +0100[0m - dagster - [34mDEBUG[0m - __ASSET_JOB - 0592629d-a389-47c8-bbd5-9f9274feb1ff - 4112 - dlt_assets_igdb_popularity_igdb_source - ASSET_MATERIALIZATION - Materialized value igdb_source pop_steam_global_top_sellers.
[32m2026-03-23 21:28:06 +0100[0m - dagster - [34mDEBUG[0m - __ASSET_JOB - 0592629d-a389-47c8-bbd5-9f9274feb1ff - 4112 - dlt_assets_igdb_popularity_igdb_source - STEP_OUTPUT - Yielded output "igdb_source__pop_steam_24hr_hours_watched" of type "Nothing". (Type check passed).
[32m2026-03-23 21:28:06 +0100[0m - dagster - [34mDEBUG[0m - __ASSET_JOB - 0592629d-a389-47c8-bbd5-9f9274feb1ff - 4112 - dlt_assets_igdb_popularity_igdb_source - ASSET_MATERIALIZATION - Materialized value igdb_source pop_steam_24hr_hours_watched.
[32m2026-03-23 21:28:06 +0100[0m - dagster - [34mDEBUG[0m - __ASSET_JOB - 0592629d-a389-47c8-bbd5-9f9274feb1ff - 4112 - dlt_assets_igdb_popularity_igdb_source - STEP_SUCCESS - Finished execution of step "dlt_assets_igdb_popularity_igdb_source" in 16.36s.
