[32m2026-03-24 21:42:11 +0100[0m - dagster - [34mDEBUG[0m - igdb_default_dlt_job - 71f343ea-5af7-4a34-b5d2-8dee852442bf - 6452 - LOGS_CAPTURED - Started capturing logs in process (pid: 6452).
[32m2026-03-24 21:42:11 +0100[0m - dagster - [34mDEBUG[0m - igdb_default_dlt_job - 71f343ea-5af7-4a34-b5d2-8dee852442bf - 6452 - dlt_assets_igdb_igdb_source - STEP_START - Started execution of step "dlt_assets_igdb_igdb_source".
[32m2026-03-24 21:45:54 +0100[0m - dagster - [34mERROR[0m - [31migdb_default_dlt_job - 71f343ea-5af7-4a34-b5d2-8dee852442bf - 6452 - dlt_assets_igdb_igdb_source - STEP_FAILURE - Execution of step "dlt_assets_igdb_igdb_source" failed.

dagster._core.errors.DagsterExecutionInterruptedError

Stack Trace:
  File "D:\Projects\ProjectLudus\code\orchestration\.venv\Lib\site-packages\dagster\_core\execution\plan\execute_plan.py", line 247, in dagster_event_sequence_for_step
    yield from check.generator(step_events)
  File "D:\Projects\ProjectLudus\code\orchestration\.venv\Lib\site-packages\dagster\_core\execution\plan\execute_step.py", line 505, in core_dagster_event_sequence_for_step
    for user_event in _step_output_error_checked_user_event_sequence(
                      ~~~~~~~~~~~~~~~~~~~~~~~~~~~~~~~~~~~~~~~~~~~~~~^
        step_context,
        ^^^^^^^^^^^^^
        _process_asset_results_to_events(step_context, user_event_sequence),
        ^^^^^^^^^^^^^^^^^^^^^^^^^^^^^^^^^^^^^^^^^^^^^^^^^^^^^^^^^^^^^^^^^^^^
    ):
    ^
  File "D:\Projects\ProjectLudus\code\orchestration\.venv\Lib\site-packages\dagster\_core\execution\plan\execute_step.py", line 184, in _step_output_error_checked_user_event_sequence
    for user_event in user_event_sequence:
                      ^^^^^^^^^^^^^^^^^^^
  File "D:\Projects\ProjectLudus\code\orchestration\.venv\Lib\site-packages\dagster\_core\execution\plan\execute_step.py", line 88, in _process_asset_results_to_events
    for user_event in user_event_sequence:
                      ^^^^^^^^^^^^^^^^^^^
  File "D:\Projects\ProjectLudus\code\orchestration\.venv\Lib\site-packages\dagster\_core\execution\plan\compute.py", line 188, in execute_core_compute
    for step_output in _yield_compute_results(step_context, inputs, compute_fn, compute_context):
                       ~~~~~~~~~~~~~~~~~~~~~~^^^^^^^^^^^^^^^^^^^^^^^^^^^^^^^^^^^^^^^^^^^^^^^^^^^
  File "D:\Projects\ProjectLudus\code\orchestration\.venv\Lib\site-packages\dagster\_core\execution\plan\compute.py", line 157, in _yield_compute_results
    for event in iterate_with_context(
                 ~~~~~~~~~~~~~~~~~~~~^
        lambda: op_execution_error_boundary(
        ^^^^^^^^^^^^^^^^^^^^^^^^^^^^^^^^^^^^
    ...<7 lines>...
        user_event_generator,
        ^^^^^^^^^^^^^^^^^^^^^
    ):
    ^
  File "D:\Projects\ProjectLudus\code\orchestration\.venv\Lib\site-packages\dagster\_utils\__init__.py", line 394, in iterate_with_context
    next_output = next(iterator)
  File "D:\Projects\ProjectLudus\code\orchestration\.venv\Lib\site-packages\dagster_dlt\components\dlt_load_collection\component.py", line 138, in dlt_assets_def
    yield from self.execute(context, self.dlt_pipeline_resource)
  File "D:\Projects\ProjectLudus\code\orchestration\.venv\Lib\site-packages\dagster_dlt\components\dlt_load_collection\component.py", line 174, in execute
    yield from dlt_pipeline_resource.run(context=context)
  File "D:\Projects\ProjectLudus\code\orchestration\.venv\Lib\site-packages\dagster_dlt\dlt_event_iterator.py", line 77, in __next__
    return next(self._inner_iterator)
  File "D:\Projects\ProjectLudus\code\orchestration\.venv\Lib\site-packages\dagster_dlt\resource.py", line 285, in _run
    load_info = dlt_pipeline.run(dlt_source, **kwargs)
  File "D:\Projects\ProjectLudus\code\orchestration\.venv\Lib\site-packages\dlt\pipeline\pipeline.py", line 224, in _wrap
    step_info = f(self, *args, **kwargs)
  File "D:\Projects\ProjectLudus\code\orchestration\.venv\Lib\site-packages\dlt\pipeline\pipeline.py", line 272, in _wrap
    return f(self, *args, **kwargs)
  File "D:\Projects\ProjectLudus\code\orchestration\.venv\Lib\site-packages\dlt\pipeline\pipeline.py", line 757, in run
    self.extract(
    ~~~~~~~~~~~~^
        data,
        ^^^^^
    ...<8 lines>...
        loader_file_format=loader_file_format,
        ^^^^^^^^^^^^^^^^^^^^^^^^^^^^^^^^^^^^^^
    )
    ^
  File "D:\Projects\ProjectLudus\code\orchestration\.venv\Lib\site-packages\dlt\pipeline\pipeline.py", line 224, in _wrap
    step_info = f(self, *args, **kwargs)
  File "D:\Projects\ProjectLudus\code\orchestration\.venv\Lib\site-packages\dlt\pipeline\pipeline.py", line 178, in _wrap
    rv = f(self, *args, **kwargs)
  File "D:\Projects\ProjectLudus\code\orchestration\.venv\Lib\site-packages\dlt\pipeline\pipeline.py", line 164, in _wrap
    return f(self, *args, **kwargs)
  File "D:\Projects\ProjectLudus\code\orchestration\.venv\Lib\site-packages\dlt\pipeline\pipeline.py", line 272, in _wrap
    return f(self, *args, **kwargs)
  File "D:\Projects\ProjectLudus\code\orchestration\.venv\Lib\site-packages\dlt\pipeline\pipeline.py", line 493, in extract
    self._extract_source(
    ~~~~~~~~~~~~~~~~~~~~^
        extract_step,
        ^^^^^^^^^^^^^
    ...<3 lines>...
        refresh=refresh or self.refresh,
        ^^^^^^^^^^^^^^^^^^^^^^^^^^^^^^^^
    )
    ^
  File "D:\Projects\ProjectLudus\code\orchestration\.venv\Lib\site-packages\dlt\pipeline\pipeline.py", line 1388, in _extract_source
    load_id = extract.extract(
        source, max_parallel_items, workers, load_package_state_update=load_package_state_update
    )
  File "D:\Projects\ProjectLudus\code\orchestration\.venv\Lib\site-packages\dlt\extract\extract.py", line 487, in extract
    self._extract_single_source(
    ~~~~~~~~~~~~~~~~~~~~~~~~~~~^
        load_id,
        ^^^^^^^^
    ...<2 lines>...
        workers=workers,
        ^^^^^^^^^^^^^^^^
    )
    ^
  File "D:\Projects\ProjectLudus\code\orchestration\.venv\Lib\site-packages\dlt\extract\extract.py", line 405, in _extract_single_source
    for pipe_item in pipes:
                     ^^^^^
  File "D:\Projects\ProjectLudus\code\orchestration\.venv\Lib\site-packages\dlt\extract\pipe_iterator.py", line 158, in __next__
    pipe_item = self._get_source_item()
  File "D:\Projects\ProjectLudus\code\orchestration\.venv\Lib\site-packages\dlt\extract\pipe_iterator.py", line 274, in _get_source_item
    pipe_item = next(gen)
  File "D:\Projects\ProjectLudus\code\orchestration\.venv\Lib\site-packages\dlt\sources\rest_api\config_setup.py", line 1129, in paginate_resource
    yield from client.paginate(
    ...<9 lines>...
    )
  File "D:\Projects\ProjectLudus\code\orchestration\.venv\Lib\site-packages\dlt\sources\helpers\rest_client\client.py", line 273, in paginate
    response = self._send_request(request, **kwargs)
  File "D:\Projects\ProjectLudus\code\orchestration\.venv\Lib\site-packages\dlt\sources\helpers\rest_client\client.py", line 155, in _send_request
    return self.session.send(prepared_request, **send_kwargs)
           ~~~~~~~~~~~~~~~~~^^^^^^^^^^^^^^^^^^^^^^^^^^^^^^^^^
  File "D:\Projects\ProjectLudus\code\orchestration\.venv\Lib\site-packages\tenacity\__init__.py", line 331, in wrapped_f
    return copy(f, *args, **kw)
  File "D:\Projects\ProjectLudus\code\orchestration\.venv\Lib\site-packages\tenacity\__init__.py", line 470, in __call__
    do = self.iter(retry_state=retry_state)
  File "D:\Projects\ProjectLudus\code\orchestration\.venv\Lib\site-packages\tenacity\__init__.py", line 371, in iter
    result = action(retry_state)
  File "D:\Projects\ProjectLudus\code\orchestration\.venv\Lib\site-packages\tenacity\__init__.py", line 393, in <lambda>
    self._add_action_func(lambda rs: rs.outcome.result())
                                     ~~~~~~~~~~~~~~~~~^^
  File "C:\Users\yeahg\AppData\Roaming\uv\python\cpython-3.13.2-windows-x86_64-none\Lib\concurrent\futures\_base.py", line 449, in result
    return self.__get_result()
           ~~~~~~~~~~~~~~~~~^^
  File "C:\Users\yeahg\AppData\Roaming\uv\python\cpython-3.13.2-windows-x86_64-none\Lib\concurrent\futures\_base.py", line 401, in __get_result
    raise self._exception
  File "D:\Projects\ProjectLudus\code\orchestration\.venv\Lib\site-packages\tenacity\__init__.py", line 473, in __call__
    result = fn(*args, **kwargs)
  File "D:\Projects\ProjectLudus\code\orchestration\.venv\Lib\site-packages\dlt\sources\helpers\requests\session.py", line 61, in send
    return super().send(request, **kwargs)
           ~~~~~~~~~~~~^^^^^^^^^^^^^^^^^^^
  File "D:\Projects\ProjectLudus\code\orchestration\.venv\Lib\site-packages\requests\sessions.py", line 703, in send
    r = adapter.send(request, **kwargs)
  File "D:\Projects\ProjectLudus\code\orchestration\.venv\Lib\site-packages\requests\adapters.py", line 644, in send
    resp = conn.urlopen(
        method=request.method,
    ...<9 lines>...
        chunked=chunked,
    )
  File "D:\Projects\ProjectLudus\code\orchestration\.venv\Lib\site-packages\urllib3\connectionpool.py", line 787, in urlopen
    response = self._make_request(
        conn,
    ...<10 lines>...
        **response_kw,
    )
  File "D:\Projects\ProjectLudus\code\orchestration\.venv\Lib\site-packages\urllib3\connectionpool.py", line 534, in _make_request
    response = conn.getresponse()
  File "D:\Projects\ProjectLudus\code\orchestration\.venv\Lib\site-packages\urllib3\connection.py", line 571, in getresponse
    httplib_response = super().getresponse()
  File "C:\Users\yeahg\AppData\Roaming\uv\python\cpython-3.13.2-windows-x86_64-none\Lib\http\client.py", line 1430, in getresponse
    response.begin()
    ~~~~~~~~~~~~~~^^
  File "C:\Users\yeahg\AppData\Roaming\uv\python\cpython-3.13.2-windows-x86_64-none\Lib\http\client.py", line 331, in begin
    version, status, reason = self._read_status()
                              ~~~~~~~~~~~~~~~~~^^
  File "C:\Users\yeahg\AppData\Roaming\uv\python\cpython-3.13.2-windows-x86_64-none\Lib\http\client.py", line 292, in _read_status
    line = str(self.fp.readline(_MAXLINE + 1), "iso-8859-1")
               ~~~~~~~~~~~~~~~~^^^^^^^^^^^^^^
  File "C:\Users\yeahg\AppData\Roaming\uv\python\cpython-3.13.2-windows-x86_64-none\Lib\socket.py", line 719, in readinto
    return self._sock.recv_into(b)
           ~~~~~~~~~~~~~~~~~~~~^^^
  File "C:\Users\yeahg\AppData\Roaming\uv\python\cpython-3.13.2-windows-x86_64-none\Lib\ssl.py", line 1304, in recv_into
    return self.read(nbytes, buffer)
           ~~~~~~~~~^^^^^^^^^^^^^^^^
  File "C:\Users\yeahg\AppData\Roaming\uv\python\cpython-3.13.2-windows-x86_64-none\Lib\ssl.py", line 1138, in read
    return self._sslobj.read(len, buffer)
           ~~~~~~~~~~~~~~~~~^^^^^^^^^^^^^
  File "D:\Projects\ProjectLudus\code\orchestration\.venv\Lib\site-packages\dagster\_utils\interrupts.py", line 81, in _new_signal_handler
    raise error_cls()
[0m
