[32m2026-03-24 14:24:08 +0100[0m - dagster - [34mDEBUG[0m - __ASSET_JOB - 21cc181c-14b3-490e-9ed0-17503bde70c2 - 8900 - LOGS_CAPTURED - Started capturing logs in process (pid: 8900).
[32m2026-03-24 14:24:08 +0100[0m - dagster - [34mDEBUG[0m - __ASSET_JOB - 21cc181c-14b3-490e-9ed0-17503bde70c2 - 8900 - dlt_assets_igdb_popularity_igdb_source - STEP_START - Started execution of step "dlt_assets_igdb_popularity_igdb_source".
2026-03-24 14:24:11,852|[WARNING]|8900|24528|dlt|client.py|detect_paginator:365|Fallback `paginator` used: `SinglePagePaginator at 28d0a8a1550`. Please provide paginator manually.
2026-03-24 14:24:12,402|[WARNING]|8900|24528|dlt|client.py|detect_paginator:365|Fallback `paginator` used: `SinglePagePaginator at 28d0a5a3110`. Please provide paginator manually.
2026-03-24 14:24:12,954|[WARNING]|8900|24528|dlt|client.py|detect_paginator:365|Fallback `paginator` used: `SinglePagePaginator at 28d049e1bd0`. Please provide paginator manually.
2026-03-24 14:24:13,552|[WARNING]|8900|24528|dlt|client.py|detect_paginator:365|Fallback `paginator` used: `SinglePagePaginator at 28d0a68e650`. Please provide paginator manually.
2026-03-24 14:24:14,119|[WARNING]|8900|24528|dlt|client.py|detect_paginator:365|Fallback `paginator` used: `SinglePagePaginator at 28d0a7d8d60`. Please provide paginator manually.
2026-03-24 14:24:14,691|[WARNING]|8900|24528|dlt|client.py|detect_paginator:365|Fallback `paginator` used: `SinglePagePaginator at 28d0a7e1250`. Please provide paginator manually.
2026-03-24 14:24:15,240|[WARNING]|8900|24528|dlt|client.py|detect_paginator:365|Fallback `paginator` used: `SinglePagePaginator at 28d0a880050`. Please provide paginator manually.
2026-03-24 14:24:15,837|[WARNING]|8900|24528|dlt|client.py|detect_paginator:365|Fallback `paginator` used: `SinglePagePaginator at 28d0a881040`. Please provide paginator manually.
2026-03-24 14:24:16,409|[WARNING]|8900|24528|dlt|client.py|detect_paginator:365|Fallback `paginator` used: `SinglePagePaginator at 28d0a769a50`. Please provide paginator manually.
2026-03-24 14:24:16,907|[WARNING]|8900|24528|dlt|client.py|detect_paginator:365|Fallback `paginator` used: `SinglePagePaginator at 28d0a76a750`. Please provide paginator manually.
2026-03-24 14:24:17,451|[WARNING]|8900|24528|dlt|client.py|detect_paginator:365|Fallback `paginator` used: `SinglePagePaginator at 28d0a98e210`. Please provide paginator manually.
[32m2026-03-24 14:24:24 +0100[0m - dagster - [34mDEBUG[0m - __ASSET_JOB - 21cc181c-14b3-490e-9ed0-17503bde70c2 - 8900 - dlt_assets_igdb_popularity_igdb_source - STEP_OUTPUT - Yielded output "igdb_source__pop_igdb_visits" of type "Nothing". (Type check passed).
[32m2026-03-24 14:24:24 +0100[0m - dagster - [34mDEBUG[0m - __ASSET_JOB - 21cc181c-14b3-490e-9ed0-17503bde70c2 - 8900 - dlt_assets_igdb_popularity_igdb_source - ASSET_MATERIALIZATION - Materialized value igdb_source pop_igdb_visits.
[32m2026-03-24 14:24:24 +0100[0m - dagster - [34mDEBUG[0m - __ASSET_JOB - 21cc181c-14b3-490e-9ed0-17503bde70c2 - 8900 - dlt_assets_igdb_popularity_igdb_source - STEP_OUTPUT - Yielded output "igdb_source__pop_igdb_playing" of type "Nothing". (Type check passed).
[32m2026-03-24 14:24:24 +0100[0m - dagster - [34mDEBUG[0m - __ASSET_JOB - 21cc181c-14b3-490e-9ed0-17503bde70c2 - 8900 - dlt_assets_igdb_popularity_igdb_source - ASSET_MATERIALIZATION - Materialized value igdb_source pop_igdb_playing.
[32m2026-03-24 14:24:24 +0100[0m - dagster - [34mDEBUG[0m - __ASSET_JOB - 21cc181c-14b3-490e-9ed0-17503bde70c2 - 8900 - dlt_assets_igdb_popularity_igdb_source - STEP_OUTPUT - Yielded output "igdb_source__pop_igdb_wants_to_play" of type "Nothing". (Type check passed).
[32m2026-03-24 14:24:24 +0100[0m - dagster - [34mDEBUG[0m - __ASSET_JOB - 21cc181c-14b3-490e-9ed0-17503bde70c2 - 8900 - dlt_assets_igdb_popularity_igdb_source - ASSET_MATERIALIZATION - Materialized value igdb_source pop_igdb_wants_to_play.
[32m2026-03-24 14:24:24 +0100[0m - dagster - [34mDEBUG[0m - __ASSET_JOB - 21cc181c-14b3-490e-9ed0-17503bde70c2 - 8900 - dlt_assets_igdb_popularity_igdb_source - STEP_OUTPUT - Yielded output "igdb_source__pop_igdb_played" of type "Nothing". (Type check passed).
[32m2026-03-24 14:24:24 +0100[0m - dagster - [34mDEBUG[0m - __ASSET_JOB - 21cc181c-14b3-490e-9ed0-17503bde70c2 - 8900 - dlt_assets_igdb_popularity_igdb_source - ASSET_MATERIALIZATION - Materialized value igdb_source pop_igdb_played.
[32m2026-03-24 14:24:24 +0100[0m - dagster - [34mDEBUG[0m - __ASSET_JOB - 21cc181c-14b3-490e-9ed0-17503bde70c2 - 8900 - dlt_assets_igdb_popularity_igdb_source - STEP_OUTPUT - Yielded output "igdb_source__pop_steam_total_reviews" of type "Nothing". (Type check passed).
[32m2026-03-24 14:24:24 +0100[0m - dagster - [34mDEBUG[0m - __ASSET_JOB - 21cc181c-14b3-490e-9ed0-17503bde70c2 - 8900 - dlt_assets_igdb_popularity_igdb_source - ASSET_MATERIALIZATION - Materialized value igdb_source pop_steam_total_reviews.
[32m2026-03-24 14:24:24 +0100[0m - dagster - [34mDEBUG[0m - __ASSET_JOB - 21cc181c-14b3-490e-9ed0-17503bde70c2 - 8900 - dlt_assets_igdb_popularity_igdb_source - STEP_OUTPUT - Yielded output "igdb_source__pop_steam_negative_reviews" of type "Nothing". (Type check passed).
[32m2026-03-24 14:24:24 +0100[0m - dagster - [34mDEBUG[0m - __ASSET_JOB - 21cc181c-14b3-490e-9ed0-17503bde70c2 - 8900 - dlt_assets_igdb_popularity_igdb_source - ASSET_MATERIALIZATION - Materialized value igdb_source pop_steam_negative_reviews.
[32m2026-03-24 14:24:24 +0100[0m - dagster - [34mDEBUG[0m - __ASSET_JOB - 21cc181c-14b3-490e-9ed0-17503bde70c2 - 8900 - dlt_assets_igdb_popularity_igdb_source - STEP_OUTPUT - Yielded output "igdb_source__pop_steam_24hr_peak_players" of type "Nothing". (Type check passed).
[32m2026-03-24 14:24:24 +0100[0m - dagster - [34mDEBUG[0m - __ASSET_JOB - 21cc181c-14b3-490e-9ed0-17503bde70c2 - 8900 - dlt_assets_igdb_popularity_igdb_source - ASSET_MATERIALIZATION - Materialized value igdb_source pop_steam_24hr_peak_players.
[32m2026-03-24 14:24:24 +0100[0m - dagster - [34mDEBUG[0m - __ASSET_JOB - 21cc181c-14b3-490e-9ed0-17503bde70c2 - 8900 - dlt_assets_igdb_popularity_igdb_source - STEP_OUTPUT - Yielded output "igdb_source__pop_steam_positive_reviews" of type "Nothing". (Type check passed).
[32m2026-03-24 14:24:24 +0100[0m - dagster - [34mDEBUG[0m - __ASSET_JOB - 21cc181c-14b3-490e-9ed0-17503bde70c2 - 8900 - dlt_assets_igdb_popularity_igdb_source - ASSET_MATERIALIZATION - Materialized value igdb_source pop_steam_positive_reviews.
[32m2026-03-24 14:24:24 +0100[0m - dagster - [34mDEBUG[0m - __ASSET_JOB - 21cc181c-14b3-490e-9ed0-17503bde70c2 - 8900 - dlt_assets_igdb_popularity_igdb_source - STEP_OUTPUT - Yielded output "igdb_source__pop_steam_most_wishlisted_upcoming" of type "Nothing". (Type check passed).
[32m2026-03-24 14:24:24 +0100[0m - dagster - [34mDEBUG[0m - __ASSET_JOB - 21cc181c-14b3-490e-9ed0-17503bde70c2 - 8900 - dlt_assets_igdb_popularity_igdb_source - ASSET_MATERIALIZATION - Materialized value igdb_source pop_steam_most_wishlisted_upcoming.
[32m2026-03-24 14:24:24 +0100[0m - dagster - [34mDEBUG[0m - __ASSET_JOB - 21cc181c-14b3-490e-9ed0-17503bde70c2 - 8900 - dlt_assets_igdb_popularity_igdb_source - STEP_OUTPUT - Yielded output "igdb_source__pop_steam_global_top_sellers" of type "Nothing". (Type check passed).
[32m2026-03-24 14:24:25 +0100[0m - dagster - [34mDEBUG[0m - __ASSET_JOB - 21cc181c-14b3-490e-9ed0-17503bde70c2 - 8900 - dlt_assets_igdb_popularity_igdb_source - ASSET_MATERIALIZATION - Materialized value igdb_source pop_steam_global_top_sellers.
[32m2026-03-24 14:24:25 +0100[0m - dagster - [34mDEBUG[0m - __ASSET_JOB - 21cc181c-14b3-490e-9ed0-17503bde70c2 - 8900 - dlt_assets_igdb_popularity_igdb_source - STEP_OUTPUT - Yielded output "igdb_source__pop_steam_24hr_hours_watched" of type "Nothing". (Type check passed).
[32m2026-03-24 14:24:25 +0100[0m - dagster - [34mDEBUG[0m - __ASSET_JOB - 21cc181c-14b3-490e-9ed0-17503bde70c2 - 8900 - dlt_assets_igdb_popularity_igdb_source - ASSET_MATERIALIZATION - Materialized value igdb_source pop_steam_24hr_hours_watched.
[32m2026-03-24 14:24:25 +0100[0m - dagster - [34mDEBUG[0m - __ASSET_JOB - 21cc181c-14b3-490e-9ed0-17503bde70c2 - 8900 - dlt_assets_igdb_popularity_igdb_source - STEP_SUCCESS - Finished execution of step "dlt_assets_igdb_popularity_igdb_source" in 16.41s.
