Running with dbt=1.11.7
Registered adapter: postgres=1.10.0
Found 205 models, 1 operation, 106 sources, 679 macros

Concurrency: 2 threads (target='dev')

1 of 205 START sql table model public.artwork_types ............................ [RUN]
2 of 205 START sql view model public_staging.stg_age_rating_categories ......... [RUN]
2 of 205 OK created sql view model public_staging.stg_age_rating_categories .... [[32mCREATE VIEW[0m in 2.38s]
3 of 205 START sql view model public_staging.stg_age_rating_content_description_types  [RUN]
1 of 205 OK created sql table model public.artwork_types ....................... [[32mINSERT 0 12[0m in 2.48s]
4 of 205 START sql view model public_staging.stg_age_rating_content_descriptions_v2  [RUN]
3 of 205 OK created sql view model public_staging.stg_age_rating_content_description_types  [[32mCREATE VIEW[0m in 2.14s]
5 of 205 START sql view model public_staging.stg_age_rating_organizations ...... [RUN]
4 of 205 OK created sql view model public_staging.stg_age_rating_content_descriptions_v2  [[32mCREATE VIEW[0m in 2.19s]
6 of 205 START sql view model public_staging.stg_age_ratings ................... [RUN]
5 of 205 OK created sql view model public_staging.stg_age_rating_organizations . [[32mCREATE VIEW[0m in 2.16s]
7 of 205 START sql view model public_staging.stg_alternative_names ............. [RUN]
6 of 205 OK created sql view model public_staging.stg_age_ratings .............. [[32mCREATE VIEW[0m in 2.16s]
8 of 205 START sql view model public_staging.stg_artwork_types ................. [RUN]
7 of 205 OK created sql view model public_staging.stg_alternative_names ........ [[32mCREATE VIEW[0m in 2.15s]
9 of 205 START sql view model public_staging.stg_artworks ...................... [RUN]
8 of 205 OK created sql view model public_staging.stg_artwork_types ............ [[32mCREATE VIEW[0m in 2.15s]
10 of 205 START sql view model public_staging.stg_character_genders ............ [RUN]
9 of 205 OK created sql view model public_staging.stg_artworks ................. [[32mCREATE VIEW[0m in 2.10s]
11 of 205 START sql view model public_staging.stg_character_mug_shots .......... [RUN]
10 of 205 OK created sql view model public_staging.stg_character_genders ....... [[32mCREATE VIEW[0m in 2.14s]
12 of 205 START sql view model public_staging.stg_character_species ............ [RUN]
11 of 205 OK created sql view model public_staging.stg_character_mug_shots ..... [[32mCREATE VIEW[0m in 2.13s]
13 of 205 START sql view model public_staging.stg_characters ................... [RUN]
12 of 205 OK created sql view model public_staging.stg_character_species ....... [[32mCREATE VIEW[0m in 2.14s]
14 of 205 START sql view model public_staging.stg_collection_membership_types .. [RUN]
13 of 205 OK created sql view model public_staging.stg_characters .............. [[32mCREATE VIEW[0m in 2.16s]
15 of 205 START sql view model public_staging.stg_collection_memberships ....... [RUN]
14 of 205 OK created sql view model public_staging.stg_collection_membership_types  [[32mCREATE VIEW[0m in 2.16s]
16 of 205 START sql view model public_staging.stg_collection_relation_types .... [RUN]
15 of 205 OK created sql view model public_staging.stg_collection_memberships .. [[32mCREATE VIEW[0m in 2.16s]
17 of 205 START sql view model public_staging.stg_collection_relations ......... [RUN]
16 of 205 OK created sql view model public_staging.stg_collection_relation_types  [[32mCREATE VIEW[0m in 2.24s]
18 of 205 START sql view model public_staging.stg_collection_types ............. [RUN]
17 of 205 OK created sql view model public_staging.stg_collection_relations .... [[32mCREATE VIEW[0m in 2.13s]
19 of 205 START sql view model public_staging.stg_collections .................. [RUN]
18 of 205 OK created sql view model public_staging.stg_collection_types ........ [[32mCREATE VIEW[0m in 2.12s]
20 of 205 START sql view model public_staging.stg_companies .................... [RUN]
19 of 205 OK created sql view model public_staging.stg_collections ............. [[32mCREATE VIEW[0m in 2.11s]
21 of 205 START sql view model public_staging.stg_companies__developed ......... [RUN]
20 of 205 OK created sql view model public_staging.stg_companies ............... [[32mCREATE VIEW[0m in 2.13s]
22 of 205 START sql view model public_staging.stg_companies__published ......... [RUN]
21 of 205 OK created sql view model public_staging.stg_companies__developed .... [[32mCREATE VIEW[0m in 2.14s]
23 of 205 START sql view model public_staging.stg_companies__websites .......... [RUN]
22 of 205 OK created sql view model public_staging.stg_companies__published .... [[32mCREATE VIEW[0m in 2.12s]
24 of 205 START sql view model public_staging.stg_company_logos ................ [RUN]
23 of 205 OK created sql view model public_staging.stg_companies__websites ..... [[32mCREATE VIEW[0m in 2.13s]
25 of 205 START sql view model public_staging.stg_company_statuses ............. [RUN]
24 of 205 OK created sql view model public_staging.stg_company_logos ........... [[32mCREATE VIEW[0m in 2.14s]
26 of 205 START sql view model public_staging.stg_company_websites ............. [RUN]
25 of 205 OK created sql view model public_staging.stg_company_statuses ........ [[32mCREATE VIEW[0m in 2.12s]
27 of 205 START sql view model public_staging.stg_covers ....................... [RUN]
26 of 205 OK created sql view model public_staging.stg_company_websites ........ [[32mCREATE VIEW[0m in 2.12s]
28 of 205 START sql view model public_staging.stg_date_formats ................. [RUN]
27 of 205 OK created sql view model public_staging.stg_covers .................. [[32mCREATE VIEW[0m in 2.15s]
29 of 205 START sql view model public_staging.stg_event_logos .................. [RUN]
28 of 205 OK created sql view model public_staging.stg_date_formats ............ [[32mCREATE VIEW[0m in 2.11s]
30 of 205 START sql view model public_staging.stg_event_networks ............... [RUN]
29 of 205 OK created sql view model public_staging.stg_event_logos ............. [[32mCREATE VIEW[0m in 2.11s]
31 of 205 START sql view model public_staging.stg_events ....................... [RUN]
30 of 205 OK created sql view model public_staging.stg_event_networks .......... [[32mCREATE VIEW[0m in 2.14s]
32 of 205 START sql view model public_staging.stg_external_game_sources ........ [RUN]
31 of 205 OK created sql view model public_staging.stg_events .................. [[32mCREATE VIEW[0m in 2.12s]
33 of 205 START sql view model public_staging.stg_external_games ............... [RUN]
32 of 205 OK created sql view model public_staging.stg_external_game_sources ... [[32mCREATE VIEW[0m in 2.13s]
34 of 205 START sql view model public_staging.stg_franchises ................... [RUN]
33 of 205 OK created sql view model public_staging.stg_external_games .......... [[32mCREATE VIEW[0m in 2.13s]
35 of 205 START sql view model public_staging.stg_game_engines ................. [RUN]
34 of 205 OK created sql view model public_staging.stg_franchises .............. [[32mCREATE VIEW[0m in 2.13s]
36 of 205 START sql view model public_staging.stg_game_engines__companies ...... [RUN]
35 of 205 OK created sql view model public_staging.stg_game_engines ............ [[32mCREATE VIEW[0m in 2.13s]
37 of 205 START sql view model public_staging.stg_game_engines__platforms ...... [RUN]
36 of 205 OK created sql view model public_staging.stg_game_engines__companies . [[32mCREATE VIEW[0m in 2.13s]
38 of 205 START sql view model public_staging.stg_game_engines_logos ........... [RUN]
37 of 205 OK created sql view model public_staging.stg_game_engines__platforms . [[32mCREATE VIEW[0m in 2.13s]
39 of 205 START sql view model public_staging.stg_game_localization_cover ...... [RUN]
38 of 205 OK created sql view model public_staging.stg_game_engines_logos ...... [[32mCREATE VIEW[0m in 2.11s]
40 of 205 START sql view model public_staging.stg_game_localizations ........... [RUN]
39 of 205 OK created sql view model public_staging.stg_game_localization_cover . [[32mCREATE VIEW[0m in 2.15s]
41 of 205 START sql view model public_staging.stg_game_modes ................... [RUN]
40 of 205 OK created sql view model public_staging.stg_game_localizations ...... [[32mCREATE VIEW[0m in 2.12s]
42 of 205 START sql view model public_staging.stg_game_release_formats ......... [RUN]
41 of 205 OK created sql view model public_staging.stg_game_modes .............. [[32mCREATE VIEW[0m in 2.14s]
43 of 205 START sql view model public_staging.stg_game_statuses ................ [RUN]
42 of 205 OK created sql view model public_staging.stg_game_release_formats .... [[32mCREATE VIEW[0m in 2.14s]
44 of 205 START sql view model public_staging.stg_game_time_to_beats ........... [RUN]
43 of 205 OK created sql view model public_staging.stg_game_statuses ........... [[32mCREATE VIEW[0m in 2.12s]
45 of 205 START sql view model public_staging.stg_game_types ................... [RUN]
44 of 205 OK created sql view model public_staging.stg_game_time_to_beats ...... [[32mCREATE VIEW[0m in 2.14s]
46 of 205 START sql view model public_staging.stg_game_version_feature_values .. [RUN]
45 of 205 OK created sql view model public_staging.stg_game_types .............. [[32mCREATE VIEW[0m in 2.13s]
47 of 205 START sql view model public_staging.stg_game_version_features ........ [RUN]
46 of 205 OK created sql view model public_staging.stg_game_version_feature_values  [[32mCREATE VIEW[0m in 2.13s]
48 of 205 START sql view model public_staging.stg_game_versions ................ [RUN]
47 of 205 OK created sql view model public_staging.stg_game_version_features ... [[32mCREATE VIEW[0m in 2.13s]
49 of 205 START sql view model public_staging.stg_games ........................ [RUN]
48 of 205 OK created sql view model public_staging.stg_game_versions ........... [[32mCREATE VIEW[0m in 2.15s]
50 of 205 START sql view model public_staging.stg_games__age_ratings ........... [RUN]
49 of 205 OK created sql view model public_staging.stg_games ................... [[32mCREATE VIEW[0m in 2.16s]
51 of 205 START sql view model public_staging.stg_games__alternative_names ..... [RUN]
50 of 205 OK created sql view model public_staging.stg_games__age_ratings ...... [[32mCREATE VIEW[0m in 2.13s]
52 of 205 START sql view model public_staging.stg_games__artworks .............. [RUN]
51 of 205 OK created sql view model public_staging.stg_games__alternative_names  [[32mCREATE VIEW[0m in 2.11s]
53 of 205 START sql view model public_staging.stg_games__bundles ............... [RUN]
52 of 205 OK created sql view model public_staging.stg_games__artworks ......... [[32mCREATE VIEW[0m in 2.15s]
54 of 205 START sql view model public_staging.stg_games__collections ........... [RUN]
53 of 205 OK created sql view model public_staging.stg_games__bundles .......... [[32mCREATE VIEW[0m in 2.15s]
55 of 205 START sql view model public_staging.stg_games__dlcs .................. [RUN]
54 of 205 OK created sql view model public_staging.stg_games__collections ...... [[32mCREATE VIEW[0m in 2.13s]
56 of 205 START sql view model public_staging.stg_games__expanded_games ........ [RUN]
55 of 205 OK created sql view model public_staging.stg_games__dlcs ............. [[32mCREATE VIEW[0m in 2.13s]
57 of 205 START sql view model public_staging.stg_games__expansions ............ [RUN]
56 of 205 OK created sql view model public_staging.stg_games__expanded_games ... [[32mCREATE VIEW[0m in 2.13s]
58 of 205 START sql view model public_staging.stg_games__external_games ........ [RUN]
57 of 205 OK created sql view model public_staging.stg_games__expansions ....... [[32mCREATE VIEW[0m in 2.11s]
59 of 205 START sql view model public_staging.stg_games__forks ................. [RUN]
58 of 205 OK created sql view model public_staging.stg_games__external_games ... [[32mCREATE VIEW[0m in 2.13s]
60 of 205 START sql view model public_staging.stg_games__franchises ............ [RUN]
59 of 205 OK created sql view model public_staging.stg_games__forks ............ [[32mCREATE VIEW[0m in 2.09s]
61 of 205 START sql view model public_staging.stg_games__game_engines .......... [RUN]
60 of 205 OK created sql view model public_staging.stg_games__franchises ....... [[32mCREATE VIEW[0m in 2.12s]
62 of 205 START sql view model public_staging.stg_games__game_localizations .... [RUN]
61 of 205 OK created sql view model public_staging.stg_games__game_engines ..... [[32mCREATE VIEW[0m in 2.13s]
63 of 205 START sql view model public_staging.stg_games__game_modes ............ [RUN]
62 of 205 OK created sql view model public_staging.stg_games__game_localizations  [[32mCREATE VIEW[0m in 2.09s]
64 of 205 START sql view model public_staging.stg_games__genres ................ [RUN]
63 of 205 OK created sql view model public_staging.stg_games__game_modes ....... [[32mCREATE VIEW[0m in 2.12s]
65 of 205 START sql view model public_staging.stg_games__involved_companies .... [RUN]
64 of 205 OK created sql view model public_staging.stg_games__genres ........... [[32mCREATE VIEW[0m in 2.13s]
66 of 205 START sql view model public_staging.stg_games__keywords .............. [RUN]
65 of 205 OK created sql view model public_staging.stg_games__involved_companies  [[32mCREATE VIEW[0m in 2.13s]
67 of 205 START sql view model public_staging.stg_games__language_supports ..... [RUN]
66 of 205 OK created sql view model public_staging.stg_games__keywords ......... [[32mCREATE VIEW[0m in 2.14s]
68 of 205 START sql view model public_staging.stg_games__multiplayer_modes ..... [RUN]
67 of 205 OK created sql view model public_staging.stg_games__language_supports  [[32mCREATE VIEW[0m in 2.14s]
69 of 205 START sql view model public_staging.stg_games__platforms ............. [RUN]
68 of 205 OK created sql view model public_staging.stg_games__multiplayer_modes  [[32mCREATE VIEW[0m in 2.11s]
70 of 205 START sql view model public_staging.stg_games__player_perspectives ... [RUN]
69 of 205 OK created sql view model public_staging.stg_games__platforms ........ [[32mCREATE VIEW[0m in 2.11s]
71 of 205 START sql view model public_staging.stg_games__ports ................. [RUN]
70 of 205 OK created sql view model public_staging.stg_games__player_perspectives  [[32mCREATE VIEW[0m in 2.18s]
72 of 205 START sql view model public_staging.stg_games__release_dates ......... [RUN]
71 of 205 OK created sql view model public_staging.stg_games__ports ............ [[32mCREATE VIEW[0m in 2.12s]
73 of 205 START sql view model public_staging.stg_games__remakes ............... [RUN]
72 of 205 OK created sql view model public_staging.stg_games__release_dates .... [[32mCREATE VIEW[0m in 2.13s]
74 of 205 START sql view model public_staging.stg_games__remasters ............. [RUN]
73 of 205 OK created sql view model public_staging.stg_games__remakes .......... [[32mCREATE VIEW[0m in 2.12s]
75 of 205 START sql view model public_staging.stg_games__screenshots ........... [RUN]
74 of 205 OK created sql view model public_staging.stg_games__remasters ........ [[32mCREATE VIEW[0m in 2.17s]
76 of 205 START sql view model public_staging.stg_games__similar_games ......... [RUN]
75 of 205 OK created sql view model public_staging.stg_games__screenshots ...... [[32mCREATE VIEW[0m in 2.13s]
77 of 205 START sql view model public_staging.stg_games__standalone_expansions . [RUN]
76 of 205 OK created sql view model public_staging.stg_games__similar_games .... [[32mCREATE VIEW[0m in 2.10s]
78 of 205 START sql view model public_staging.stg_games__tags .................. [RUN]
77 of 205 OK created sql view model public_staging.stg_games__standalone_expansions  [[32mCREATE VIEW[0m in 2.12s]
79 of 205 START sql view model public_staging.stg_games__themes ................ [RUN]
78 of 205 OK created sql view model public_staging.stg_games__tags ............. [[32mCREATE VIEW[0m in 2.15s]
80 of 205 START sql view model public_staging.stg_games__videos ................ [RUN]
79 of 205 OK created sql view model public_staging.stg_games__themes ........... [[32mCREATE VIEW[0m in 2.14s]
81 of 205 START sql view model public_staging.stg_games__websites .............. [RUN]
80 of 205 OK created sql view model public_staging.stg_games__videos ........... [[32mCREATE VIEW[0m in 2.15s]
82 of 205 START sql view model public_staging.stg_genres ....................... [RUN]
81 of 205 OK created sql view model public_staging.stg_games__websites ......... [[32mCREATE VIEW[0m in 2.14s]
83 of 205 START sql view model public_staging.stg_involved_companies ........... [RUN]
82 of 205 OK created sql view model public_staging.stg_genres .................. [[32mCREATE VIEW[0m in 2.13s]
84 of 205 START sql view model public_staging.stg_keywords ..................... [RUN]
83 of 205 OK created sql view model public_staging.stg_involved_companies ...... [[32mCREATE VIEW[0m in 2.12s]
85 of 205 START sql view model public_staging.stg_language_support_types ....... [RUN]
84 of 205 OK created sql view model public_staging.stg_keywords ................ [[32mCREATE VIEW[0m in 2.15s]
86 of 205 START sql view model public_staging.stg_language_supports ............ [RUN]
85 of 205 OK created sql view model public_staging.stg_language_support_types .. [[32mCREATE VIEW[0m in 2.15s]
87 of 205 START sql view model public_staging.stg_languages .................... [RUN]
86 of 205 OK created sql view model public_staging.stg_language_supports ....... [[32mCREATE VIEW[0m in 2.13s]
88 of 205 START sql view model public_staging.stg_multiplayer_modes ............ [RUN]
87 of 205 OK created sql view model public_staging.stg_languages ............... [[32mCREATE VIEW[0m in 2.12s]
89 of 205 START sql view model public_staging.stg_network_types ................ [RUN]
88 of 205 OK created sql view model public_staging.stg_multiplayer_modes ....... [[32mCREATE VIEW[0m in 2.14s]
90 of 205 START sql view model public_staging.stg_platform_family .............. [RUN]
89 of 205 OK created sql view model public_staging.stg_network_types ........... [[32mCREATE VIEW[0m in 2.14s]
91 of 205 START sql view model public_staging.stg_platform_logo ................ [RUN]
90 of 205 OK created sql view model public_staging.stg_platform_family ......... [[32mCREATE VIEW[0m in 2.14s]
92 of 205 START sql view model public_staging.stg_platform_type ................ [RUN]
91 of 205 OK created sql view model public_staging.stg_platform_logo ........... [[32mCREATE VIEW[0m in 2.13s]
93 of 205 START sql view model public_staging.stg_platform_version_companies ... [RUN]
92 of 205 OK created sql view model public_staging.stg_platform_type ........... [[32mCREATE VIEW[0m in 2.13s]
94 of 205 START sql view model public_staging.stg_platform_version_release_dates  [RUN]
93 of 205 OK created sql view model public_staging.stg_platform_version_companies  [[32mCREATE VIEW[0m in 2.12s]
95 of 205 START sql view model public_staging.stg_platform_versions ............ [RUN]
94 of 205 OK created sql view model public_staging.stg_platform_version_release_dates  [[32mCREATE VIEW[0m in 2.17s]
96 of 205 START sql view model public_staging.stg_platform_versions__companies . [RUN]
95 of 205 OK created sql view model public_staging.stg_platform_versions ....... [[32mCREATE VIEW[0m in 2.15s]
97 of 205 START sql view model public_staging.stg_platform_versions__platform_version_release_dates  [RUN]
96 of 205 OK created sql view model public_staging.stg_platform_versions__companies  [[32mCREATE VIEW[0m in 2.12s]
98 of 205 START sql view model public_staging.stg_platform_websites ............ [RUN]
97 of 205 OK created sql view model public_staging.stg_platform_versions__platform_version_release_dates  [[32mCREATE VIEW[0m in 2.17s]
99 of 205 START sql view model public_staging.stg_platforms .................... [RUN]
98 of 205 OK created sql view model public_staging.stg_platform_websites ....... [[32mCREATE VIEW[0m in 2.13s]
100 of 205 START sql view model public_staging.stg_platforms__versions ......... [RUN]
99 of 205 OK created sql view model public_staging.stg_platforms ............... [[32mCREATE VIEW[0m in 2.12s]
101 of 205 START sql view model public_staging.stg_platforms__websites ......... [RUN]
100 of 205 OK created sql view model public_staging.stg_platforms__versions .... [[32mCREATE VIEW[0m in 2.12s]
102 of 205 START sql view model public_staging.stg_player_perspectives ......... [RUN]
101 of 205 OK created sql view model public_staging.stg_platforms__websites .... [[32mCREATE VIEW[0m in 2.14s]
103 of 205 START sql view model public_staging.stg_pop_igdb_played ............. [RUN]
102 of 205 OK created sql view model public_staging.stg_player_perspectives .... [[32mCREATE VIEW[0m in 2.14s]
104 of 205 START sql view model public_staging.stg_pop_igdb_playing ............ [RUN]
103 of 205 OK created sql view model public_staging.stg_pop_igdb_played ........ [[32mCREATE VIEW[0m in 2.14s]
105 of 205 START sql view model public_staging.stg_pop_igdb_visits ............. [RUN]
104 of 205 OK created sql view model public_staging.stg_pop_igdb_playing ....... [[32mCREATE VIEW[0m in 2.15s]
106 of 205 START sql view model public_staging.stg_pop_igdb_wants_to_play ...... [RUN]
105 of 205 OK created sql view model public_staging.stg_pop_igdb_visits ........ [[32mCREATE VIEW[0m in 2.14s]
107 of 205 START sql view model public_staging.stg_pop_steam_24hr_hours_watched  [RUN]
106 of 205 OK created sql view model public_staging.stg_pop_igdb_wants_to_play . [[32mCREATE VIEW[0m in 2.12s]
108 of 205 START sql view model public_staging.stg_pop_steam_24hr_peak_players . [RUN]
107 of 205 OK created sql view model public_staging.stg_pop_steam_24hr_hours_watched  [[32mCREATE VIEW[0m in 2.13s]
109 of 205 START sql view model public_staging.stg_pop_steam_global_top_sellers  [RUN]
108 of 205 OK created sql view model public_staging.stg_pop_steam_24hr_peak_players  [[32mCREATE VIEW[0m in 2.12s]
110 of 205 START sql view model public_staging.stg_pop_steam_most_wishlisted_upcoming  [RUN]
109 of 205 OK created sql view model public_staging.stg_pop_steam_global_top_sellers  [[32mCREATE VIEW[0m in 2.13s]
111 of 205 START sql view model public_staging.stg_pop_steam_negative_reviews .. [RUN]
110 of 205 OK created sql view model public_staging.stg_pop_steam_most_wishlisted_upcoming  [[32mCREATE VIEW[0m in 2.09s]
112 of 205 START sql view model public_staging.stg_pop_steam_positive_reviews .. [RUN]
111 of 205 OK created sql view model public_staging.stg_pop_steam_negative_reviews  [[32mCREATE VIEW[0m in 2.13s]
113 of 205 START sql view model public_staging.stg_pop_steam_total_reviews ..... [RUN]
112 of 205 OK created sql view model public_staging.stg_pop_steam_positive_reviews  [[32mCREATE VIEW[0m in 2.15s]
114 of 205 START sql view model public_staging.stg_popularity_types ............ [RUN]
113 of 205 OK created sql view model public_staging.stg_pop_steam_total_reviews  [[32mCREATE VIEW[0m in 2.12s]
115 of 205 START sql view model public_staging.stg_regions ..................... [RUN]
114 of 205 OK created sql view model public_staging.stg_popularity_types ....... [[32mCREATE VIEW[0m in 2.26s]
116 of 205 START sql view model public_staging.stg_release_date_regions ........ [RUN]
115 of 205 OK created sql view model public_staging.stg_regions ................ [[32mCREATE VIEW[0m in 2.14s]
117 of 205 START sql view model public_staging.stg_release_date_statuses ....... [RUN]
116 of 205 OK created sql view model public_staging.stg_release_date_regions ... [[32mCREATE VIEW[0m in 2.13s]
118 of 205 START sql view model public_staging.stg_release_dates ............... [RUN]
117 of 205 OK created sql view model public_staging.stg_release_date_statuses .. [[32mCREATE VIEW[0m in 2.14s]
119 of 205 START sql view model public_staging.stg_screenshots ................. [RUN]
118 of 205 OK created sql view model public_staging.stg_release_dates .......... [[32mCREATE VIEW[0m in 2.13s]
120 of 205 START sql view model public_staging.stg_themes ...................... [RUN]
119 of 205 OK created sql view model public_staging.stg_screenshots ............ [[32mCREATE VIEW[0m in 2.13s]
121 of 205 START sql view model public_staging.stg_videos ...................... [RUN]
120 of 205 OK created sql view model public_staging.stg_themes ................. [[32mCREATE VIEW[0m in 2.13s]
122 of 205 START sql view model public_staging.stg_website_types ............... [RUN]
121 of 205 OK created sql view model public_staging.stg_videos ................. [[32mCREATE VIEW[0m in 2.13s]
123 of 205 START sql view model public_staging.stg_websites .................... [RUN]
122 of 205 OK created sql view model public_staging.stg_website_types .......... [[32mCREATE VIEW[0m in 2.11s]
124 of 205 START sql table model public.age_rating_content_description_types ... [RUN]
123 of 205 OK created sql view model public_staging.stg_websites ............... [[32mCREATE VIEW[0m in 2.12s]
125 of 205 START sql table model public.age_rating_organizations ............... [RUN]
124 of 205 OK created sql table model public.age_rating_content_description_types  [[32mINSERT 0 2[0m in 2.18s]
126 of 205 START sql table model public.artworks ............................... [RUN]
125 of 205 OK created sql table model public.age_rating_organizations .......... [[32mINSERT 0 7[0m in 2.15s]
127 of 205 START sql table model public.character_genders ...................... [RUN]
126 of 205 OK created sql table model public.artworks .......................... [[32mINSERT 0 206319[0m in 3.07s]
128 of 205 START sql table model public.character_mug_shots .................... [RUN]
127 of 205 OK created sql table model public.character_genders ................. [[32mINSERT 0 3[0m in 2.20s]
129 of 205 START sql table model public.character_species ...................... [RUN]
128 of 205 OK created sql table model public.character_mug_shots ............... [[32mINSERT 0 463[0m in 2.22s]
130 of 205 START sql view model public_intermediate.int_companies .............. [RUN]
129 of 205 OK created sql table model public.character_species ................. [[32mINSERT 0 5[0m in 2.20s]
131 of 205 START sql table model public.company_logos .......................... [RUN]
130 of 205 OK created sql view model public_intermediate.int_companies ......... [[32mCREATE VIEW[0m in 2.12s]
132 of 205 START sql table model public.company_statuses ....................... [RUN]
131 of 205 OK created sql table model public.company_logos ..................... [[32mINSERT 0 15461[0m in 2.29s]
133 of 205 START sql table model public.date_formats ........................... [RUN]
132 of 205 OK created sql table model public.company_statuses .................. [[32mINSERT 0 4[0m in 2.18s]
134 of 205 START sql table model public.event_logos ............................ [RUN]
133 of 205 OK created sql table model public.date_formats ...................... [[32mINSERT 0 8[0m in 2.19s]
135 of 205 START sql table model public.external_game_sources .................. [RUN]
134 of 205 OK created sql table model public.event_logos ....................... [[32mINSERT 0 815[0m in 2.25s]
136 of 205 START sql table model public.franchises ............................. [RUN]
135 of 205 OK created sql table model public.external_game_sources ............. [[32mINSERT 0 22[0m in 2.18s]
137 of 205 START sql table model public.game_engine_logo ....................... [RUN]
136 of 205 OK created sql table model public.franchises ........................ [[32mINSERT 0 2622[0m in 2.19s]
138 of 205 START sql view model public_intermediate.int_covers_unified ......... [RUN]
137 of 205 OK created sql table model public.game_engine_logo .................. [[32mINSERT 0 299[0m in 2.19s]
139 of 205 START sql table model public.game_modes ............................. [RUN]
138 of 205 OK created sql view model public_intermediate.int_covers_unified .... [[32mCREATE VIEW[0m in 2.11s]
140 of 205 START sql table model public.game_release_formats ................... [RUN]
139 of 205 OK created sql table model public.game_modes ........................ [[32mINSERT 0 6[0m in 2.19s]
141 of 205 START sql table model public.game_statuses .......................... [RUN]
140 of 205 OK created sql table model public.game_release_formats .............. [[32mINSERT 0 2[0m in 2.21s]
142 of 205 START sql table model public.game_types ............................. [RUN]
141 of 205 OK created sql table model public.game_statuses ..................... [[32mINSERT 0 8[0m in 2.19s]
143 of 205 START sql view model public_intermediate.int_games .................. [RUN]
142 of 205 OK created sql table model public.game_types ........................ [[32mINSERT 0 15[0m in 2.18s]
144 of 205 START sql table model public.genres ................................. [RUN]
143 of 205 OK created sql view model public_intermediate.int_games ............. [[32mCREATE VIEW[0m in 2.17s]
145 of 205 START sql table model public.involved_companies ..................... [RUN]
144 of 205 OK created sql table model public.genres ............................ [[32mINSERT 0 23[0m in 2.17s]
146 of 205 START sql table model public.keywords ............................... [RUN]
145 of 205 OK created sql table model public.involved_companies ................ [[32mINSERT 0 254620[0m in 3.22s]
147 of 205 START sql table model public.language_support_types ................. [RUN]
146 of 205 OK created sql table model public.keywords .......................... [[32mINSERT 0 6912[0m in 2.19s]
148 of 205 START sql table model public.languages .............................. [RUN]
147 of 205 OK created sql table model public.language_support_types ............ [[32mINSERT 0 3[0m in 2.19s]
149 of 205 START sql table model public.multiplayer_modes ...................... [RUN]
148 of 205 OK created sql table model public.languages ......................... [[32mINSERT 0 28[0m in 2.19s]
150 of 205 START sql table model public.network_types .......................... [RUN]
149 of 205 OK created sql table model public.multiplayer_modes ................. [[32mINSERT 0 22627[0m in 2.26s]
151 of 205 START sql table model public.platform_family ........................ [RUN]
150 of 205 OK created sql table model public.network_types ..................... [[32mINSERT 0 4[0m in 2.20s]
152 of 205 START sql table model public.platform_logo .......................... [RUN]
151 of 205 OK created sql table model public.platform_family ................... [[32mINSERT 0 5[0m in 2.21s]
153 of 205 START sql table model public.platform_types ......................... [RUN]
152 of 205 OK created sql table model public.platform_logo ..................... [[32mINSERT 0 183[0m in 2.22s]
154 of 205 START sql view model public_intermediate.int_platform_versions ...... [RUN]
153 of 205 OK created sql table model public.platform_types .................... [[32mINSERT 0 6[0m in 2.19s]
155 of 205 START sql table model public.platform_websites ...................... [RUN]
154 of 205 OK created sql view model public_intermediate.int_platform_versions . [[32mCREATE VIEW[0m in 2.11s]
156 of 205 START sql table model public.player_perspectives .................... [RUN]
155 of 205 OK created sql table model public.platform_websites ................. [[32mINSERT 0 120[0m in 2.19s]
157 of 205 START sql view model public_intermediate.int_popularity_primitives_union  [RUN]
156 of 205 OK created sql table model public.player_perspectives ............... [[32mINSERT 0 7[0m in 2.22s]
158 of 205 START sql table model public.popularity_types ....................... [RUN]
157 of 205 OK created sql view model public_intermediate.int_popularity_primitives_union  [[32mCREATE VIEW[0m in 2.33s]
159 of 205 START sql table model public.regions ................................ [RUN]
158 of 205 OK created sql table model public.popularity_types .................. [[32mINSERT 0 11[0m in 2.25s]
160 of 205 START sql table model public.release_date_regions ................... [RUN]
159 of 205 OK created sql table model public.regions ........................... [[32mINSERT 0 3[0m in 2.22s]
161 of 205 START sql table model public.release_date_statuses .................. [RUN]
160 of 205 OK created sql table model public.release_date_regions .............. [[32mINSERT 0 10[0m in 2.24s]
162 of 205 START sql table model public.themes ................................. [RUN]
161 of 205 OK created sql table model public.release_date_statuses ............. [[32mINSERT 0 9[0m in 2.23s]
163 of 205 START sql table model public.website_types .......................... [RUN]
162 of 205 OK created sql table model public.themes ............................ [[32mINSERT 0 22[0m in 2.25s]
164 of 205 START sql table model public.age_rating_categories .................. [RUN]
163 of 205 OK created sql table model public.website_types ..................... [[32mINSERT 0 22[0m in 2.19s]
165 of 205 START sql table model public.age_rating_content_descriptions_v2 ..... [RUN]
164 of 205 OK created sql table model public.age_rating_categories ............. [[32mINSERT 0 40[0m in 2.21s]
166 of 205 START sql table model public.characters ............................. [RUN]
165 of 205 OK created sql table model public.age_rating_content_descriptions_v2  [[32mINSERT 0 97[0m in 2.18s]
167 of 205 START sql table model public.companies .............................. [RUN]
166 of 205 OK created sql table model public.characters ........................ [[32mINSERT 0 16502[0m in 2.35s]
168 of 205 START sql table model public.events ................................. [RUN]
168 of 205 OK created sql table model public.events ............................ [[32mINSERT 0 810[0m in 2.22s]
169 of 205 START sql table model public.game_engines ........................... [RUN]
167 of 205 OK created sql table model public.companies ......................... [[32mINSERT 0 66940[0m in 3.65s]
170 of 205 START sql view model public_intermediate.int_game_localizations ..... [RUN]
169 of 205 OK created sql table model public.game_engines ...................... [[32mINSERT 0 1422[0m in 2.25s]
171 of 205 START sql table model public.covers ................................. [RUN]
170 of 205 OK created sql view model public_intermediate.int_game_localizations  [[32mCREATE VIEW[0m in 2.11s]
172 of 205 START sql table model public.platforms .............................. [RUN]
172 of 205 OK created sql table model public.platforms ......................... [[32mINSERT 0 220[0m in 2.23s]
173 of 205 START sql table model public.company_websites ....................... [RUN]
171 of 205 OK created sql table model public.covers ............................ [[32mINSERT 0 291655[0m in 3.78s]
174 of 205 START sql table model public.age_ratings ............................ [RUN]
173 of 205 OK created sql table model public.company_websites .................. [[32mINSERT 0 17035[0m in 2.32s]
175 of 205 START sql view model public_intermediate.int_event_network .......... [RUN]
175 of 205 OK created sql view model public_intermediate.int_event_network ..... [[32mCREATE VIEW[0m in 2.14s]
176 of 205 START sql table model public.involved_company_company ............... [RUN]
174 of 205 OK created sql table model public.age_ratings ....................... [[32mINSERT 0 174818[0m in 4.65s]
177 of 205 START sql table model public.mart_company_search .................... [RUN]
177 of 205 OK created sql table model public.mart_company_search ............... [[32mSELECT 66940[0m in 2.76s]
178 of 205 START sql table model public.platform_version_companies ............. [RUN]
176 of 205 OK created sql table model public.involved_company_company .......... [[32mINSERT 0 254620[0m in 7.14s]
179 of 205 START sql table model public.bridge_game__game_engine ............... [RUN]
178 of 205 OK created sql table model public.platform_version_companies ........ [[32mINSERT 0 674[0m in 3.76s]
180 of 205 START sql table model public.game_engine_company .................... [RUN]
180 of 205 OK created sql table model public.game_engine_company ............... [[32mINSERT 0 355[0m in 2.21s]
181 of 205 START sql table model public.game_engine_platforms .................. [RUN]
179 of 205 OK created sql table model public.bridge_game__game_engine .......... [[32mSELECT 49798[0m in 2.36s]
182 of 205 START sql table model public.games .................................. [RUN]
181 of 205 OK created sql table model public.game_engine_platforms ............. [[32mINSERT 0 1413[0m in 2.24s]
183 of 205 START sql table model public.event_networks ......................... [RUN]
183 of 205 OK created sql table model public.event_networks .................... [[32mINSERT 0 1253[0m in 2.30s]
184 of 205 START sql table model public.platform_versions ...................... [RUN]
184 of 205 OK created sql table model public.platform_versions ................. [[32mINSERT 0 422[0m in 2.20s]
185 of 205 START sql table model public.platform_version_company ............... [RUN]
185 of 205 OK created sql table model public.platform_version_company .......... [[32mINSERT 0 222[0m in 2.35s]
182 of 205 OK created sql table model public.games ............................. [[32mINSERT 0 348040[0m in 10.33s]
186 of 205 START sql table model public.games_dlc .............................. [RUN]
187 of 205 START sql table model public.game_franchise ......................... [RUN]
187 of 205 OK created sql table model public.game_franchise .................... [[32mINSERT 0 33211[0m in 3.58s]
188 of 205 START sql table model public.game_game_mode ......................... [RUN]
186 of 205 OK created sql table model public.games_dlc ......................... [[32mINSERT 0 15853[0m in 4.40s]
189 of 205 START sql table model public.game_genre ............................. [RUN]
188 of 205 OK created sql table model public.game_game_mode .................... [[32mINSERT 0 321580[0m in 9.98s]
190 of 205 START sql table model public.game_keyword ........................... [RUN]
189 of 205 OK created sql table model public.game_genre ........................ [[32mINSERT 0 567934[0m in 21.08s]
191 of 205 START sql table model public.game_multiplayer_mode .................. [RUN]
190 of 205 OK created sql table model public.game_keyword ...................... [[32mINSERT 0 611198[0m in 23.75s]
192 of 205 START sql table model public.game_platform .......................... [RUN]
191 of 205 OK created sql table model public.game_multiplayer_mode ............. [[32mINSERT 0 22627[0m in 12.80s]
193 of 205 START sql table model public.game_player_perspective ................ [RUN]
192 of 205 OK created sql table model public.game_platform ..................... [[32mINSERT 0 468242[0m in 15.22s]
194 of 205 START sql table model public.game_theme ............................. [RUN]
193 of 205 OK created sql table model public.game_player_perspective ........... [[32mINSERT 0 155969[0m in 18.82s]
195 of 205 START sql view model public_intermediate.int_external_games ......... [RUN]
195 of 205 OK created sql view model public_intermediate.int_external_games .... [[32mCREATE VIEW[0m in 2.12s]
196 of 205 START sql table model public.alternative_names ...................... [RUN]
194 of 205 OK created sql table model public.game_theme ........................ [[32mINSERT 0 290312[0m in 12.34s]
197 of 205 START sql table model public.game_localizations ..................... [RUN]
196 of 205 OK created sql table model public.alternative_names ................. [[32mINSERT 0 173216[0m in 8.72s]
198 of 205 START sql table model public.popularity_primitives .................. [RUN]
197 of 205 OK created sql table model public.game_localizations ................ [[32mINSERT 0 40971[0m in 4.93s]
199 of 205 START sql table model public.release_dates .......................... [RUN]
198 of 205 OK created sql table model public.popularity_primitives ............. [[32mINSERT 0 3885[0m in 2.60s]
200 of 205 START sql table model public.screenshots ............................ [RUN]
199 of 205 OK created sql table model public.release_dates ..................... [[32mINSERT 0 522545[0m in 23.57s]
201 of 205 START sql table model public.videos ................................. [RUN]
200 of 205 OK created sql table model public.screenshots ....................... [[32mINSERT 0 1546458[0m in 43.17s]
202 of 205 START sql table model public.websites ............................... [RUN]
201 of 205 OK created sql table model public.videos ............................ [[32mINSERT 0 131222[0m in 22.76s]
203 of 205 START sql table model public.external_games ......................... [RUN]
202 of 205 OK created sql table model public.websites .......................... [[32mINSERT 0 853373[0m in 20.86s]
204 of 205 START sql table model public.mart_games_search ...................... [RUN]
204 of 205 OK created sql table model public.mart_games_search ................. [[32mSELECT 348040[0m in 9.70s]
205 of 205 START sql table model public.game_popularity_latest ................. [RUN]
203 of 205 OK created sql table model public.external_games .................... [[32mINSERT 0 639855[0m in 39.06s]
205 of 205 OK created sql table model public.game_popularity_latest ............ [[32mINSERT 0 1378[0m in 11.09s]

Running dbt Constraints
Finished dbt Constraints
1 of 1 START hook: dbt_constraints.on-run-end.0 ................................ [RUN]
1 of 1 OK hook: dbt_constraints.on-run-end.0 ................................... [[32mOK[0m in 0.10s]

Finished running 1 project hook, 75 table models, 130 view models in 0 hours 6 minutes and 20.85 seconds (380.85s).

[32mCompleted successfully[0m

Done. PASS=206 WARN=0 ERROR=0 SKIP=0 NO-OP=0 TOTAL=206
