[32m2026-03-24 14:26:18 +0100[0m - dagster - [34mDEBUG[0m - __ASSET_JOB - 21cc181c-14b3-490e-9ed0-17503bde70c2 - 9432 - LOGS_CAPTURED - Started capturing logs in process (pid: 9432).
[32m2026-03-24 14:26:18 +0100[0m - dagster - [34mDEBUG[0m - __ASSET_JOB - 21cc181c-14b3-490e-9ed0-17503bde70c2 - 9432 - igdb_transform - STEP_START - Started execution of step "igdb_transform".
[32m2026-03-24 14:26:19 +0100[0m - dagster - [34mINFO[0m - __ASSET_JOB - 21cc181c-14b3-490e-9ed0-17503bde70c2 - igdb_transform - A dbt subsetted execution is not being performed. Using the default dbt selection arguments `['--select', 'fqn:*']`.
[32m2026-03-24 14:26:26 +0100[0m - dagster - [34mINFO[0m - __ASSET_JOB - 21cc181c-14b3-490e-9ed0-17503bde70c2 - igdb_transform - Copying `D:\Projects\ProjectLudus\code\orchestration\src\orchestration\defs\.local_defs_state\DbtProjectComponent__dbt__\project\target\partial_parse.msgpack` to `D:\Projects\ProjectLudus\code\orchestration\src\orchestration\defs\.local_defs_state\DbtProjectComponent__dbt__\project\target\igdb_transform-21cc181-33e5996\partial_parse.msgpack` to take advantage of partial parsing.
[32m2026-03-24 14:26:26 +0100[0m - dagster - [34mINFO[0m - __ASSET_JOB - 21cc181c-14b3-490e-9ed0-17503bde70c2 - igdb_transform - Running dbt command: `dbt build --select fqn:*`.
[32m2026-03-24 14:26:44 +0100[0m - dagster - [34mDEBUG[0m - __ASSET_JOB - 21cc181c-14b3-490e-9ed0-17503bde70c2 - 9432 - igdb_transform - STEP_OUTPUT - Yielded output "staging__stg_age_rating_categories" of type "Nothing". (Type check passed).
[32m2026-03-24 14:26:44 +0100[0m - dagster - [34mDEBUG[0m - __ASSET_JOB - 21cc181c-14b3-490e-9ed0-17503bde70c2 - 9432 - igdb_transform - ASSET_MATERIALIZATION - Materialized value staging stg_age_rating_categories.
[32m2026-03-24 14:26:44 +0100[0m - dagster - [34mDEBUG[0m - __ASSET_JOB - 21cc181c-14b3-490e-9ed0-17503bde70c2 - 9432 - igdb_transform - STEP_OUTPUT - Yielded output "mart_artwork_types" of type "Nothing". (Type check passed).
[32m2026-03-24 14:26:44 +0100[0m - dagster - [34mDEBUG[0m - __ASSET_JOB - 21cc181c-14b3-490e-9ed0-17503bde70c2 - 9432 - igdb_transform - ASSET_MATERIALIZATION - Materialized value mart_artwork_types.
[32m2026-03-24 14:26:46 +0100[0m - dagster - [34mDEBUG[0m - __ASSET_JOB - 21cc181c-14b3-490e-9ed0-17503bde70c2 - 9432 - igdb_transform - STEP_OUTPUT - Yielded output "staging__stg_age_rating_content_description_types" of type "Nothing". (Type check passed).
[32m2026-03-24 14:26:46 +0100[0m - dagster - [34mDEBUG[0m - __ASSET_JOB - 21cc181c-14b3-490e-9ed0-17503bde70c2 - 9432 - igdb_transform - ASSET_MATERIALIZATION - Materialized value staging stg_age_rating_content_description_types.
[32m2026-03-24 14:26:46 +0100[0m - dagster - [34mDEBUG[0m - __ASSET_JOB - 21cc181c-14b3-490e-9ed0-17503bde70c2 - 9432 - igdb_transform - STEP_OUTPUT - Yielded output "staging__stg_age_rating_content_descriptions_v2" of type "Nothing". (Type check passed).
[32m2026-03-24 14:26:46 +0100[0m - dagster - [34mDEBUG[0m - __ASSET_JOB - 21cc181c-14b3-490e-9ed0-17503bde70c2 - 9432 - igdb_transform - ASSET_MATERIALIZATION - Materialized value staging stg_age_rating_content_descriptions_v2.
[32m2026-03-24 14:26:48 +0100[0m - dagster - [34mDEBUG[0m - __ASSET_JOB - 21cc181c-14b3-490e-9ed0-17503bde70c2 - 9432 - igdb_transform - STEP_OUTPUT - Yielded output "staging__stg_age_rating_organizations" of type "Nothing". (Type check passed).
[32m2026-03-24 14:26:48 +0100[0m - dagster - [34mDEBUG[0m - __ASSET_JOB - 21cc181c-14b3-490e-9ed0-17503bde70c2 - 9432 - igdb_transform - ASSET_MATERIALIZATION - Materialized value staging stg_age_rating_organizations.
[32m2026-03-24 14:26:48 +0100[0m - dagster - [34mDEBUG[0m - __ASSET_JOB - 21cc181c-14b3-490e-9ed0-17503bde70c2 - 9432 - igdb_transform - STEP_OUTPUT - Yielded output "staging__stg_age_ratings" of type "Nothing". (Type check passed).
[32m2026-03-24 14:26:48 +0100[0m - dagster - [34mDEBUG[0m - __ASSET_JOB - 21cc181c-14b3-490e-9ed0-17503bde70c2 - 9432 - igdb_transform - ASSET_MATERIALIZATION - Materialized value staging stg_age_ratings.
[32m2026-03-24 14:26:50 +0100[0m - dagster - [34mDEBUG[0m - __ASSET_JOB - 21cc181c-14b3-490e-9ed0-17503bde70c2 - 9432 - igdb_transform - STEP_OUTPUT - Yielded output "staging__stg_alternative_names" of type "Nothing". (Type check passed).
[32m2026-03-24 14:26:50 +0100[0m - dagster - [34mDEBUG[0m - __ASSET_JOB - 21cc181c-14b3-490e-9ed0-17503bde70c2 - 9432 - igdb_transform - ASSET_MATERIALIZATION - Materialized value staging stg_alternative_names.
[32m2026-03-24 14:26:50 +0100[0m - dagster - [34mDEBUG[0m - __ASSET_JOB - 21cc181c-14b3-490e-9ed0-17503bde70c2 - 9432 - igdb_transform - STEP_OUTPUT - Yielded output "staging__stg_artwork_types" of type "Nothing". (Type check passed).
[32m2026-03-24 14:26:50 +0100[0m - dagster - [34mDEBUG[0m - __ASSET_JOB - 21cc181c-14b3-490e-9ed0-17503bde70c2 - 9432 - igdb_transform - ASSET_MATERIALIZATION - Materialized value staging stg_artwork_types.
[32m2026-03-24 14:26:52 +0100[0m - dagster - [34mDEBUG[0m - __ASSET_JOB - 21cc181c-14b3-490e-9ed0-17503bde70c2 - 9432 - igdb_transform - STEP_OUTPUT - Yielded output "staging__stg_artworks" of type "Nothing". (Type check passed).
[32m2026-03-24 14:26:52 +0100[0m - dagster - [34mDEBUG[0m - __ASSET_JOB - 21cc181c-14b3-490e-9ed0-17503bde70c2 - 9432 - igdb_transform - ASSET_MATERIALIZATION - Materialized value staging stg_artworks.
[32m2026-03-24 14:26:52 +0100[0m - dagster - [34mDEBUG[0m - __ASSET_JOB - 21cc181c-14b3-490e-9ed0-17503bde70c2 - 9432 - igdb_transform - STEP_OUTPUT - Yielded output "staging__stg_character_genders" of type "Nothing". (Type check passed).
[32m2026-03-24 14:26:52 +0100[0m - dagster - [34mDEBUG[0m - __ASSET_JOB - 21cc181c-14b3-490e-9ed0-17503bde70c2 - 9432 - igdb_transform - ASSET_MATERIALIZATION - Materialized value staging stg_character_genders.
[32m2026-03-24 14:26:54 +0100[0m - dagster - [34mDEBUG[0m - __ASSET_JOB - 21cc181c-14b3-490e-9ed0-17503bde70c2 - 9432 - igdb_transform - STEP_OUTPUT - Yielded output "staging__stg_character_mug_shots" of type "Nothing". (Type check passed).
[32m2026-03-24 14:26:54 +0100[0m - dagster - [34mDEBUG[0m - __ASSET_JOB - 21cc181c-14b3-490e-9ed0-17503bde70c2 - 9432 - igdb_transform - ASSET_MATERIALIZATION - Materialized value staging stg_character_mug_shots.
[32m2026-03-24 14:26:54 +0100[0m - dagster - [34mDEBUG[0m - __ASSET_JOB - 21cc181c-14b3-490e-9ed0-17503bde70c2 - 9432 - igdb_transform - STEP_OUTPUT - Yielded output "staging__stg_character_species" of type "Nothing". (Type check passed).
[32m2026-03-24 14:26:55 +0100[0m - dagster - [34mDEBUG[0m - __ASSET_JOB - 21cc181c-14b3-490e-9ed0-17503bde70c2 - 9432 - igdb_transform - ASSET_MATERIALIZATION - Materialized value staging stg_character_species.
[32m2026-03-24 14:26:56 +0100[0m - dagster - [34mDEBUG[0m - __ASSET_JOB - 21cc181c-14b3-490e-9ed0-17503bde70c2 - 9432 - igdb_transform - STEP_OUTPUT - Yielded output "staging__stg_characters" of type "Nothing". (Type check passed).
[32m2026-03-24 14:26:57 +0100[0m - dagster - [34mDEBUG[0m - __ASSET_JOB - 21cc181c-14b3-490e-9ed0-17503bde70c2 - 9432 - igdb_transform - ASSET_MATERIALIZATION - Materialized value staging stg_characters.
[32m2026-03-24 14:26:57 +0100[0m - dagster - [34mDEBUG[0m - __ASSET_JOB - 21cc181c-14b3-490e-9ed0-17503bde70c2 - 9432 - igdb_transform - STEP_OUTPUT - Yielded output "staging__stg_collection_membership_types" of type "Nothing". (Type check passed).
[32m2026-03-24 14:26:57 +0100[0m - dagster - [34mDEBUG[0m - __ASSET_JOB - 21cc181c-14b3-490e-9ed0-17503bde70c2 - 9432 - igdb_transform - ASSET_MATERIALIZATION - Materialized value staging stg_collection_membership_types.
[32m2026-03-24 14:26:59 +0100[0m - dagster - [34mDEBUG[0m - __ASSET_JOB - 21cc181c-14b3-490e-9ed0-17503bde70c2 - 9432 - igdb_transform - STEP_OUTPUT - Yielded output "staging__stg_collection_memberships" of type "Nothing". (Type check passed).
[32m2026-03-24 14:26:59 +0100[0m - dagster - [34mDEBUG[0m - __ASSET_JOB - 21cc181c-14b3-490e-9ed0-17503bde70c2 - 9432 - igdb_transform - ASSET_MATERIALIZATION - Materialized value staging stg_collection_memberships.
[32m2026-03-24 14:26:59 +0100[0m - dagster - [34mDEBUG[0m - __ASSET_JOB - 21cc181c-14b3-490e-9ed0-17503bde70c2 - 9432 - igdb_transform - STEP_OUTPUT - Yielded output "staging__stg_collection_relation_types" of type "Nothing". (Type check passed).
[32m2026-03-24 14:26:59 +0100[0m - dagster - [34mDEBUG[0m - __ASSET_JOB - 21cc181c-14b3-490e-9ed0-17503bde70c2 - 9432 - igdb_transform - ASSET_MATERIALIZATION - Materialized value staging stg_collection_relation_types.
[32m2026-03-24 14:27:01 +0100[0m - dagster - [34mDEBUG[0m - __ASSET_JOB - 21cc181c-14b3-490e-9ed0-17503bde70c2 - 9432 - igdb_transform - STEP_OUTPUT - Yielded output "staging__stg_collection_relations" of type "Nothing". (Type check passed).
[32m2026-03-24 14:27:01 +0100[0m - dagster - [34mDEBUG[0m - __ASSET_JOB - 21cc181c-14b3-490e-9ed0-17503bde70c2 - 9432 - igdb_transform - ASSET_MATERIALIZATION - Materialized value staging stg_collection_relations.
[32m2026-03-24 14:27:01 +0100[0m - dagster - [34mDEBUG[0m - __ASSET_JOB - 21cc181c-14b3-490e-9ed0-17503bde70c2 - 9432 - igdb_transform - STEP_OUTPUT - Yielded output "staging__stg_collection_types" of type "Nothing". (Type check passed).
[32m2026-03-24 14:27:01 +0100[0m - dagster - [34mDEBUG[0m - __ASSET_JOB - 21cc181c-14b3-490e-9ed0-17503bde70c2 - 9432 - igdb_transform - ASSET_MATERIALIZATION - Materialized value staging stg_collection_types.
[32m2026-03-24 14:27:03 +0100[0m - dagster - [34mDEBUG[0m - __ASSET_JOB - 21cc181c-14b3-490e-9ed0-17503bde70c2 - 9432 - igdb_transform - STEP_OUTPUT - Yielded output "staging__stg_collections" of type "Nothing". (Type check passed).
[32m2026-03-24 14:27:03 +0100[0m - dagster - [34mDEBUG[0m - __ASSET_JOB - 21cc181c-14b3-490e-9ed0-17503bde70c2 - 9432 - igdb_transform - ASSET_MATERIALIZATION - Materialized value staging stg_collections.
[32m2026-03-24 14:27:03 +0100[0m - dagster - [34mDEBUG[0m - __ASSET_JOB - 21cc181c-14b3-490e-9ed0-17503bde70c2 - 9432 - igdb_transform - STEP_OUTPUT - Yielded output "staging__stg_companies" of type "Nothing". (Type check passed).
[32m2026-03-24 14:27:03 +0100[0m - dagster - [34mDEBUG[0m - __ASSET_JOB - 21cc181c-14b3-490e-9ed0-17503bde70c2 - 9432 - igdb_transform - ASSET_MATERIALIZATION - Materialized value staging stg_companies.
[32m2026-03-24 14:27:05 +0100[0m - dagster - [34mDEBUG[0m - __ASSET_JOB - 21cc181c-14b3-490e-9ed0-17503bde70c2 - 9432 - igdb_transform - STEP_OUTPUT - Yielded output "staging__stg_companies__developed" of type "Nothing". (Type check passed).
[32m2026-03-24 14:27:05 +0100[0m - dagster - [34mDEBUG[0m - __ASSET_JOB - 21cc181c-14b3-490e-9ed0-17503bde70c2 - 9432 - igdb_transform - ASSET_MATERIALIZATION - Materialized value staging stg_companies__developed.
[32m2026-03-24 14:27:05 +0100[0m - dagster - [34mDEBUG[0m - __ASSET_JOB - 21cc181c-14b3-490e-9ed0-17503bde70c2 - 9432 - igdb_transform - STEP_OUTPUT - Yielded output "staging__stg_companies__published" of type "Nothing". (Type check passed).
[32m2026-03-24 14:27:05 +0100[0m - dagster - [34mDEBUG[0m - __ASSET_JOB - 21cc181c-14b3-490e-9ed0-17503bde70c2 - 9432 - igdb_transform - ASSET_MATERIALIZATION - Materialized value staging stg_companies__published.
[32m2026-03-24 14:27:07 +0100[0m - dagster - [34mDEBUG[0m - __ASSET_JOB - 21cc181c-14b3-490e-9ed0-17503bde70c2 - 9432 - igdb_transform - STEP_OUTPUT - Yielded output "staging__stg_companies__websites" of type "Nothing". (Type check passed).
[32m2026-03-24 14:27:07 +0100[0m - dagster - [34mDEBUG[0m - __ASSET_JOB - 21cc181c-14b3-490e-9ed0-17503bde70c2 - 9432 - igdb_transform - ASSET_MATERIALIZATION - Materialized value staging stg_companies__websites.
[32m2026-03-24 14:27:07 +0100[0m - dagster - [34mDEBUG[0m - __ASSET_JOB - 21cc181c-14b3-490e-9ed0-17503bde70c2 - 9432 - igdb_transform - STEP_OUTPUT - Yielded output "staging__stg_company_logos" of type "Nothing". (Type check passed).
[32m2026-03-24 14:27:08 +0100[0m - dagster - [34mDEBUG[0m - __ASSET_JOB - 21cc181c-14b3-490e-9ed0-17503bde70c2 - 9432 - igdb_transform - ASSET_MATERIALIZATION - Materialized value staging stg_company_logos.
[32m2026-03-24 14:27:09 +0100[0m - dagster - [34mDEBUG[0m - __ASSET_JOB - 21cc181c-14b3-490e-9ed0-17503bde70c2 - 9432 - igdb_transform - STEP_OUTPUT - Yielded output "staging__stg_company_statuses" of type "Nothing". (Type check passed).
[32m2026-03-24 14:27:09 +0100[0m - dagster - [34mDEBUG[0m - __ASSET_JOB - 21cc181c-14b3-490e-9ed0-17503bde70c2 - 9432 - igdb_transform - ASSET_MATERIALIZATION - Materialized value staging stg_company_statuses.
[32m2026-03-24 14:27:10 +0100[0m - dagster - [34mDEBUG[0m - __ASSET_JOB - 21cc181c-14b3-490e-9ed0-17503bde70c2 - 9432 - igdb_transform - STEP_OUTPUT - Yielded output "staging__stg_company_websites" of type "Nothing". (Type check passed).
[32m2026-03-24 14:27:10 +0100[0m - dagster - [34mDEBUG[0m - __ASSET_JOB - 21cc181c-14b3-490e-9ed0-17503bde70c2 - 9432 - igdb_transform - ASSET_MATERIALIZATION - Materialized value staging stg_company_websites.
[32m2026-03-24 14:27:11 +0100[0m - dagster - [34mDEBUG[0m - __ASSET_JOB - 21cc181c-14b3-490e-9ed0-17503bde70c2 - 9432 - igdb_transform - STEP_OUTPUT - Yielded output "staging__stg_covers" of type "Nothing". (Type check passed).
[32m2026-03-24 14:27:11 +0100[0m - dagster - [34mDEBUG[0m - __ASSET_JOB - 21cc181c-14b3-490e-9ed0-17503bde70c2 - 9432 - igdb_transform - ASSET_MATERIALIZATION - Materialized value staging stg_covers.
[32m2026-03-24 14:27:12 +0100[0m - dagster - [34mDEBUG[0m - __ASSET_JOB - 21cc181c-14b3-490e-9ed0-17503bde70c2 - 9432 - igdb_transform - STEP_OUTPUT - Yielded output "staging__stg_date_formats" of type "Nothing". (Type check passed).
[32m2026-03-24 14:27:12 +0100[0m - dagster - [34mDEBUG[0m - __ASSET_JOB - 21cc181c-14b3-490e-9ed0-17503bde70c2 - 9432 - igdb_transform - ASSET_MATERIALIZATION - Materialized value staging stg_date_formats.
[32m2026-03-24 14:27:14 +0100[0m - dagster - [34mDEBUG[0m - __ASSET_JOB - 21cc181c-14b3-490e-9ed0-17503bde70c2 - 9432 - igdb_transform - STEP_OUTPUT - Yielded output "staging__stg_event_logos" of type "Nothing". (Type check passed).
[32m2026-03-24 14:27:14 +0100[0m - dagster - [34mDEBUG[0m - __ASSET_JOB - 21cc181c-14b3-490e-9ed0-17503bde70c2 - 9432 - igdb_transform - ASSET_MATERIALIZATION - Materialized value staging stg_event_logos.
[32m2026-03-24 14:27:14 +0100[0m - dagster - [34mDEBUG[0m - __ASSET_JOB - 21cc181c-14b3-490e-9ed0-17503bde70c2 - 9432 - igdb_transform - STEP_OUTPUT - Yielded output "staging__stg_event_networks" of type "Nothing". (Type check passed).
[32m2026-03-24 14:27:14 +0100[0m - dagster - [34mDEBUG[0m - __ASSET_JOB - 21cc181c-14b3-490e-9ed0-17503bde70c2 - 9432 - igdb_transform - ASSET_MATERIALIZATION - Materialized value staging stg_event_networks.
[32m2026-03-24 14:27:16 +0100[0m - dagster - [34mDEBUG[0m - __ASSET_JOB - 21cc181c-14b3-490e-9ed0-17503bde70c2 - 9432 - igdb_transform - STEP_OUTPUT - Yielded output "staging__stg_events" of type "Nothing". (Type check passed).
[32m2026-03-24 14:27:16 +0100[0m - dagster - [34mDEBUG[0m - __ASSET_JOB - 21cc181c-14b3-490e-9ed0-17503bde70c2 - 9432 - igdb_transform - ASSET_MATERIALIZATION - Materialized value staging stg_events.
[32m2026-03-24 14:27:16 +0100[0m - dagster - [34mDEBUG[0m - __ASSET_JOB - 21cc181c-14b3-490e-9ed0-17503bde70c2 - 9432 - igdb_transform - STEP_OUTPUT - Yielded output "staging__stg_external_game_sources" of type "Nothing". (Type check passed).
[32m2026-03-24 14:27:16 +0100[0m - dagster - [34mDEBUG[0m - __ASSET_JOB - 21cc181c-14b3-490e-9ed0-17503bde70c2 - 9432 - igdb_transform - ASSET_MATERIALIZATION - Materialized value staging stg_external_game_sources.
[32m2026-03-24 14:27:18 +0100[0m - dagster - [34mDEBUG[0m - __ASSET_JOB - 21cc181c-14b3-490e-9ed0-17503bde70c2 - 9432 - igdb_transform - STEP_OUTPUT - Yielded output "staging__stg_external_games" of type "Nothing". (Type check passed).
[32m2026-03-24 14:27:18 +0100[0m - dagster - [34mDEBUG[0m - __ASSET_JOB - 21cc181c-14b3-490e-9ed0-17503bde70c2 - 9432 - igdb_transform - ASSET_MATERIALIZATION - Materialized value staging stg_external_games.
[32m2026-03-24 14:27:18 +0100[0m - dagster - [34mDEBUG[0m - __ASSET_JOB - 21cc181c-14b3-490e-9ed0-17503bde70c2 - 9432 - igdb_transform - STEP_OUTPUT - Yielded output "staging__stg_franchises" of type "Nothing". (Type check passed).
[32m2026-03-24 14:27:18 +0100[0m - dagster - [34mDEBUG[0m - __ASSET_JOB - 21cc181c-14b3-490e-9ed0-17503bde70c2 - 9432 - igdb_transform - ASSET_MATERIALIZATION - Materialized value staging stg_franchises.
[32m2026-03-24 14:27:20 +0100[0m - dagster - [34mDEBUG[0m - __ASSET_JOB - 21cc181c-14b3-490e-9ed0-17503bde70c2 - 9432 - igdb_transform - STEP_OUTPUT - Yielded output "staging__stg_game_engines" of type "Nothing". (Type check passed).
[32m2026-03-24 14:27:20 +0100[0m - dagster - [34mDEBUG[0m - __ASSET_JOB - 21cc181c-14b3-490e-9ed0-17503bde70c2 - 9432 - igdb_transform - ASSET_MATERIALIZATION - Materialized value staging stg_game_engines.
[32m2026-03-24 14:27:20 +0100[0m - dagster - [34mDEBUG[0m - __ASSET_JOB - 21cc181c-14b3-490e-9ed0-17503bde70c2 - 9432 - igdb_transform - STEP_OUTPUT - Yielded output "staging__stg_game_engines__companies" of type "Nothing". (Type check passed).
[32m2026-03-24 14:27:20 +0100[0m - dagster - [34mDEBUG[0m - __ASSET_JOB - 21cc181c-14b3-490e-9ed0-17503bde70c2 - 9432 - igdb_transform - ASSET_MATERIALIZATION - Materialized value staging stg_game_engines__companies.
[32m2026-03-24 14:27:22 +0100[0m - dagster - [34mDEBUG[0m - __ASSET_JOB - 21cc181c-14b3-490e-9ed0-17503bde70c2 - 9432 - igdb_transform - STEP_OUTPUT - Yielded output "staging__stg_game_engines__platforms" of type "Nothing". (Type check passed).
[32m2026-03-24 14:27:22 +0100[0m - dagster - [34mDEBUG[0m - __ASSET_JOB - 21cc181c-14b3-490e-9ed0-17503bde70c2 - 9432 - igdb_transform - ASSET_MATERIALIZATION - Materialized value staging stg_game_engines__platforms.
[32m2026-03-24 14:27:22 +0100[0m - dagster - [34mDEBUG[0m - __ASSET_JOB - 21cc181c-14b3-490e-9ed0-17503bde70c2 - 9432 - igdb_transform - STEP_OUTPUT - Yielded output "staging__stg_game_engines_logos" of type "Nothing". (Type check passed).
[32m2026-03-24 14:27:22 +0100[0m - dagster - [34mDEBUG[0m - __ASSET_JOB - 21cc181c-14b3-490e-9ed0-17503bde70c2 - 9432 - igdb_transform - ASSET_MATERIALIZATION - Materialized value staging stg_game_engines_logos.
[32m2026-03-24 14:27:24 +0100[0m - dagster - [34mDEBUG[0m - __ASSET_JOB - 21cc181c-14b3-490e-9ed0-17503bde70c2 - 9432 - igdb_transform - STEP_OUTPUT - Yielded output "staging__stg_game_localization_cover" of type "Nothing". (Type check passed).
[32m2026-03-24 14:27:24 +0100[0m - dagster - [34mDEBUG[0m - __ASSET_JOB - 21cc181c-14b3-490e-9ed0-17503bde70c2 - 9432 - igdb_transform - ASSET_MATERIALIZATION - Materialized value staging stg_game_localization_cover.
[32m2026-03-24 14:27:24 +0100[0m - dagster - [34mDEBUG[0m - __ASSET_JOB - 21cc181c-14b3-490e-9ed0-17503bde70c2 - 9432 - igdb_transform - STEP_OUTPUT - Yielded output "staging__stg_game_localizations" of type "Nothing". (Type check passed).
[32m2026-03-24 14:27:25 +0100[0m - dagster - [34mDEBUG[0m - __ASSET_JOB - 21cc181c-14b3-490e-9ed0-17503bde70c2 - 9432 - igdb_transform - ASSET_MATERIALIZATION - Materialized value staging stg_game_localizations.
[32m2026-03-24 14:27:26 +0100[0m - dagster - [34mDEBUG[0m - __ASSET_JOB - 21cc181c-14b3-490e-9ed0-17503bde70c2 - 9432 - igdb_transform - STEP_OUTPUT - Yielded output "staging__stg_game_modes" of type "Nothing". (Type check passed).
[32m2026-03-24 14:27:26 +0100[0m - dagster - [34mDEBUG[0m - __ASSET_JOB - 21cc181c-14b3-490e-9ed0-17503bde70c2 - 9432 - igdb_transform - ASSET_MATERIALIZATION - Materialized value staging stg_game_modes.
[32m2026-03-24 14:27:27 +0100[0m - dagster - [34mDEBUG[0m - __ASSET_JOB - 21cc181c-14b3-490e-9ed0-17503bde70c2 - 9432 - igdb_transform - STEP_OUTPUT - Yielded output "staging__stg_game_release_formats" of type "Nothing". (Type check passed).
[32m2026-03-24 14:27:27 +0100[0m - dagster - [34mDEBUG[0m - __ASSET_JOB - 21cc181c-14b3-490e-9ed0-17503bde70c2 - 9432 - igdb_transform - ASSET_MATERIALIZATION - Materialized value staging stg_game_release_formats.
[32m2026-03-24 14:27:29 +0100[0m - dagster - [34mDEBUG[0m - __ASSET_JOB - 21cc181c-14b3-490e-9ed0-17503bde70c2 - 9432 - igdb_transform - STEP_OUTPUT - Yielded output "staging__stg_game_statuses" of type "Nothing". (Type check passed).
[32m2026-03-24 14:27:29 +0100[0m - dagster - [34mDEBUG[0m - __ASSET_JOB - 21cc181c-14b3-490e-9ed0-17503bde70c2 - 9432 - igdb_transform - ASSET_MATERIALIZATION - Materialized value staging stg_game_statuses.
[32m2026-03-24 14:27:29 +0100[0m - dagster - [34mDEBUG[0m - __ASSET_JOB - 21cc181c-14b3-490e-9ed0-17503bde70c2 - 9432 - igdb_transform - STEP_OUTPUT - Yielded output "staging__stg_game_time_to_beats" of type "Nothing". (Type check passed).
[32m2026-03-24 14:27:29 +0100[0m - dagster - [34mDEBUG[0m - __ASSET_JOB - 21cc181c-14b3-490e-9ed0-17503bde70c2 - 9432 - igdb_transform - ASSET_MATERIALIZATION - Materialized value staging stg_game_time_to_beats.
[32m2026-03-24 14:27:31 +0100[0m - dagster - [34mDEBUG[0m - __ASSET_JOB - 21cc181c-14b3-490e-9ed0-17503bde70c2 - 9432 - igdb_transform - STEP_OUTPUT - Yielded output "staging__stg_game_types" of type "Nothing". (Type check passed).
[32m2026-03-24 14:27:31 +0100[0m - dagster - [34mDEBUG[0m - __ASSET_JOB - 21cc181c-14b3-490e-9ed0-17503bde70c2 - 9432 - igdb_transform - ASSET_MATERIALIZATION - Materialized value staging stg_game_types.
[32m2026-03-24 14:27:31 +0100[0m - dagster - [34mDEBUG[0m - __ASSET_JOB - 21cc181c-14b3-490e-9ed0-17503bde70c2 - 9432 - igdb_transform - STEP_OUTPUT - Yielded output "staging__stg_game_version_feature_values" of type "Nothing". (Type check passed).
[32m2026-03-24 14:27:31 +0100[0m - dagster - [34mDEBUG[0m - __ASSET_JOB - 21cc181c-14b3-490e-9ed0-17503bde70c2 - 9432 - igdb_transform - ASSET_MATERIALIZATION - Materialized value staging stg_game_version_feature_values.
[32m2026-03-24 14:27:33 +0100[0m - dagster - [34mDEBUG[0m - __ASSET_JOB - 21cc181c-14b3-490e-9ed0-17503bde70c2 - 9432 - igdb_transform - STEP_OUTPUT - Yielded output "staging__stg_game_version_features" of type "Nothing". (Type check passed).
[32m2026-03-24 14:27:33 +0100[0m - dagster - [34mDEBUG[0m - __ASSET_JOB - 21cc181c-14b3-490e-9ed0-17503bde70c2 - 9432 - igdb_transform - ASSET_MATERIALIZATION - Materialized value staging stg_game_version_features.
[32m2026-03-24 14:27:33 +0100[0m - dagster - [34mDEBUG[0m - __ASSET_JOB - 21cc181c-14b3-490e-9ed0-17503bde70c2 - 9432 - igdb_transform - STEP_OUTPUT - Yielded output "staging__stg_game_versions" of type "Nothing". (Type check passed).
[32m2026-03-24 14:27:33 +0100[0m - dagster - [34mDEBUG[0m - __ASSET_JOB - 21cc181c-14b3-490e-9ed0-17503bde70c2 - 9432 - igdb_transform - ASSET_MATERIALIZATION - Materialized value staging stg_game_versions.
[32m2026-03-24 14:27:35 +0100[0m - dagster - [34mDEBUG[0m - __ASSET_JOB - 21cc181c-14b3-490e-9ed0-17503bde70c2 - 9432 - igdb_transform - STEP_OUTPUT - Yielded output "staging__stg_games" of type "Nothing". (Type check passed).
[32m2026-03-24 14:27:35 +0100[0m - dagster - [34mDEBUG[0m - __ASSET_JOB - 21cc181c-14b3-490e-9ed0-17503bde70c2 - 9432 - igdb_transform - ASSET_MATERIALIZATION - Materialized value staging stg_games.
[32m2026-03-24 14:27:35 +0100[0m - dagster - [34mDEBUG[0m - __ASSET_JOB - 21cc181c-14b3-490e-9ed0-17503bde70c2 - 9432 - igdb_transform - STEP_OUTPUT - Yielded output "staging__stg_games__age_ratings" of type "Nothing". (Type check passed).
[32m2026-03-24 14:27:35 +0100[0m - dagster - [34mDEBUG[0m - __ASSET_JOB - 21cc181c-14b3-490e-9ed0-17503bde70c2 - 9432 - igdb_transform - ASSET_MATERIALIZATION - Materialized value staging stg_games__age_ratings.
[32m2026-03-24 14:27:37 +0100[0m - dagster - [34mDEBUG[0m - __ASSET_JOB - 21cc181c-14b3-490e-9ed0-17503bde70c2 - 9432 - igdb_transform - STEP_OUTPUT - Yielded output "staging__stg_games__alternative_names" of type "Nothing". (Type check passed).
[32m2026-03-24 14:27:37 +0100[0m - dagster - [34mDEBUG[0m - __ASSET_JOB - 21cc181c-14b3-490e-9ed0-17503bde70c2 - 9432 - igdb_transform - ASSET_MATERIALIZATION - Materialized value staging stg_games__alternative_names.
[32m2026-03-24 14:27:37 +0100[0m - dagster - [34mDEBUG[0m - __ASSET_JOB - 21cc181c-14b3-490e-9ed0-17503bde70c2 - 9432 - igdb_transform - STEP_OUTPUT - Yielded output "staging__stg_games__artworks" of type "Nothing". (Type check passed).
[32m2026-03-24 14:27:37 +0100[0m - dagster - [34mDEBUG[0m - __ASSET_JOB - 21cc181c-14b3-490e-9ed0-17503bde70c2 - 9432 - igdb_transform - ASSET_MATERIALIZATION - Materialized value staging stg_games__artworks.
[32m2026-03-24 14:27:39 +0100[0m - dagster - [34mDEBUG[0m - __ASSET_JOB - 21cc181c-14b3-490e-9ed0-17503bde70c2 - 9432 - igdb_transform - STEP_OUTPUT - Yielded output "staging__stg_games__bundles" of type "Nothing". (Type check passed).
[32m2026-03-24 14:27:39 +0100[0m - dagster - [34mDEBUG[0m - __ASSET_JOB - 21cc181c-14b3-490e-9ed0-17503bde70c2 - 9432 - igdb_transform - ASSET_MATERIALIZATION - Materialized value staging stg_games__bundles.
[32m2026-03-24 14:27:40 +0100[0m - dagster - [34mDEBUG[0m - __ASSET_JOB - 21cc181c-14b3-490e-9ed0-17503bde70c2 - 9432 - igdb_transform - STEP_OUTPUT - Yielded output "staging__stg_games__collections" of type "Nothing". (Type check passed).
[32m2026-03-24 14:27:40 +0100[0m - dagster - [34mDEBUG[0m - __ASSET_JOB - 21cc181c-14b3-490e-9ed0-17503bde70c2 - 9432 - igdb_transform - ASSET_MATERIALIZATION - Materialized value staging stg_games__collections.
[32m2026-03-24 14:27:41 +0100[0m - dagster - [34mDEBUG[0m - __ASSET_JOB - 21cc181c-14b3-490e-9ed0-17503bde70c2 - 9432 - igdb_transform - STEP_OUTPUT - Yielded output "staging__stg_games__dlcs" of type "Nothing". (Type check passed).
[32m2026-03-24 14:27:41 +0100[0m - dagster - [34mDEBUG[0m - __ASSET_JOB - 21cc181c-14b3-490e-9ed0-17503bde70c2 - 9432 - igdb_transform - ASSET_MATERIALIZATION - Materialized value staging stg_games__dlcs.
[32m2026-03-24 14:27:42 +0100[0m - dagster - [34mDEBUG[0m - __ASSET_JOB - 21cc181c-14b3-490e-9ed0-17503bde70c2 - 9432 - igdb_transform - STEP_OUTPUT - Yielded output "staging__stg_games__expanded_games" of type "Nothing". (Type check passed).
[32m2026-03-24 14:27:42 +0100[0m - dagster - [34mDEBUG[0m - __ASSET_JOB - 21cc181c-14b3-490e-9ed0-17503bde70c2 - 9432 - igdb_transform - ASSET_MATERIALIZATION - Materialized value staging stg_games__expanded_games.
[32m2026-03-24 14:27:43 +0100[0m - dagster - [34mDEBUG[0m - __ASSET_JOB - 21cc181c-14b3-490e-9ed0-17503bde70c2 - 9432 - igdb_transform - STEP_OUTPUT - Yielded output "staging__stg_games__expansions" of type "Nothing". (Type check passed).
[32m2026-03-24 14:27:44 +0100[0m - dagster - [34mDEBUG[0m - __ASSET_JOB - 21cc181c-14b3-490e-9ed0-17503bde70c2 - 9432 - igdb_transform - ASSET_MATERIALIZATION - Materialized value staging stg_games__expansions.
[32m2026-03-24 14:27:44 +0100[0m - dagster - [34mDEBUG[0m - __ASSET_JOB - 21cc181c-14b3-490e-9ed0-17503bde70c2 - 9432 - igdb_transform - STEP_OUTPUT - Yielded output "staging__stg_games__external_games" of type "Nothing". (Type check passed).
[32m2026-03-24 14:27:44 +0100[0m - dagster - [34mDEBUG[0m - __ASSET_JOB - 21cc181c-14b3-490e-9ed0-17503bde70c2 - 9432 - igdb_transform - ASSET_MATERIALIZATION - Materialized value staging stg_games__external_games.
[32m2026-03-24 14:27:46 +0100[0m - dagster - [34mDEBUG[0m - __ASSET_JOB - 21cc181c-14b3-490e-9ed0-17503bde70c2 - 9432 - igdb_transform - STEP_OUTPUT - Yielded output "staging__stg_games__forks" of type "Nothing". (Type check passed).
[32m2026-03-24 14:27:46 +0100[0m - dagster - [34mDEBUG[0m - __ASSET_JOB - 21cc181c-14b3-490e-9ed0-17503bde70c2 - 9432 - igdb_transform - ASSET_MATERIALIZATION - Materialized value staging stg_games__forks.
[32m2026-03-24 14:27:46 +0100[0m - dagster - [34mDEBUG[0m - __ASSET_JOB - 21cc181c-14b3-490e-9ed0-17503bde70c2 - 9432 - igdb_transform - STEP_OUTPUT - Yielded output "staging__stg_games__franchises" of type "Nothing". (Type check passed).
[32m2026-03-24 14:27:46 +0100[0m - dagster - [34mDEBUG[0m - __ASSET_JOB - 21cc181c-14b3-490e-9ed0-17503bde70c2 - 9432 - igdb_transform - ASSET_MATERIALIZATION - Materialized value staging stg_games__franchises.
[32m2026-03-24 14:27:48 +0100[0m - dagster - [34mDEBUG[0m - __ASSET_JOB - 21cc181c-14b3-490e-9ed0-17503bde70c2 - 9432 - igdb_transform - STEP_OUTPUT - Yielded output "staging__stg_games__game_engines" of type "Nothing". (Type check passed).
[32m2026-03-24 14:27:48 +0100[0m - dagster - [34mDEBUG[0m - __ASSET_JOB - 21cc181c-14b3-490e-9ed0-17503bde70c2 - 9432 - igdb_transform - ASSET_MATERIALIZATION - Materialized value staging stg_games__game_engines.
[32m2026-03-24 14:27:48 +0100[0m - dagster - [34mDEBUG[0m - __ASSET_JOB - 21cc181c-14b3-490e-9ed0-17503bde70c2 - 9432 - igdb_transform - STEP_OUTPUT - Yielded output "staging__stg_games__game_localizations" of type "Nothing". (Type check passed).
[32m2026-03-24 14:27:48 +0100[0m - dagster - [34mDEBUG[0m - __ASSET_JOB - 21cc181c-14b3-490e-9ed0-17503bde70c2 - 9432 - igdb_transform - ASSET_MATERIALIZATION - Materialized value staging stg_games__game_localizations.
[32m2026-03-24 14:27:50 +0100[0m - dagster - [34mDEBUG[0m - __ASSET_JOB - 21cc181c-14b3-490e-9ed0-17503bde70c2 - 9432 - igdb_transform - STEP_OUTPUT - Yielded output "staging__stg_games__game_modes" of type "Nothing". (Type check passed).
[32m2026-03-24 14:27:50 +0100[0m - dagster - [34mDEBUG[0m - __ASSET_JOB - 21cc181c-14b3-490e-9ed0-17503bde70c2 - 9432 - igdb_transform - ASSET_MATERIALIZATION - Materialized value staging stg_games__game_modes.
[32m2026-03-24 14:27:50 +0100[0m - dagster - [34mDEBUG[0m - __ASSET_JOB - 21cc181c-14b3-490e-9ed0-17503bde70c2 - 9432 - igdb_transform - STEP_OUTPUT - Yielded output "staging__stg_games__genres" of type "Nothing". (Type check passed).
[32m2026-03-24 14:27:50 +0100[0m - dagster - [34mDEBUG[0m - __ASSET_JOB - 21cc181c-14b3-490e-9ed0-17503bde70c2 - 9432 - igdb_transform - ASSET_MATERIALIZATION - Materialized value staging stg_games__genres.
[32m2026-03-24 14:27:52 +0100[0m - dagster - [34mDEBUG[0m - __ASSET_JOB - 21cc181c-14b3-490e-9ed0-17503bde70c2 - 9432 - igdb_transform - STEP_OUTPUT - Yielded output "staging__stg_games__involved_companies" of type "Nothing". (Type check passed).
[32m2026-03-24 14:27:52 +0100[0m - dagster - [34mDEBUG[0m - __ASSET_JOB - 21cc181c-14b3-490e-9ed0-17503bde70c2 - 9432 - igdb_transform - ASSET_MATERIALIZATION - Materialized value staging stg_games__involved_companies.
[32m2026-03-24 14:27:52 +0100[0m - dagster - [34mDEBUG[0m - __ASSET_JOB - 21cc181c-14b3-490e-9ed0-17503bde70c2 - 9432 - igdb_transform - STEP_OUTPUT - Yielded output "staging__stg_games__keywords" of type "Nothing". (Type check passed).
[32m2026-03-24 14:27:52 +0100[0m - dagster - [34mDEBUG[0m - __ASSET_JOB - 21cc181c-14b3-490e-9ed0-17503bde70c2 - 9432 - igdb_transform - ASSET_MATERIALIZATION - Materialized value staging stg_games__keywords.
[32m2026-03-24 14:27:54 +0100[0m - dagster - [34mDEBUG[0m - __ASSET_JOB - 21cc181c-14b3-490e-9ed0-17503bde70c2 - 9432 - igdb_transform - STEP_OUTPUT - Yielded output "staging__stg_games__language_supports" of type "Nothing". (Type check passed).
[32m2026-03-24 14:27:54 +0100[0m - dagster - [34mDEBUG[0m - __ASSET_JOB - 21cc181c-14b3-490e-9ed0-17503bde70c2 - 9432 - igdb_transform - ASSET_MATERIALIZATION - Materialized value staging stg_games__language_supports.
[32m2026-03-24 14:27:54 +0100[0m - dagster - [34mDEBUG[0m - __ASSET_JOB - 21cc181c-14b3-490e-9ed0-17503bde70c2 - 9432 - igdb_transform - STEP_OUTPUT - Yielded output "staging__stg_games__multiplayer_modes" of type "Nothing". (Type check passed).
[32m2026-03-24 14:27:54 +0100[0m - dagster - [34mDEBUG[0m - __ASSET_JOB - 21cc181c-14b3-490e-9ed0-17503bde70c2 - 9432 - igdb_transform - ASSET_MATERIALIZATION - Materialized value staging stg_games__multiplayer_modes.
[32m2026-03-24 14:27:56 +0100[0m - dagster - [34mDEBUG[0m - __ASSET_JOB - 21cc181c-14b3-490e-9ed0-17503bde70c2 - 9432 - igdb_transform - STEP_OUTPUT - Yielded output "staging__stg_games__platforms" of type "Nothing". (Type check passed).
[32m2026-03-24 14:27:56 +0100[0m - dagster - [34mDEBUG[0m - __ASSET_JOB - 21cc181c-14b3-490e-9ed0-17503bde70c2 - 9432 - igdb_transform - ASSET_MATERIALIZATION - Materialized value staging stg_games__platforms.
[32m2026-03-24 14:27:57 +0100[0m - dagster - [34mDEBUG[0m - __ASSET_JOB - 21cc181c-14b3-490e-9ed0-17503bde70c2 - 9432 - igdb_transform - STEP_OUTPUT - Yielded output "staging__stg_games__player_perspectives" of type "Nothing". (Type check passed).
[32m2026-03-24 14:27:57 +0100[0m - dagster - [34mDEBUG[0m - __ASSET_JOB - 21cc181c-14b3-490e-9ed0-17503bde70c2 - 9432 - igdb_transform - ASSET_MATERIALIZATION - Materialized value staging stg_games__player_perspectives.
[32m2026-03-24 14:27:58 +0100[0m - dagster - [34mDEBUG[0m - __ASSET_JOB - 21cc181c-14b3-490e-9ed0-17503bde70c2 - 9432 - igdb_transform - STEP_OUTPUT - Yielded output "staging__stg_games__ports" of type "Nothing". (Type check passed).
[32m2026-03-24 14:27:58 +0100[0m - dagster - [34mDEBUG[0m - __ASSET_JOB - 21cc181c-14b3-490e-9ed0-17503bde70c2 - 9432 - igdb_transform - ASSET_MATERIALIZATION - Materialized value staging stg_games__ports.
[32m2026-03-24 14:27:59 +0100[0m - dagster - [34mDEBUG[0m - __ASSET_JOB - 21cc181c-14b3-490e-9ed0-17503bde70c2 - 9432 - igdb_transform - STEP_OUTPUT - Yielded output "staging__stg_games__release_dates" of type "Nothing". (Type check passed).
[32m2026-03-24 14:27:59 +0100[0m - dagster - [34mDEBUG[0m - __ASSET_JOB - 21cc181c-14b3-490e-9ed0-17503bde70c2 - 9432 - igdb_transform - ASSET_MATERIALIZATION - Materialized value staging stg_games__release_dates.
[32m2026-03-24 14:28:00 +0100[0m - dagster - [34mDEBUG[0m - __ASSET_JOB - 21cc181c-14b3-490e-9ed0-17503bde70c2 - 9432 - igdb_transform - STEP_OUTPUT - Yielded output "staging__stg_games__remakes" of type "Nothing". (Type check passed).
[32m2026-03-24 14:28:01 +0100[0m - dagster - [34mDEBUG[0m - __ASSET_JOB - 21cc181c-14b3-490e-9ed0-17503bde70c2 - 9432 - igdb_transform - ASSET_MATERIALIZATION - Materialized value staging stg_games__remakes.
[32m2026-03-24 14:28:01 +0100[0m - dagster - [34mDEBUG[0m - __ASSET_JOB - 21cc181c-14b3-490e-9ed0-17503bde70c2 - 9432 - igdb_transform - STEP_OUTPUT - Yielded output "staging__stg_games__remasters" of type "Nothing". (Type check passed).
[32m2026-03-24 14:28:01 +0100[0m - dagster - [34mDEBUG[0m - __ASSET_JOB - 21cc181c-14b3-490e-9ed0-17503bde70c2 - 9432 - igdb_transform - ASSET_MATERIALIZATION - Materialized value staging stg_games__remasters.
[32m2026-03-24 14:28:03 +0100[0m - dagster - [34mDEBUG[0m - __ASSET_JOB - 21cc181c-14b3-490e-9ed0-17503bde70c2 - 9432 - igdb_transform - STEP_OUTPUT - Yielded output "staging__stg_games__screenshots" of type "Nothing". (Type check passed).
[32m2026-03-24 14:28:03 +0100[0m - dagster - [34mDEBUG[0m - __ASSET_JOB - 21cc181c-14b3-490e-9ed0-17503bde70c2 - 9432 - igdb_transform - ASSET_MATERIALIZATION - Materialized value staging stg_games__screenshots.
[32m2026-03-24 14:28:03 +0100[0m - dagster - [34mDEBUG[0m - __ASSET_JOB - 21cc181c-14b3-490e-9ed0-17503bde70c2 - 9432 - igdb_transform - STEP_OUTPUT - Yielded output "staging__stg_games__similar_games" of type "Nothing". (Type check passed).
[32m2026-03-24 14:28:03 +0100[0m - dagster - [34mDEBUG[0m - __ASSET_JOB - 21cc181c-14b3-490e-9ed0-17503bde70c2 - 9432 - igdb_transform - ASSET_MATERIALIZATION - Materialized value staging stg_games__similar_games.
[32m2026-03-24 14:28:05 +0100[0m - dagster - [34mDEBUG[0m - __ASSET_JOB - 21cc181c-14b3-490e-9ed0-17503bde70c2 - 9432 - igdb_transform - STEP_OUTPUT - Yielded output "staging__stg_games__standalone_expansions" of type "Nothing". (Type check passed).
[32m2026-03-24 14:28:05 +0100[0m - dagster - [34mDEBUG[0m - __ASSET_JOB - 21cc181c-14b3-490e-9ed0-17503bde70c2 - 9432 - igdb_transform - ASSET_MATERIALIZATION - Materialized value staging stg_games__standalone_expansions.
[32m2026-03-24 14:28:05 +0100[0m - dagster - [34mDEBUG[0m - __ASSET_JOB - 21cc181c-14b3-490e-9ed0-17503bde70c2 - 9432 - igdb_transform - STEP_OUTPUT - Yielded output "staging__stg_games__tags" of type "Nothing". (Type check passed).
[32m2026-03-24 14:28:05 +0100[0m - dagster - [34mDEBUG[0m - __ASSET_JOB - 21cc181c-14b3-490e-9ed0-17503bde70c2 - 9432 - igdb_transform - ASSET_MATERIALIZATION - Materialized value staging stg_games__tags.
[32m2026-03-24 14:28:07 +0100[0m - dagster - [34mDEBUG[0m - __ASSET_JOB - 21cc181c-14b3-490e-9ed0-17503bde70c2 - 9432 - igdb_transform - STEP_OUTPUT - Yielded output "staging__stg_games__themes" of type "Nothing". (Type check passed).
[32m2026-03-24 14:28:07 +0100[0m - dagster - [34mDEBUG[0m - __ASSET_JOB - 21cc181c-14b3-490e-9ed0-17503bde70c2 - 9432 - igdb_transform - ASSET_MATERIALIZATION - Materialized value staging stg_games__themes.
[32m2026-03-24 14:28:07 +0100[0m - dagster - [34mDEBUG[0m - __ASSET_JOB - 21cc181c-14b3-490e-9ed0-17503bde70c2 - 9432 - igdb_transform - STEP_OUTPUT - Yielded output "staging__stg_games__videos" of type "Nothing". (Type check passed).
[32m2026-03-24 14:28:07 +0100[0m - dagster - [34mDEBUG[0m - __ASSET_JOB - 21cc181c-14b3-490e-9ed0-17503bde70c2 - 9432 - igdb_transform - ASSET_MATERIALIZATION - Materialized value staging stg_games__videos.
[32m2026-03-24 14:28:09 +0100[0m - dagster - [34mDEBUG[0m - __ASSET_JOB - 21cc181c-14b3-490e-9ed0-17503bde70c2 - 9432 - igdb_transform - STEP_OUTPUT - Yielded output "staging__stg_games__websites" of type "Nothing". (Type check passed).
[32m2026-03-24 14:28:09 +0100[0m - dagster - [34mDEBUG[0m - __ASSET_JOB - 21cc181c-14b3-490e-9ed0-17503bde70c2 - 9432 - igdb_transform - ASSET_MATERIALIZATION - Materialized value staging stg_games__websites.
[32m2026-03-24 14:28:09 +0100[0m - dagster - [34mDEBUG[0m - __ASSET_JOB - 21cc181c-14b3-490e-9ed0-17503bde70c2 - 9432 - igdb_transform - STEP_OUTPUT - Yielded output "staging__stg_genres" of type "Nothing". (Type check passed).
[32m2026-03-24 14:28:09 +0100[0m - dagster - [34mDEBUG[0m - __ASSET_JOB - 21cc181c-14b3-490e-9ed0-17503bde70c2 - 9432 - igdb_transform - ASSET_MATERIALIZATION - Materialized value staging stg_genres.
[32m2026-03-24 14:28:11 +0100[0m - dagster - [34mDEBUG[0m - __ASSET_JOB - 21cc181c-14b3-490e-9ed0-17503bde70c2 - 9432 - igdb_transform - STEP_OUTPUT - Yielded output "staging__stg_involved_companies" of type "Nothing". (Type check passed).
[32m2026-03-24 14:28:11 +0100[0m - dagster - [34mDEBUG[0m - __ASSET_JOB - 21cc181c-14b3-490e-9ed0-17503bde70c2 - 9432 - igdb_transform - ASSET_MATERIALIZATION - Materialized value staging stg_involved_companies.
[32m2026-03-24 14:28:12 +0100[0m - dagster - [34mDEBUG[0m - __ASSET_JOB - 21cc181c-14b3-490e-9ed0-17503bde70c2 - 9432 - igdb_transform - STEP_OUTPUT - Yielded output "staging__stg_keywords" of type "Nothing". (Type check passed).
[32m2026-03-24 14:28:12 +0100[0m - dagster - [34mDEBUG[0m - __ASSET_JOB - 21cc181c-14b3-490e-9ed0-17503bde70c2 - 9432 - igdb_transform - ASSET_MATERIALIZATION - Materialized value staging stg_keywords.
[32m2026-03-24 14:28:13 +0100[0m - dagster - [34mDEBUG[0m - __ASSET_JOB - 21cc181c-14b3-490e-9ed0-17503bde70c2 - 9432 - igdb_transform - STEP_OUTPUT - Yielded output "staging__stg_language_support_types" of type "Nothing". (Type check passed).
[32m2026-03-24 14:28:13 +0100[0m - dagster - [34mDEBUG[0m - __ASSET_JOB - 21cc181c-14b3-490e-9ed0-17503bde70c2 - 9432 - igdb_transform - ASSET_MATERIALIZATION - Materialized value staging stg_language_support_types.
[32m2026-03-24 14:28:14 +0100[0m - dagster - [34mDEBUG[0m - __ASSET_JOB - 21cc181c-14b3-490e-9ed0-17503bde70c2 - 9432 - igdb_transform - STEP_OUTPUT - Yielded output "staging__stg_language_supports" of type "Nothing". (Type check passed).
[32m2026-03-24 14:28:14 +0100[0m - dagster - [34mDEBUG[0m - __ASSET_JOB - 21cc181c-14b3-490e-9ed0-17503bde70c2 - 9432 - igdb_transform - ASSET_MATERIALIZATION - Materialized value staging stg_language_supports.
[32m2026-03-24 14:28:15 +0100[0m - dagster - [34mDEBUG[0m - __ASSET_JOB - 21cc181c-14b3-490e-9ed0-17503bde70c2 - 9432 - igdb_transform - STEP_OUTPUT - Yielded output "staging__stg_languages" of type "Nothing". (Type check passed).
[32m2026-03-24 14:28:16 +0100[0m - dagster - [34mDEBUG[0m - __ASSET_JOB - 21cc181c-14b3-490e-9ed0-17503bde70c2 - 9432 - igdb_transform - ASSET_MATERIALIZATION - Materialized value staging stg_languages.
[32m2026-03-24 14:28:16 +0100[0m - dagster - [34mDEBUG[0m - __ASSET_JOB - 21cc181c-14b3-490e-9ed0-17503bde70c2 - 9432 - igdb_transform - STEP_OUTPUT - Yielded output "staging__stg_multiplayer_modes" of type "Nothing". (Type check passed).
[32m2026-03-24 14:28:16 +0100[0m - dagster - [34mDEBUG[0m - __ASSET_JOB - 21cc181c-14b3-490e-9ed0-17503bde70c2 - 9432 - igdb_transform - ASSET_MATERIALIZATION - Materialized value staging stg_multiplayer_modes.
[32m2026-03-24 14:28:18 +0100[0m - dagster - [34mDEBUG[0m - __ASSET_JOB - 21cc181c-14b3-490e-9ed0-17503bde70c2 - 9432 - igdb_transform - STEP_OUTPUT - Yielded output "staging__stg_network_types" of type "Nothing". (Type check passed).
[32m2026-03-24 14:28:18 +0100[0m - dagster - [34mDEBUG[0m - __ASSET_JOB - 21cc181c-14b3-490e-9ed0-17503bde70c2 - 9432 - igdb_transform - ASSET_MATERIALIZATION - Materialized value staging stg_network_types.
[32m2026-03-24 14:28:18 +0100[0m - dagster - [34mDEBUG[0m - __ASSET_JOB - 21cc181c-14b3-490e-9ed0-17503bde70c2 - 9432 - igdb_transform - STEP_OUTPUT - Yielded output "staging__stg_platform_family" of type "Nothing". (Type check passed).
[32m2026-03-24 14:28:18 +0100[0m - dagster - [34mDEBUG[0m - __ASSET_JOB - 21cc181c-14b3-490e-9ed0-17503bde70c2 - 9432 - igdb_transform - ASSET_MATERIALIZATION - Materialized value staging stg_platform_family.
[32m2026-03-24 14:28:20 +0100[0m - dagster - [34mDEBUG[0m - __ASSET_JOB - 21cc181c-14b3-490e-9ed0-17503bde70c2 - 9432 - igdb_transform - STEP_OUTPUT - Yielded output "staging__stg_platform_logo" of type "Nothing". (Type check passed).
[32m2026-03-24 14:28:20 +0100[0m - dagster - [34mDEBUG[0m - __ASSET_JOB - 21cc181c-14b3-490e-9ed0-17503bde70c2 - 9432 - igdb_transform - ASSET_MATERIALIZATION - Materialized value staging stg_platform_logo.
[32m2026-03-24 14:28:20 +0100[0m - dagster - [34mDEBUG[0m - __ASSET_JOB - 21cc181c-14b3-490e-9ed0-17503bde70c2 - 9432 - igdb_transform - STEP_OUTPUT - Yielded output "staging__stg_platform_type" of type "Nothing". (Type check passed).
[32m2026-03-24 14:28:20 +0100[0m - dagster - [34mDEBUG[0m - __ASSET_JOB - 21cc181c-14b3-490e-9ed0-17503bde70c2 - 9432 - igdb_transform - ASSET_MATERIALIZATION - Materialized value staging stg_platform_type.
[32m2026-03-24 14:28:22 +0100[0m - dagster - [34mDEBUG[0m - __ASSET_JOB - 21cc181c-14b3-490e-9ed0-17503bde70c2 - 9432 - igdb_transform - STEP_OUTPUT - Yielded output "staging__stg_platform_version_companies" of type "Nothing". (Type check passed).
[32m2026-03-24 14:28:22 +0100[0m - dagster - [34mDEBUG[0m - __ASSET_JOB - 21cc181c-14b3-490e-9ed0-17503bde70c2 - 9432 - igdb_transform - ASSET_MATERIALIZATION - Materialized value staging stg_platform_version_companies.
[32m2026-03-24 14:28:22 +0100[0m - dagster - [34mDEBUG[0m - __ASSET_JOB - 21cc181c-14b3-490e-9ed0-17503bde70c2 - 9432 - igdb_transform - STEP_OUTPUT - Yielded output "staging__stg_platform_version_release_dates" of type "Nothing". (Type check passed).
[32m2026-03-24 14:28:22 +0100[0m - dagster - [34mDEBUG[0m - __ASSET_JOB - 21cc181c-14b3-490e-9ed0-17503bde70c2 - 9432 - igdb_transform - ASSET_MATERIALIZATION - Materialized value staging stg_platform_version_release_dates.
[32m2026-03-24 14:28:24 +0100[0m - dagster - [34mDEBUG[0m - __ASSET_JOB - 21cc181c-14b3-490e-9ed0-17503bde70c2 - 9432 - igdb_transform - STEP_OUTPUT - Yielded output "staging__stg_platform_versions" of type "Nothing". (Type check passed).
[32m2026-03-24 14:28:24 +0100[0m - dagster - [34mDEBUG[0m - __ASSET_JOB - 21cc181c-14b3-490e-9ed0-17503bde70c2 - 9432 - igdb_transform - ASSET_MATERIALIZATION - Materialized value staging stg_platform_versions.
[32m2026-03-24 14:28:24 +0100[0m - dagster - [34mDEBUG[0m - __ASSET_JOB - 21cc181c-14b3-490e-9ed0-17503bde70c2 - 9432 - igdb_transform - STEP_OUTPUT - Yielded output "staging__stg_platform_versions__companies" of type "Nothing". (Type check passed).
[32m2026-03-24 14:28:25 +0100[0m - dagster - [34mDEBUG[0m - __ASSET_JOB - 21cc181c-14b3-490e-9ed0-17503bde70c2 - 9432 - igdb_transform - ASSET_MATERIALIZATION - Materialized value staging stg_platform_versions__companies.
[32m2026-03-24 14:28:26 +0100[0m - dagster - [34mDEBUG[0m - __ASSET_JOB - 21cc181c-14b3-490e-9ed0-17503bde70c2 - 9432 - igdb_transform - STEP_OUTPUT - Yielded output "staging__stg_platform_versions__platform_version_release_dates" of type "Nothing". (Type check passed).
[32m2026-03-24 14:28:26 +0100[0m - dagster - [34mDEBUG[0m - __ASSET_JOB - 21cc181c-14b3-490e-9ed0-17503bde70c2 - 9432 - igdb_transform - ASSET_MATERIALIZATION - Materialized value staging stg_platform_versions__platform_version_release_dates.
[32m2026-03-24 14:28:27 +0100[0m - dagster - [34mDEBUG[0m - __ASSET_JOB - 21cc181c-14b3-490e-9ed0-17503bde70c2 - 9432 - igdb_transform - STEP_OUTPUT - Yielded output "staging__stg_platform_websites" of type "Nothing". (Type check passed).
[32m2026-03-24 14:28:27 +0100[0m - dagster - [34mDEBUG[0m - __ASSET_JOB - 21cc181c-14b3-490e-9ed0-17503bde70c2 - 9432 - igdb_transform - ASSET_MATERIALIZATION - Materialized value staging stg_platform_websites.
[32m2026-03-24 14:28:28 +0100[0m - dagster - [34mDEBUG[0m - __ASSET_JOB - 21cc181c-14b3-490e-9ed0-17503bde70c2 - 9432 - igdb_transform - STEP_OUTPUT - Yielded output "staging__stg_platforms" of type "Nothing". (Type check passed).
[32m2026-03-24 14:28:28 +0100[0m - dagster - [34mDEBUG[0m - __ASSET_JOB - 21cc181c-14b3-490e-9ed0-17503bde70c2 - 9432 - igdb_transform - ASSET_MATERIALIZATION - Materialized value staging stg_platforms.
[32m2026-03-24 14:28:29 +0100[0m - dagster - [34mDEBUG[0m - __ASSET_JOB - 21cc181c-14b3-490e-9ed0-17503bde70c2 - 9432 - igdb_transform - STEP_OUTPUT - Yielded output "staging__stg_platforms__versions" of type "Nothing". (Type check passed).
[32m2026-03-24 14:28:29 +0100[0m - dagster - [34mDEBUG[0m - __ASSET_JOB - 21cc181c-14b3-490e-9ed0-17503bde70c2 - 9432 - igdb_transform - ASSET_MATERIALIZATION - Materialized value staging stg_platforms__versions.
[32m2026-03-24 14:28:30 +0100[0m - dagster - [34mDEBUG[0m - __ASSET_JOB - 21cc181c-14b3-490e-9ed0-17503bde70c2 - 9432 - igdb_transform - STEP_OUTPUT - Yielded output "staging__stg_platforms__websites" of type "Nothing". (Type check passed).
[32m2026-03-24 14:28:31 +0100[0m - dagster - [34mDEBUG[0m - __ASSET_JOB - 21cc181c-14b3-490e-9ed0-17503bde70c2 - 9432 - igdb_transform - ASSET_MATERIALIZATION - Materialized value staging stg_platforms__websites.
[32m2026-03-24 14:28:31 +0100[0m - dagster - [34mDEBUG[0m - __ASSET_JOB - 21cc181c-14b3-490e-9ed0-17503bde70c2 - 9432 - igdb_transform - STEP_OUTPUT - Yielded output "staging__stg_player_perspectives" of type "Nothing". (Type check passed).
[32m2026-03-24 14:28:31 +0100[0m - dagster - [34mDEBUG[0m - __ASSET_JOB - 21cc181c-14b3-490e-9ed0-17503bde70c2 - 9432 - igdb_transform - ASSET_MATERIALIZATION - Materialized value staging stg_player_perspectives.
[32m2026-03-24 14:28:33 +0100[0m - dagster - [34mDEBUG[0m - __ASSET_JOB - 21cc181c-14b3-490e-9ed0-17503bde70c2 - 9432 - igdb_transform - STEP_OUTPUT - Yielded output "staging__stg_pop_igdb_played" of type "Nothing". (Type check passed).
[32m2026-03-24 14:28:33 +0100[0m - dagster - [34mDEBUG[0m - __ASSET_JOB - 21cc181c-14b3-490e-9ed0-17503bde70c2 - 9432 - igdb_transform - ASSET_MATERIALIZATION - Materialized value staging stg_pop_igdb_played.
[32m2026-03-24 14:28:33 +0100[0m - dagster - [34mDEBUG[0m - __ASSET_JOB - 21cc181c-14b3-490e-9ed0-17503bde70c2 - 9432 - igdb_transform - STEP_OUTPUT - Yielded output "staging__stg_pop_igdb_playing" of type "Nothing". (Type check passed).
[32m2026-03-24 14:28:33 +0100[0m - dagster - [34mDEBUG[0m - __ASSET_JOB - 21cc181c-14b3-490e-9ed0-17503bde70c2 - 9432 - igdb_transform - ASSET_MATERIALIZATION - Materialized value staging stg_pop_igdb_playing.
[32m2026-03-24 14:28:35 +0100[0m - dagster - [34mDEBUG[0m - __ASSET_JOB - 21cc181c-14b3-490e-9ed0-17503bde70c2 - 9432 - igdb_transform - STEP_OUTPUT - Yielded output "staging__stg_pop_igdb_visits" of type "Nothing". (Type check passed).
[32m2026-03-24 14:28:35 +0100[0m - dagster - [34mDEBUG[0m - __ASSET_JOB - 21cc181c-14b3-490e-9ed0-17503bde70c2 - 9432 - igdb_transform - ASSET_MATERIALIZATION - Materialized value staging stg_pop_igdb_visits.
[32m2026-03-24 14:28:35 +0100[0m - dagster - [34mDEBUG[0m - __ASSET_JOB - 21cc181c-14b3-490e-9ed0-17503bde70c2 - 9432 - igdb_transform - STEP_OUTPUT - Yielded output "staging__stg_pop_igdb_wants_to_play" of type "Nothing". (Type check passed).
[32m2026-03-24 14:28:35 +0100[0m - dagster - [34mDEBUG[0m - __ASSET_JOB - 21cc181c-14b3-490e-9ed0-17503bde70c2 - 9432 - igdb_transform - ASSET_MATERIALIZATION - Materialized value staging stg_pop_igdb_wants_to_play.
[32m2026-03-24 14:28:37 +0100[0m - dagster - [34mDEBUG[0m - __ASSET_JOB - 21cc181c-14b3-490e-9ed0-17503bde70c2 - 9432 - igdb_transform - STEP_OUTPUT - Yielded output "staging__stg_pop_steam_24hr_hours_watched" of type "Nothing". (Type check passed).
[32m2026-03-24 14:28:37 +0100[0m - dagster - [34mDEBUG[0m - __ASSET_JOB - 21cc181c-14b3-490e-9ed0-17503bde70c2 - 9432 - igdb_transform - ASSET_MATERIALIZATION - Materialized value staging stg_pop_steam_24hr_hours_watched.
[32m2026-03-24 14:28:37 +0100[0m - dagster - [34mDEBUG[0m - __ASSET_JOB - 21cc181c-14b3-490e-9ed0-17503bde70c2 - 9432 - igdb_transform - STEP_OUTPUT - Yielded output "staging__stg_pop_steam_24hr_peak_players" of type "Nothing". (Type check passed).
[32m2026-03-24 14:28:37 +0100[0m - dagster - [34mDEBUG[0m - __ASSET_JOB - 21cc181c-14b3-490e-9ed0-17503bde70c2 - 9432 - igdb_transform - ASSET_MATERIALIZATION - Materialized value staging stg_pop_steam_24hr_peak_players.
[32m2026-03-24 14:28:39 +0100[0m - dagster - [34mDEBUG[0m - __ASSET_JOB - 21cc181c-14b3-490e-9ed0-17503bde70c2 - 9432 - igdb_transform - STEP_OUTPUT - Yielded output "staging__stg_pop_steam_global_top_sellers" of type "Nothing". (Type check passed).
[32m2026-03-24 14:28:39 +0100[0m - dagster - [34mDEBUG[0m - __ASSET_JOB - 21cc181c-14b3-490e-9ed0-17503bde70c2 - 9432 - igdb_transform - ASSET_MATERIALIZATION - Materialized value staging stg_pop_steam_global_top_sellers.
[32m2026-03-24 14:28:39 +0100[0m - dagster - [34mDEBUG[0m - __ASSET_JOB - 21cc181c-14b3-490e-9ed0-17503bde70c2 - 9432 - igdb_transform - STEP_OUTPUT - Yielded output "staging__stg_pop_steam_most_wishlisted_upcoming" of type "Nothing". (Type check passed).
[32m2026-03-24 14:28:39 +0100[0m - dagster - [34mDEBUG[0m - __ASSET_JOB - 21cc181c-14b3-490e-9ed0-17503bde70c2 - 9432 - igdb_transform - ASSET_MATERIALIZATION - Materialized value staging stg_pop_steam_most_wishlisted_upcoming.
[32m2026-03-24 14:28:41 +0100[0m - dagster - [34mDEBUG[0m - __ASSET_JOB - 21cc181c-14b3-490e-9ed0-17503bde70c2 - 9432 - igdb_transform - STEP_OUTPUT - Yielded output "staging__stg_pop_steam_negative_reviews" of type "Nothing". (Type check passed).
[32m2026-03-24 14:28:41 +0100[0m - dagster - [34mDEBUG[0m - __ASSET_JOB - 21cc181c-14b3-490e-9ed0-17503bde70c2 - 9432 - igdb_transform - ASSET_MATERIALIZATION - Materialized value staging stg_pop_steam_negative_reviews.
[32m2026-03-24 14:28:42 +0100[0m - dagster - [34mDEBUG[0m - __ASSET_JOB - 21cc181c-14b3-490e-9ed0-17503bde70c2 - 9432 - igdb_transform - STEP_OUTPUT - Yielded output "staging__stg_pop_steam_positive_reviews" of type "Nothing". (Type check passed).
[32m2026-03-24 14:28:42 +0100[0m - dagster - [34mDEBUG[0m - __ASSET_JOB - 21cc181c-14b3-490e-9ed0-17503bde70c2 - 9432 - igdb_transform - ASSET_MATERIALIZATION - Materialized value staging stg_pop_steam_positive_reviews.
[32m2026-03-24 14:28:43 +0100[0m - dagster - [34mDEBUG[0m - __ASSET_JOB - 21cc181c-14b3-490e-9ed0-17503bde70c2 - 9432 - igdb_transform - STEP_OUTPUT - Yielded output "staging__stg_pop_steam_total_reviews" of type "Nothing". (Type check passed).
[32m2026-03-24 14:28:43 +0100[0m - dagster - [34mDEBUG[0m - __ASSET_JOB - 21cc181c-14b3-490e-9ed0-17503bde70c2 - 9432 - igdb_transform - ASSET_MATERIALIZATION - Materialized value staging stg_pop_steam_total_reviews.
[32m2026-03-24 14:28:44 +0100[0m - dagster - [34mDEBUG[0m - __ASSET_JOB - 21cc181c-14b3-490e-9ed0-17503bde70c2 - 9432 - igdb_transform - STEP_OUTPUT - Yielded output "staging__stg_popularity_types" of type "Nothing". (Type check passed).
[32m2026-03-24 14:28:44 +0100[0m - dagster - [34mDEBUG[0m - __ASSET_JOB - 21cc181c-14b3-490e-9ed0-17503bde70c2 - 9432 - igdb_transform - ASSET_MATERIALIZATION - Materialized value staging stg_popularity_types.
[32m2026-03-24 14:28:45 +0100[0m - dagster - [34mDEBUG[0m - __ASSET_JOB - 21cc181c-14b3-490e-9ed0-17503bde70c2 - 9432 - igdb_transform - STEP_OUTPUT - Yielded output "staging__stg_regions" of type "Nothing". (Type check passed).
[32m2026-03-24 14:28:45 +0100[0m - dagster - [34mDEBUG[0m - __ASSET_JOB - 21cc181c-14b3-490e-9ed0-17503bde70c2 - 9432 - igdb_transform - ASSET_MATERIALIZATION - Materialized value staging stg_regions.
[32m2026-03-24 14:28:46 +0100[0m - dagster - [34mDEBUG[0m - __ASSET_JOB - 21cc181c-14b3-490e-9ed0-17503bde70c2 - 9432 - igdb_transform - STEP_OUTPUT - Yielded output "staging__stg_release_date_regions" of type "Nothing". (Type check passed).
[32m2026-03-24 14:28:46 +0100[0m - dagster - [34mDEBUG[0m - __ASSET_JOB - 21cc181c-14b3-490e-9ed0-17503bde70c2 - 9432 - igdb_transform - ASSET_MATERIALIZATION - Materialized value staging stg_release_date_regions.
[32m2026-03-24 14:28:48 +0100[0m - dagster - [34mDEBUG[0m - __ASSET_JOB - 21cc181c-14b3-490e-9ed0-17503bde70c2 - 9432 - igdb_transform - STEP_OUTPUT - Yielded output "staging__stg_release_date_statuses" of type "Nothing". (Type check passed).
[32m2026-03-24 14:28:48 +0100[0m - dagster - [34mDEBUG[0m - __ASSET_JOB - 21cc181c-14b3-490e-9ed0-17503bde70c2 - 9432 - igdb_transform - ASSET_MATERIALIZATION - Materialized value staging stg_release_date_statuses.
[32m2026-03-24 14:28:48 +0100[0m - dagster - [34mDEBUG[0m - __ASSET_JOB - 21cc181c-14b3-490e-9ed0-17503bde70c2 - 9432 - igdb_transform - STEP_OUTPUT - Yielded output "staging__stg_release_dates" of type "Nothing". (Type check passed).
[32m2026-03-24 14:28:48 +0100[0m - dagster - [34mDEBUG[0m - __ASSET_JOB - 21cc181c-14b3-490e-9ed0-17503bde70c2 - 9432 - igdb_transform - ASSET_MATERIALIZATION - Materialized value staging stg_release_dates.
[32m2026-03-24 14:28:50 +0100[0m - dagster - [34mDEBUG[0m - __ASSET_JOB - 21cc181c-14b3-490e-9ed0-17503bde70c2 - 9432 - igdb_transform - STEP_OUTPUT - Yielded output "staging__stg_screenshots" of type "Nothing". (Type check passed).
[32m2026-03-24 14:28:50 +0100[0m - dagster - [34mDEBUG[0m - __ASSET_JOB - 21cc181c-14b3-490e-9ed0-17503bde70c2 - 9432 - igdb_transform - ASSET_MATERIALIZATION - Materialized value staging stg_screenshots.
[32m2026-03-24 14:28:50 +0100[0m - dagster - [34mDEBUG[0m - __ASSET_JOB - 21cc181c-14b3-490e-9ed0-17503bde70c2 - 9432 - igdb_transform - STEP_OUTPUT - Yielded output "staging__stg_themes" of type "Nothing". (Type check passed).
[32m2026-03-24 14:28:50 +0100[0m - dagster - [34mDEBUG[0m - __ASSET_JOB - 21cc181c-14b3-490e-9ed0-17503bde70c2 - 9432 - igdb_transform - ASSET_MATERIALIZATION - Materialized value staging stg_themes.
[32m2026-03-24 14:28:52 +0100[0m - dagster - [34mDEBUG[0m - __ASSET_JOB - 21cc181c-14b3-490e-9ed0-17503bde70c2 - 9432 - igdb_transform - STEP_OUTPUT - Yielded output "staging__stg_videos" of type "Nothing". (Type check passed).
[32m2026-03-24 14:28:52 +0100[0m - dagster - [34mDEBUG[0m - __ASSET_JOB - 21cc181c-14b3-490e-9ed0-17503bde70c2 - 9432 - igdb_transform - ASSET_MATERIALIZATION - Materialized value staging stg_videos.
[32m2026-03-24 14:28:52 +0100[0m - dagster - [34mDEBUG[0m - __ASSET_JOB - 21cc181c-14b3-490e-9ed0-17503bde70c2 - 9432 - igdb_transform - STEP_OUTPUT - Yielded output "staging__stg_website_types" of type "Nothing". (Type check passed).
[32m2026-03-24 14:28:52 +0100[0m - dagster - [34mDEBUG[0m - __ASSET_JOB - 21cc181c-14b3-490e-9ed0-17503bde70c2 - 9432 - igdb_transform - ASSET_MATERIALIZATION - Materialized value staging stg_website_types.
[32m2026-03-24 14:28:54 +0100[0m - dagster - [34mDEBUG[0m - __ASSET_JOB - 21cc181c-14b3-490e-9ed0-17503bde70c2 - 9432 - igdb_transform - STEP_OUTPUT - Yielded output "staging__stg_websites" of type "Nothing". (Type check passed).
[32m2026-03-24 14:28:54 +0100[0m - dagster - [34mDEBUG[0m - __ASSET_JOB - 21cc181c-14b3-490e-9ed0-17503bde70c2 - 9432 - igdb_transform - ASSET_MATERIALIZATION - Materialized value staging stg_websites.
[32m2026-03-24 14:28:55 +0100[0m - dagster - [34mDEBUG[0m - __ASSET_JOB - 21cc181c-14b3-490e-9ed0-17503bde70c2 - 9432 - igdb_transform - STEP_OUTPUT - Yielded output "mart_age_rating_content_description_types" of type "Nothing". (Type check passed).
[32m2026-03-24 14:28:55 +0100[0m - dagster - [34mDEBUG[0m - __ASSET_JOB - 21cc181c-14b3-490e-9ed0-17503bde70c2 - 9432 - igdb_transform - ASSET_MATERIALIZATION - Materialized value mart_age_rating_content_description_types.
[32m2026-03-24 14:28:56 +0100[0m - dagster - [34mDEBUG[0m - __ASSET_JOB - 21cc181c-14b3-490e-9ed0-17503bde70c2 - 9432 - igdb_transform - STEP_OUTPUT - Yielded output "mart_age_rating_organizations" of type "Nothing". (Type check passed).
[32m2026-03-24 14:28:56 +0100[0m - dagster - [34mDEBUG[0m - __ASSET_JOB - 21cc181c-14b3-490e-9ed0-17503bde70c2 - 9432 - igdb_transform - ASSET_MATERIALIZATION - Materialized value mart_age_rating_organizations.
[32m2026-03-24 14:28:58 +0100[0m - dagster - [34mDEBUG[0m - __ASSET_JOB - 21cc181c-14b3-490e-9ed0-17503bde70c2 - 9432 - igdb_transform - STEP_OUTPUT - Yielded output "mart_artworks" of type "Nothing". (Type check passed).
[32m2026-03-24 14:28:58 +0100[0m - dagster - [34mDEBUG[0m - __ASSET_JOB - 21cc181c-14b3-490e-9ed0-17503bde70c2 - 9432 - igdb_transform - ASSET_MATERIALIZATION - Materialized value mart_artworks.
[32m2026-03-24 14:28:58 +0100[0m - dagster - [34mDEBUG[0m - __ASSET_JOB - 21cc181c-14b3-490e-9ed0-17503bde70c2 - 9432 - igdb_transform - STEP_OUTPUT - Yielded output "mart_character_genders" of type "Nothing". (Type check passed).
[32m2026-03-24 14:28:58 +0100[0m - dagster - [34mDEBUG[0m - __ASSET_JOB - 21cc181c-14b3-490e-9ed0-17503bde70c2 - 9432 - igdb_transform - ASSET_MATERIALIZATION - Materialized value mart_character_genders.
[32m2026-03-24 14:29:00 +0100[0m - dagster - [34mDEBUG[0m - __ASSET_JOB - 21cc181c-14b3-490e-9ed0-17503bde70c2 - 9432 - igdb_transform - STEP_OUTPUT - Yielded output "mart_character_mug_shots" of type "Nothing". (Type check passed).
[32m2026-03-24 14:29:00 +0100[0m - dagster - [34mDEBUG[0m - __ASSET_JOB - 21cc181c-14b3-490e-9ed0-17503bde70c2 - 9432 - igdb_transform - ASSET_MATERIALIZATION - Materialized value mart_character_mug_shots.
[32m2026-03-24 14:29:01 +0100[0m - dagster - [34mDEBUG[0m - __ASSET_JOB - 21cc181c-14b3-490e-9ed0-17503bde70c2 - 9432 - igdb_transform - STEP_OUTPUT - Yielded output "mart_character_species" of type "Nothing". (Type check passed).
[32m2026-03-24 14:29:01 +0100[0m - dagster - [34mDEBUG[0m - __ASSET_JOB - 21cc181c-14b3-490e-9ed0-17503bde70c2 - 9432 - igdb_transform - ASSET_MATERIALIZATION - Materialized value mart_character_species.
[32m2026-03-24 14:29:02 +0100[0m - dagster - [34mDEBUG[0m - __ASSET_JOB - 21cc181c-14b3-490e-9ed0-17503bde70c2 - 9432 - igdb_transform - STEP_OUTPUT - Yielded output "intermediate__int_companies" of type "Nothing". (Type check passed).
[32m2026-03-24 14:29:02 +0100[0m - dagster - [34mDEBUG[0m - __ASSET_JOB - 21cc181c-14b3-490e-9ed0-17503bde70c2 - 9432 - igdb_transform - ASSET_MATERIALIZATION - Materialized value intermediate int_companies.
[32m2026-03-24 14:29:03 +0100[0m - dagster - [34mDEBUG[0m - __ASSET_JOB - 21cc181c-14b3-490e-9ed0-17503bde70c2 - 9432 - igdb_transform - STEP_OUTPUT - Yielded output "mart_company_logos" of type "Nothing". (Type check passed).
[32m2026-03-24 14:29:03 +0100[0m - dagster - [34mDEBUG[0m - __ASSET_JOB - 21cc181c-14b3-490e-9ed0-17503bde70c2 - 9432 - igdb_transform - ASSET_MATERIALIZATION - Materialized value mart_company_logos.
[32m2026-03-24 14:29:04 +0100[0m - dagster - [34mDEBUG[0m - __ASSET_JOB - 21cc181c-14b3-490e-9ed0-17503bde70c2 - 9432 - igdb_transform - STEP_OUTPUT - Yielded output "mart_company_statuses" of type "Nothing". (Type check passed).
[32m2026-03-24 14:29:04 +0100[0m - dagster - [34mDEBUG[0m - __ASSET_JOB - 21cc181c-14b3-490e-9ed0-17503bde70c2 - 9432 - igdb_transform - ASSET_MATERIALIZATION - Materialized value mart_company_statuses.
[32m2026-03-24 14:29:05 +0100[0m - dagster - [34mDEBUG[0m - __ASSET_JOB - 21cc181c-14b3-490e-9ed0-17503bde70c2 - 9432 - igdb_transform - STEP_OUTPUT - Yielded output "mart_date_formats" of type "Nothing". (Type check passed).
[32m2026-03-24 14:29:05 +0100[0m - dagster - [34mDEBUG[0m - __ASSET_JOB - 21cc181c-14b3-490e-9ed0-17503bde70c2 - 9432 - igdb_transform - ASSET_MATERIALIZATION - Materialized value mart_date_formats.
[32m2026-03-24 14:29:06 +0100[0m - dagster - [34mDEBUG[0m - __ASSET_JOB - 21cc181c-14b3-490e-9ed0-17503bde70c2 - 9432 - igdb_transform - STEP_OUTPUT - Yielded output "mart_event_logos" of type "Nothing". (Type check passed).
[32m2026-03-24 14:29:06 +0100[0m - dagster - [34mDEBUG[0m - __ASSET_JOB - 21cc181c-14b3-490e-9ed0-17503bde70c2 - 9432 - igdb_transform - ASSET_MATERIALIZATION - Materialized value mart_event_logos.
[32m2026-03-24 14:29:07 +0100[0m - dagster - [34mDEBUG[0m - __ASSET_JOB - 21cc181c-14b3-490e-9ed0-17503bde70c2 - 9432 - igdb_transform - STEP_OUTPUT - Yielded output "mart_external_game_sources" of type "Nothing". (Type check passed).
[32m2026-03-24 14:29:07 +0100[0m - dagster - [34mDEBUG[0m - __ASSET_JOB - 21cc181c-14b3-490e-9ed0-17503bde70c2 - 9432 - igdb_transform - ASSET_MATERIALIZATION - Materialized value mart_external_game_sources.
[32m2026-03-24 14:29:09 +0100[0m - dagster - [34mDEBUG[0m - __ASSET_JOB - 21cc181c-14b3-490e-9ed0-17503bde70c2 - 9432 - igdb_transform - STEP_OUTPUT - Yielded output "mart_franchises" of type "Nothing". (Type check passed).
[32m2026-03-24 14:29:09 +0100[0m - dagster - [34mDEBUG[0m - __ASSET_JOB - 21cc181c-14b3-490e-9ed0-17503bde70c2 - 9432 - igdb_transform - ASSET_MATERIALIZATION - Materialized value mart_franchises.
[32m2026-03-24 14:29:09 +0100[0m - dagster - [34mDEBUG[0m - __ASSET_JOB - 21cc181c-14b3-490e-9ed0-17503bde70c2 - 9432 - igdb_transform - STEP_OUTPUT - Yielded output "mart_game_engine_logo" of type "Nothing". (Type check passed).
[32m2026-03-24 14:29:09 +0100[0m - dagster - [34mDEBUG[0m - __ASSET_JOB - 21cc181c-14b3-490e-9ed0-17503bde70c2 - 9432 - igdb_transform - ASSET_MATERIALIZATION - Materialized value mart_game_engine_logo.
[32m2026-03-24 14:29:11 +0100[0m - dagster - [34mDEBUG[0m - __ASSET_JOB - 21cc181c-14b3-490e-9ed0-17503bde70c2 - 9432 - igdb_transform - STEP_OUTPUT - Yielded output "intermediate__int_covers_unified" of type "Nothing". (Type check passed).
[32m2026-03-24 14:29:11 +0100[0m - dagster - [34mDEBUG[0m - __ASSET_JOB - 21cc181c-14b3-490e-9ed0-17503bde70c2 - 9432 - igdb_transform - ASSET_MATERIALIZATION - Materialized value intermediate int_covers_unified.
[32m2026-03-24 14:29:12 +0100[0m - dagster - [34mDEBUG[0m - __ASSET_JOB - 21cc181c-14b3-490e-9ed0-17503bde70c2 - 9432 - igdb_transform - STEP_OUTPUT - Yielded output "mart_game_modes" of type "Nothing". (Type check passed).
[32m2026-03-24 14:29:12 +0100[0m - dagster - [34mDEBUG[0m - __ASSET_JOB - 21cc181c-14b3-490e-9ed0-17503bde70c2 - 9432 - igdb_transform - ASSET_MATERIALIZATION - Materialized value mart_game_modes.
[32m2026-03-24 14:29:13 +0100[0m - dagster - [34mDEBUG[0m - __ASSET_JOB - 21cc181c-14b3-490e-9ed0-17503bde70c2 - 9432 - igdb_transform - STEP_OUTPUT - Yielded output "mart_game_release_formats" of type "Nothing". (Type check passed).
[32m2026-03-24 14:29:13 +0100[0m - dagster - [34mDEBUG[0m - __ASSET_JOB - 21cc181c-14b3-490e-9ed0-17503bde70c2 - 9432 - igdb_transform - ASSET_MATERIALIZATION - Materialized value mart_game_release_formats.
[32m2026-03-24 14:29:14 +0100[0m - dagster - [34mDEBUG[0m - __ASSET_JOB - 21cc181c-14b3-490e-9ed0-17503bde70c2 - 9432 - igdb_transform - STEP_OUTPUT - Yielded output "mart_game_statuses" of type "Nothing". (Type check passed).
[32m2026-03-24 14:29:14 +0100[0m - dagster - [34mDEBUG[0m - __ASSET_JOB - 21cc181c-14b3-490e-9ed0-17503bde70c2 - 9432 - igdb_transform - ASSET_MATERIALIZATION - Materialized value mart_game_statuses.
[32m2026-03-24 14:29:15 +0100[0m - dagster - [34mDEBUG[0m - __ASSET_JOB - 21cc181c-14b3-490e-9ed0-17503bde70c2 - 9432 - igdb_transform - STEP_OUTPUT - Yielded output "mart_game_types" of type "Nothing". (Type check passed).
[32m2026-03-24 14:29:15 +0100[0m - dagster - [34mDEBUG[0m - __ASSET_JOB - 21cc181c-14b3-490e-9ed0-17503bde70c2 - 9432 - igdb_transform - ASSET_MATERIALIZATION - Materialized value mart_game_types.
[32m2026-03-24 14:29:16 +0100[0m - dagster - [34mDEBUG[0m - __ASSET_JOB - 21cc181c-14b3-490e-9ed0-17503bde70c2 - 9432 - igdb_transform - STEP_OUTPUT - Yielded output "intermediate__int_games" of type "Nothing". (Type check passed).
[32m2026-03-24 14:29:16 +0100[0m - dagster - [34mDEBUG[0m - __ASSET_JOB - 21cc181c-14b3-490e-9ed0-17503bde70c2 - 9432 - igdb_transform - ASSET_MATERIALIZATION - Materialized value intermediate int_games.
[32m2026-03-24 14:29:17 +0100[0m - dagster - [34mDEBUG[0m - __ASSET_JOB - 21cc181c-14b3-490e-9ed0-17503bde70c2 - 9432 - igdb_transform - STEP_OUTPUT - Yielded output "mart_genres" of type "Nothing". (Type check passed).
[32m2026-03-24 14:29:17 +0100[0m - dagster - [34mDEBUG[0m - __ASSET_JOB - 21cc181c-14b3-490e-9ed0-17503bde70c2 - 9432 - igdb_transform - ASSET_MATERIALIZATION - Materialized value mart_genres.
[32m2026-03-24 14:29:19 +0100[0m - dagster - [34mDEBUG[0m - __ASSET_JOB - 21cc181c-14b3-490e-9ed0-17503bde70c2 - 9432 - igdb_transform - STEP_OUTPUT - Yielded output "mart_involved_companies" of type "Nothing". (Type check passed).
[32m2026-03-24 14:29:19 +0100[0m - dagster - [34mDEBUG[0m - __ASSET_JOB - 21cc181c-14b3-490e-9ed0-17503bde70c2 - 9432 - igdb_transform - ASSET_MATERIALIZATION - Materialized value mart_involved_companies.
[32m2026-03-24 14:29:19 +0100[0m - dagster - [34mDEBUG[0m - __ASSET_JOB - 21cc181c-14b3-490e-9ed0-17503bde70c2 - 9432 - igdb_transform - STEP_OUTPUT - Yielded output "mart_keywords" of type "Nothing". (Type check passed).
[32m2026-03-24 14:29:20 +0100[0m - dagster - [34mDEBUG[0m - __ASSET_JOB - 21cc181c-14b3-490e-9ed0-17503bde70c2 - 9432 - igdb_transform - ASSET_MATERIALIZATION - Materialized value mart_keywords.
[32m2026-03-24 14:29:21 +0100[0m - dagster - [34mDEBUG[0m - __ASSET_JOB - 21cc181c-14b3-490e-9ed0-17503bde70c2 - 9432 - igdb_transform - STEP_OUTPUT - Yielded output "mart_language_support_types" of type "Nothing". (Type check passed).
[32m2026-03-24 14:29:21 +0100[0m - dagster - [34mDEBUG[0m - __ASSET_JOB - 21cc181c-14b3-490e-9ed0-17503bde70c2 - 9432 - igdb_transform - ASSET_MATERIALIZATION - Materialized value mart_language_support_types.
[32m2026-03-24 14:29:22 +0100[0m - dagster - [34mDEBUG[0m - __ASSET_JOB - 21cc181c-14b3-490e-9ed0-17503bde70c2 - 9432 - igdb_transform - STEP_OUTPUT - Yielded output "mart_languages" of type "Nothing". (Type check passed).
[32m2026-03-24 14:29:22 +0100[0m - dagster - [34mDEBUG[0m - __ASSET_JOB - 21cc181c-14b3-490e-9ed0-17503bde70c2 - 9432 - igdb_transform - ASSET_MATERIALIZATION - Materialized value mart_languages.
[32m2026-03-24 14:29:24 +0100[0m - dagster - [34mDEBUG[0m - __ASSET_JOB - 21cc181c-14b3-490e-9ed0-17503bde70c2 - 9432 - igdb_transform - STEP_OUTPUT - Yielded output "mart_multiplayer_modes" of type "Nothing". (Type check passed).
[32m2026-03-24 14:29:24 +0100[0m - dagster - [34mDEBUG[0m - __ASSET_JOB - 21cc181c-14b3-490e-9ed0-17503bde70c2 - 9432 - igdb_transform - ASSET_MATERIALIZATION - Materialized value mart_multiplayer_modes.
[32m2026-03-24 14:29:24 +0100[0m - dagster - [34mDEBUG[0m - __ASSET_JOB - 21cc181c-14b3-490e-9ed0-17503bde70c2 - 9432 - igdb_transform - STEP_OUTPUT - Yielded output "mart_network_types" of type "Nothing". (Type check passed).
[32m2026-03-24 14:29:24 +0100[0m - dagster - [34mDEBUG[0m - __ASSET_JOB - 21cc181c-14b3-490e-9ed0-17503bde70c2 - 9432 - igdb_transform - ASSET_MATERIALIZATION - Materialized value mart_network_types.
[32m2026-03-24 14:29:26 +0100[0m - dagster - [34mDEBUG[0m - __ASSET_JOB - 21cc181c-14b3-490e-9ed0-17503bde70c2 - 9432 - igdb_transform - STEP_OUTPUT - Yielded output "mart_platform_family" of type "Nothing". (Type check passed).
[32m2026-03-24 14:29:26 +0100[0m - dagster - [34mDEBUG[0m - __ASSET_JOB - 21cc181c-14b3-490e-9ed0-17503bde70c2 - 9432 - igdb_transform - ASSET_MATERIALIZATION - Materialized value mart_platform_family.
[32m2026-03-24 14:29:26 +0100[0m - dagster - [34mDEBUG[0m - __ASSET_JOB - 21cc181c-14b3-490e-9ed0-17503bde70c2 - 9432 - igdb_transform - STEP_OUTPUT - Yielded output "mart_platform_logo" of type "Nothing". (Type check passed).
[32m2026-03-24 14:29:26 +0100[0m - dagster - [34mDEBUG[0m - __ASSET_JOB - 21cc181c-14b3-490e-9ed0-17503bde70c2 - 9432 - igdb_transform - ASSET_MATERIALIZATION - Materialized value mart_platform_logo.
[32m2026-03-24 14:29:28 +0100[0m - dagster - [34mDEBUG[0m - __ASSET_JOB - 21cc181c-14b3-490e-9ed0-17503bde70c2 - 9432 - igdb_transform - STEP_OUTPUT - Yielded output "mart_platform_types" of type "Nothing". (Type check passed).
[32m2026-03-24 14:29:28 +0100[0m - dagster - [34mDEBUG[0m - __ASSET_JOB - 21cc181c-14b3-490e-9ed0-17503bde70c2 - 9432 - igdb_transform - ASSET_MATERIALIZATION - Materialized value mart_platform_types.
[32m2026-03-24 14:29:28 +0100[0m - dagster - [34mDEBUG[0m - __ASSET_JOB - 21cc181c-14b3-490e-9ed0-17503bde70c2 - 9432 - igdb_transform - STEP_OUTPUT - Yielded output "intermediate__int_platform_versions" of type "Nothing". (Type check passed).
[32m2026-03-24 14:29:28 +0100[0m - dagster - [34mDEBUG[0m - __ASSET_JOB - 21cc181c-14b3-490e-9ed0-17503bde70c2 - 9432 - igdb_transform - ASSET_MATERIALIZATION - Materialized value intermediate int_platform_versions.
[32m2026-03-24 14:29:30 +0100[0m - dagster - [34mDEBUG[0m - __ASSET_JOB - 21cc181c-14b3-490e-9ed0-17503bde70c2 - 9432 - igdb_transform - STEP_OUTPUT - Yielded output "mart_platform_websites" of type "Nothing". (Type check passed).
[32m2026-03-24 14:29:30 +0100[0m - dagster - [34mDEBUG[0m - __ASSET_JOB - 21cc181c-14b3-490e-9ed0-17503bde70c2 - 9432 - igdb_transform - ASSET_MATERIALIZATION - Materialized value mart_platform_websites.
[32m2026-03-24 14:29:30 +0100[0m - dagster - [34mDEBUG[0m - __ASSET_JOB - 21cc181c-14b3-490e-9ed0-17503bde70c2 - 9432 - igdb_transform - STEP_OUTPUT - Yielded output "mart_player_perspectives" of type "Nothing". (Type check passed).
[32m2026-03-24 14:29:31 +0100[0m - dagster - [34mDEBUG[0m - __ASSET_JOB - 21cc181c-14b3-490e-9ed0-17503bde70c2 - 9432 - igdb_transform - ASSET_MATERIALIZATION - Materialized value mart_player_perspectives.
[32m2026-03-24 14:29:33 +0100[0m - dagster - [34mDEBUG[0m - __ASSET_JOB - 21cc181c-14b3-490e-9ed0-17503bde70c2 - 9432 - igdb_transform - STEP_OUTPUT - Yielded output "intermediate__int_popularity_primitives_union" of type "Nothing". (Type check passed).
[32m2026-03-24 14:29:33 +0100[0m - dagster - [34mDEBUG[0m - __ASSET_JOB - 21cc181c-14b3-490e-9ed0-17503bde70c2 - 9432 - igdb_transform - ASSET_MATERIALIZATION - Materialized value intermediate int_popularity_primitives_union.
[32m2026-03-24 14:29:33 +0100[0m - dagster - [34mDEBUG[0m - __ASSET_JOB - 21cc181c-14b3-490e-9ed0-17503bde70c2 - 9432 - igdb_transform - STEP_OUTPUT - Yielded output "mart_popularity_types" of type "Nothing". (Type check passed).
[32m2026-03-24 14:29:33 +0100[0m - dagster - [34mDEBUG[0m - __ASSET_JOB - 21cc181c-14b3-490e-9ed0-17503bde70c2 - 9432 - igdb_transform - ASSET_MATERIALIZATION - Materialized value mart_popularity_types.
[32m2026-03-24 14:29:35 +0100[0m - dagster - [34mDEBUG[0m - __ASSET_JOB - 21cc181c-14b3-490e-9ed0-17503bde70c2 - 9432 - igdb_transform - STEP_OUTPUT - Yielded output "mart_regions" of type "Nothing". (Type check passed).
[32m2026-03-24 14:29:35 +0100[0m - dagster - [34mDEBUG[0m - __ASSET_JOB - 21cc181c-14b3-490e-9ed0-17503bde70c2 - 9432 - igdb_transform - ASSET_MATERIALIZATION - Materialized value mart_regions.
[32m2026-03-24 14:29:35 +0100[0m - dagster - [34mDEBUG[0m - __ASSET_JOB - 21cc181c-14b3-490e-9ed0-17503bde70c2 - 9432 - igdb_transform - STEP_OUTPUT - Yielded output "mart_release_date_regions" of type "Nothing". (Type check passed).
[32m2026-03-24 14:29:35 +0100[0m - dagster - [34mDEBUG[0m - __ASSET_JOB - 21cc181c-14b3-490e-9ed0-17503bde70c2 - 9432 - igdb_transform - ASSET_MATERIALIZATION - Materialized value mart_release_date_regions.
[32m2026-03-24 14:29:37 +0100[0m - dagster - [34mDEBUG[0m - __ASSET_JOB - 21cc181c-14b3-490e-9ed0-17503bde70c2 - 9432 - igdb_transform - STEP_OUTPUT - Yielded output "mart_release_date_statuses" of type "Nothing". (Type check passed).
[32m2026-03-24 14:29:37 +0100[0m - dagster - [34mDEBUG[0m - __ASSET_JOB - 21cc181c-14b3-490e-9ed0-17503bde70c2 - 9432 - igdb_transform - ASSET_MATERIALIZATION - Materialized value mart_release_date_statuses.
[32m2026-03-24 14:29:37 +0100[0m - dagster - [34mDEBUG[0m - __ASSET_JOB - 21cc181c-14b3-490e-9ed0-17503bde70c2 - 9432 - igdb_transform - STEP_OUTPUT - Yielded output "mart_themes" of type "Nothing". (Type check passed).
[32m2026-03-24 14:29:37 +0100[0m - dagster - [34mDEBUG[0m - __ASSET_JOB - 21cc181c-14b3-490e-9ed0-17503bde70c2 - 9432 - igdb_transform - ASSET_MATERIALIZATION - Materialized value mart_themes.
[32m2026-03-24 14:29:39 +0100[0m - dagster - [34mDEBUG[0m - __ASSET_JOB - 21cc181c-14b3-490e-9ed0-17503bde70c2 - 9432 - igdb_transform - STEP_OUTPUT - Yielded output "mart_website_types" of type "Nothing". (Type check passed).
[32m2026-03-24 14:29:39 +0100[0m - dagster - [34mDEBUG[0m - __ASSET_JOB - 21cc181c-14b3-490e-9ed0-17503bde70c2 - 9432 - igdb_transform - ASSET_MATERIALIZATION - Materialized value mart_website_types.
[32m2026-03-24 14:29:39 +0100[0m - dagster - [34mDEBUG[0m - __ASSET_JOB - 21cc181c-14b3-490e-9ed0-17503bde70c2 - 9432 - igdb_transform - STEP_OUTPUT - Yielded output "mart_age_rating_categories" of type "Nothing". (Type check passed).
[32m2026-03-24 14:29:40 +0100[0m - dagster - [34mDEBUG[0m - __ASSET_JOB - 21cc181c-14b3-490e-9ed0-17503bde70c2 - 9432 - igdb_transform - ASSET_MATERIALIZATION - Materialized value mart_age_rating_categories.
[32m2026-03-24 14:29:41 +0100[0m - dagster - [34mDEBUG[0m - __ASSET_JOB - 21cc181c-14b3-490e-9ed0-17503bde70c2 - 9432 - igdb_transform - STEP_OUTPUT - Yielded output "mart_age_rating_content_descriptions_v2" of type "Nothing". (Type check passed).
[32m2026-03-24 14:29:42 +0100[0m - dagster - [34mDEBUG[0m - __ASSET_JOB - 21cc181c-14b3-490e-9ed0-17503bde70c2 - 9432 - igdb_transform - ASSET_MATERIALIZATION - Materialized value mart_age_rating_content_descriptions_v2.
[32m2026-03-24 14:29:42 +0100[0m - dagster - [34mDEBUG[0m - __ASSET_JOB - 21cc181c-14b3-490e-9ed0-17503bde70c2 - 9432 - igdb_transform - STEP_OUTPUT - Yielded output "mart_characters" of type "Nothing". (Type check passed).
[32m2026-03-24 14:29:42 +0100[0m - dagster - [34mDEBUG[0m - __ASSET_JOB - 21cc181c-14b3-490e-9ed0-17503bde70c2 - 9432 - igdb_transform - ASSET_MATERIALIZATION - Materialized value mart_characters.
[32m2026-03-24 14:29:44 +0100[0m - dagster - [34mDEBUG[0m - __ASSET_JOB - 21cc181c-14b3-490e-9ed0-17503bde70c2 - 9432 - igdb_transform - STEP_OUTPUT - Yielded output "mart_events" of type "Nothing". (Type check passed).
[32m2026-03-24 14:29:44 +0100[0m - dagster - [34mDEBUG[0m - __ASSET_JOB - 21cc181c-14b3-490e-9ed0-17503bde70c2 - 9432 - igdb_transform - ASSET_MATERIALIZATION - Materialized value mart_events.
[32m2026-03-24 14:29:45 +0100[0m - dagster - [34mDEBUG[0m - __ASSET_JOB - 21cc181c-14b3-490e-9ed0-17503bde70c2 - 9432 - igdb_transform - STEP_OUTPUT - Yielded output "mart_companies" of type "Nothing". (Type check passed).
[32m2026-03-24 14:29:45 +0100[0m - dagster - [34mDEBUG[0m - __ASSET_JOB - 21cc181c-14b3-490e-9ed0-17503bde70c2 - 9432 - igdb_transform - ASSET_MATERIALIZATION - Materialized value mart_companies.
[32m2026-03-24 14:29:46 +0100[0m - dagster - [34mDEBUG[0m - __ASSET_JOB - 21cc181c-14b3-490e-9ed0-17503bde70c2 - 9432 - igdb_transform - STEP_OUTPUT - Yielded output "mart_game_engines" of type "Nothing". (Type check passed).
[32m2026-03-24 14:29:46 +0100[0m - dagster - [34mDEBUG[0m - __ASSET_JOB - 21cc181c-14b3-490e-9ed0-17503bde70c2 - 9432 - igdb_transform - ASSET_MATERIALIZATION - Materialized value mart_game_engines.
[32m2026-03-24 14:29:47 +0100[0m - dagster - [34mDEBUG[0m - __ASSET_JOB - 21cc181c-14b3-490e-9ed0-17503bde70c2 - 9432 - igdb_transform - STEP_OUTPUT - Yielded output "intermediate__int_game_localizations" of type "Nothing". (Type check passed).
[32m2026-03-24 14:29:47 +0100[0m - dagster - [34mDEBUG[0m - __ASSET_JOB - 21cc181c-14b3-490e-9ed0-17503bde70c2 - 9432 - igdb_transform - ASSET_MATERIALIZATION - Materialized value intermediate int_game_localizations.
[32m2026-03-24 14:29:50 +0100[0m - dagster - [34mDEBUG[0m - __ASSET_JOB - 21cc181c-14b3-490e-9ed0-17503bde70c2 - 9432 - igdb_transform - STEP_OUTPUT - Yielded output "mart_platforms" of type "Nothing". (Type check passed).
[32m2026-03-24 14:29:50 +0100[0m - dagster - [34mDEBUG[0m - __ASSET_JOB - 21cc181c-14b3-490e-9ed0-17503bde70c2 - 9432 - igdb_transform - ASSET_MATERIALIZATION - Materialized value mart_platforms.
[32m2026-03-24 14:29:50 +0100[0m - dagster - [34mDEBUG[0m - __ASSET_JOB - 21cc181c-14b3-490e-9ed0-17503bde70c2 - 9432 - igdb_transform - STEP_OUTPUT - Yielded output "mart_covers" of type "Nothing". (Type check passed).
[32m2026-03-24 14:29:50 +0100[0m - dagster - [34mDEBUG[0m - __ASSET_JOB - 21cc181c-14b3-490e-9ed0-17503bde70c2 - 9432 - igdb_transform - ASSET_MATERIALIZATION - Materialized value mart_covers.
[32m2026-03-24 14:29:52 +0100[0m - dagster - [34mDEBUG[0m - __ASSET_JOB - 21cc181c-14b3-490e-9ed0-17503bde70c2 - 9432 - igdb_transform - STEP_OUTPUT - Yielded output "mart_company_websites" of type "Nothing". (Type check passed).
[32m2026-03-24 14:29:52 +0100[0m - dagster - [34mDEBUG[0m - __ASSET_JOB - 21cc181c-14b3-490e-9ed0-17503bde70c2 - 9432 - igdb_transform - ASSET_MATERIALIZATION - Materialized value mart_company_websites.
[32m2026-03-24 14:29:54 +0100[0m - dagster - [34mDEBUG[0m - __ASSET_JOB - 21cc181c-14b3-490e-9ed0-17503bde70c2 - 9432 - igdb_transform - STEP_OUTPUT - Yielded output "intermediate__int_event_network" of type "Nothing". (Type check passed).
[32m2026-03-24 14:29:54 +0100[0m - dagster - [34mDEBUG[0m - __ASSET_JOB - 21cc181c-14b3-490e-9ed0-17503bde70c2 - 9432 - igdb_transform - ASSET_MATERIALIZATION - Materialized value intermediate int_event_network.
[32m2026-03-24 14:29:55 +0100[0m - dagster - [34mDEBUG[0m - __ASSET_JOB - 21cc181c-14b3-490e-9ed0-17503bde70c2 - 9432 - igdb_transform - STEP_OUTPUT - Yielded output "mart_age_ratings" of type "Nothing". (Type check passed).
[32m2026-03-24 14:29:55 +0100[0m - dagster - [34mDEBUG[0m - __ASSET_JOB - 21cc181c-14b3-490e-9ed0-17503bde70c2 - 9432 - igdb_transform - ASSET_MATERIALIZATION - Materialized value mart_age_ratings.
[32m2026-03-24 14:29:57 +0100[0m - dagster - [34mDEBUG[0m - __ASSET_JOB - 21cc181c-14b3-490e-9ed0-17503bde70c2 - 9432 - igdb_transform - STEP_OUTPUT - Yielded output "mart_company_search" of type "Nothing". (Type check passed).
[32m2026-03-24 14:29:58 +0100[0m - dagster - [34mDEBUG[0m - __ASSET_JOB - 21cc181c-14b3-490e-9ed0-17503bde70c2 - 9432 - igdb_transform - ASSET_MATERIALIZATION - Materialized value mart_company_search.
[32m2026-03-24 14:30:01 +0100[0m - dagster - [34mDEBUG[0m - __ASSET_JOB - 21cc181c-14b3-490e-9ed0-17503bde70c2 - 9432 - igdb_transform - STEP_OUTPUT - Yielded output "bridge_involved_company_company" of type "Nothing". (Type check passed).
[32m2026-03-24 14:30:01 +0100[0m - dagster - [34mDEBUG[0m - __ASSET_JOB - 21cc181c-14b3-490e-9ed0-17503bde70c2 - 9432 - igdb_transform - ASSET_MATERIALIZATION - Materialized value bridge_involved_company_company.
[32m2026-03-24 14:30:01 +0100[0m - dagster - [34mDEBUG[0m - __ASSET_JOB - 21cc181c-14b3-490e-9ed0-17503bde70c2 - 9432 - igdb_transform - STEP_OUTPUT - Yielded output "mart_platform_version_companies" of type "Nothing". (Type check passed).
[32m2026-03-24 14:30:01 +0100[0m - dagster - [34mDEBUG[0m - __ASSET_JOB - 21cc181c-14b3-490e-9ed0-17503bde70c2 - 9432 - igdb_transform - ASSET_MATERIALIZATION - Materialized value mart_platform_version_companies.
[32m2026-03-24 14:30:03 +0100[0m - dagster - [34mDEBUG[0m - __ASSET_JOB - 21cc181c-14b3-490e-9ed0-17503bde70c2 - 9432 - igdb_transform - STEP_OUTPUT - Yielded output "bridge_game_engine_company" of type "Nothing". (Type check passed).
[32m2026-03-24 14:30:04 +0100[0m - dagster - [34mDEBUG[0m - __ASSET_JOB - 21cc181c-14b3-490e-9ed0-17503bde70c2 - 9432 - igdb_transform - ASSET_MATERIALIZATION - Materialized value bridge_game_engine_company.
[32m2026-03-24 14:30:04 +0100[0m - dagster - [34mDEBUG[0m - __ASSET_JOB - 21cc181c-14b3-490e-9ed0-17503bde70c2 - 9432 - igdb_transform - STEP_OUTPUT - Yielded output "bridge_game__game_engine" of type "Nothing". (Type check passed).
[32m2026-03-24 14:30:04 +0100[0m - dagster - [34mDEBUG[0m - __ASSET_JOB - 21cc181c-14b3-490e-9ed0-17503bde70c2 - 9432 - igdb_transform - ASSET_MATERIALIZATION - Materialized value bridge_game__game_engine.
[32m2026-03-24 14:30:06 +0100[0m - dagster - [34mDEBUG[0m - __ASSET_JOB - 21cc181c-14b3-490e-9ed0-17503bde70c2 - 9432 - igdb_transform - STEP_OUTPUT - Yielded output "bridge_game_engine_platform" of type "Nothing". (Type check passed).
[32m2026-03-24 14:30:06 +0100[0m - dagster - [34mDEBUG[0m - __ASSET_JOB - 21cc181c-14b3-490e-9ed0-17503bde70c2 - 9432 - igdb_transform - ASSET_MATERIALIZATION - Materialized value bridge_game_engine_platform.
[32m2026-03-24 14:30:08 +0100[0m - dagster - [34mDEBUG[0m - __ASSET_JOB - 21cc181c-14b3-490e-9ed0-17503bde70c2 - 9432 - igdb_transform - STEP_OUTPUT - Yielded output "mart_event_networks" of type "Nothing". (Type check passed).
[32m2026-03-24 14:30:08 +0100[0m - dagster - [34mDEBUG[0m - __ASSET_JOB - 21cc181c-14b3-490e-9ed0-17503bde70c2 - 9432 - igdb_transform - ASSET_MATERIALIZATION - Materialized value mart_event_networks.
[32m2026-03-24 14:30:10 +0100[0m - dagster - [34mDEBUG[0m - __ASSET_JOB - 21cc181c-14b3-490e-9ed0-17503bde70c2 - 9432 - igdb_transform - STEP_OUTPUT - Yielded output "mart_platform_versions" of type "Nothing". (Type check passed).
[32m2026-03-24 14:30:10 +0100[0m - dagster - [34mDEBUG[0m - __ASSET_JOB - 21cc181c-14b3-490e-9ed0-17503bde70c2 - 9432 - igdb_transform - ASSET_MATERIALIZATION - Materialized value mart_platform_versions.
[32m2026-03-24 14:30:13 +0100[0m - dagster - [34mDEBUG[0m - __ASSET_JOB - 21cc181c-14b3-490e-9ed0-17503bde70c2 - 9432 - igdb_transform - STEP_OUTPUT - Yielded output "bridge_platform_version_company" of type "Nothing". (Type check passed).
[32m2026-03-24 14:30:13 +0100[0m - dagster - [34mDEBUG[0m - __ASSET_JOB - 21cc181c-14b3-490e-9ed0-17503bde70c2 - 9432 - igdb_transform - ASSET_MATERIALIZATION - Materialized value bridge_platform_version_company.
[32m2026-03-24 14:30:14 +0100[0m - dagster - [34mDEBUG[0m - __ASSET_JOB - 21cc181c-14b3-490e-9ed0-17503bde70c2 - 9432 - igdb_transform - STEP_OUTPUT - Yielded output "mart_games" of type "Nothing". (Type check passed).
[32m2026-03-24 14:30:14 +0100[0m - dagster - [34mDEBUG[0m - __ASSET_JOB - 21cc181c-14b3-490e-9ed0-17503bde70c2 - 9432 - igdb_transform - ASSET_MATERIALIZATION - Materialized value mart_games.
[32m2026-03-24 14:30:17 +0100[0m - dagster - [34mDEBUG[0m - __ASSET_JOB - 21cc181c-14b3-490e-9ed0-17503bde70c2 - 9432 - igdb_transform - STEP_OUTPUT - Yielded output "bridge_game_franchise" of type "Nothing". (Type check passed).
[32m2026-03-24 14:30:18 +0100[0m - dagster - [34mDEBUG[0m - __ASSET_JOB - 21cc181c-14b3-490e-9ed0-17503bde70c2 - 9432 - igdb_transform - ASSET_MATERIALIZATION - Materialized value bridge_game_franchise.
[32m2026-03-24 14:30:18 +0100[0m - dagster - [34mDEBUG[0m - __ASSET_JOB - 21cc181c-14b3-490e-9ed0-17503bde70c2 - 9432 - igdb_transform - STEP_OUTPUT - Yielded output "bridge_game_dlc" of type "Nothing". (Type check passed).
[32m2026-03-24 14:30:18 +0100[0m - dagster - [34mDEBUG[0m - __ASSET_JOB - 21cc181c-14b3-490e-9ed0-17503bde70c2 - 9432 - igdb_transform - ASSET_MATERIALIZATION - Materialized value bridge_game_dlc.
[32m2026-03-24 14:30:27 +0100[0m - dagster - [34mDEBUG[0m - __ASSET_JOB - 21cc181c-14b3-490e-9ed0-17503bde70c2 - 9432 - igdb_transform - STEP_OUTPUT - Yielded output "bridge_game_game_mode" of type "Nothing". (Type check passed).
[32m2026-03-24 14:30:28 +0100[0m - dagster - [34mDEBUG[0m - __ASSET_JOB - 21cc181c-14b3-490e-9ed0-17503bde70c2 - 9432 - igdb_transform - ASSET_MATERIALIZATION - Materialized value bridge_game_game_mode.
[32m2026-03-24 14:30:39 +0100[0m - dagster - [34mDEBUG[0m - __ASSET_JOB - 21cc181c-14b3-490e-9ed0-17503bde70c2 - 9432 - igdb_transform - STEP_OUTPUT - Yielded output "bridge_game_genre" of type "Nothing". (Type check passed).
[32m2026-03-24 14:30:39 +0100[0m - dagster - [34mDEBUG[0m - __ASSET_JOB - 21cc181c-14b3-490e-9ed0-17503bde70c2 - 9432 - igdb_transform - ASSET_MATERIALIZATION - Materialized value bridge_game_genre.
[32m2026-03-24 14:30:51 +0100[0m - dagster - [34mDEBUG[0m - __ASSET_JOB - 21cc181c-14b3-490e-9ed0-17503bde70c2 - 9432 - igdb_transform - STEP_OUTPUT - Yielded output "bridge_game_keyword" of type "Nothing". (Type check passed).
[32m2026-03-24 14:30:51 +0100[0m - dagster - [34mDEBUG[0m - __ASSET_JOB - 21cc181c-14b3-490e-9ed0-17503bde70c2 - 9432 - igdb_transform - ASSET_MATERIALIZATION - Materialized value bridge_game_keyword.
[32m2026-03-24 14:30:52 +0100[0m - dagster - [34mDEBUG[0m - __ASSET_JOB - 21cc181c-14b3-490e-9ed0-17503bde70c2 - 9432 - igdb_transform - STEP_OUTPUT - Yielded output "bridge_game_multiplayer_mode" of type "Nothing". (Type check passed).
[32m2026-03-24 14:30:52 +0100[0m - dagster - [34mDEBUG[0m - __ASSET_JOB - 21cc181c-14b3-490e-9ed0-17503bde70c2 - 9432 - igdb_transform - ASSET_MATERIALIZATION - Materialized value bridge_game_multiplayer_mode.
[32m2026-03-24 14:31:06 +0100[0m - dagster - [34mDEBUG[0m - __ASSET_JOB - 21cc181c-14b3-490e-9ed0-17503bde70c2 - 9432 - igdb_transform - STEP_OUTPUT - Yielded output "bridge_game_platform" of type "Nothing". (Type check passed).
[32m2026-03-24 14:31:06 +0100[0m - dagster - [34mDEBUG[0m - __ASSET_JOB - 21cc181c-14b3-490e-9ed0-17503bde70c2 - 9432 - igdb_transform - ASSET_MATERIALIZATION - Materialized value bridge_game_platform.
[32m2026-03-24 14:31:11 +0100[0m - dagster - [34mDEBUG[0m - __ASSET_JOB - 21cc181c-14b3-490e-9ed0-17503bde70c2 - 9432 - igdb_transform - STEP_OUTPUT - Yielded output "bridge_game_player_perspective" of type "Nothing". (Type check passed).
[32m2026-03-24 14:31:11 +0100[0m - dagster - [34mDEBUG[0m - __ASSET_JOB - 21cc181c-14b3-490e-9ed0-17503bde70c2 - 9432 - igdb_transform - ASSET_MATERIALIZATION - Materialized value bridge_game_player_perspective.
[32m2026-03-24 14:31:13 +0100[0m - dagster - [34mDEBUG[0m - __ASSET_JOB - 21cc181c-14b3-490e-9ed0-17503bde70c2 - 9432 - igdb_transform - STEP_OUTPUT - Yielded output "intermediate__int_external_games" of type "Nothing". (Type check passed).
[32m2026-03-24 14:31:13 +0100[0m - dagster - [34mDEBUG[0m - __ASSET_JOB - 21cc181c-14b3-490e-9ed0-17503bde70c2 - 9432 - igdb_transform - ASSET_MATERIALIZATION - Materialized value intermediate int_external_games.
[32m2026-03-24 14:31:19 +0100[0m - dagster - [34mDEBUG[0m - __ASSET_JOB - 21cc181c-14b3-490e-9ed0-17503bde70c2 - 9432 - igdb_transform - STEP_OUTPUT - Yielded output "bridge_game_theme" of type "Nothing". (Type check passed).
[32m2026-03-24 14:31:19 +0100[0m - dagster - [34mDEBUG[0m - __ASSET_JOB - 21cc181c-14b3-490e-9ed0-17503bde70c2 - 9432 - igdb_transform - ASSET_MATERIALIZATION - Materialized value bridge_game_theme.
[32m2026-03-24 14:31:22 +0100[0m - dagster - [34mDEBUG[0m - __ASSET_JOB - 21cc181c-14b3-490e-9ed0-17503bde70c2 - 9432 - igdb_transform - STEP_OUTPUT - Yielded output "mart_alternative_names" of type "Nothing". (Type check passed).
[32m2026-03-24 14:31:22 +0100[0m - dagster - [34mDEBUG[0m - __ASSET_JOB - 21cc181c-14b3-490e-9ed0-17503bde70c2 - 9432 - igdb_transform - ASSET_MATERIALIZATION - Materialized value mart_alternative_names.
[32m2026-03-24 14:31:24 +0100[0m - dagster - [34mDEBUG[0m - __ASSET_JOB - 21cc181c-14b3-490e-9ed0-17503bde70c2 - 9432 - igdb_transform - STEP_OUTPUT - Yielded output "mart_game_localizations" of type "Nothing". (Type check passed).
[32m2026-03-24 14:31:24 +0100[0m - dagster - [34mDEBUG[0m - __ASSET_JOB - 21cc181c-14b3-490e-9ed0-17503bde70c2 - 9432 - igdb_transform - ASSET_MATERIALIZATION - Materialized value mart_game_localizations.
[32m2026-03-24 14:31:24 +0100[0m - dagster - [34mDEBUG[0m - __ASSET_JOB - 21cc181c-14b3-490e-9ed0-17503bde70c2 - 9432 - igdb_transform - STEP_OUTPUT - Yielded output "mart_popularity_primitives" of type "Nothing". (Type check passed).
[32m2026-03-24 14:31:25 +0100[0m - dagster - [34mDEBUG[0m - __ASSET_JOB - 21cc181c-14b3-490e-9ed0-17503bde70c2 - 9432 - igdb_transform - ASSET_MATERIALIZATION - Materialized value mart_popularity_primitives.
[32m2026-03-24 14:31:47 +0100[0m - dagster - [34mDEBUG[0m - __ASSET_JOB - 21cc181c-14b3-490e-9ed0-17503bde70c2 - 9432 - igdb_transform - STEP_OUTPUT - Yielded output "mart_release_dates" of type "Nothing". (Type check passed).
[32m2026-03-24 14:31:47 +0100[0m - dagster - [34mDEBUG[0m - __ASSET_JOB - 21cc181c-14b3-490e-9ed0-17503bde70c2 - 9432 - igdb_transform - ASSET_MATERIALIZATION - Materialized value mart_release_dates.
[32m2026-03-24 14:32:08 +0100[0m - dagster - [34mDEBUG[0m - __ASSET_JOB - 21cc181c-14b3-490e-9ed0-17503bde70c2 - 9432 - igdb_transform - STEP_OUTPUT - Yielded output "mart_screenshots" of type "Nothing". (Type check passed).
[32m2026-03-24 14:32:08 +0100[0m - dagster - [34mDEBUG[0m - __ASSET_JOB - 21cc181c-14b3-490e-9ed0-17503bde70c2 - 9432 - igdb_transform - ASSET_MATERIALIZATION - Materialized value mart_screenshots.
[32m2026-03-24 14:32:10 +0100[0m - dagster - [34mDEBUG[0m - __ASSET_JOB - 21cc181c-14b3-490e-9ed0-17503bde70c2 - 9432 - igdb_transform - STEP_OUTPUT - Yielded output "mart_videos" of type "Nothing". (Type check passed).
[32m2026-03-24 14:32:10 +0100[0m - dagster - [34mDEBUG[0m - __ASSET_JOB - 21cc181c-14b3-490e-9ed0-17503bde70c2 - 9432 - igdb_transform - ASSET_MATERIALIZATION - Materialized value mart_videos.
[32m2026-03-24 14:32:28 +0100[0m - dagster - [34mDEBUG[0m - __ASSET_JOB - 21cc181c-14b3-490e-9ed0-17503bde70c2 - 9432 - igdb_transform - STEP_OUTPUT - Yielded output "mart_websites" of type "Nothing". (Type check passed).
[32m2026-03-24 14:32:29 +0100[0m - dagster - [34mDEBUG[0m - __ASSET_JOB - 21cc181c-14b3-490e-9ed0-17503bde70c2 - 9432 - igdb_transform - ASSET_MATERIALIZATION - Materialized value mart_websites.
[32m2026-03-24 14:32:38 +0100[0m - dagster - [34mDEBUG[0m - __ASSET_JOB - 21cc181c-14b3-490e-9ed0-17503bde70c2 - 9432 - igdb_transform - STEP_OUTPUT - Yielded output "mart_games_search" of type "Nothing". (Type check passed).
[32m2026-03-24 14:32:38 +0100[0m - dagster - [34mDEBUG[0m - __ASSET_JOB - 21cc181c-14b3-490e-9ed0-17503bde70c2 - 9432 - igdb_transform - ASSET_MATERIALIZATION - Materialized value mart_games_search.
[32m2026-03-24 14:32:49 +0100[0m - dagster - [34mDEBUG[0m - __ASSET_JOB - 21cc181c-14b3-490e-9ed0-17503bde70c2 - 9432 - igdb_transform - STEP_OUTPUT - Yielded output "mart_external_games" of type "Nothing". (Type check passed).
[32m2026-03-24 14:32:49 +0100[0m - dagster - [34mDEBUG[0m - __ASSET_JOB - 21cc181c-14b3-490e-9ed0-17503bde70c2 - 9432 - igdb_transform - ASSET_MATERIALIZATION - Materialized value mart_external_games.
[32m2026-03-24 14:32:49 +0100[0m - dagster - [34mDEBUG[0m - __ASSET_JOB - 21cc181c-14b3-490e-9ed0-17503bde70c2 - 9432 - igdb_transform - STEP_OUTPUT - Yielded output "mart_game_popularity_latest" of type "Nothing". (Type check passed).
[32m2026-03-24 14:32:49 +0100[0m - dagster - [34mDEBUG[0m - __ASSET_JOB - 21cc181c-14b3-490e-9ed0-17503bde70c2 - 9432 - igdb_transform - ASSET_MATERIALIZATION - Materialized value mart_game_popularity_latest.
[32m2026-03-24 14:32:52 +0100[0m - dagster - [34mINFO[0m - __ASSET_JOB - 21cc181c-14b3-490e-9ed0-17503bde70c2 - igdb_transform - Finished dbt command: `dbt build --select fqn:*`.
[32m2026-03-24 14:32:52 +0100[0m - dagster - [34mDEBUG[0m - __ASSET_JOB - 21cc181c-14b3-490e-9ed0-17503bde70c2 - 9432 - igdb_transform - STEP_SUCCESS - Finished execution of step "igdb_transform" in 6m34s.
