[32m2026-03-24 14:24:08 +0100[0m - dagster - [34mDEBUG[0m - __ASSET_JOB - 21cc181c-14b3-490e-9ed0-17503bde70c2 - 12624 - LOGS_CAPTURED - Started capturing logs in process (pid: 12624).
[32m2026-03-24 14:24:08 +0100[0m - dagster - [34mDEBUG[0m - __ASSET_JOB - 21cc181c-14b3-490e-9ed0-17503bde70c2 - 12624 - dlt_assets_igdb_igdb_source - STEP_START - Started execution of step "dlt_assets_igdb_igdb_source".
2026-03-24 14:26:02,557|[WARNING]|12624|23576|dlt|validate.py|verify_normalized_table:118|In schema `igdb`: The following columns in table `character_mug_shots` did not receive any data during this load:
  - updated_at

This can happen if you specify columns manually, for example, using the `merge_key`, `primary_key` or `columns` argument but they do not exist in the data.

[32m2026-03-24 14:26:11 +0100[0m - dagster - [34mDEBUG[0m - __ASSET_JOB - 21cc181c-14b3-490e-9ed0-17503bde70c2 - 12624 - dlt_assets_igdb_igdb_source - STEP_OUTPUT - Yielded output "igdb_source__age_rating_categories" of type "Nothing". (Type check passed).
[32m2026-03-24 14:26:11 +0100[0m - dagster - [34mDEBUG[0m - __ASSET_JOB - 21cc181c-14b3-490e-9ed0-17503bde70c2 - 12624 - dlt_assets_igdb_igdb_source - ASSET_MATERIALIZATION - Materialized value igdb_source age_rating_categories.
[32m2026-03-24 14:26:11 +0100[0m - dagster - [34mDEBUG[0m - __ASSET_JOB - 21cc181c-14b3-490e-9ed0-17503bde70c2 - 12624 - dlt_assets_igdb_igdb_source - STEP_OUTPUT - Yielded output "igdb_source__age_rating_content_description_types" of type "Nothing". (Type check passed).
[32m2026-03-24 14:26:11 +0100[0m - dagster - [34mDEBUG[0m - __ASSET_JOB - 21cc181c-14b3-490e-9ed0-17503bde70c2 - 12624 - dlt_assets_igdb_igdb_source - ASSET_MATERIALIZATION - Materialized value igdb_source age_rating_content_description_types.
[32m2026-03-24 14:26:11 +0100[0m - dagster - [34mDEBUG[0m - __ASSET_JOB - 21cc181c-14b3-490e-9ed0-17503bde70c2 - 12624 - dlt_assets_igdb_igdb_source - STEP_OUTPUT - Yielded output "igdb_source__age_rating_content_descriptions_v2" of type "Nothing". (Type check passed).
[32m2026-03-24 14:26:11 +0100[0m - dagster - [34mDEBUG[0m - __ASSET_JOB - 21cc181c-14b3-490e-9ed0-17503bde70c2 - 12624 - dlt_assets_igdb_igdb_source - ASSET_MATERIALIZATION - Materialized value igdb_source age_rating_content_descriptions_v2.
[32m2026-03-24 14:26:11 +0100[0m - dagster - [34mDEBUG[0m - __ASSET_JOB - 21cc181c-14b3-490e-9ed0-17503bde70c2 - 12624 - dlt_assets_igdb_igdb_source - STEP_OUTPUT - Yielded output "igdb_source__age_rating_organizations" of type "Nothing". (Type check passed).
[32m2026-03-24 14:26:11 +0100[0m - dagster - [34mDEBUG[0m - __ASSET_JOB - 21cc181c-14b3-490e-9ed0-17503bde70c2 - 12624 - dlt_assets_igdb_igdb_source - ASSET_MATERIALIZATION - Materialized value igdb_source age_rating_organizations.
[32m2026-03-24 14:26:11 +0100[0m - dagster - [34mDEBUG[0m - __ASSET_JOB - 21cc181c-14b3-490e-9ed0-17503bde70c2 - 12624 - dlt_assets_igdb_igdb_source - STEP_OUTPUT - Yielded output "igdb_source__artwork_types" of type "Nothing". (Type check passed).
[32m2026-03-24 14:26:11 +0100[0m - dagster - [34mDEBUG[0m - __ASSET_JOB - 21cc181c-14b3-490e-9ed0-17503bde70c2 - 12624 - dlt_assets_igdb_igdb_source - ASSET_MATERIALIZATION - Materialized value igdb_source artwork_types.
[32m2026-03-24 14:26:11 +0100[0m - dagster - [34mDEBUG[0m - __ASSET_JOB - 21cc181c-14b3-490e-9ed0-17503bde70c2 - 12624 - dlt_assets_igdb_igdb_source - STEP_OUTPUT - Yielded output "igdb_source__characters" of type "Nothing". (Type check passed).
[32m2026-03-24 14:26:11 +0100[0m - dagster - [34mDEBUG[0m - __ASSET_JOB - 21cc181c-14b3-490e-9ed0-17503bde70c2 - 12624 - dlt_assets_igdb_igdb_source - ASSET_MATERIALIZATION - Materialized value igdb_source characters.
[32m2026-03-24 14:26:11 +0100[0m - dagster - [34mDEBUG[0m - __ASSET_JOB - 21cc181c-14b3-490e-9ed0-17503bde70c2 - 12624 - dlt_assets_igdb_igdb_source - STEP_OUTPUT - Yielded output "igdb_source__character_genders" of type "Nothing". (Type check passed).
[32m2026-03-24 14:26:11 +0100[0m - dagster - [34mDEBUG[0m - __ASSET_JOB - 21cc181c-14b3-490e-9ed0-17503bde70c2 - 12624 - dlt_assets_igdb_igdb_source - ASSET_MATERIALIZATION - Materialized value igdb_source character_genders.
[32m2026-03-24 14:26:11 +0100[0m - dagster - [34mDEBUG[0m - __ASSET_JOB - 21cc181c-14b3-490e-9ed0-17503bde70c2 - 12624 - dlt_assets_igdb_igdb_source - STEP_OUTPUT - Yielded output "igdb_source__character_mug_shots" of type "Nothing". (Type check passed).
[32m2026-03-24 14:26:11 +0100[0m - dagster - [34mDEBUG[0m - __ASSET_JOB - 21cc181c-14b3-490e-9ed0-17503bde70c2 - 12624 - dlt_assets_igdb_igdb_source - ASSET_MATERIALIZATION - Materialized value igdb_source character_mug_shots.
[32m2026-03-24 14:26:11 +0100[0m - dagster - [34mDEBUG[0m - __ASSET_JOB - 21cc181c-14b3-490e-9ed0-17503bde70c2 - 12624 - dlt_assets_igdb_igdb_source - STEP_OUTPUT - Yielded output "igdb_source__character_species" of type "Nothing". (Type check passed).
[32m2026-03-24 14:26:11 +0100[0m - dagster - [34mDEBUG[0m - __ASSET_JOB - 21cc181c-14b3-490e-9ed0-17503bde70c2 - 12624 - dlt_assets_igdb_igdb_source - ASSET_MATERIALIZATION - Materialized value igdb_source character_species.
[32m2026-03-24 14:26:11 +0100[0m - dagster - [34mDEBUG[0m - __ASSET_JOB - 21cc181c-14b3-490e-9ed0-17503bde70c2 - 12624 - dlt_assets_igdb_igdb_source - STEP_OUTPUT - Yielded output "igdb_source__collections" of type "Nothing". (Type check passed).
[32m2026-03-24 14:26:11 +0100[0m - dagster - [34mDEBUG[0m - __ASSET_JOB - 21cc181c-14b3-490e-9ed0-17503bde70c2 - 12624 - dlt_assets_igdb_igdb_source - ASSET_MATERIALIZATION - Materialized value igdb_source collections.
[32m2026-03-24 14:26:11 +0100[0m - dagster - [34mDEBUG[0m - __ASSET_JOB - 21cc181c-14b3-490e-9ed0-17503bde70c2 - 12624 - dlt_assets_igdb_igdb_source - STEP_OUTPUT - Yielded output "igdb_source__collection_memberships" of type "Nothing". (Type check passed).
[32m2026-03-24 14:26:11 +0100[0m - dagster - [34mDEBUG[0m - __ASSET_JOB - 21cc181c-14b3-490e-9ed0-17503bde70c2 - 12624 - dlt_assets_igdb_igdb_source - ASSET_MATERIALIZATION - Materialized value igdb_source collection_memberships.
[32m2026-03-24 14:26:11 +0100[0m - dagster - [34mDEBUG[0m - __ASSET_JOB - 21cc181c-14b3-490e-9ed0-17503bde70c2 - 12624 - dlt_assets_igdb_igdb_source - STEP_OUTPUT - Yielded output "igdb_source__collection_membership_types" of type "Nothing". (Type check passed).
[32m2026-03-24 14:26:11 +0100[0m - dagster - [34mDEBUG[0m - __ASSET_JOB - 21cc181c-14b3-490e-9ed0-17503bde70c2 - 12624 - dlt_assets_igdb_igdb_source - ASSET_MATERIALIZATION - Materialized value igdb_source collection_membership_types.
[32m2026-03-24 14:26:11 +0100[0m - dagster - [34mDEBUG[0m - __ASSET_JOB - 21cc181c-14b3-490e-9ed0-17503bde70c2 - 12624 - dlt_assets_igdb_igdb_source - STEP_OUTPUT - Yielded output "igdb_source__collection_relations" of type "Nothing". (Type check passed).
[32m2026-03-24 14:26:11 +0100[0m - dagster - [34mDEBUG[0m - __ASSET_JOB - 21cc181c-14b3-490e-9ed0-17503bde70c2 - 12624 - dlt_assets_igdb_igdb_source - ASSET_MATERIALIZATION - Materialized value igdb_source collection_relations.
[32m2026-03-24 14:26:11 +0100[0m - dagster - [34mDEBUG[0m - __ASSET_JOB - 21cc181c-14b3-490e-9ed0-17503bde70c2 - 12624 - dlt_assets_igdb_igdb_source - STEP_OUTPUT - Yielded output "igdb_source__collection_relation_types" of type "Nothing". (Type check passed).
[32m2026-03-24 14:26:11 +0100[0m - dagster - [34mDEBUG[0m - __ASSET_JOB - 21cc181c-14b3-490e-9ed0-17503bde70c2 - 12624 - dlt_assets_igdb_igdb_source - ASSET_MATERIALIZATION - Materialized value igdb_source collection_relation_types.
[32m2026-03-24 14:26:11 +0100[0m - dagster - [34mDEBUG[0m - __ASSET_JOB - 21cc181c-14b3-490e-9ed0-17503bde70c2 - 12624 - dlt_assets_igdb_igdb_source - STEP_SUCCESS - Finished execution of step "dlt_assets_igdb_igdb_source" in 2m3s.
