[32m2026-03-24 21:02:32 +0100[0m - dagster - [34mDEBUG[0m - full_pipeline_job - 826dcf4b-9c97-4dd6-85de-bda82e11e534 - 27120 - LOGS_CAPTURED - Started capturing logs in process (pid: 27120).
[32m2026-03-24 21:02:32 +0100[0m - dagster - [34mDEBUG[0m - full_pipeline_job - 826dcf4b-9c97-4dd6-85de-bda82e11e534 - 27120 - dlt_assets_igdb_popularity_igdb_source - STEP_START - Started execution of step "dlt_assets_igdb_popularity_igdb_source".
2026-03-24 21:02:35,761|[WARNING]|27120|11156|dlt|client.py|detect_paginator:365|Fallback `paginator` used: `SinglePagePaginator at 19134dcd7f0`. Please provide paginator manually.
2026-03-24 21:02:36,552|[WARNING]|27120|11156|dlt|client.py|detect_paginator:365|Fallback `paginator` used: `SinglePagePaginator at 19134bd8910`. Please provide paginator manually.
2026-03-24 21:02:37,046|[WARNING]|27120|11156|dlt|client.py|detect_paginator:365|Fallback `paginator` used: `SinglePagePaginator at 19133b45810`. Please provide paginator manually.
2026-03-24 21:02:38,092|[WARNING]|27120|11156|dlt|client.py|detect_paginator:365|Fallback `paginator` used: `SinglePagePaginator at 19134f342b0`. Please provide paginator manually.
2026-03-24 21:02:38,606|[WARNING]|27120|11156|dlt|client.py|detect_paginator:365|Fallback `paginator` used: `SinglePagePaginator at 19134f350f0`. Please provide paginator manually.
2026-03-24 21:02:39,355|[WARNING]|27120|11156|dlt|client.py|detect_paginator:365|Fallback `paginator` used: `SinglePagePaginator at 1912ef28a70`. Please provide paginator manually.
2026-03-24 21:02:39,883|[WARNING]|27120|11156|dlt|client.py|detect_paginator:365|Fallback `paginator` used: `SinglePagePaginator at 19134ee6030`. Please provide paginator manually.
2026-03-24 21:02:40,712|[WARNING]|27120|11156|dlt|client.py|detect_paginator:365|Fallback `paginator` used: `SinglePagePaginator at 19134ee6be0`. Please provide paginator manually.
2026-03-24 21:02:41,474|[WARNING]|27120|11156|dlt|client.py|detect_paginator:365|Fallback `paginator` used: `SinglePagePaginator at 19134f59250`. Please provide paginator manually.
2026-03-24 21:02:41,952|[WARNING]|27120|11156|dlt|client.py|detect_paginator:365|Fallback `paginator` used: `SinglePagePaginator at 19134f59f50`. Please provide paginator manually.
2026-03-24 21:02:42,471|[WARNING]|27120|11156|dlt|client.py|detect_paginator:365|Fallback `paginator` used: `SinglePagePaginator at 19134f71d60`. Please provide paginator manually.
[32m2026-03-24 21:02:49 +0100[0m - dagster - [34mDEBUG[0m - full_pipeline_job - 826dcf4b-9c97-4dd6-85de-bda82e11e534 - 27120 - dlt_assets_igdb_popularity_igdb_source - STEP_OUTPUT - Yielded output "igdb_source__pop_igdb_visits" of type "Nothing". (Type check passed).
[32m2026-03-24 21:02:49 +0100[0m - dagster - [34mDEBUG[0m - full_pipeline_job - 826dcf4b-9c97-4dd6-85de-bda82e11e534 - 27120 - dlt_assets_igdb_popularity_igdb_source - ASSET_MATERIALIZATION - Materialized value igdb_source pop_igdb_visits.
[32m2026-03-24 21:02:49 +0100[0m - dagster - [34mDEBUG[0m - full_pipeline_job - 826dcf4b-9c97-4dd6-85de-bda82e11e534 - 27120 - dlt_assets_igdb_popularity_igdb_source - STEP_OUTPUT - Yielded output "igdb_source__pop_igdb_playing" of type "Nothing". (Type check passed).
[32m2026-03-24 21:02:49 +0100[0m - dagster - [34mDEBUG[0m - full_pipeline_job - 826dcf4b-9c97-4dd6-85de-bda82e11e534 - 27120 - dlt_assets_igdb_popularity_igdb_source - ASSET_MATERIALIZATION - Materialized value igdb_source pop_igdb_playing.
[32m2026-03-24 21:02:49 +0100[0m - dagster - [34mDEBUG[0m - full_pipeline_job - 826dcf4b-9c97-4dd6-85de-bda82e11e534 - 27120 - dlt_assets_igdb_popularity_igdb_source - STEP_OUTPUT - Yielded output "igdb_source__pop_igdb_wants_to_play" of type "Nothing". (Type check passed).
[32m2026-03-24 21:02:49 +0100[0m - dagster - [34mDEBUG[0m - full_pipeline_job - 826dcf4b-9c97-4dd6-85de-bda82e11e534 - 27120 - dlt_assets_igdb_popularity_igdb_source - ASSET_MATERIALIZATION - Materialized value igdb_source pop_igdb_wants_to_play.
[32m2026-03-24 21:02:49 +0100[0m - dagster - [34mDEBUG[0m - full_pipeline_job - 826dcf4b-9c97-4dd6-85de-bda82e11e534 - 27120 - dlt_assets_igdb_popularity_igdb_source - STEP_OUTPUT - Yielded output "igdb_source__pop_igdb_played" of type "Nothing". (Type check passed).
[32m2026-03-24 21:02:49 +0100[0m - dagster - [34mDEBUG[0m - full_pipeline_job - 826dcf4b-9c97-4dd6-85de-bda82e11e534 - 27120 - dlt_assets_igdb_popularity_igdb_source - ASSET_MATERIALIZATION - Materialized value igdb_source pop_igdb_played.
[32m2026-03-24 21:02:49 +0100[0m - dagster - [34mDEBUG[0m - full_pipeline_job - 826dcf4b-9c97-4dd6-85de-bda82e11e534 - 27120 - dlt_assets_igdb_popularity_igdb_source - STEP_OUTPUT - Yielded output "igdb_source__pop_steam_total_reviews" of type "Nothing". (Type check passed).
[32m2026-03-24 21:02:49 +0100[0m - dagster - [34mDEBUG[0m - full_pipeline_job - 826dcf4b-9c97-4dd6-85de-bda82e11e534 - 27120 - dlt_assets_igdb_popularity_igdb_source - ASSET_MATERIALIZATION - Materialized value igdb_source pop_steam_total_reviews.
[32m2026-03-24 21:02:49 +0100[0m - dagster - [34mDEBUG[0m - full_pipeline_job - 826dcf4b-9c97-4dd6-85de-bda82e11e534 - 27120 - dlt_assets_igdb_popularity_igdb_source - STEP_OUTPUT - Yielded output "igdb_source__pop_steam_negative_reviews" of type "Nothing". (Type check passed).
[32m2026-03-24 21:02:49 +0100[0m - dagster - [34mDEBUG[0m - full_pipeline_job - 826dcf4b-9c97-4dd6-85de-bda82e11e534 - 27120 - dlt_assets_igdb_popularity_igdb_source - ASSET_MATERIALIZATION - Materialized value igdb_source pop_steam_negative_reviews.
[32m2026-03-24 21:02:49 +0100[0m - dagster - [34mDEBUG[0m - full_pipeline_job - 826dcf4b-9c97-4dd6-85de-bda82e11e534 - 27120 - dlt_assets_igdb_popularity_igdb_source - STEP_OUTPUT - Yielded output "igdb_source__pop_steam_24hr_peak_players" of type "Nothing". (Type check passed).
[32m2026-03-24 21:02:49 +0100[0m - dagster - [34mDEBUG[0m - full_pipeline_job - 826dcf4b-9c97-4dd6-85de-bda82e11e534 - 27120 - dlt_assets_igdb_popularity_igdb_source - ASSET_MATERIALIZATION - Materialized value igdb_source pop_steam_24hr_peak_players.
[32m2026-03-24 21:02:49 +0100[0m - dagster - [34mDEBUG[0m - full_pipeline_job - 826dcf4b-9c97-4dd6-85de-bda82e11e534 - 27120 - dlt_assets_igdb_popularity_igdb_source - STEP_OUTPUT - Yielded output "igdb_source__pop_steam_positive_reviews" of type "Nothing". (Type check passed).
[32m2026-03-24 21:02:49 +0100[0m - dagster - [34mDEBUG[0m - full_pipeline_job - 826dcf4b-9c97-4dd6-85de-bda82e11e534 - 27120 - dlt_assets_igdb_popularity_igdb_source - ASSET_MATERIALIZATION - Materialized value igdb_source pop_steam_positive_reviews.
[32m2026-03-24 21:02:49 +0100[0m - dagster - [34mDEBUG[0m - full_pipeline_job - 826dcf4b-9c97-4dd6-85de-bda82e11e534 - 27120 - dlt_assets_igdb_popularity_igdb_source - STEP_OUTPUT - Yielded output "igdb_source__pop_steam_most_wishlisted_upcoming" of type "Nothing". (Type check passed).
[32m2026-03-24 21:02:49 +0100[0m - dagster - [34mDEBUG[0m - full_pipeline_job - 826dcf4b-9c97-4dd6-85de-bda82e11e534 - 27120 - dlt_assets_igdb_popularity_igdb_source - ASSET_MATERIALIZATION - Materialized value igdb_source pop_steam_most_wishlisted_upcoming.
[32m2026-03-24 21:02:49 +0100[0m - dagster - [34mDEBUG[0m - full_pipeline_job - 826dcf4b-9c97-4dd6-85de-bda82e11e534 - 27120 - dlt_assets_igdb_popularity_igdb_source - STEP_OUTPUT - Yielded output "igdb_source__pop_steam_global_top_sellers" of type "Nothing". (Type check passed).
[32m2026-03-24 21:02:49 +0100[0m - dagster - [34mDEBUG[0m - full_pipeline_job - 826dcf4b-9c97-4dd6-85de-bda82e11e534 - 27120 - dlt_assets_igdb_popularity_igdb_source - ASSET_MATERIALIZATION - Materialized value igdb_source pop_steam_global_top_sellers.
[32m2026-03-24 21:02:49 +0100[0m - dagster - [34mDEBUG[0m - full_pipeline_job - 826dcf4b-9c97-4dd6-85de-bda82e11e534 - 27120 - dlt_assets_igdb_popularity_igdb_source - STEP_OUTPUT - Yielded output "igdb_source__pop_steam_24hr_hours_watched" of type "Nothing". (Type check passed).
[32m2026-03-24 21:02:49 +0100[0m - dagster - [34mDEBUG[0m - full_pipeline_job - 826dcf4b-9c97-4dd6-85de-bda82e11e534 - 27120 - dlt_assets_igdb_popularity_igdb_source - ASSET_MATERIALIZATION - Materialized value igdb_source pop_steam_24hr_hours_watched.
[32m2026-03-24 21:02:49 +0100[0m - dagster - [34mDEBUG[0m - full_pipeline_job - 826dcf4b-9c97-4dd6-85de-bda82e11e534 - 27120 - dlt_assets_igdb_popularity_igdb_source - STEP_SUCCESS - Finished execution of step "dlt_assets_igdb_popularity_igdb_source" in 17.33s.
